<?xml version="1.0" encoding="UTF-8"?>
<coverage generated="1704370743099" clover="3.2.0">
  <project timestamp="1704370743099" name="All files">
    <metrics statements="693" coveredstatements="419" conditionals="316" coveredconditionals="118" methods="151" coveredmethods="75" elements="1160" coveredelements="612" complexity="0" loc="693" ncloc="693" packages="7" files="16" classes="16"/>
    <package name="src">
      <metrics statements="4" coveredstatements="4" conditionals="0" coveredconditionals="0" methods="0" coveredmethods="0"/>
      <file name="SupabaseClient.tsx" path="D:\00yt\Texttovoice_Generator\social-media\src\SupabaseClient.tsx">
        <metrics statements="4" coveredstatements="4" conditionals="0" coveredconditionals="0" methods="0" coveredmethods="0"/>
        <line num="1" count="5" type="stmt"/>
        <line num="5" count="5" type="stmt"/>
        <line num="6" count="5" type="stmt"/>
        <line num="8" count="5" type="stmt"/>
      </file>
    </package>
    <package name="src.Components">
      <metrics statements="253" coveredstatements="121" conditionals="117" coveredconditionals="36" methods="57" coveredmethods="18"/>
      <file name="CreatePost.tsx" path="D:\00yt\Texttovoice_Generator\social-media\src\Components\CreatePost.tsx">
        <metrics statements="47" coveredstatements="20" conditionals="33" coveredconditionals="3" methods="7" coveredmethods="2"/>
        <line num="1" count="2" type="stmt"/>
        <line num="2" count="2" type="stmt"/>
        <line num="3" count="2" type="stmt"/>
        <line num="4" count="2" type="stmt"/>
        <line num="5" count="2" type="stmt"/>
        <line num="6" count="2" type="stmt"/>
        <line num="7" count="2" type="stmt"/>
        <line num="8" count="2" type="stmt"/>
        <line num="10" count="2" type="stmt"/>
        <line num="11" count="8" type="stmt"/>
        <line num="12" count="8" type="stmt"/>
        <line num="13" count="8" type="stmt"/>
        <line num="15" count="8" type="stmt"/>
        <line num="17" count="8" type="stmt"/>
        <line num="21" count="8" type="stmt"/>
        <line num="22" count="3" type="cond" truecount="1" falsecount="0"/>
        <line num="23" count="3" type="stmt"/>
        <line num="27" count="8" type="stmt"/>
        <line num="28" count="0" type="cond" truecount="0" falsecount="8"/>
        <line num="29" count="0" type="stmt"/>
        <line num="30" count="0" type="stmt"/>
        <line num="31" count="0" type="stmt"/>
        <line num="32" count="0" type="cond" truecount="0" falsecount="3"/>
        <line num="33" count="0" type="stmt"/>
        <line num="35" count="0" type="stmt"/>
        <line num="37" count="0" type="stmt"/>
        <line num="38" count="0" type="stmt"/>
        <line num="39" count="0" type="stmt"/>
        <line num="40" count="0" type="cond" truecount="0" falsecount="4"/>
        <line num="42" count="0" type="cond" truecount="0" falsecount="2"/>
        <line num="43" count="0" type="cond" truecount="0" falsecount="2"/>
        <line num="46" count="0" type="cond" truecount="0" falsecount="4"/>
        <line num="47" count="0" type="stmt"/>
        <line num="48" count="0" type="cond" truecount="0" falsecount="2"/>
        <line num="49" count="0" type="stmt"/>
        <line num="50" count="0" type="cond" truecount="0" falsecount="2"/>
        <line num="51" count="0" type="stmt"/>
        <line num="53" count="0" type="stmt"/>
        <line num="56" count="0" type="cond" truecount="0" falsecount="1"/>
        <line num="57" count="0" type="stmt"/>
        <line num="60" count="0" type="stmt"/>
        <line num="63" count="0" type="stmt"/>
        <line num="64" count="0" type="stmt"/>
        <line num="66" count="0" type="stmt"/>
        <line num="69" count="0" type="stmt"/>
        <line num="73" count="8" type="stmt"/>
        <line num="108" count="2" type="stmt"/>
      </file>
      <file name="Navbar.tsx" path="D:\00yt\Texttovoice_Generator\social-media\src\Components\Navbar.tsx">
        <metrics statements="48" coveredstatements="33" conditionals="6" coveredconditionals="1" methods="9" coveredmethods="6"/>
        <line num="1" count="1" type="stmt"/>
        <line num="2" count="1" type="stmt"/>
        <line num="10" count="1" type="stmt"/>
        <line num="11" count="1" type="stmt"/>
        <line num="12" count="1" type="stmt"/>
        <line num="13" count="1" type="stmt"/>
        <line num="14" count="1" type="stmt"/>
        <line num="15" count="1" type="stmt"/>
        <line num="16" count="1" type="stmt"/>
        <line num="17" count="1" type="stmt"/>
        <line num="18" count="1" type="stmt"/>
        <line num="19" count="1" type="stmt"/>
        <line num="20" count="1" type="stmt"/>
        <line num="21" count="1" type="stmt"/>
        <line num="23" count="1" type="stmt"/>
        <line num="24" count="3" type="stmt"/>
        <line num="25" count="2" type="stmt"/>
        <line num="28" count="2" type="stmt"/>
        <line num="30" count="2" type="stmt"/>
        <line num="31" count="2" type="stmt"/>
        <line num="32" count="2" type="stmt"/>
        <line num="33" count="1" type="cond" truecount="0" falsecount="1"/>
        <line num="34" count="0" type="stmt"/>
        <line num="37" count="2" type="stmt"/>
        <line num="38" count="1" type="stmt"/>
        <line num="39" count="1" type="stmt"/>
        <line num="40" count="1" type="cond" truecount="0" falsecount="1"/>
        <line num="41" count="0" type="stmt"/>
        <line num="42" count="0" type="cond" truecount="0" falsecount="1"/>
        <line num="43" count="0" type="stmt"/>
        <line num="47" count="0" type="stmt"/>
        <line num="50" count="1" type="stmt"/>
        <line num="52" count="2" type="stmt"/>
        <line num="53" count="0" type="stmt"/>
        <line num="54" count="0" type="stmt"/>
        <line num="55" count="0" type="stmt"/>
        <line num="56" count="0" type="stmt"/>
        <line num="57" count="0" type="stmt"/>
        <line num="67" count="0" type="cond" truecount="0" falsecount="1"/>
        <line num="68" count="0" type="stmt"/>
        <line num="70" count="0" type="stmt"/>
        <line num="73" count="2" type="stmt"/>
        <line num="97" count="2" type="stmt"/>
        <line num="98" count="0" type="stmt"/>
        <line num="99" count="0" type="stmt"/>
        <line num="102" count="2" type="stmt"/>
        <line num="114" count="12" type="stmt"/>
        <line num="146" count="1" type="stmt"/>
      </file>
      <file name="PostCard.tsx" path="D:\00yt\Texttovoice_Generator\social-media\src\Components\PostCard.tsx">
        <metrics statements="146" coveredstatements="58" conditionals="78" coveredconditionals="32" methods="37" coveredmethods="8"/>
        <line num="1" count="5" type="stmt"/>
        <line num="2" count="5" type="stmt"/>
        <line num="3" count="5" type="stmt"/>
        <line num="10" count="5" type="stmt"/>
        <line num="11" count="5" type="stmt"/>
        <line num="12" count="5" type="stmt"/>
        <line num="13" count="5" type="stmt"/>
        <line num="14" count="5" type="stmt"/>
        <line num="16" count="5" type="stmt"/>
        <line num="17" count="5" type="stmt"/>
        <line num="18" count="5" type="stmt"/>
        <line num="19" count="5" type="stmt"/>
        <line num="32" count="5" type="stmt"/>
        <line num="41" count="14" type="stmt"/>
        <line num="42" count="14" type="stmt"/>
        <line num="43" count="14" type="stmt"/>
        <line num="44" count="14" type="stmt"/>
        <line num="45" count="14" type="stmt"/>
        <line num="47" count="14" type="stmt"/>
        <line num="48" count="14" type="stmt"/>
        <line num="49" count="14" type="stmt"/>
        <line num="50" count="14" type="stmt"/>
        <line num="51" count="14" type="stmt"/>
        <line num="54" count="14" type="stmt"/>
        <line num="55" count="14" type="stmt"/>
        <line num="56" count="14" type="stmt"/>
        <line num="60" count="14" type="stmt"/>
        <line num="61" count="6" type="cond" truecount="1" falsecount="0"/>
        <line num="62" count="6" type="cond" truecount="5" falsecount="1"/>
        <line num="63" count="3" type="stmt"/>
        <line num="65" count="3" type="stmt"/>
        <line num="67" count="6" type="cond" truecount="5" falsecount="1"/>
        <line num="68" count="3" type="stmt"/>
        <line num="70" count="3" type="stmt"/>
        <line num="75" count="14" type="stmt"/>
        <line num="77" count="0" type="cond" truecount="0" falsecount="2"/>
        <line num="78" count="0" type="stmt"/>
        <line num="80" count="0" type="stmt"/>
        <line num="82" count="0" type="cond" truecount="0" falsecount="1"/>
        <line num="83" count="0" type="cond" truecount="0" falsecount="6"/>
        <line num="84" count="0" type="cond" truecount="0" falsecount="4"/>
        <line num="85" count="0" type="stmt"/>
        <line num="86" count="0" type="cond" truecount="0" falsecount="3"/>
        <line num="87" count="0" type="stmt"/>
        <line num="90" count="0" type="stmt"/>
        <line num="93" count="0" type="cond" truecount="0" falsecount="4"/>
        <line num="94" count="0" type="stmt"/>
        <line num="95" count="0" type="cond" truecount="0" falsecount="3"/>
        <line num="96" count="0" type="stmt"/>
        <line num="99" count="0" type="stmt"/>
        <line num="105" count="14" type="stmt"/>
        <line num="106" count="0" type="stmt"/>
        <line num="108" count="0" type="stmt"/>
        <line num="109" count="0" type="cond" truecount="0" falsecount="1"/>
        <line num="110" count="0" type="stmt"/>
        <line num="118" count="0" type="cond" truecount="0" falsecount="1"/>
        <line num="119" count="0" type="stmt"/>
        <line num="126" count="0" type="stmt"/>
        <line num="127" count="0" type="cond" truecount="0" falsecount="1"/>
        <line num="128" count="0" type="stmt"/>
        <line num="130" count="0" type="stmt"/>
        <line num="131" count="0" type="cond" truecount="0" falsecount="1"/>
        <line num="132" count="0" type="stmt"/>
        <line num="134" count="0" type="stmt"/>
        <line num="137" count="0" type="stmt"/>
        <line num="141" count="0" type="stmt"/>
        <line num="144" count="0" type="stmt"/>
        <line num="146" count="0" type="cond" truecount="0" falsecount="4"/>
        <line num="147" count="0" type="cond" truecount="0" falsecount="1"/>
        <line num="148" count="0" type="stmt"/>
        <line num="151" count="0" type="stmt"/>
        <line num="152" count="0" type="stmt"/>
        <line num="154" count="14" type="stmt"/>
        <line num="155" count="0" type="stmt"/>
        <line num="156" count="0" type="stmt"/>
        <line num="157" count="0" type="cond" truecount="0" falsecount="1"/>
        <line num="158" count="0" type="stmt"/>
        <line num="159" count="0" type="stmt"/>
        <line num="161" count="0" type="cond" truecount="0" falsecount="1"/>
        <line num="162" count="0" type="stmt"/>
        <line num="163" count="0" type="stmt"/>
        <line num="164" count="0" type="cond" truecount="0" falsecount="1"/>
        <line num="165" count="0" type="stmt"/>
        <line num="167" count="0" type="stmt"/>
        <line num="168" count="0" type="stmt"/>
        <line num="172" count="0" type="stmt"/>
        <line num="175" count="0" type="stmt"/>
        <line num="177" count="0" type="stmt"/>
        <line num="178" count="0" type="stmt"/>
        <line num="181" count="14" type="stmt"/>
        <line num="182" count="1" type="stmt"/>
        <line num="184" count="14" type="stmt"/>
        <line num="185" count="0" type="stmt"/>
        <line num="187" count="14" type="stmt"/>
        <line num="188" count="0" type="stmt"/>
        <line num="191" count="14" type="stmt"/>
        <line num="192" count="1" type="stmt"/>
        <line num="193" count="1" type="stmt"/>
        <line num="194" count="1" type="stmt"/>
        <line num="195" count="1" type="stmt"/>
        <line num="196" count="1" type="stmt"/>
        <line num="198" count="1" type="cond" truecount="1" falsecount="0"/>
        <line num="199" count="1" type="stmt"/>
        <line num="200" count="0" type="stmt"/>
        <line num="202" count="1" type="stmt"/>
        <line num="205" count="0" type="stmt"/>
        <line num="207" count="1" type="stmt"/>
        <line num="209" count="1" type="stmt"/>
        <line num="212" count="14" type="stmt"/>
        <line num="213" count="0" type="stmt"/>
        <line num="214" count="0" type="cond" truecount="0" falsecount="1"/>
        <line num="215" count="0" type="stmt"/>
        <line num="216" count="0" type="stmt"/>
        <line num="218" count="0" type="stmt"/>
        <line num="226" count="0" type="stmt"/>
        <line num="227" count="0" type="stmt"/>
        <line num="228" count="0" type="stmt"/>
        <line num="229" count="0" type="stmt"/>
        <line num="230" count="0" type="stmt"/>
        <line num="232" count="0" type="stmt"/>
        <line num="234" count="0" type="stmt"/>
        <line num="237" count="14" type="stmt"/>
        <line num="238" count="14" type="stmt"/>
        <line num="239" count="14" type="stmt"/>
        <line num="242" count="14" type="stmt"/>
        <line num="259" count="0" type="stmt"/>
        <line num="280" count="0" type="stmt"/>
        <line num="287" count="0" type="stmt"/>
        <line num="300" count="0" type="stmt"/>
        <line num="310" count="0" type="stmt"/>
        <line num="311" count="0" type="stmt"/>
        <line num="319" count="0" type="stmt"/>
        <line num="320" count="0" type="stmt"/>
        <line num="363" count="0" type="stmt"/>
        <line num="364" count="0" type="stmt"/>
        <line num="372" count="0" type="stmt"/>
        <line num="373" count="0" type="stmt"/>
        <line num="389" count="0" type="stmt"/>
        <line num="390" count="0" type="stmt"/>
        <line num="398" count="0" type="stmt"/>
        <line num="399" count="0" type="stmt"/>
        <line num="420" count="0" type="stmt"/>
        <line num="421" count="0" type="stmt"/>
        <line num="429" count="0" type="stmt"/>
        <line num="430" count="0" type="stmt"/>
        <line num="443" count="5" type="stmt"/>
      </file>
      <file name="SideNavBar.tsx" path="D:\00yt\Texttovoice_Generator\social-media\src\Components\SideNavBar.tsx">
        <metrics statements="12" coveredstatements="10" conditionals="0" coveredconditionals="0" methods="4" coveredmethods="2"/>
        <line num="2" count="7" type="stmt"/>
        <line num="8" count="7" type="stmt"/>
        <line num="9" count="7" type="stmt"/>
        <line num="17" count="7" type="stmt"/>
        <line num="26" count="7" type="stmt"/>
        <line num="27" count="1" type="stmt"/>
        <line num="28" count="1" type="stmt"/>
        <line num="29" count="0" type="stmt"/>
        <line num="32" count="1" type="stmt"/>
        <line num="41" count="6" type="stmt"/>
        <line num="43" count="0" type="stmt"/>
        <line num="59" count="7" type="stmt"/>
      </file>
    </package>
    <package name="src.Components.ProfileComp">
      <metrics statements="110" coveredstatements="70" conditionals="31" coveredconditionals="14" methods="22" coveredmethods="11"/>
      <file name="Profile.tsx" path="D:\00yt\Texttovoice_Generator\social-media\src\Components\ProfileComp\Profile.tsx">
        <metrics statements="110" coveredstatements="70" conditionals="31" coveredconditionals="14" methods="22" coveredmethods="11"/>
        <line num="1" count="2" type="stmt"/>
        <line num="2" count="2" type="stmt"/>
        <line num="3" count="2" type="stmt"/>
        <line num="4" count="2" type="stmt"/>
        <line num="5" count="2" type="stmt"/>
        <line num="6" count="2" type="stmt"/>
        <line num="7" count="2" type="stmt"/>
        <line num="8" count="2" type="stmt"/>
        <line num="9" count="2" type="stmt"/>
        <line num="10" count="2" type="stmt"/>
        <line num="11" count="2" type="stmt"/>
        <line num="12" count="2" type="stmt"/>
        <line num="14" count="2" type="stmt"/>
        <line num="22" count="14" type="stmt"/>
        <line num="23" count="14" type="stmt"/>
        <line num="24" count="14" type="stmt"/>
        <line num="25" count="14" type="stmt"/>
        <line num="26" count="14" type="stmt"/>
        <line num="27" count="14" type="stmt"/>
        <line num="28" count="14" type="stmt"/>
        <line num="29" count="14" type="stmt"/>
        <line num="30" count="14" type="stmt"/>
        <line num="31" count="14" type="stmt"/>
        <line num="32" count="14" type="stmt"/>
        <line num="33" count="14" type="stmt"/>
        <line num="34" count="14" type="stmt"/>
        <line num="38" count="14" type="stmt"/>
        <line num="40" count="14" type="stmt"/>
        <line num="41" count="5" type="stmt"/>
        <line num="42" count="5" type="stmt"/>
        <line num="43" count="5" type="cond" truecount="3" falsecount="1"/>
        <line num="44" count="3" type="cond" truecount="1" falsecount="0"/>
        <line num="45" count="2" type="stmt"/>
        <line num="48" count="5" type="stmt"/>
        <line num="51" count="5" type="stmt"/>
        <line num="52" count="5" type="stmt"/>
        <line num="53" count="5" type="stmt"/>
        <line num="54" count="5" type="cond" truecount="1" falsecount="0"/>
        <line num="55" count="5" type="stmt"/>
        <line num="56" count="5" type="stmt"/>
        <line num="59" count="5" type="stmt"/>
        <line num="60" count="5" type="stmt"/>
        <line num="63" count="14" type="stmt"/>
        <line num="64" count="5" type="cond" truecount="1" falsecount="0"/>
        <line num="65" count="5" type="stmt"/>
        <line num="69" count="14" type="stmt"/>
        <line num="70" count="5" type="stmt"/>
        <line num="71" count="5" type="cond" truecount="1" falsecount="0"/>
        <line num="72" count="5" type="stmt"/>
        <line num="79" count="5" type="stmt"/>
        <line num="80" count="0" type="stmt"/>
        <line num="81" count="0" type="stmt"/>
        <line num="82" count="0" type="cond" truecount="0" falsecount="1"/>
        <line num="83" count="0" type="cond" truecount="0" falsecount="1"/>
        <line num="84" count="0" type="stmt"/>
        <line num="88" count="0" type="stmt"/>
        <line num="92" count="0" type="stmt"/>
        <line num="96" count="14" type="stmt"/>
        <line num="97" count="5" type="cond" truecount="1" falsecount="0"/>
        <line num="98" count="5" type="stmt"/>
        <line num="107" count="14" type="stmt"/>
        <line num="108" count="1" type="stmt"/>
        <line num="109" count="1" type="cond" truecount="0" falsecount="1"/>
        <line num="110" count="0" type="stmt"/>
        <line num="111" count="0" type="stmt"/>
        <line num="112" count="0" type="stmt"/>
        <line num="114" count="1" type="cond" truecount="0" falsecount="1"/>
        <line num="115" count="0" type="stmt"/>
        <line num="116" count="0" type="cond" truecount="0" falsecount="1"/>
        <line num="117" count="0" type="stmt"/>
        <line num="124" count="0" type="stmt"/>
        <line num="125" count="0" type="stmt"/>
        <line num="126" count="0" type="stmt"/>
        <line num="127" count="0" type="cond" truecount="0" falsecount="1"/>
        <line num="128" count="0" type="stmt"/>
        <line num="131" count="0" type="stmt"/>
        <line num="135" count="0" type="stmt"/>
        <line num="139" count="1" type="stmt"/>
        <line num="141" count="1" type="stmt"/>
        <line num="142" count="1" type="stmt"/>
        <line num="145" count="14" type="stmt"/>
        <line num="146" count="1" type="stmt"/>
        <line num="149" count="14" type="stmt"/>
        <line num="150" count="0" type="stmt"/>
        <line num="153" count="14" type="stmt"/>
        <line num="154" count="0" type="stmt"/>
        <line num="155" count="0" type="stmt"/>
        <line num="156" count="0" type="cond" truecount="0" falsecount="1"/>
        <line num="157" count="0" type="stmt"/>
        <line num="161" count="14" type="stmt"/>
        <line num="162" count="0" type="cond" truecount="0" falsecount="1"/>
        <line num="163" count="0" type="stmt"/>
        <line num="167" count="14" type="stmt"/>
        <line num="168" count="0" type="stmt"/>
        <line num="171" count="14" type="stmt"/>
        <line num="172" count="0" type="stmt"/>
        <line num="173" count="0" type="stmt"/>
        <line num="174" count="0" type="stmt"/>
        <line num="175" count="0" type="stmt"/>
        <line num="176" count="0" type="stmt"/>
        <line num="186" count="0" type="cond" truecount="0" falsecount="1"/>
        <line num="187" count="0" type="stmt"/>
        <line num="189" count="0" type="stmt"/>
        <line num="192" count="14" type="stmt"/>
        <line num="209" count="0" type="stmt"/>
        <line num="219" count="0" type="cond" truecount="0" falsecount="1"/>
        <line num="220" count="0" type="stmt"/>
        <line num="229" count="0" type="stmt"/>
        <line num="296" count="2" type="stmt"/>
        <line num="316" count="2" type="stmt"/>
      </file>
    </package>
    <package name="src.Pages">
      <metrics statements="227" coveredstatements="164" conditionals="155" coveredconditionals="67" methods="52" coveredmethods="31"/>
      <file name="Bookmarks.tsx" path="D:\00yt\Texttovoice_Generator\social-media\src\Pages\Bookmarks.tsx">
        <metrics statements="43" coveredstatements="32" conditionals="30" coveredconditionals="15" methods="8" coveredmethods="5"/>
        <line num="1" count="2" type="stmt"/>
        <line num="2" count="2" type="stmt"/>
        <line num="3" count="2" type="stmt"/>
        <line num="4" count="2" type="stmt"/>
        <line num="5" count="2" type="stmt"/>
        <line num="6" count="2" type="stmt"/>
        <line num="9" count="2" type="stmt"/>
        <line num="10" count="2" type="stmt"/>
        <line num="12" count="2" type="stmt"/>
        <line num="13" count="2" type="stmt"/>
        <line num="16" count="2" type="stmt"/>
        <line num="17" count="2" type="stmt"/>
        <line num="18" count="2" type="stmt"/>
        <line num="20" count="2" type="stmt"/>
        <line num="21" count="1" type="cond" truecount="1" falsecount="0"/>
        <line num="22" count="1" type="stmt"/>
        <line num="26" count="2" type="stmt"/>
        <line num="27" count="1" type="stmt"/>
        <line num="28" count="1" type="cond" truecount="1" falsecount="1"/>
        <line num="29" count="0" type="stmt"/>
        <line num="30" count="0" type="stmt"/>
        <line num="32" count="1" type="cond" truecount="3" falsecount="0"/>
        <line num="33" count="1" type="stmt"/>
        <line num="34" count="1" type="stmt"/>
        <line num="37" count="0" type="stmt"/>
        <line num="38" count="0" type="stmt"/>
        <line num="39" count="0" type="stmt"/>
        <line num="42" count="1" type="stmt"/>
        <line num="45" count="1" type="stmt"/>
        <line num="48" count="2" type="stmt"/>
        <line num="49" count="1" type="cond" truecount="1" falsecount="1"/>
        <line num="50" count="0" type="stmt"/>
        <line num="52" count="1" type="stmt"/>
        <line num="56" count="2" type="stmt"/>
        <line num="57" count="2" type="cond" truecount="3" falsecount="0"/>
        <line num="58" count="1" type="stmt"/>
        <line num="62" count="2" type="stmt"/>
        <line num="97" count="0" type="stmt"/>
        <line num="98" count="0" type="cond" truecount="0" falsecount="1"/>
        <line num="99" count="0" type="stmt"/>
        <line num="102" count="0" type="cond" truecount="0" falsecount="4"/>
        <line num="103" count="0" type="stmt"/>
        <line num="126" count="2" type="stmt"/>
      </file>
      <file name="Home.tsx" path="D:\00yt\Texttovoice_Generator\social-media\src\Pages\Home.tsx">
        <metrics statements="70" coveredstatements="50" conditionals="42" coveredconditionals="20" methods="15" coveredmethods="10"/>
        <line num="1" count="2" type="stmt"/>
        <line num="9" count="2" type="stmt"/>
        <line num="10" count="2" type="stmt"/>
        <line num="11" count="2" type="stmt"/>
        <line num="12" count="2" type="stmt"/>
        <line num="13" count="2" type="stmt"/>
        <line num="14" count="2" type="stmt"/>
        <line num="15" count="2" type="stmt"/>
        <line num="17" count="2" type="stmt"/>
        <line num="18" count="2" type="stmt"/>
        <line num="19" count="2" type="stmt"/>
        <line num="21" count="8" type="stmt"/>
        <line num="22" count="8" type="stmt"/>
        <line num="23" count="8" type="stmt"/>
        <line num="24" count="8" type="stmt"/>
        <line num="25" count="8" type="stmt"/>
        <line num="26" count="8" type="stmt"/>
        <line num="28" count="8" type="stmt"/>
        <line num="31" count="8" type="stmt"/>
        <line num="32" count="8" type="stmt"/>
        <line num="33" count="8" type="stmt"/>
        <line num="34" count="8" type="stmt"/>
        <line num="35" count="3" type="stmt"/>
        <line num="38" count="8" type="stmt"/>
        <line num="39" count="2" type="stmt"/>
        <line num="40" count="2" type="stmt"/>
        <line num="41" count="2" type="stmt"/>
        <line num="43" count="0" type="cond" truecount="0" falsecount="7"/>
        <line num="44" count="0" type="stmt"/>
        <line num="47" count="0" type="stmt"/>
        <line num="52" count="0" type="cond" truecount="0" falsecount="1"/>
        <line num="53" count="0" type="stmt"/>
        <line num="54" count="0" type="cond" truecount="0" falsecount="2"/>
        <line num="55" count="0" type="stmt"/>
        <line num="59" count="0" type="stmt"/>
        <line num="61" count="0" type="stmt"/>
        <line num="73" count="8" type="stmt"/>
        <line num="74" count="7" type="cond" truecount="1" falsecount="0"/>
        <line num="75" count="2" type="stmt"/>
        <line num="76" count="2" type="stmt"/>
        <line num="81" count="8" type="stmt"/>
        <line num="82" count="3" type="cond" truecount="1" falsecount="0"/>
        <line num="83" count="1" type="stmt"/>
        <line num="84" count="1" type="stmt"/>
        <line num="86" count="2" type="stmt"/>
        <line num="92" count="8" type="stmt"/>
        <line num="93" count="3" type="cond" truecount="1" falsecount="1"/>
        <line num="94" count="0" type="stmt"/>
        <line num="96" count="3" type="stmt"/>
        <line num="100" count="8" type="stmt"/>
        <line num="101" count="3" type="stmt"/>
        <line num="102" count="0" type="cond" truecount="0" falsecount="1"/>
        <line num="104" count="0" type="stmt"/>
        <line num="106" count="0" type="cond" truecount="0" falsecount="1"/>
        <line num="111" count="0" type="stmt"/>
        <line num="113" count="0" type="stmt"/>
        <line num="115" count="0" type="stmt"/>
        <line num="116" count="0" type="stmt"/>
        <line num="123" count="3" type="cond" truecount="1" falsecount="0"/>
        <line num="124" count="2" type="stmt"/>
        <line num="126" count="3" type="stmt"/>
        <line num="128" count="3" type="cond" truecount="0" falsecount="1"/>
        <line num="129" count="0" type="stmt"/>
        <line num="134" count="8" type="stmt"/>
        <line num="166" count="6" type="stmt"/>
        <line num="167" count="0" type="cond" truecount="0" falsecount="1"/>
        <line num="168" count="0" type="stmt"/>
        <line num="171" count="6" type="cond" truecount="3" falsecount="1"/>
        <line num="172" count="6" type="stmt"/>
        <line num="205" count="2" type="stmt"/>
      </file>
      <file name="Likes.tsx" path="D:\00yt\Texttovoice_Generator\social-media\src\Pages\Likes.tsx">
        <metrics statements="43" coveredstatements="38" conditionals="30" coveredconditionals="22" methods="8" coveredmethods="7"/>
        <line num="1" count="2" type="stmt"/>
        <line num="2" count="2" type="stmt"/>
        <line num="3" count="2" type="stmt"/>
        <line num="4" count="2" type="stmt"/>
        <line num="5" count="2" type="stmt"/>
        <line num="6" count="2" type="stmt"/>
        <line num="9" count="2" type="stmt"/>
        <line num="10" count="6" type="stmt"/>
        <line num="12" count="6" type="stmt"/>
        <line num="13" count="6" type="stmt"/>
        <line num="16" count="6" type="stmt"/>
        <line num="17" count="6" type="stmt"/>
        <line num="18" count="6" type="stmt"/>
        <line num="20" count="6" type="stmt"/>
        <line num="21" count="3" type="cond" truecount="1" falsecount="0"/>
        <line num="22" count="3" type="stmt"/>
        <line num="26" count="6" type="stmt"/>
        <line num="27" count="3" type="stmt"/>
        <line num="28" count="3" type="cond" truecount="1" falsecount="1"/>
        <line num="29" count="0" type="stmt"/>
        <line num="30" count="0" type="stmt"/>
        <line num="32" count="3" type="cond" truecount="3" falsecount="0"/>
        <line num="33" count="3" type="stmt"/>
        <line num="34" count="3" type="stmt"/>
        <line num="37" count="3" type="stmt"/>
        <line num="38" count="3" type="stmt"/>
        <line num="39" count="3" type="stmt"/>
        <line num="42" count="3" type="stmt"/>
        <line num="45" count="3" type="stmt"/>
        <line num="48" count="6" type="stmt"/>
        <line num="49" count="3" type="cond" truecount="1" falsecount="1"/>
        <line num="50" count="0" type="stmt"/>
        <line num="52" count="3" type="stmt"/>
        <line num="56" count="6" type="stmt"/>
        <line num="57" count="6" type="cond" truecount="3" falsecount="0"/>
        <line num="58" count="3" type="stmt"/>
        <line num="62" count="6" type="stmt"/>
        <line num="97" count="1" type="stmt"/>
        <line num="98" count="0" type="cond" truecount="0" falsecount="1"/>
        <line num="99" count="0" type="stmt"/>
        <line num="102" count="1" type="cond" truecount="3" falsecount="1"/>
        <line num="103" count="1" type="stmt"/>
        <line num="126" count="2" type="stmt"/>
      </file>
      <file name="Posts.tsx" path="D:\00yt\Texttovoice_Generator\social-media\src\Pages\Posts.tsx">
        <metrics statements="71" coveredstatements="44" conditionals="53" coveredconditionals="10" methods="21" coveredmethods="9"/>
        <line num="1" count="2" type="stmt"/>
        <line num="2" count="2" type="stmt"/>
        <line num="12" count="2" type="stmt"/>
        <line num="13" count="2" type="stmt"/>
        <line num="14" count="2" type="stmt"/>
        <line num="16" count="2" type="stmt"/>
        <line num="17" count="2" type="stmt"/>
        <line num="18" count="2" type="stmt"/>
        <line num="37" count="2" type="stmt"/>
        <line num="38" count="2" type="stmt"/>
        <line num="39" count="2" type="stmt"/>
        <line num="40" count="2" type="stmt"/>
        <line num="41" count="2" type="stmt"/>
        <line num="42" count="2" type="stmt"/>
        <line num="43" count="2" type="stmt"/>
        <line num="44" count="2" type="stmt"/>
        <line num="45" count="2" type="stmt"/>
        <line num="48" count="2" type="stmt"/>
        <line num="49" count="2" type="stmt"/>
        <line num="52" count="2" type="stmt"/>
        <line num="53" count="1" type="cond" truecount="1" falsecount="1"/>
        <line num="54" count="0" type="stmt"/>
        <line num="56" count="1" type="stmt"/>
        <line num="59" count="2" type="stmt"/>
        <line num="60" count="1" type="cond" truecount="1" falsecount="0"/>
        <line num="61" count="1" type="stmt"/>
        <line num="64" count="2" type="stmt"/>
        <line num="65" count="1" type="cond" truecount="1" falsecount="1"/>
        <line num="66" count="0" type="stmt"/>
        <line num="67" count="0" type="stmt"/>
        <line num="69" count="1" type="stmt"/>
        <line num="70" count="1" type="cond" truecount="3" falsecount="0"/>
        <line num="71" count="1" type="stmt"/>
        <line num="72" count="0" type="stmt"/>
        <line num="74" count="1" type="stmt"/>
        <line num="75" count="1" type="stmt"/>
        <line num="76" count="0" type="stmt"/>
        <line num="77" count="0" type="stmt"/>
        <line num="79" count="0" type="stmt"/>
        <line num="88" count="0" type="stmt"/>
        <line num="90" count="1" type="stmt"/>
        <line num="92" count="1" type="stmt"/>
        <line num="96" count="2" type="stmt"/>
        <line num="97" count="1" type="stmt"/>
        <line num="98" count="1" type="stmt"/>
        <line num="99" count="1" type="stmt"/>
        <line num="100" count="0" type="stmt"/>
        <line num="102" count="0" type="stmt"/>
        <line num="105" count="1" type="stmt"/>
        <line num="108" count="2" type="stmt"/>
        <line num="109" count="0" type="stmt"/>
        <line num="110" count="0" type="cond" truecount="0" falsecount="4"/>
        <line num="111" count="0" type="cond" truecount="0" falsecount="1"/>
        <line num="112" count="0" type="stmt"/>
        <line num="127" count="0" type="stmt"/>
        <line num="137" count="0" type="stmt"/>
        <line num="156" count="2" type="stmt"/>
        <line num="177" count="0" type="stmt"/>
        <line num="182" count="0" type="cond" truecount="0" falsecount="4"/>
        <line num="185" count="0" type="cond" truecount="0" falsecount="4"/>
        <line num="186" count="0" type="cond" truecount="0" falsecount="4"/>
        <line num="196" count="0" type="cond" truecount="0" falsecount="4"/>
        <line num="208" count="2" type="stmt"/>
        <line num="253" count="0" type="stmt"/>
        <line num="254" count="0" type="cond" truecount="0" falsecount="1"/>
        <line num="255" count="0" type="stmt"/>
        <line num="258" count="0" type="cond" truecount="0" falsecount="1"/>
        <line num="259" count="0" type="stmt"/>
        <line num="270" count="1" type="stmt"/>
        <line num="288" count="0" type="stmt"/>
        <line num="298" count="2" type="stmt"/>
      </file>
    </package>
    <package name="src.api">
      <metrics statements="74" coveredstatements="50" conditionals="13" coveredconditionals="1" methods="14" coveredmethods="14"/>
      <file name="delete.ts" path="D:\00yt\Texttovoice_Generator\social-media\src\api\delete.ts">
        <metrics statements="10" coveredstatements="8" conditionals="1" coveredconditionals="0" methods="2" coveredmethods="2"/>
        <line num="1" count="5" type="stmt"/>
        <line num="2" count="5" type="stmt"/>
        <line num="3" count="5" type="stmt"/>
        <line num="7" count="2" type="stmt"/>
        <line num="8" count="2" type="stmt"/>
        <line num="9" count="2" type="stmt"/>
        <line num="11" count="2" type="cond" truecount="0" falsecount="1"/>
        <line num="12" count="0" type="stmt"/>
        <line num="15" count="2" type="stmt"/>
        <line num="17" count="0" type="stmt"/>
      </file>
      <file name="getAll.ts" path="D:\00yt\Texttovoice_Generator\social-media\src\api\getAll.ts">
        <metrics statements="33" coveredstatements="21" conditionals="6" coveredconditionals="0" methods="6" coveredmethods="6"/>
        <line num="1" count="6" type="stmt"/>
        <line num="3" count="6" type="stmt"/>
        <line num="5" count="6" type="stmt"/>
        <line num="9" count="4" type="stmt"/>
        <line num="10" count="4" type="stmt"/>
        <line num="11" count="4" type="stmt"/>
        <line num="17" count="2" type="cond" truecount="0" falsecount="1"/>
        <line num="18" count="0" type="stmt"/>
        <line num="21" count="2" type="cond" truecount="0" falsecount="1"/>
        <line num="22" count="0" type="stmt"/>
        <line num="25" count="2" type="stmt"/>
        <line num="27" count="2" type="stmt"/>
        <line num="28" count="2" type="stmt"/>
        <line num="31" count="6" type="stmt"/>
        <line num="32" count="3" type="stmt"/>
        <line num="33" count="3" type="stmt"/>
        <line num="38" count="0" type="cond" truecount="0" falsecount="1"/>
        <line num="39" count="0" type="stmt"/>
        <line num="42" count="0" type="cond" truecount="0" falsecount="1"/>
        <line num="43" count="0" type="stmt"/>
        <line num="46" count="0" type="stmt"/>
        <line num="48" count="2" type="stmt"/>
        <line num="49" count="2" type="stmt"/>
        <line num="53" count="6" type="stmt"/>
        <line num="54" count="2" type="stmt"/>
        <line num="55" count="2" type="stmt"/>
        <line num="60" count="0" type="cond" truecount="0" falsecount="1"/>
        <line num="61" count="0" type="stmt"/>
        <line num="64" count="0" type="cond" truecount="0" falsecount="1"/>
        <line num="65" count="0" type="stmt"/>
        <line num="68" count="0" type="stmt"/>
        <line num="70" count="2" type="stmt"/>
        <line num="71" count="2" type="stmt"/>
      </file>
      <file name="insert.ts" path="D:\00yt\Texttovoice_Generator\social-media\src\api\insert.ts">
        <metrics statements="10" coveredstatements="9" conditionals="2" coveredconditionals="1" methods="2" coveredmethods="2"/>
        <line num="1" count="5" type="stmt"/>
        <line num="3" count="5" type="stmt"/>
        <line num="5" count="5" type="stmt"/>
        <line num="6" count="2" type="stmt"/>
        <line num="7" count="2" type="stmt"/>
        <line num="9" count="1" type="cond" truecount="0" falsecount="1"/>
        <line num="10" count="0" type="stmt"/>
        <line num="13" count="1" type="cond" truecount="1" falsecount="0"/>
        <line num="14" count="1" type="stmt"/>
        <line num="17" count="1" type="stmt"/>
      </file>
      <file name="update.ts" path="D:\00yt\Texttovoice_Generator\social-media\src\api\update.ts">
        <metrics statements="21" coveredstatements="12" conditionals="4" coveredconditionals="0" methods="4" coveredmethods="4"/>
        <line num="1" count="5" type="stmt"/>
        <line num="2" count="5" type="stmt"/>
        <line num="4" count="5" type="stmt"/>
        <line num="10" count="2" type="stmt"/>
        <line num="11" count="2" type="stmt"/>
        <line num="12" count="2" type="stmt"/>
        <line num="17" count="0" type="cond" truecount="0" falsecount="1"/>
        <line num="18" count="0" type="stmt"/>
        <line num="21" count="0" type="cond" truecount="0" falsecount="1"/>
        <line num="22" count="0" type="stmt"/>
        <line num="25" count="2" type="stmt"/>
        <line num="29" count="5" type="stmt"/>
        <line num="35" count="3" type="stmt"/>
        <line num="36" count="3" type="stmt"/>
        <line num="37" count="3" type="stmt"/>
        <line num="42" count="0" type="cond" truecount="0" falsecount="1"/>
        <line num="43" count="0" type="stmt"/>
        <line num="46" count="0" type="cond" truecount="0" falsecount="1"/>
        <line num="47" count="0" type="stmt"/>
        <line num="48" count="0" type="stmt"/>
        <line num="51" count="3" type="stmt"/>
      </file>
    </package>
    <package name="src.context">
      <metrics statements="7" coveredstatements="5" conditionals="0" coveredconditionals="0" methods="3" coveredmethods="1"/>
      <file name="app-context.tsx" path="D:\00yt\Texttovoice_Generator\social-media\src\context\app-context.tsx">
        <metrics statements="7" coveredstatements="5" conditionals="0" coveredconditionals="0" methods="3" coveredmethods="1"/>
        <line num="1" count="8" type="stmt"/>
        <line num="4" count="8" type="stmt"/>
        <line num="15" count="0" type="stmt"/>
        <line num="18" count="1" type="stmt"/>
        <line num="22" count="0" type="stmt"/>
        <line num="26" count="8" type="stmt"/>
        <line num="28" count="8" type="stmt"/>
      </file>
    </package>
    <package name="src.hooks">
      <metrics statements="18" coveredstatements="5" conditionals="0" coveredconditionals="0" methods="3" coveredmethods="0"/>
      <file name="useFileUpload.tsx" path="D:\00yt\Texttovoice_Generator\social-media\src\hooks\useFileUpload.tsx">
        <metrics statements="18" coveredstatements="5" conditionals="0" coveredconditionals="0" methods="3" coveredmethods="0"/>
        <line num="1" count="1" type="stmt"/>
        <line num="2" count="1" type="stmt"/>
        <line num="3" count="1" type="stmt"/>
        <line num="5" count="1" type="stmt"/>
        <line num="11" count="0" type="stmt"/>
        <line num="12" count="0" type="stmt"/>
        <line num="13" count="0" type="stmt"/>
        <line num="17" count="0" type="stmt"/>
        <line num="18" count="0" type="stmt"/>
        <line num="19" count="0" type="stmt"/>
        <line num="20" count="0" type="stmt"/>
        <line num="22" count="0" type="stmt"/>
        <line num="25" count="0" type="stmt"/>
        <line num="26" count="0" type="stmt"/>
        <line num="27" count="0" type="stmt"/>
        <line num="28" count="0" type="stmt"/>
        <line num="30" count="0" type="stmt"/>
        <line num="33" count="1" type="stmt"/>
      </file>
    </package>
  </project>
</coverage>
