{"D:\\00yt\\Texttovoice_Generator\\social-media\\src\\SupabaseClient.tsx": {"path":"D:\\00yt\\Texttovoice_Generator\\social-media\\src\\SupabaseClient.tsx","statementMap":{"0":{"start":{"line":1,"column":0},"end":{"line":1,"column":53}},"1":{"start":{"line":5,"column":20},"end":{"line":5,"column":62}},"2":{"start":{"line":6,"column":20},"end":{"line":6,"column":230}},"3":{"start":{"line":8,"column":13},"end":{"line":11,"column":2}}},"fnMap":{},"branchMap":{},"s":{"0":5,"1":5,"2":5,"3":5},"f":{},"b":{}}
,"D:\\00yt\\Texttovoice_Generator\\social-media\\src\\Components\\CreatePost.tsx": {"path":"D:\\00yt\\Texttovoice_Generator\\social-media\\src\\Components\\CreatePost.tsx","statementMap":{"0":{"start":{"line":1,"column":0},"end":{"line":1,"column":71}},"1":{"start":{"line":2,"column":0},"end":{"line":2,"column":48}},"2":{"start":{"line":3,"column":0},"end":{"line":3,"column":47}},"3":{"start":{"line":4,"column":0},"end":{"line":4,"column":38}},"4":{"start":{"line":5,"column":0},"end":{"line":5,"column":43}},"5":{"start":{"line":6,"column":0},"end":{"line":6,"column":43}},"6":{"start":{"line":7,"column":0},"end":{"line":7,"column":40}},"7":{"start":{"line":8,"column":0},"end":{"line":8,"column":39}},"8":{"start":{"line":10,"column":29},"end":{"line":106,"column":1}},"9":{"start":{"line":11,"column":51},"end":{"line":11,"column":73}},"10":{"start":{"line":12,"column":32},"end":{"line":12,"column":47}},"11":{"start":{"line":13,"column":19},"end":{"line":13,"column":52}},"12":{"start":{"line":15,"column":19},"end":{"line":15,"column":32}},"13":{"start":{"line":17,"column":40},"end":{"line":18,"column":null}},"14":{"start":{"line":21,"column":2},"end":{"line":25,"column":31}},"15":{"start":{"line":22,"column":4},"end":{"line":24,"column":null}},"16":{"start":{"line":23,"column":6},"end":{"line":23,"column":26}},"17":{"start":{"line":27,"column":27},"end":{"line":71,"column":4}},"18":{"start":{"line":27,"column":38},"end":{"line":71,"column":4}},"19":{"start":{"line":28,"column":22},"end":{"line":28,"column":46}},"20":{"start":{"line":29,"column":19},"end":{"line":29,"column":35}},"21":{"start":{"line":30,"column":20},"end":{"line":30,"column":29}},"22":{"start":{"line":31,"column":4},"end":{"line":70,"column":null}},"23":{"start":{"line":32,"column":6},"end":{"line":67,"column":null}},"24":{"start":{"line":33,"column":8},"end":{"line":33,"column":25}},"25":{"start":{"line":35,"column":8},"end":{"line":35,"column":77}},"26":{"start":{"line":37,"column":31},"end":{"line":62,"column":10}},"27":{"start":{"line":37,"column":42},"end":{"line":62,"column":10}},"28":{"start":{"line":38,"column":10},"end":{"line":61,"column":null}},"29":{"start":{"line":39,"column":29},"end":{"line":39,"column":49}},"30":{"start":{"line":40,"column":27},"end":{"line":55,"column":14}},"31":{"start":{"line":42,"column":28},"end":{"line":42,"column":72}},"32":{"start":{"line":43,"column":28},"end":{"line":43,"column":72}},"33":{"start":{"line":46,"column":14},"end":{"line":54,"column":null}},"34":{"start":{"line":47,"column":16},"end":{"line":47,"column":57}},"35":{"start":{"line":48,"column":21},"end":{"line":54,"column":null}},"36":{"start":{"line":49,"column":16},"end":{"line":49,"column":26}},"37":{"start":{"line":50,"column":21},"end":{"line":54,"column":null}},"38":{"start":{"line":51,"column":16},"end":{"line":51,"column":25}},"39":{"start":{"line":53,"column":16},"end":{"line":53,"column":25}},"40":{"start":{"line":56,"column":12},"end":{"line":58,"column":null}},"41":{"start":{"line":57,"column":14},"end":{"line":57,"column":37}},"42":{"start":{"line":60,"column":12},"end":{"line":60,"column":57}},"43":{"start":{"line":63,"column":8},"end":{"line":63,"column":25}},"44":{"start":{"line":64,"column":8},"end":{"line":64,"column":36}},"45":{"start":{"line":66,"column":8},"end":{"line":66,"column":26}},"46":{"start":{"line":69,"column":6},"end":{"line":69,"column":38}},"47":{"start":{"line":73,"column":2},"end":{"line":105,"column":4}},"48":{"start":{"line":108,"column":0},"end":{"line":108,"column":26}}},"fnMap":{"0":{"name":"(anonymous_8)","decl":{"start":{"line":10,"column":29},"end":{"line":10,"column":32}},"loc":{"start":{"line":10,"column":34},"end":{"line":106,"column":1}}},"1":{"name":"(anonymous_9)","decl":{"start":{"line":21,"column":12},"end":{"line":21,"column":15}},"loc":{"start":{"line":21,"column":17},"end":{"line":25,"column":3}}},"2":{"name":"(anonymous_10)","decl":{"start":{"line":27,"column":27},"end":{"line":27,"column":36}},"loc":{"start":{"line":27,"column":38},"end":{"line":71,"column":4}}},"3":{"name":"(anonymous_11)","decl":{"start":{"line":27,"column":38},"end":{"line":27,"column":null}},"loc":{"start":{"line":27,"column":38},"end":{"line":71,"column":3}}},"4":{"name":"(anonymous_12)","decl":{"start":{"line":37,"column":31},"end":{"line":37,"column":40}},"loc":{"start":{"line":37,"column":42},"end":{"line":62,"column":10}}},"5":{"name":"(anonymous_13)","decl":{"start":{"line":37,"column":42},"end":{"line":37,"column":null}},"loc":{"start":{"line":37,"column":42},"end":{"line":62,"column":9}}},"6":{"name":"(anonymous_14)","decl":{"start":{"line":40,"column":42},"end":{"line":40,"column":43}},"loc":{"start":{"line":40,"column":51},"end":{"line":55,"column":13}}}},"branchMap":{"0":{"loc":{"start":{"line":22,"column":4},"end":{"line":24,"column":null}},"type":"if","locations":[{"start":{"line":22,"column":4},"end":{"line":24,"column":null}}]},"1":{"loc":{"start":{"line":28,"column":22},"end":{"line":28,"column":46}},"type":"cond-expr","locations":[{"start":{"line":28,"column":39},"end":{"line":28,"column":41}},{"start":{"line":28,"column":39},"end":{"line":28,"column":46}}]},"2":{"loc":{"start":{"line":28,"column":22},"end":{"line":28,"column":41}},"type":"binary-expr","locations":[{"start":{"line":28,"column":22},"end":{"line":28,"column":41}},{"start":{"line":28,"column":39},"end":{"line":28,"column":41}}]},"3":{"loc":{"start":{"line":28,"column":22},"end":{"line":28,"column":39}},"type":"cond-expr","locations":[{"start":{"line":28,"column":30},"end":{"line":28,"column":32}},{"start":{"line":28,"column":22},"end":{"line":28,"column":39}}]},"4":{"loc":{"start":{"line":28,"column":22},"end":{"line":28,"column":32}},"type":"binary-expr","locations":[{"start":{"line":28,"column":22},"end":{"line":28,"column":32}},{"start":{"line":28,"column":22},"end":{"line":28,"column":32}}]},"5":{"loc":{"start":{"line":32,"column":6},"end":{"line":67,"column":null}},"type":"if","locations":[{"start":{"line":32,"column":6},"end":{"line":67,"column":null}}]},"6":{"loc":{"start":{"line":32,"column":10},"end":{"line":32,"column":27}},"type":"binary-expr","locations":[{"start":{"line":32,"column":10},"end":{"line":32,"column":17}},{"start":{"line":32,"column":21},"end":{"line":32,"column":27}}]},"7":{"loc":{"start":{"line":40,"column":27},"end":{"line":55,"column":14}},"type":"cond-expr","locations":[{"start":{"line":40,"column":35},"end":{"line":40,"column":37}},{"start":{"line":40,"column":27},"end":{"line":55,"column":14}}]},"8":{"loc":{"start":{"line":40,"column":27},"end":{"line":40,"column":37}},"type":"binary-expr","locations":[{"start":{"line":40,"column":27},"end":{"line":40,"column":37}},{"start":{"line":40,"column":27},"end":{"line":40,"column":37}}]},"9":{"loc":{"start":{"line":42,"column":28},"end":{"line":42,"column":72}},"type":"cond-expr","locations":[{"start":{"line":42,"column":43},"end":{"line":42,"column":65}},{"start":{"line":42,"column":68},"end":{"line":42,"column":72}}]},"10":{"loc":{"start":{"line":43,"column":28},"end":{"line":43,"column":72}},"type":"cond-expr","locations":[{"start":{"line":43,"column":43},"end":{"line":43,"column":65}},{"start":{"line":43,"column":68},"end":{"line":43,"column":72}}]},"11":{"loc":{"start":{"line":46,"column":14},"end":{"line":54,"column":null}},"type":"if","locations":[{"start":{"line":46,"column":14},"end":{"line":54,"column":null}},{"start":{"line":48,"column":21},"end":{"line":54,"column":null}}]},"12":{"loc":{"start":{"line":46,"column":18},"end":{"line":46,"column":64}},"type":"binary-expr","locations":[{"start":{"line":46,"column":18},"end":{"line":46,"column":39}},{"start":{"line":46,"column":43},"end":{"line":46,"column":64}}]},"13":{"loc":{"start":{"line":48,"column":21},"end":{"line":54,"column":null}},"type":"if","locations":[{"start":{"line":48,"column":21},"end":{"line":54,"column":null}},{"start":{"line":50,"column":21},"end":{"line":54,"column":null}}]},"14":{"loc":{"start":{"line":50,"column":21},"end":{"line":54,"column":null}},"type":"if","locations":[{"start":{"line":50,"column":21},"end":{"line":54,"column":null}},{"start":{"line":52,"column":21},"end":{"line":54,"column":null}}]},"15":{"loc":{"start":{"line":56,"column":12},"end":{"line":58,"column":null}},"type":"if","locations":[{"start":{"line":56,"column":12},"end":{"line":58,"column":null}}]},"16":{"loc":{"start":{"line":75,"column":7},"end":{"line":78,"column":null}},"type":"binary-expr","locations":[{"start":{"line":75,"column":7},"end":{"line":75,"column":18}},{"start":{"line":76,"column":8},"end":{"line":77,"column":null}}]},"17":{"loc":{"start":{"line":93,"column":13},"end":{"line":99,"column":null}},"type":"cond-expr","locations":[{"start":{"line":94,"column":14},"end":{"line":96,"column":null}},{"start":{"line":99,"column":14},"end":{"line":99,"column":20}}]}},"s":{"0":2,"1":2,"2":2,"3":2,"4":2,"5":2,"6":2,"7":2,"8":2,"9":8,"10":8,"11":8,"12":8,"13":8,"14":8,"15":3,"16":3,"17":8,"18":0,"19":0,"20":0,"21":0,"22":0,"23":0,"24":0,"25":0,"26":0,"27":0,"28":0,"29":0,"30":0,"31":0,"32":0,"33":0,"34":0,"35":0,"36":0,"37":0,"38":0,"39":0,"40":0,"41":0,"42":0,"43":0,"44":0,"45":0,"46":0,"47":8,"48":2},"f":{"0":8,"1":3,"2":0,"3":0,"4":0,"5":0,"6":0},"b":{"0":[3],"1":[0,0],"2":[0,0],"3":[0,0],"4":[0,0],"5":[0],"6":[0,0],"7":[0,0],"8":[0,0],"9":[0,0],"10":[0,0],"11":[0,0],"12":[0,0],"13":[0,0],"14":[0,0],"15":[0],"16":[8,0],"17":[0,8]}}
,"D:\\00yt\\Texttovoice_Generator\\social-media\\src\\Components\\Navbar.tsx": {"path":"D:\\00yt\\Texttovoice_Generator\\social-media\\src\\Components\\Navbar.tsx","statementMap":{"0":{"start":{"line":1,"column":0},"end":{"line":1,"column":63}},"1":{"start":{"line":2,"column":0},"end":{"line":2,"column":null}},"2":{"start":{"line":10,"column":0},"end":{"line":10,"column":48}},"3":{"start":{"line":11,"column":0},"end":{"line":11,"column":43}},"4":{"start":{"line":12,"column":0},"end":{"line":12,"column":43}},"5":{"start":{"line":13,"column":0},"end":{"line":13,"column":33}},"6":{"start":{"line":14,"column":0},"end":{"line":14,"column":44}},"7":{"start":{"line":15,"column":0},"end":{"line":15,"column":43}},"8":{"start":{"line":16,"column":0},"end":{"line":16,"column":35}},"9":{"start":{"line":17,"column":0},"end":{"line":17,"column":35}},"10":{"start":{"line":18,"column":0},"end":{"line":18,"column":45}},"11":{"start":{"line":19,"column":0},"end":{"line":19,"column":40}},"12":{"start":{"line":20,"column":0},"end":{"line":20,"column":40}},"13":{"start":{"line":21,"column":43},"end":{"line":21,"column":49}},"14":{"start":{"line":23,"column":25},"end":{"line":144,"column":1}},"15":{"start":{"line":24,"column":37},"end":{"line":24,"column":56}},"16":{"start":{"line":25,"column":40},"end":{"line":25,"column":64}},"17":{"start":{"line":28,"column":6},"end":{"line":28,"column":22}},"18":{"start":{"line":30,"column":4},"end":{"line":30,"column":26}},"19":{"start":{"line":31,"column":19},"end":{"line":31,"column":32}},"20":{"start":{"line":32,"column":2},"end":{"line":36,"column":31}},"21":{"start":{"line":33,"column":4},"end":{"line":35,"column":null}},"22":{"start":{"line":34,"column":6},"end":{"line":34,"column":24}},"23":{"start":{"line":37,"column":2},"end":{"line":51,"column":17}},"24":{"start":{"line":38,"column":19},"end":{"line":49,"column":6}},"25":{"start":{"line":38,"column":30},"end":{"line":49,"column":6}},"26":{"start":{"line":39,"column":6},"end":{"line":48,"column":null}},"27":{"start":{"line":40,"column":8},"end":{"line":45,"column":null}},"28":{"start":{"line":41,"column":22},"end":{"line":41,"column":44}},"29":{"start":{"line":42,"column":10},"end":{"line":44,"column":null}},"30":{"start":{"line":43,"column":12},"end":{"line":43,"column":28}},"31":{"start":{"line":47,"column":8},"end":{"line":47,"column":48}},"32":{"start":{"line":50,"column":4},"end":{"line":50,"column":13}},"33":{"start":{"line":52,"column":23},"end":{"line":71,"column":4}},"34":{"start":{"line":52,"column":34},"end":{"line":71,"column":4}},"35":{"start":{"line":53,"column":4},"end":{"line":53,"column":26}},"36":{"start":{"line":54,"column":22},"end":{"line":54,"column":51}},"37":{"start":{"line":55,"column":4},"end":{"line":55,"column":47}},"38":{"start":{"line":56,"column":4},"end":{"line":56,"column":37}},"39":{"start":{"line":57,"column":4},"end":{"line":66,"column":7}},"40":{"start":{"line":67,"column":4},"end":{"line":69,"column":null}},"41":{"start":{"line":68,"column":6},"end":{"line":68,"column":42}},"42":{"start":{"line":70,"column":4},"end":{"line":70,"column":27}},"43":{"start":{"line":73,"column":18},"end":{"line":95,"column":4}},"44":{"start":{"line":97,"column":25},"end":{"line":100,"column":3}},"45":{"start":{"line":98,"column":23},"end":{"line":98,"column":36}},"46":{"start":{"line":99,"column":4},"end":{"line":99,"column":38}},"47":{"start":{"line":102,"column":2},"end":{"line":143,"column":4}},"48":{"start":{"line":114,"column":12},"end":{"line":115,"column":null}},"49":{"start":{"line":146,"column":0},"end":{"line":146,"column":22}}},"fnMap":{"0":{"name":"(anonymous_14)","decl":{"start":{"line":23,"column":25},"end":{"line":23,"column":28}},"loc":{"start":{"line":23,"column":30},"end":{"line":144,"column":1}}},"1":{"name":"(anonymous_15)","decl":{"start":{"line":32,"column":12},"end":{"line":32,"column":15}},"loc":{"start":{"line":32,"column":17},"end":{"line":36,"column":3}}},"2":{"name":"(anonymous_16)","decl":{"start":{"line":37,"column":12},"end":{"line":37,"column":15}},"loc":{"start":{"line":37,"column":17},"end":{"line":51,"column":3}}},"3":{"name":"(anonymous_17)","decl":{"start":{"line":38,"column":19},"end":{"line":38,"column":28}},"loc":{"start":{"line":38,"column":30},"end":{"line":49,"column":6}}},"4":{"name":"(anonymous_18)","decl":{"start":{"line":38,"column":30},"end":{"line":38,"column":null}},"loc":{"start":{"line":38,"column":30},"end":{"line":49,"column":5}}},"5":{"name":"(anonymous_19)","decl":{"start":{"line":52,"column":23},"end":{"line":52,"column":32}},"loc":{"start":{"line":52,"column":34},"end":{"line":71,"column":4}}},"6":{"name":"(anonymous_20)","decl":{"start":{"line":52,"column":34},"end":{"line":52,"column":null}},"loc":{"start":{"line":52,"column":34},"end":{"line":71,"column":3}}},"7":{"name":"(anonymous_21)","decl":{"start":{"line":97,"column":25},"end":{"line":97,"column":26}},"loc":{"start":{"line":97,"column":57},"end":{"line":100,"column":3}}},"8":{"name":"(anonymous_22)","decl":{"start":{"line":113,"column":23},"end":{"line":113,"column":24}},"loc":{"start":{"line":114,"column":12},"end":{"line":115,"column":null}}}},"branchMap":{"0":{"loc":{"start":{"line":33,"column":4},"end":{"line":35,"column":null}},"type":"if","locations":[{"start":{"line":33,"column":4},"end":{"line":35,"column":null}}]},"1":{"loc":{"start":{"line":40,"column":8},"end":{"line":45,"column":null}},"type":"if","locations":[{"start":{"line":40,"column":8},"end":{"line":45,"column":null}}]},"2":{"loc":{"start":{"line":42,"column":10},"end":{"line":44,"column":null}},"type":"if","locations":[{"start":{"line":42,"column":10},"end":{"line":44,"column":null}}]},"3":{"loc":{"start":{"line":67,"column":4},"end":{"line":69,"column":null}},"type":"if","locations":[{"start":{"line":67,"column":4},"end":{"line":69,"column":null}}]},"4":{"loc":{"start":{"line":90,"column":13},"end":{"line":90,"column":53}},"type":"cond-expr","locations":[{"start":{"line":90,"column":26},"end":{"line":90,"column":42}},{"start":{"line":90,"column":45},"end":{"line":90,"column":53}}]}},"s":{"0":1,"1":1,"2":1,"3":1,"4":1,"5":1,"6":1,"7":1,"8":1,"9":1,"10":1,"11":1,"12":1,"13":1,"14":1,"15":3,"16":2,"17":2,"18":2,"19":2,"20":2,"21":1,"22":0,"23":2,"24":1,"25":1,"26":1,"27":1,"28":0,"29":0,"30":0,"31":0,"32":1,"33":2,"34":0,"35":0,"36":0,"37":0,"38":0,"39":0,"40":0,"41":0,"42":0,"43":2,"44":2,"45":0,"46":0,"47":2,"48":12,"49":1},"f":{"0":3,"1":1,"2":1,"3":1,"4":1,"5":0,"6":0,"7":0,"8":12},"b":{"0":[0],"1":[0],"2":[0],"3":[0],"4":[0,2]}}
,"D:\\00yt\\Texttovoice_Generator\\social-media\\src\\Components\\PostCard.tsx": {"path":"D:\\00yt\\Texttovoice_Generator\\social-media\\src\\Components\\PostCard.tsx","statementMap":{"0":{"start":{"line":1,"column":0},"end":{"line":1,"column":63}},"1":{"start":{"line":2,"column":0},"end":{"line":2,"column":48}},"2":{"start":{"line":3,"column":0},"end":{"line":3,"column":null}},"3":{"start":{"line":10,"column":0},"end":{"line":10,"column":47}},"4":{"start":{"line":11,"column":0},"end":{"line":11,"column":43}},"5":{"start":{"line":12,"column":0},"end":{"line":12,"column":29}},"6":{"start":{"line":13,"column":0},"end":{"line":13,"column":43}},"7":{"start":{"line":14,"column":0},"end":{"line":14,"column":39}},"8":{"start":{"line":16,"column":0},"end":{"line":16,"column":43}},"9":{"start":{"line":17,"column":0},"end":{"line":17,"column":43}},"10":{"start":{"line":18,"column":0},"end":{"line":18,"column":40}},"11":{"start":{"line":19,"column":0},"end":{"line":19,"column":43}},"12":{"start":{"line":32,"column":34},"end":{"line":441,"column":1}},"13":{"start":{"line":41,"column":52},"end":{"line":41,"column":74}},"14":{"start":{"line":42,"column":26},"end":{"line":42,"column":41}},"15":{"start":{"line":43,"column":34},"end":{"line":43,"column":49}},"16":{"start":{"line":44,"column":38},"end":{"line":44,"column":53}},"17":{"start":{"line":45,"column":46},"end":{"line":45,"column":61}},"18":{"start":{"line":47,"column":32},"end":{"line":47,"column":47}},"19":{"start":{"line":48,"column":40},"end":{"line":48,"column":55}},"20":{"start":{"line":49,"column":40},"end":{"line":49,"column":52}},"21":{"start":{"line":50,"column":40},"end":{"line":50,"column":52}},"22":{"start":{"line":51,"column":46},"end":{"line":52,"column":null}},"23":{"start":{"line":54,"column":40},"end":{"line":54,"column":79}},"24":{"start":{"line":55,"column":48},"end":{"line":55,"column":63}},"25":{"start":{"line":56,"column":44},"end":{"line":57,"column":null}},"26":{"start":{"line":60,"column":2},"end":{"line":73,"column":35}},"27":{"start":{"line":61,"column":4},"end":{"line":72,"column":null}},"28":{"start":{"line":62,"column":6},"end":{"line":66,"column":null}},"29":{"start":{"line":63,"column":8},"end":{"line":63,"column":25}},"30":{"start":{"line":65,"column":8},"end":{"line":65,"column":26}},"31":{"start":{"line":67,"column":6},"end":{"line":71,"column":null}},"32":{"start":{"line":68,"column":8},"end":{"line":68,"column":29}},"33":{"start":{"line":70,"column":8},"end":{"line":70,"column":30}},"34":{"start":{"line":75,"column":30},"end":{"line":103,"column":4}},"35":{"start":{"line":75,"column":52},"end":{"line":103,"column":4}},"36":{"start":{"line":77,"column":4},"end":{"line":81,"column":null}},"37":{"start":{"line":78,"column":6},"end":{"line":78,"column":18}},"38":{"start":{"line":80,"column":6},"end":{"line":80,"column":22}},"39":{"start":{"line":82,"column":4},"end":{"line":102,"column":null}},"40":{"start":{"line":83,"column":6},"end":{"line":101,"column":null}},"41":{"start":{"line":84,"column":20},"end":{"line":84,"column":70}},"42":{"start":{"line":84,"column":44},"end":{"line":84,"column":69}},"43":{"start":{"line":85,"column":8},"end":{"line":91,"column":null}},"44":{"start":{"line":86,"column":10},"end":{"line":88,"column":null}},"45":{"start":{"line":87,"column":12},"end":{"line":87,"column":67}},"46":{"start":{"line":90,"column":10},"end":{"line":90,"column":67}},"47":{"start":{"line":93,"column":8},"end":{"line":93,"column":36}},"48":{"start":{"line":94,"column":8},"end":{"line":100,"column":null}},"49":{"start":{"line":95,"column":10},"end":{"line":97,"column":null}},"50":{"start":{"line":96,"column":12},"end":{"line":96,"column":67}},"51":{"start":{"line":99,"column":10},"end":{"line":99,"column":65}},"52":{"start":{"line":105,"column":19},"end":{"line":153,"column":4}},"53":{"start":{"line":105,"column":30},"end":{"line":153,"column":4}},"54":{"start":{"line":106,"column":4},"end":{"line":106,"column":28}},"55":{"start":{"line":108,"column":4},"end":{"line":142,"column":null}},"56":{"start":{"line":109,"column":6},"end":{"line":117,"column":null}},"57":{"start":{"line":110,"column":8},"end":{"line":116,"column":10}},"58":{"start":{"line":118,"column":6},"end":{"line":139,"column":null}},"59":{"start":{"line":119,"column":8},"end":{"line":125,"column":10}},"60":{"start":{"line":126,"column":8},"end":{"line":138,"column":11}},"61":{"start":{"line":127,"column":10},"end":{"line":129,"column":null}},"62":{"start":{"line":128,"column":12},"end":{"line":128,"column":24}},"63":{"start":{"line":130,"column":25},"end":{"line":135,"column":12}},"64":{"start":{"line":131,"column":12},"end":{"line":133,"column":null}},"65":{"start":{"line":132,"column":14},"end":{"line":132,"column":55}},"66":{"start":{"line":134,"column":12},"end":{"line":134,"column":24}},"67":{"start":{"line":137,"column":10},"end":{"line":137,"column":24}},"68":{"start":{"line":141,"column":6},"end":{"line":141,"column":41}},"69":{"start":{"line":144,"column":4},"end":{"line":144,"column":23}},"70":{"start":{"line":146,"column":4},"end":{"line":150,"column":7}},"71":{"start":{"line":147,"column":6},"end":{"line":149,"column":null}},"72":{"start":{"line":148,"column":8},"end":{"line":148,"column":35}},"73":{"start":{"line":151,"column":4},"end":{"line":151,"column":23}},"74":{"start":{"line":152,"column":4},"end":{"line":152,"column":29}},"75":{"start":{"line":154,"column":23},"end":{"line":179,"column":4}},"76":{"start":{"line":154,"column":34},"end":{"line":179,"column":4}},"77":{"start":{"line":155,"column":4},"end":{"line":155,"column":28}},"78":{"start":{"line":156,"column":4},"end":{"line":173,"column":null}},"79":{"start":{"line":157,"column":6},"end":{"line":160,"column":null}},"80":{"start":{"line":158,"column":8},"end":{"line":158,"column":67}},"81":{"start":{"line":159,"column":8},"end":{"line":159,"column":28}},"82":{"start":{"line":161,"column":6},"end":{"line":170,"column":null}},"83":{"start":{"line":162,"column":8},"end":{"line":162,"column":57}},"84":{"start":{"line":163,"column":8},"end":{"line":169,"column":11}},"85":{"start":{"line":164,"column":10},"end":{"line":166,"column":null}},"86":{"start":{"line":165,"column":12},"end":{"line":165,"column":24}},"87":{"start":{"line":167,"column":25},"end":{"line":167,"column":76}},"88":{"start":{"line":167,"column":47},"end":{"line":167,"column":75}},"89":{"start":{"line":168,"column":10},"end":{"line":168,"column":24}},"90":{"start":{"line":172,"column":6},"end":{"line":172,"column":41}},"91":{"start":{"line":175,"column":4},"end":{"line":175,"column":23}},"92":{"start":{"line":177,"column":4},"end":{"line":177,"column":25}},"93":{"start":{"line":178,"column":4},"end":{"line":178,"column":29}},"94":{"start":{"line":181,"column":23},"end":{"line":183,"column":3}},"95":{"start":{"line":182,"column":4},"end":{"line":182,"column":19}},"96":{"start":{"line":184,"column":27},"end":{"line":186,"column":3}},"97":{"start":{"line":185,"column":4},"end":{"line":185,"column":23}},"98":{"start":{"line":187,"column":29},"end":{"line":189,"column":3}},"99":{"start":{"line":188,"column":4},"end":{"line":188,"column":25}},"100":{"start":{"line":191,"column":28},"end":{"line":210,"column":4}},"101":{"start":{"line":191,"column":39},"end":{"line":210,"column":4}},"102":{"start":{"line":192,"column":4},"end":{"line":192,"column":18}},"103":{"start":{"line":193,"column":4},"end":{"line":193,"column":29}},"104":{"start":{"line":194,"column":30},"end":{"line":208,"column":6}},"105":{"start":{"line":194,"column":41},"end":{"line":208,"column":6}},"106":{"start":{"line":195,"column":6},"end":{"line":206,"column":null}},"107":{"start":{"line":196,"column":28},"end":{"line":196,"column":52}},"108":{"start":{"line":198,"column":8},"end":{"line":203,"column":null}},"109":{"start":{"line":199,"column":34},"end":{"line":200,"column":null}},"110":{"start":{"line":200,"column":22},"end":{"line":200,"column":46}},"111":{"start":{"line":202,"column":10},"end":{"line":202,"column":42}},"112":{"start":{"line":205,"column":8},"end":{"line":205,"column":53}},"113":{"start":{"line":207,"column":6},"end":{"line":207,"column":32}},"114":{"start":{"line":209,"column":4},"end":{"line":209,"column":24}},"115":{"start":{"line":212,"column":21},"end":{"line":235,"column":4}},"116":{"start":{"line":212,"column":50},"end":{"line":235,"column":4}},"117":{"start":{"line":213,"column":4},"end":{"line":213,"column":23}},"118":{"start":{"line":214,"column":4},"end":{"line":217,"column":null}},"119":{"start":{"line":215,"column":6},"end":{"line":215,"column":36}},"120":{"start":{"line":216,"column":6},"end":{"line":216,"column":13}},"121":{"start":{"line":218,"column":26},"end":{"line":224,"column":6}},"122":{"start":{"line":226,"column":4},"end":{"line":233,"column":null}},"123":{"start":{"line":227,"column":6},"end":{"line":227,"column":31}},"124":{"start":{"line":228,"column":6},"end":{"line":228,"column":50}},"125":{"start":{"line":229,"column":6},"end":{"line":229,"column":26}},"126":{"start":{"line":230,"column":6},"end":{"line":230,"column":32}},"127":{"start":{"line":232,"column":6},"end":{"line":232,"column":41}},"128":{"start":{"line":234,"column":4},"end":{"line":234,"column":23}},"129":{"start":{"line":237,"column":23},"end":{"line":237,"column":36}},"130":{"start":{"line":238,"column":31},"end":{"line":238,"column":58}},"131":{"start":{"line":239,"column":4},"end":{"line":239,"column":30}},"132":{"start":{"line":242,"column":2},"end":{"line":440,"column":4}},"133":{"start":{"line":259,"column":27},"end":{"line":259,"column":57}},"134":{"start":{"line":280,"column":27},"end":{"line":280,"column":40}},"135":{"start":{"line":287,"column":29},"end":{"line":287,"column":59}},"136":{"start":{"line":300,"column":14},"end":{"line":301,"column":null}},"137":{"start":{"line":310,"column":24},"end":{"line":310,"column":59}},"138":{"start":{"line":311,"column":24},"end":{"line":311,"column":42}},"139":{"start":{"line":319,"column":24},"end":{"line":319,"column":59}},"140":{"start":{"line":320,"column":24},"end":{"line":320,"column":44}},"141":{"start":{"line":363,"column":16},"end":{"line":363,"column":40}},"142":{"start":{"line":364,"column":16},"end":{"line":364,"column":36}},"143":{"start":{"line":372,"column":16},"end":{"line":372,"column":40}},"144":{"start":{"line":373,"column":16},"end":{"line":373,"column":34}},"145":{"start":{"line":389,"column":18},"end":{"line":389,"column":36}},"146":{"start":{"line":390,"column":18},"end":{"line":390,"column":47}},"147":{"start":{"line":398,"column":18},"end":{"line":398,"column":35}},"148":{"start":{"line":399,"column":18},"end":{"line":399,"column":47}},"149":{"start":{"line":420,"column":18},"end":{"line":420,"column":51}},"150":{"start":{"line":421,"column":18},"end":{"line":421,"column":40}},"151":{"start":{"line":429,"column":18},"end":{"line":429,"column":51}},"152":{"start":{"line":430,"column":18},"end":{"line":430,"column":39}},"153":{"start":{"line":443,"column":0},"end":{"line":443,"column":24}}},"fnMap":{"0":{"name":"(anonymous_8)","decl":{"start":{"line":32,"column":34},"end":{"line":32,"column":35}},"loc":{"start":{"line":40,"column":5},"end":{"line":441,"column":1}}},"1":{"name":"(anonymous_9)","decl":{"start":{"line":60,"column":12},"end":{"line":60,"column":15}},"loc":{"start":{"line":60,"column":17},"end":{"line":73,"column":3}}},"2":{"name":"(anonymous_10)","decl":{"start":{"line":75,"column":30},"end":{"line":75,"column":37}},"loc":{"start":{"line":75,"column":52},"end":{"line":103,"column":4}}},"3":{"name":"(anonymous_11)","decl":{"start":{"line":75,"column":52},"end":{"line":75,"column":null}},"loc":{"start":{"line":75,"column":52},"end":{"line":103,"column":3}}},"4":{"name":"(anonymous_12)","decl":{"start":{"line":84,"column":34},"end":{"line":84,"column":35}},"loc":{"start":{"line":84,"column":44},"end":{"line":84,"column":69}}},"5":{"name":"(anonymous_13)","decl":{"start":{"line":105,"column":19},"end":{"line":105,"column":28}},"loc":{"start":{"line":105,"column":30},"end":{"line":153,"column":4}}},"6":{"name":"(anonymous_14)","decl":{"start":{"line":105,"column":30},"end":{"line":105,"column":null}},"loc":{"start":{"line":105,"column":30},"end":{"line":153,"column":3}}},"7":{"name":"(anonymous_15)","decl":{"start":{"line":126,"column":23},"end":{"line":126,"column":24}},"loc":{"start":{"line":126,"column":32},"end":{"line":138,"column":9}}},"8":{"name":"(anonymous_16)","decl":{"start":{"line":130,"column":34},"end":{"line":130,"column":35}},"loc":{"start":{"line":130,"column":43},"end":{"line":135,"column":11}}},"9":{"name":"(anonymous_17)","decl":{"start":{"line":146,"column":25},"end":{"line":146,"column":26}},"loc":{"start":{"line":146,"column":34},"end":{"line":150,"column":5}}},"10":{"name":"(anonymous_18)","decl":{"start":{"line":154,"column":23},"end":{"line":154,"column":32}},"loc":{"start":{"line":154,"column":34},"end":{"line":179,"column":4}}},"11":{"name":"(anonymous_19)","decl":{"start":{"line":154,"column":34},"end":{"line":154,"column":null}},"loc":{"start":{"line":154,"column":34},"end":{"line":179,"column":3}}},"12":{"name":"(anonymous_20)","decl":{"start":{"line":163,"column":23},"end":{"line":163,"column":24}},"loc":{"start":{"line":163,"column":32},"end":{"line":169,"column":9}}},"13":{"name":"(anonymous_21)","decl":{"start":{"line":167,"column":37},"end":{"line":167,"column":38}},"loc":{"start":{"line":167,"column":47},"end":{"line":167,"column":75}}},"14":{"name":"(anonymous_22)","decl":{"start":{"line":181,"column":23},"end":{"line":181,"column":26}},"loc":{"start":{"line":181,"column":28},"end":{"line":183,"column":3}}},"15":{"name":"(anonymous_23)","decl":{"start":{"line":184,"column":27},"end":{"line":184,"column":30}},"loc":{"start":{"line":184,"column":32},"end":{"line":186,"column":3}}},"16":{"name":"(anonymous_24)","decl":{"start":{"line":187,"column":29},"end":{"line":187,"column":32}},"loc":{"start":{"line":187,"column":34},"end":{"line":189,"column":3}}},"17":{"name":"(anonymous_25)","decl":{"start":{"line":191,"column":28},"end":{"line":191,"column":37}},"loc":{"start":{"line":191,"column":39},"end":{"line":210,"column":4}}},"18":{"name":"(anonymous_26)","decl":{"start":{"line":191,"column":39},"end":{"line":191,"column":null}},"loc":{"start":{"line":191,"column":39},"end":{"line":210,"column":3}}},"19":{"name":"(anonymous_27)","decl":{"start":{"line":194,"column":30},"end":{"line":194,"column":39}},"loc":{"start":{"line":194,"column":41},"end":{"line":208,"column":6}}},"20":{"name":"(anonymous_28)","decl":{"start":{"line":194,"column":41},"end":{"line":194,"column":null}},"loc":{"start":{"line":194,"column":41},"end":{"line":208,"column":5}}},"21":{"name":"(anonymous_29)","decl":{"start":{"line":200,"column":12},"end":{"line":200,"column":13}},"loc":{"start":{"line":200,"column":22},"end":{"line":200,"column":46}}},"22":{"name":"(anonymous_30)","decl":{"start":{"line":212,"column":21},"end":{"line":212,"column":28}},"loc":{"start":{"line":212,"column":50},"end":{"line":235,"column":4}}},"23":{"name":"(anonymous_31)","decl":{"start":{"line":212,"column":50},"end":{"line":212,"column":null}},"loc":{"start":{"line":212,"column":50},"end":{"line":235,"column":3}}},"24":{"name":"getTimestampString","decl":{"start":{"line":236,"column":11},"end":{"line":236,"column":29}},"loc":{"start":{"line":236,"column":41},"end":{"line":240,"column":3}}},"25":{"name":"(anonymous_33)","decl":{"start":{"line":259,"column":20},"end":{"line":259,"column":21}},"loc":{"start":{"line":259,"column":27},"end":{"line":259,"column":57}}},"26":{"name":"(anonymous_34)","decl":{"start":{"line":280,"column":20},"end":{"line":280,"column":21}},"loc":{"start":{"line":280,"column":27},"end":{"line":280,"column":40}}},"27":{"name":"(anonymous_35)","decl":{"start":{"line":287,"column":22},"end":{"line":287,"column":23}},"loc":{"start":{"line":287,"column":29},"end":{"line":287,"column":59}}},"28":{"name":"(anonymous_36)","decl":{"start":{"line":299,"column":34},"end":{"line":299,"column":35}},"loc":{"start":{"line":300,"column":14},"end":{"line":301,"column":null}}},"29":{"name":"(anonymous_37)","decl":{"start":{"line":309,"column":31},"end":{"line":309,"column":32}},"loc":{"start":{"line":309,"column":37},"end":{"line":312,"column":23}}},"30":{"name":"(anonymous_38)","decl":{"start":{"line":318,"column":31},"end":{"line":318,"column":34}},"loc":{"start":{"line":318,"column":36},"end":{"line":321,"column":23}}},"31":{"name":"(anonymous_39)","decl":{"start":{"line":362,"column":23},"end":{"line":362,"column":26}},"loc":{"start":{"line":362,"column":28},"end":{"line":365,"column":15}}},"32":{"name":"(anonymous_40)","decl":{"start":{"line":371,"column":23},"end":{"line":371,"column":24}},"loc":{"start":{"line":371,"column":29},"end":{"line":374,"column":15}}},"33":{"name":"(anonymous_41)","decl":{"start":{"line":388,"column":25},"end":{"line":388,"column":28}},"loc":{"start":{"line":388,"column":30},"end":{"line":391,"column":17}}},"34":{"name":"(anonymous_42)","decl":{"start":{"line":397,"column":25},"end":{"line":397,"column":28}},"loc":{"start":{"line":397,"column":30},"end":{"line":400,"column":17}}},"35":{"name":"(anonymous_43)","decl":{"start":{"line":419,"column":25},"end":{"line":419,"column":28}},"loc":{"start":{"line":419,"column":30},"end":{"line":422,"column":17}}},"36":{"name":"(anonymous_44)","decl":{"start":{"line":428,"column":25},"end":{"line":428,"column":28}},"loc":{"start":{"line":428,"column":30},"end":{"line":431,"column":17}}}},"branchMap":{"0":{"loc":{"start":{"line":61,"column":4},"end":{"line":72,"column":null}},"type":"if","locations":[{"start":{"line":61,"column":4},"end":{"line":72,"column":null}}]},"1":{"loc":{"start":{"line":62,"column":6},"end":{"line":66,"column":null}},"type":"if","locations":[{"start":{"line":62,"column":6},"end":{"line":66,"column":null}},{"start":{"line":64,"column":13},"end":{"line":66,"column":null}}]},"2":{"loc":{"start":{"line":62,"column":10},"end":{"line":62,"column":43}},"type":"cond-expr","locations":[{"start":{"line":62,"column":15},"end":{"line":62,"column":17}},{"start":{"line":62,"column":10},"end":{"line":62,"column":43}}]},"3":{"loc":{"start":{"line":62,"column":10},"end":{"line":62,"column":17}},"type":"binary-expr","locations":[{"start":{"line":62,"column":10},"end":{"line":62,"column":17}},{"start":{"line":62,"column":10},"end":{"line":62,"column":17}}]},"4":{"loc":{"start":{"line":67,"column":6},"end":{"line":71,"column":null}},"type":"if","locations":[{"start":{"line":67,"column":6},"end":{"line":71,"column":null}},{"start":{"line":69,"column":13},"end":{"line":71,"column":null}}]},"5":{"loc":{"start":{"line":67,"column":10},"end":{"line":67,"column":47}},"type":"cond-expr","locations":[{"start":{"line":67,"column":19},"end":{"line":67,"column":21}},{"start":{"line":67,"column":10},"end":{"line":67,"column":47}}]},"6":{"loc":{"start":{"line":67,"column":10},"end":{"line":67,"column":21}},"type":"binary-expr","locations":[{"start":{"line":67,"column":10},"end":{"line":67,"column":21}},{"start":{"line":67,"column":10},"end":{"line":67,"column":21}}]},"7":{"loc":{"start":{"line":77,"column":4},"end":{"line":81,"column":null}},"type":"if","locations":[{"start":{"line":77,"column":4},"end":{"line":81,"column":null}},{"start":{"line":79,"column":11},"end":{"line":81,"column":null}}]},"8":{"loc":{"start":{"line":82,"column":4},"end":{"line":102,"column":null}},"type":"if","locations":[{"start":{"line":82,"column":4},"end":{"line":102,"column":null}}]},"9":{"loc":{"start":{"line":83,"column":6},"end":{"line":101,"column":null}},"type":"if","locations":[{"start":{"line":83,"column":6},"end":{"line":101,"column":null}},{"start":{"line":92,"column":13},"end":{"line":101,"column":null}}]},"10":{"loc":{"start":{"line":83,"column":10},"end":{"line":83,"column":41}},"type":"cond-expr","locations":[{"start":{"line":83,"column":13},"end":{"line":83,"column":15}},{"start":{"line":83,"column":10},"end":{"line":83,"column":41}}]},"11":{"loc":{"start":{"line":83,"column":10},"end":{"line":83,"column":15}},"type":"binary-expr","locations":[{"start":{"line":83,"column":10},"end":{"line":83,"column":15}},{"start":{"line":83,"column":10},"end":{"line":83,"column":15}}]},"12":{"loc":{"start":{"line":84,"column":20},"end":{"line":84,"column":70}},"type":"cond-expr","locations":[{"start":{"line":84,"column":25},"end":{"line":84,"column":27}},{"start":{"line":84,"column":20},"end":{"line":84,"column":70}}]},"13":{"loc":{"start":{"line":84,"column":20},"end":{"line":84,"column":27}},"type":"binary-expr","locations":[{"start":{"line":84,"column":20},"end":{"line":84,"column":27}},{"start":{"line":84,"column":20},"end":{"line":84,"column":27}}]},"14":{"loc":{"start":{"line":86,"column":10},"end":{"line":88,"column":null}},"type":"if","locations":[{"start":{"line":86,"column":10},"end":{"line":88,"column":null}}]},"15":{"loc":{"start":{"line":86,"column":14},"end":{"line":86,"column":74}},"type":"binary-expr","locations":[{"start":{"line":86,"column":14},"end":{"line":86,"column":44}},{"start":{"line":86,"column":48},"end":{"line":86,"column":74}}]},"16":{"loc":{"start":{"line":93,"column":8},"end":{"line":93,"column":35}},"type":"cond-expr","locations":[{"start":{"line":93,"column":11},"end":{"line":93,"column":13}},{"start":{"line":93,"column":8},"end":{"line":93,"column":35}}]},"17":{"loc":{"start":{"line":93,"column":8},"end":{"line":93,"column":13}},"type":"binary-expr","locations":[{"start":{"line":93,"column":8},"end":{"line":93,"column":13}},{"start":{"line":93,"column":8},"end":{"line":93,"column":13}}]},"18":{"loc":{"start":{"line":95,"column":10},"end":{"line":97,"column":null}},"type":"if","locations":[{"start":{"line":95,"column":10},"end":{"line":97,"column":null}}]},"19":{"loc":{"start":{"line":95,"column":14},"end":{"line":95,"column":74}},"type":"binary-expr","locations":[{"start":{"line":95,"column":14},"end":{"line":95,"column":44}},{"start":{"line":95,"column":48},"end":{"line":95,"column":74}}]},"20":{"loc":{"start":{"line":109,"column":6},"end":{"line":117,"column":null}},"type":"if","locations":[{"start":{"line":109,"column":6},"end":{"line":117,"column":null}}]},"21":{"loc":{"start":{"line":118,"column":6},"end":{"line":139,"column":null}},"type":"if","locations":[{"start":{"line":118,"column":6},"end":{"line":139,"column":null}}]},"22":{"loc":{"start":{"line":127,"column":10},"end":{"line":129,"column":null}},"type":"if","locations":[{"start":{"line":127,"column":10},"end":{"line":129,"column":null}}]},"23":{"loc":{"start":{"line":131,"column":12},"end":{"line":133,"column":null}},"type":"if","locations":[{"start":{"line":131,"column":12},"end":{"line":133,"column":null}}]},"24":{"loc":{"start":{"line":146,"column":4},"end":{"line":150,"column":6}},"type":"cond-expr","locations":[{"start":{"line":146,"column":19},"end":{"line":146,"column":21}},{"start":{"line":146,"column":4},"end":{"line":150,"column":6}}]},"25":{"loc":{"start":{"line":146,"column":4},"end":{"line":146,"column":21}},"type":"binary-expr","locations":[{"start":{"line":146,"column":4},"end":{"line":146,"column":21}},{"start":{"line":146,"column":4},"end":{"line":146,"column":21}}]},"26":{"loc":{"start":{"line":147,"column":6},"end":{"line":149,"column":null}},"type":"if","locations":[{"start":{"line":147,"column":6},"end":{"line":149,"column":null}}]},"27":{"loc":{"start":{"line":157,"column":6},"end":{"line":160,"column":null}},"type":"if","locations":[{"start":{"line":157,"column":6},"end":{"line":160,"column":null}}]},"28":{"loc":{"start":{"line":161,"column":6},"end":{"line":170,"column":null}},"type":"if","locations":[{"start":{"line":161,"column":6},"end":{"line":170,"column":null}}]},"29":{"loc":{"start":{"line":164,"column":10},"end":{"line":166,"column":null}},"type":"if","locations":[{"start":{"line":164,"column":10},"end":{"line":166,"column":null}}]},"30":{"loc":{"start":{"line":198,"column":8},"end":{"line":203,"column":null}},"type":"if","locations":[{"start":{"line":198,"column":8},"end":{"line":203,"column":null}}]},"31":{"loc":{"start":{"line":214,"column":4},"end":{"line":217,"column":null}},"type":"if","locations":[{"start":{"line":214,"column":4},"end":{"line":217,"column":null}}]},"32":{"loc":{"start":{"line":220,"column":20},"end":{"line":220,"column":67}},"type":"cond-expr","locations":[{"start":{"line":220,"column":39},"end":{"line":220,"column":55}},{"start":{"line":220,"column":58},"end":{"line":220,"column":67}}]},"33":{"loc":{"start":{"line":293,"column":9},"end":{"line":331,"column":null}},"type":"cond-expr","locations":[{"start":{"line":294,"column":10},"end":{"line":295,"column":null}},{"start":{"line":298,"column":10},"end":{"line":330,"column":null}}]},"34":{"loc":{"start":{"line":299,"column":13},"end":{"line":330,"column":14}},"type":"cond-expr","locations":[{"start":{"line":299,"column":28},"end":{"line":299,"column":30}},{"start":{"line":299,"column":13},"end":{"line":330,"column":14}}]},"35":{"loc":{"start":{"line":299,"column":13},"end":{"line":299,"column":30}},"type":"binary-expr","locations":[{"start":{"line":299,"column":13},"end":{"line":299,"column":30}},{"start":{"line":299,"column":13},"end":{"line":299,"column":30}}]},"36":{"loc":{"start":{"line":305,"column":17},"end":{"line":327,"column":null}},"type":"cond-expr","locations":[{"start":{"line":306,"column":18},"end":{"line":324,"column":null}},{"start":{"line":327,"column":18},"end":{"line":327,"column":20}}]},"37":{"loc":{"start":{"line":336,"column":11},"end":{"line":347,"column":null}},"type":"cond-expr","locations":[{"start":{"line":337,"column":12},"end":{"line":342,"column":null}},{"start":{"line":345,"column":12},"end":{"line":346,"column":null}}]},"38":{"loc":{"start":{"line":351,"column":13},"end":{"line":353,"column":18}},"type":"cond-expr","locations":[{"start":{"line":352,"column":16},"end":{"line":352,"column":46}},{"start":{"line":353,"column":16},"end":{"line":353,"column":18}}]},"39":{"loc":{"start":{"line":358,"column":9},"end":{"line":380,"column":null}},"type":"cond-expr","locations":[{"start":{"line":359,"column":10},"end":{"line":377,"column":null}},{"start":{"line":380,"column":10},"end":{"line":380,"column":83}}]},"40":{"loc":{"start":{"line":384,"column":13},"end":{"line":401,"column":null}},"type":"cond-expr","locations":[{"start":{"line":385,"column":14},"end":{"line":391,"column":null}},{"start":{"line":394,"column":14},"end":{"line":400,"column":null}}]},"41":{"loc":{"start":{"line":403,"column":42},"end":{"line":403,"column":55}},"type":"cond-expr","locations":[{"start":{"line":403,"column":47},"end":{"line":403,"column":49}},{"start":{"line":403,"column":42},"end":{"line":403,"column":55}}]},"42":{"loc":{"start":{"line":403,"column":42},"end":{"line":403,"column":49}},"type":"binary-expr","locations":[{"start":{"line":403,"column":42},"end":{"line":403,"column":49}},{"start":{"line":403,"column":42},"end":{"line":403,"column":49}}]},"43":{"loc":{"start":{"line":416,"column":13},"end":{"line":433,"column":null}},"type":"cond-expr","locations":[{"start":{"line":417,"column":14},"end":{"line":423,"column":null}},{"start":{"line":426,"column":14},"end":{"line":432,"column":null}}]},"44":{"loc":{"start":{"line":435,"column":42},"end":{"line":435,"column":59}},"type":"cond-expr","locations":[{"start":{"line":435,"column":51},"end":{"line":435,"column":53}},{"start":{"line":435,"column":42},"end":{"line":435,"column":59}}]},"45":{"loc":{"start":{"line":435,"column":42},"end":{"line":435,"column":53}},"type":"binary-expr","locations":[{"start":{"line":435,"column":42},"end":{"line":435,"column":53}},{"start":{"line":435,"column":42},"end":{"line":435,"column":53}}]}},"s":{"0":5,"1":5,"2":5,"3":5,"4":5,"5":5,"6":5,"7":5,"8":5,"9":5,"10":5,"11":5,"12":5,"13":14,"14":14,"15":14,"16":14,"17":14,"18":14,"19":14,"20":14,"21":14,"22":14,"23":14,"24":14,"25":14,"26":14,"27":6,"28":6,"29":3,"30":3,"31":6,"32":3,"33":3,"34":14,"35":0,"36":0,"37":0,"38":0,"39":0,"40":0,"41":0,"42":0,"43":0,"44":0,"45":0,"46":0,"47":0,"48":0,"49":0,"50":0,"51":0,"52":14,"53":0,"54":0,"55":0,"56":0,"57":0,"58":0,"59":0,"60":0,"61":0,"62":0,"63":0,"64":0,"65":0,"66":0,"67":0,"68":0,"69":0,"70":0,"71":0,"72":0,"73":0,"74":0,"75":14,"76":0,"77":0,"78":0,"79":0,"80":0,"81":0,"82":0,"83":0,"84":0,"85":0,"86":0,"87":0,"88":0,"89":0,"90":0,"91":0,"92":0,"93":0,"94":14,"95":1,"96":14,"97":0,"98":14,"99":0,"100":14,"101":1,"102":1,"103":1,"104":1,"105":1,"106":1,"107":1,"108":1,"109":1,"110":0,"111":1,"112":0,"113":1,"114":1,"115":14,"116":0,"117":0,"118":0,"119":0,"120":0,"121":0,"122":0,"123":0,"124":0,"125":0,"126":0,"127":0,"128":0,"129":14,"130":14,"131":14,"132":14,"133":0,"134":0,"135":0,"136":0,"137":0,"138":0,"139":0,"140":0,"141":0,"142":0,"143":0,"144":0,"145":0,"146":0,"147":0,"148":0,"149":0,"150":0,"151":0,"152":0,"153":5},"f":{"0":14,"1":6,"2":0,"3":0,"4":0,"5":0,"6":0,"7":0,"8":0,"9":0,"10":0,"11":0,"12":0,"13":0,"14":1,"15":0,"16":0,"17":1,"18":1,"19":1,"20":1,"21":0,"22":0,"23":0,"24":14,"25":0,"26":0,"27":0,"28":0,"29":0,"30":0,"31":0,"32":0,"33":0,"34":0,"35":0,"36":0},"b":{"0":[6],"1":[3,3],"2":[0,6],"3":[6,6],"4":[3,3],"5":[0,6],"6":[6,6],"7":[0,0],"8":[0],"9":[0,0],"10":[0,0],"11":[0,0],"12":[0,0],"13":[0,0],"14":[0],"15":[0,0],"16":[0,0],"17":[0,0],"18":[0],"19":[0,0],"20":[0],"21":[0],"22":[0],"23":[0],"24":[0,0],"25":[0,0],"26":[0],"27":[0],"28":[0],"29":[0],"30":[1],"31":[0],"32":[0,0],"33":[3,11],"34":[11,0],"35":[11,11],"36":[0,0],"37":[6,8],"38":[14,0],"39":[8,6],"40":[5,9],"41":[0,14],"42":[14,14],"43":[5,9],"44":[0,14],"45":[14,14]}}
,"D:\\00yt\\Texttovoice_Generator\\social-media\\src\\Components\\SideNavBar.tsx": {"path":"D:\\00yt\\Texttovoice_Generator\\social-media\\src\\Components\\SideNavBar.tsx","statementMap":{"0":{"start":{"line":2,"column":0},"end":{"line":2,"column":null}},"1":{"start":{"line":8,"column":0},"end":{"line":8,"column":43}},"2":{"start":{"line":9,"column":0},"end":{"line":9,"column":55}},"3":{"start":{"line":17,"column":42},"end":{"line":24,"column":2}},"4":{"start":{"line":26,"column":29},"end":{"line":57,"column":1}},"5":{"start":{"line":27,"column":19},"end":{"line":27,"column":32}},"6":{"start":{"line":28,"column":27},"end":{"line":30,"column":3}},"7":{"start":{"line":29,"column":4},"end":{"line":29,"column":19}},"8":{"start":{"line":32,"column":2},"end":{"line":56,"column":4}},"9":{"start":{"line":41,"column":10},"end":{"line":42,"column":null}},"10":{"start":{"line":43,"column":27},"end":{"line":43,"column":54}},"11":{"start":{"line":59,"column":0},"end":{"line":59,"column":26}}},"fnMap":{"0":{"name":"(anonymous_0)","decl":{"start":{"line":26,"column":29},"end":{"line":26,"column":32}},"loc":{"start":{"line":26,"column":34},"end":{"line":57,"column":1}}},"1":{"name":"(anonymous_1)","decl":{"start":{"line":28,"column":27},"end":{"line":28,"column":28}},"loc":{"start":{"line":28,"column":44},"end":{"line":30,"column":3}}},"2":{"name":"(anonymous_2)","decl":{"start":{"line":40,"column":29},"end":{"line":40,"column":30}},"loc":{"start":{"line":41,"column":10},"end":{"line":42,"column":null}}},"3":{"name":"(anonymous_3)","decl":{"start":{"line":43,"column":21},"end":{"line":43,"column":24}},"loc":{"start":{"line":43,"column":27},"end":{"line":43,"column":54}}}},"branchMap":{},"s":{"0":7,"1":7,"2":7,"3":7,"4":7,"5":1,"6":1,"7":0,"8":1,"9":6,"10":0,"11":7},"f":{"0":1,"1":0,"2":6,"3":0},"b":{}}
,"D:\\00yt\\Texttovoice_Generator\\social-media\\src\\Components\\ProfileComp\\Profile.tsx": {"path":"D:\\00yt\\Texttovoice_Generator\\social-media\\src\\Components\\ProfileComp\\Profile.tsx","statementMap":{"0":{"start":{"line":1,"column":0},"end":{"line":1,"column":71}},"1":{"start":{"line":2,"column":0},"end":{"line":2,"column":40}},"2":{"start":{"line":3,"column":0},"end":{"line":3,"column":51}},"3":{"start":{"line":4,"column":0},"end":{"line":4,"column":43}},"4":{"start":{"line":5,"column":0},"end":{"line":5,"column":39}},"5":{"start":{"line":6,"column":0},"end":{"line":6,"column":29}},"6":{"start":{"line":7,"column":0},"end":{"line":7,"column":40}},"7":{"start":{"line":8,"column":0},"end":{"line":8,"column":45}},"8":{"start":{"line":9,"column":0},"end":{"line":9,"column":43}},"9":{"start":{"line":10,"column":0},"end":{"line":10,"column":54}},"10":{"start":{"line":11,"column":0},"end":{"line":11,"column":48}},"11":{"start":{"line":12,"column":0},"end":{"line":12,"column":47}},"12":{"start":{"line":14,"column":26},"end":{"line":314,"column":1}},"13":{"start":{"line":22,"column":6},"end":{"line":22,"column":28}},"14":{"start":{"line":23,"column":36},"end":{"line":23,"column":55}},"15":{"start":{"line":24,"column":46},"end":{"line":24,"column":61}},"16":{"start":{"line":25,"column":44},"end":{"line":25,"column":67}},"17":{"start":{"line":26,"column":34},"end":{"line":26,"column":46}},"18":{"start":{"line":27,"column":19},"end":{"line":27,"column":32}},"19":{"start":{"line":28,"column":23},"end":{"line":28,"column":53}},"20":{"start":{"line":29,"column":28},"end":{"line":29,"column":56}},"21":{"start":{"line":30,"column":26},"end":{"line":30,"column":41}},"22":{"start":{"line":31,"column":34},"end":{"line":31,"column":63}},"23":{"start":{"line":32,"column":34},"end":{"line":32,"column":63}},"24":{"start":{"line":33,"column":40},"end":{"line":33,"column":64}},"25":{"start":{"line":34,"column":40},"end":{"line":35,"column":null}},"26":{"start":{"line":38,"column":54},"end":{"line":38,"column":69}},"27":{"start":{"line":40,"column":2},"end":{"line":61,"column":39}},"28":{"start":{"line":41,"column":18},"end":{"line":41,"column":29}},"29":{"start":{"line":42,"column":16},"end":{"line":42,"column":17}},"30":{"start":{"line":43,"column":4},"end":{"line":47,"column":7}},"31":{"start":{"line":44,"column":6},"end":{"line":46,"column":null}},"32":{"start":{"line":45,"column":8},"end":{"line":45,"column":16}},"33":{"start":{"line":48,"column":4},"end":{"line":48,"column":24}},"34":{"start":{"line":51,"column":29},"end":{"line":51,"column":33}},"35":{"start":{"line":52,"column":34},"end":{"line":52,"column":38}},"36":{"start":{"line":53,"column":4},"end":{"line":58,"column":null}},"37":{"start":{"line":54,"column":6},"end":{"line":57,"column":null}},"38":{"start":{"line":55,"column":8},"end":{"line":55,"column":27}},"39":{"start":{"line":56,"column":8},"end":{"line":56,"column":33}},"40":{"start":{"line":59,"column":4},"end":{"line":59,"column":21}},"41":{"start":{"line":60,"column":4},"end":{"line":60,"column":26}},"42":{"start":{"line":63,"column":2},"end":{"line":67,"column":31}},"43":{"start":{"line":64,"column":4},"end":{"line":66,"column":null}},"44":{"start":{"line":65,"column":6},"end":{"line":65,"column":26}},"45":{"start":{"line":69,"column":19},"end":{"line":94,"column":4}},"46":{"start":{"line":69,"column":30},"end":{"line":94,"column":4}},"47":{"start":{"line":70,"column":4},"end":{"line":93,"column":null}},"48":{"start":{"line":71,"column":6},"end":{"line":90,"column":null}},"49":{"start":{"line":72,"column":8},"end":{"line":78,"column":10}},"50":{"start":{"line":79,"column":8},"end":{"line":89,"column":11}},"51":{"start":{"line":80,"column":25},"end":{"line":80,"column":34}},"52":{"start":{"line":81,"column":10},"end":{"line":87,"column":null}},"53":{"start":{"line":82,"column":12},"end":{"line":86,"column":null}},"54":{"start":{"line":83,"column":14},"end":{"line":85,"column":null}},"55":{"start":{"line":84,"column":16},"end":{"line":84,"column":46}},"56":{"start":{"line":88,"column":10},"end":{"line":88,"column":24}},"57":{"start":{"line":92,"column":6},"end":{"line":92,"column":34}},"58":{"start":{"line":96,"column":2},"end":{"line":100,"column":23}},"59":{"start":{"line":97,"column":4},"end":{"line":99,"column":null}},"60":{"start":{"line":98,"column":6},"end":{"line":98,"column":17}},"61":{"start":{"line":107,"column":19},"end":{"line":143,"column":4}},"62":{"start":{"line":107,"column":30},"end":{"line":143,"column":4}},"63":{"start":{"line":108,"column":4},"end":{"line":108,"column":28}},"64":{"start":{"line":109,"column":4},"end":{"line":113,"column":null}},"65":{"start":{"line":110,"column":25},"end":{"line":110,"column":46}},"66":{"start":{"line":111,"column":23},"end":{"line":111,"column":54}},"67":{"start":{"line":112,"column":6},"end":{"line":112,"column":60}},"68":{"start":{"line":114,"column":4},"end":{"line":137,"column":null}},"69":{"start":{"line":115,"column":6},"end":{"line":136,"column":null}},"70":{"start":{"line":116,"column":8},"end":{"line":133,"column":null}},"71":{"start":{"line":117,"column":10},"end":{"line":123,"column":12}},"72":{"start":{"line":124,"column":10},"end":{"line":132,"column":13}},"73":{"start":{"line":125,"column":27},"end":{"line":125,"column":36}},"74":{"start":{"line":126,"column":12},"end":{"line":130,"column":null}},"75":{"start":{"line":127,"column":14},"end":{"line":129,"column":null}},"76":{"start":{"line":128,"column":16},"end":{"line":128,"column":41}},"77":{"start":{"line":131,"column":12},"end":{"line":131,"column":26}},"78":{"start":{"line":135,"column":8},"end":{"line":135,"column":40}},"79":{"start":{"line":139,"column":4},"end":{"line":139,"column":20}},"80":{"start":{"line":141,"column":4},"end":{"line":141,"column":19}},"81":{"start":{"line":142,"column":4},"end":{"line":142,"column":29}},"82":{"start":{"line":145,"column":23},"end":{"line":147,"column":3}},"83":{"start":{"line":146,"column":4},"end":{"line":146,"column":19}},"84":{"start":{"line":149,"column":27},"end":{"line":151,"column":3}},"85":{"start":{"line":150,"column":4},"end":{"line":150,"column":27}},"86":{"start":{"line":153,"column":21},"end":{"line":159,"column":3}},"87":{"start":{"line":154,"column":4},"end":{"line":154,"column":23}},"88":{"start":{"line":155,"column":17},"end":{"line":155,"column":40}},"89":{"start":{"line":156,"column":4},"end":{"line":158,"column":null}},"90":{"start":{"line":157,"column":6},"end":{"line":157,"column":29}},"91":{"start":{"line":161,"column":36},"end":{"line":165,"column":3}},"92":{"start":{"line":162,"column":4},"end":{"line":164,"column":null}},"93":{"start":{"line":163,"column":6},"end":{"line":163,"column":35}},"94":{"start":{"line":167,"column":29},"end":{"line":169,"column":3}},"95":{"start":{"line":168,"column":4},"end":{"line":168,"column":25}},"96":{"start":{"line":171,"column":23},"end":{"line":190,"column":4}},"97":{"start":{"line":171,"column":34},"end":{"line":190,"column":4}},"98":{"start":{"line":172,"column":4},"end":{"line":172,"column":26}},"99":{"start":{"line":173,"column":22},"end":{"line":173,"column":51}},"100":{"start":{"line":174,"column":4},"end":{"line":174,"column":47}},"101":{"start":{"line":175,"column":4},"end":{"line":175,"column":37}},"102":{"start":{"line":176,"column":4},"end":{"line":185,"column":7}},"103":{"start":{"line":186,"column":4},"end":{"line":188,"column":null}},"104":{"start":{"line":187,"column":6},"end":{"line":187,"column":42}},"105":{"start":{"line":189,"column":4},"end":{"line":189,"column":27}},"106":{"start":{"line":192,"column":2},"end":{"line":313,"column":4}},"107":{"start":{"line":209,"column":27},"end":{"line":209,"column":54}},"108":{"start":{"line":219,"column":12},"end":{"line":221,"column":null}},"109":{"start":{"line":220,"column":14},"end":{"line":220,"column":50}},"110":{"start":{"line":229,"column":29},"end":{"line":229,"column":47}},"111":{"start":{"line":296,"column":27},"end":{"line":296,"column":40}},"112":{"start":{"line":316,"column":0},"end":{"line":316,"column":23}}},"fnMap":{"0":{"name":"(anonymous_8)","decl":{"start":{"line":14,"column":26},"end":{"line":14,"column":29}},"loc":{"start":{"line":14,"column":31},"end":{"line":314,"column":1}}},"1":{"name":"(anonymous_9)","decl":{"start":{"line":40,"column":12},"end":{"line":40,"column":15}},"loc":{"start":{"line":40,"column":17},"end":{"line":61,"column":3}}},"2":{"name":"(anonymous_10)","decl":{"start":{"line":43,"column":15},"end":{"line":43,"column":16}},"loc":{"start":{"line":43,"column":24},"end":{"line":47,"column":5}}},"3":{"name":"(anonymous_11)","decl":{"start":{"line":63,"column":12},"end":{"line":63,"column":15}},"loc":{"start":{"line":63,"column":17},"end":{"line":67,"column":3}}},"4":{"name":"(anonymous_12)","decl":{"start":{"line":69,"column":19},"end":{"line":69,"column":28}},"loc":{"start":{"line":69,"column":30},"end":{"line":94,"column":4}}},"5":{"name":"(anonymous_13)","decl":{"start":{"line":69,"column":30},"end":{"line":69,"column":null}},"loc":{"start":{"line":69,"column":30},"end":{"line":94,"column":3}}},"6":{"name":"(anonymous_14)","decl":{"start":{"line":79,"column":19},"end":{"line":79,"column":20}},"loc":{"start":{"line":79,"column":28},"end":{"line":89,"column":9}}},"7":{"name":"(anonymous_15)","decl":{"start":{"line":96,"column":12},"end":{"line":96,"column":15}},"loc":{"start":{"line":96,"column":17},"end":{"line":100,"column":3}}},"8":{"name":"(anonymous_16)","decl":{"start":{"line":107,"column":19},"end":{"line":107,"column":28}},"loc":{"start":{"line":107,"column":30},"end":{"line":143,"column":4}}},"9":{"name":"(anonymous_17)","decl":{"start":{"line":107,"column":30},"end":{"line":107,"column":null}},"loc":{"start":{"line":107,"column":30},"end":{"line":143,"column":3}}},"10":{"name":"(anonymous_18)","decl":{"start":{"line":124,"column":21},"end":{"line":124,"column":22}},"loc":{"start":{"line":124,"column":30},"end":{"line":132,"column":11}}},"11":{"name":"(anonymous_19)","decl":{"start":{"line":145,"column":23},"end":{"line":145,"column":26}},"loc":{"start":{"line":145,"column":28},"end":{"line":147,"column":3}}},"12":{"name":"(anonymous_20)","decl":{"start":{"line":149,"column":27},"end":{"line":149,"column":28}},"loc":{"start":{"line":149,"column":42},"end":{"line":151,"column":3}}},"13":{"name":"(anonymous_21)","decl":{"start":{"line":153,"column":21},"end":{"line":153,"column":22}},"loc":{"start":{"line":153,"column":60},"end":{"line":159,"column":3}}},"14":{"name":"(anonymous_22)","decl":{"start":{"line":161,"column":36},"end":{"line":161,"column":39}},"loc":{"start":{"line":161,"column":41},"end":{"line":165,"column":3}}},"15":{"name":"(anonymous_23)","decl":{"start":{"line":167,"column":29},"end":{"line":167,"column":32}},"loc":{"start":{"line":167,"column":34},"end":{"line":169,"column":3}}},"16":{"name":"(anonymous_24)","decl":{"start":{"line":171,"column":23},"end":{"line":171,"column":32}},"loc":{"start":{"line":171,"column":34},"end":{"line":190,"column":4}}},"17":{"name":"(anonymous_25)","decl":{"start":{"line":171,"column":34},"end":{"line":171,"column":null}},"loc":{"start":{"line":171,"column":34},"end":{"line":190,"column":3}}},"18":{"name":"(anonymous_26)","decl":{"start":{"line":209,"column":20},"end":{"line":209,"column":21}},"loc":{"start":{"line":209,"column":27},"end":{"line":209,"column":54}}},"19":{"name":"(anonymous_27)","decl":{"start":{"line":218,"column":20},"end":{"line":218,"column":21}},"loc":{"start":{"line":218,"column":26},"end":{"line":222,"column":11}}},"20":{"name":"(anonymous_28)","decl":{"start":{"line":229,"column":22},"end":{"line":229,"column":23}},"loc":{"start":{"line":229,"column":29},"end":{"line":229,"column":47}}},"21":{"name":"(anonymous_29)","decl":{"start":{"line":296,"column":21},"end":{"line":296,"column":24}},"loc":{"start":{"line":296,"column":27},"end":{"line":296,"column":40}}}},"branchMap":{"0":{"loc":{"start":{"line":43,"column":4},"end":{"line":47,"column":6}},"type":"cond-expr","locations":[{"start":{"line":43,"column":9},"end":{"line":43,"column":11}},{"start":{"line":43,"column":4},"end":{"line":47,"column":6}}]},"1":{"loc":{"start":{"line":43,"column":4},"end":{"line":43,"column":11}},"type":"binary-expr","locations":[{"start":{"line":43,"column":4},"end":{"line":43,"column":11}},{"start":{"line":43,"column":4},"end":{"line":43,"column":11}}]},"2":{"loc":{"start":{"line":44,"column":6},"end":{"line":46,"column":null}},"type":"if","locations":[{"start":{"line":44,"column":6},"end":{"line":46,"column":null}}]},"3":{"loc":{"start":{"line":54,"column":6},"end":{"line":57,"column":null}},"type":"if","locations":[{"start":{"line":54,"column":6},"end":{"line":57,"column":null}}]},"4":{"loc":{"start":{"line":64,"column":4},"end":{"line":66,"column":null}},"type":"if","locations":[{"start":{"line":64,"column":4},"end":{"line":66,"column":null}}]},"5":{"loc":{"start":{"line":71,"column":6},"end":{"line":90,"column":null}},"type":"if","locations":[{"start":{"line":71,"column":6},"end":{"line":90,"column":null}}]},"6":{"loc":{"start":{"line":82,"column":12},"end":{"line":86,"column":null}},"type":"if","locations":[{"start":{"line":82,"column":12},"end":{"line":86,"column":null}}]},"7":{"loc":{"start":{"line":83,"column":14},"end":{"line":85,"column":null}},"type":"if","locations":[{"start":{"line":83,"column":14},"end":{"line":85,"column":null}}]},"8":{"loc":{"start":{"line":97,"column":4},"end":{"line":99,"column":null}},"type":"if","locations":[{"start":{"line":97,"column":4},"end":{"line":99,"column":null}}]},"9":{"loc":{"start":{"line":109,"column":4},"end":{"line":113,"column":null}},"type":"if","locations":[{"start":{"line":109,"column":4},"end":{"line":113,"column":null}}]},"10":{"loc":{"start":{"line":114,"column":4},"end":{"line":137,"column":null}},"type":"if","locations":[{"start":{"line":114,"column":4},"end":{"line":137,"column":null}}]},"11":{"loc":{"start":{"line":116,"column":8},"end":{"line":133,"column":null}},"type":"if","locations":[{"start":{"line":116,"column":8},"end":{"line":133,"column":null}}]},"12":{"loc":{"start":{"line":127,"column":14},"end":{"line":129,"column":null}},"type":"if","locations":[{"start":{"line":127,"column":14},"end":{"line":129,"column":null}}]},"13":{"loc":{"start":{"line":156,"column":4},"end":{"line":158,"column":null}},"type":"if","locations":[{"start":{"line":156,"column":4},"end":{"line":158,"column":null}}]},"14":{"loc":{"start":{"line":162,"column":4},"end":{"line":164,"column":null}},"type":"if","locations":[{"start":{"line":162,"column":4},"end":{"line":164,"column":null}}]},"15":{"loc":{"start":{"line":186,"column":4},"end":{"line":188,"column":null}},"type":"if","locations":[{"start":{"line":186,"column":4},"end":{"line":188,"column":null}}]},"16":{"loc":{"start":{"line":219,"column":12},"end":{"line":221,"column":null}},"type":"if","locations":[{"start":{"line":219,"column":12},"end":{"line":221,"column":null}}]},"17":{"loc":{"start":{"line":233,"column":11},"end":{"line":248,"column":null}},"type":"cond-expr","locations":[{"start":{"line":234,"column":12},"end":{"line":245,"column":null}},{"start":{"line":248,"column":12},"end":{"line":248,"column":62}}]},"18":{"loc":{"start":{"line":252,"column":7},"end":{"line":255,"column":null}},"type":"binary-expr","locations":[{"start":{"line":252,"column":7},"end":{"line":252,"column":18}},{"start":{"line":253,"column":8},"end":{"line":254,"column":null}}]},"19":{"loc":{"start":{"line":258,"column":9},"end":{"line":277,"column":null}},"type":"cond-expr","locations":[{"start":{"line":259,"column":10},"end":{"line":260,"column":null}},{"start":{"line":263,"column":10},"end":{"line":276,"column":null}}]},"20":{"loc":{"start":{"line":264,"column":13},"end":{"line":275,"column":null}},"type":"cond-expr","locations":[{"start":{"line":265,"column":14},"end":{"line":270,"column":null}},{"start":{"line":273,"column":14},"end":{"line":274,"column":null}}]},"21":{"loc":{"start":{"line":302,"column":11},"end":{"line":308,"column":null}},"type":"binary-expr","locations":[{"start":{"line":302,"column":11},"end":{"line":302,"column":22}},{"start":{"line":303,"column":12},"end":{"line":307,"column":null}}]},"22":{"loc":{"start":{"line":307,"column":15},"end":{"line":307,"column":55}},"type":"cond-expr","locations":[{"start":{"line":307,"column":28},"end":{"line":307,"column":44}},{"start":{"line":307,"column":47},"end":{"line":307,"column":55}}]}},"s":{"0":2,"1":2,"2":2,"3":2,"4":2,"5":2,"6":2,"7":2,"8":2,"9":2,"10":2,"11":2,"12":2,"13":14,"14":14,"15":14,"16":14,"17":14,"18":14,"19":14,"20":14,"21":14,"22":14,"23":14,"24":14,"25":14,"26":14,"27":14,"28":5,"29":5,"30":5,"31":3,"32":2,"33":5,"34":5,"35":5,"36":5,"37":5,"38":5,"39":5,"40":5,"41":5,"42":14,"43":5,"44":5,"45":14,"46":5,"47":5,"48":5,"49":5,"50":5,"51":0,"52":0,"53":0,"54":0,"55":0,"56":0,"57":0,"58":14,"59":5,"60":5,"61":14,"62":1,"63":1,"64":1,"65":0,"66":0,"67":0,"68":1,"69":0,"70":0,"71":0,"72":0,"73":0,"74":0,"75":0,"76":0,"77":0,"78":0,"79":1,"80":1,"81":1,"82":14,"83":1,"84":14,"85":0,"86":14,"87":0,"88":0,"89":0,"90":0,"91":14,"92":0,"93":0,"94":14,"95":0,"96":14,"97":0,"98":0,"99":0,"100":0,"101":0,"102":0,"103":0,"104":0,"105":0,"106":14,"107":0,"108":0,"109":0,"110":0,"111":2,"112":2},"f":{"0":14,"1":5,"2":3,"3":5,"4":5,"5":5,"6":0,"7":5,"8":1,"9":1,"10":0,"11":1,"12":0,"13":0,"14":0,"15":0,"16":0,"17":0,"18":0,"19":0,"20":0,"21":2},"b":{"0":[0,5],"1":[5,5],"2":[2],"3":[5],"4":[5],"5":[5],"6":[0],"7":[0],"8":[5],"9":[0],"10":[0],"11":[0],"12":[0],"13":[0],"14":[0],"15":[0],"16":[0],"17":[0,14],"18":[14,0],"19":[0,14],"20":[9,5],"21":[14,0],"22":[0,0]}}
,"D:\\00yt\\Texttovoice_Generator\\social-media\\src\\Pages\\Bookmarks.tsx": {"path":"D:\\00yt\\Texttovoice_Generator\\social-media\\src\\Pages\\Bookmarks.tsx","statementMap":{"0":{"start":{"line":1,"column":0},"end":{"line":1,"column":63}},"1":{"start":{"line":2,"column":0},"end":{"line":2,"column":46}},"2":{"start":{"line":3,"column":0},"end":{"line":3,"column":43}},"3":{"start":{"line":4,"column":0},"end":{"line":4,"column":50}},"4":{"start":{"line":5,"column":0},"end":{"line":5,"column":48}},"5":{"start":{"line":6,"column":0},"end":{"line":6,"column":47}},"6":{"start":{"line":9,"column":18},"end":{"line":124,"column":1}},"7":{"start":{"line":10,"column":57},"end":{"line":10,"column":79}},"8":{"start":{"line":12,"column":40},"end":{"line":12,"column":64}},"9":{"start":{"line":13,"column":40},"end":{"line":14,"column":null}},"10":{"start":{"line":16,"column":38},"end":{"line":16,"column":61}},"11":{"start":{"line":17,"column":30},"end":{"line":17,"column":44}},"12":{"start":{"line":18,"column":19},"end":{"line":18,"column":32}},"13":{"start":{"line":20,"column":2},"end":{"line":24,"column":31}},"14":{"start":{"line":21,"column":4},"end":{"line":23,"column":null}},"15":{"start":{"line":22,"column":6},"end":{"line":22,"column":26}},"16":{"start":{"line":26,"column":2},"end":{"line":46,"column":30}},"17":{"start":{"line":27,"column":4},"end":{"line":27,"column":25}},"18":{"start":{"line":28,"column":4},"end":{"line":44,"column":null}},"19":{"start":{"line":29,"column":6},"end":{"line":29,"column":39}},"20":{"start":{"line":30,"column":6},"end":{"line":30,"column":13}},"21":{"start":{"line":32,"column":6},"end":{"line":43,"column":null}},"22":{"start":{"line":33,"column":24},"end":{"line":33,"column":40}},"23":{"start":{"line":34,"column":30},"end":{"line":40,"column":10}},"24":{"start":{"line":37,"column":33},"end":{"line":37,"column":59}},"25":{"start":{"line":38,"column":31},"end":{"line":38,"column":63}},"26":{"start":{"line":39,"column":10},"end":{"line":39,"column":30}},"27":{"start":{"line":42,"column":8},"end":{"line":42,"column":37}},"28":{"start":{"line":45,"column":4},"end":{"line":45,"column":26}},"29":{"start":{"line":48,"column":2},"end":{"line":54,"column":19}},"30":{"start":{"line":49,"column":4},"end":{"line":53,"column":null}},"31":{"start":{"line":50,"column":6},"end":{"line":50,"column":27}},"32":{"start":{"line":52,"column":6},"end":{"line":52,"column":28}},"33":{"start":{"line":56,"column":2},"end":{"line":60,"column":28}},"34":{"start":{"line":57,"column":4},"end":{"line":59,"column":null}},"35":{"start":{"line":58,"column":6},"end":{"line":58,"column":23}},"36":{"start":{"line":62,"column":2},"end":{"line":123,"column":4}},"37":{"start":{"line":97,"column":33},"end":{"line":101,"column":22}},"38":{"start":{"line":98,"column":22},"end":{"line":100,"column":null}},"39":{"start":{"line":99,"column":24},"end":{"line":99,"column":45}},"40":{"start":{"line":102,"column":32},"end":{"line":102,"column":48}},"41":{"start":{"line":103,"column":20},"end":{"line":114,"column":22}},"42":{"start":{"line":126,"column":0},"end":{"line":126,"column":25}}},"fnMap":{"0":{"name":"(anonymous_1)","decl":{"start":{"line":9,"column":18},"end":{"line":9,"column":21}},"loc":{"start":{"line":9,"column":23},"end":{"line":124,"column":1}}},"1":{"name":"(anonymous_2)","decl":{"start":{"line":20,"column":12},"end":{"line":20,"column":15}},"loc":{"start":{"line":20,"column":17},"end":{"line":24,"column":3}}},"2":{"name":"(anonymous_3)","decl":{"start":{"line":26,"column":12},"end":{"line":26,"column":15}},"loc":{"start":{"line":26,"column":17},"end":{"line":46,"column":3}}},"3":{"name":"(anonymous_4)","decl":{"start":{"line":34,"column":49},"end":{"line":34,"column":50}},"loc":{"start":{"line":34,"column":67},"end":{"line":40,"column":9}}},"4":{"name":"(anonymous_5)","decl":{"start":{"line":48,"column":12},"end":{"line":48,"column":15}},"loc":{"start":{"line":48,"column":17},"end":{"line":54,"column":3}}},"5":{"name":"(anonymous_6)","decl":{"start":{"line":56,"column":12},"end":{"line":56,"column":15}},"loc":{"start":{"line":56,"column":17},"end":{"line":60,"column":3}}},"6":{"name":"(anonymous_7)","decl":{"start":{"line":95,"column":33},"end":{"line":95,"column":34}},"loc":{"start":{"line":95,"column":42},"end":{"line":116,"column":17}}},"7":{"name":"(anonymous_8)","decl":{"start":{"line":97,"column":48},"end":{"line":97,"column":49}},"loc":{"start":{"line":97,"column":58},"end":{"line":101,"column":21}}}},"branchMap":{"0":{"loc":{"start":{"line":21,"column":4},"end":{"line":23,"column":null}},"type":"if","locations":[{"start":{"line":21,"column":4},"end":{"line":23,"column":null}}]},"1":{"loc":{"start":{"line":28,"column":4},"end":{"line":44,"column":null}},"type":"if","locations":[{"start":{"line":28,"column":4},"end":{"line":44,"column":null}},{"start":{"line":31,"column":11},"end":{"line":44,"column":null}}]},"2":{"loc":{"start":{"line":32,"column":6},"end":{"line":43,"column":null}},"type":"if","locations":[{"start":{"line":32,"column":6},"end":{"line":43,"column":null}}]},"3":{"loc":{"start":{"line":32,"column":10},"end":{"line":32,"column":41}},"type":"binary-expr","locations":[{"start":{"line":32,"column":10},"end":{"line":32,"column":21}},{"start":{"line":32,"column":25},"end":{"line":32,"column":41}}]},"4":{"loc":{"start":{"line":49,"column":4},"end":{"line":53,"column":null}},"type":"if","locations":[{"start":{"line":49,"column":4},"end":{"line":53,"column":null}},{"start":{"line":51,"column":11},"end":{"line":53,"column":null}}]},"5":{"loc":{"start":{"line":57,"column":4},"end":{"line":59,"column":null}},"type":"if","locations":[{"start":{"line":57,"column":4},"end":{"line":59,"column":null}}]},"6":{"loc":{"start":{"line":57,"column":8},"end":{"line":57,"column":30}},"type":"binary-expr","locations":[{"start":{"line":57,"column":8},"end":{"line":57,"column":20}},{"start":{"line":57,"column":24},"end":{"line":57,"column":30}}]},"7":{"loc":{"start":{"line":64,"column":7},"end":{"line":120,"column":null}},"type":"cond-expr","locations":[{"start":{"line":65,"column":8},"end":{"line":66,"column":null}},{"start":{"line":69,"column":8},"end":{"line":119,"column":null}}]},"8":{"loc":{"start":{"line":73,"column":11},"end":{"line":76,"column":null}},"type":"binary-expr","locations":[{"start":{"line":73,"column":11},"end":{"line":73,"column":22}},{"start":{"line":74,"column":12},"end":{"line":75,"column":null}}]},"9":{"loc":{"start":{"line":82,"column":13},"end":{"line":117,"column":null}},"type":"cond-expr","locations":[{"start":{"line":83,"column":14},"end":{"line":83,"column":null}},{"start":{"line":87,"column":14},"end":{"line":116,"column":null}}]},"10":{"loc":{"start":{"line":82,"column":13},"end":{"line":82,"column":31}},"type":"cond-expr","locations":[{"start":{"line":82,"column":23},"end":{"line":82,"column":25}},{"start":{"line":82,"column":13},"end":{"line":82,"column":31}}]},"11":{"loc":{"start":{"line":82,"column":13},"end":{"line":82,"column":25}},"type":"binary-expr","locations":[{"start":{"line":82,"column":13},"end":{"line":82,"column":25}},{"start":{"line":82,"column":13},"end":{"line":82,"column":25}}]},"12":{"loc":{"start":{"line":95,"column":17},"end":{"line":116,"column":18}},"type":"cond-expr","locations":[{"start":{"line":95,"column":27},"end":{"line":95,"column":29}},{"start":{"line":95,"column":17},"end":{"line":116,"column":18}}]},"13":{"loc":{"start":{"line":95,"column":17},"end":{"line":95,"column":29}},"type":"binary-expr","locations":[{"start":{"line":95,"column":17},"end":{"line":95,"column":29}},{"start":{"line":95,"column":17},"end":{"line":95,"column":29}}]},"14":{"loc":{"start":{"line":98,"column":22},"end":{"line":100,"column":null}},"type":"if","locations":[{"start":{"line":98,"column":22},"end":{"line":100,"column":null}}]},"15":{"loc":{"start":{"line":102,"column":32},"end":{"line":102,"column":48}},"type":"cond-expr","locations":[{"start":{"line":102,"column":39},"end":{"line":102,"column":41}},{"start":{"line":102,"column":39},"end":{"line":102,"column":48}}]},"16":{"loc":{"start":{"line":102,"column":32},"end":{"line":102,"column":41}},"type":"binary-expr","locations":[{"start":{"line":102,"column":32},"end":{"line":102,"column":41}},{"start":{"line":102,"column":39},"end":{"line":102,"column":41}}]}},"s":{"0":2,"1":2,"2":2,"3":2,"4":2,"5":2,"6":2,"7":2,"8":2,"9":2,"10":2,"11":2,"12":2,"13":2,"14":1,"15":1,"16":2,"17":1,"18":1,"19":0,"20":0,"21":1,"22":1,"23":1,"24":0,"25":0,"26":0,"27":1,"28":1,"29":2,"30":1,"31":0,"32":1,"33":2,"34":2,"35":1,"36":2,"37":0,"38":0,"39":0,"40":0,"41":0,"42":2},"f":{"0":2,"1":1,"2":1,"3":0,"4":1,"5":2,"6":0,"7":0},"b":{"0":[1],"1":[0,1],"2":[1],"3":[1,1],"4":[0,1],"5":[1],"6":[2,2],"7":[0,2],"8":[2,0],"9":[2,0],"10":[0,2],"11":[2,2],"12":[0,0],"13":[0,0],"14":[0],"15":[0,0],"16":[0,0]}}
,"D:\\00yt\\Texttovoice_Generator\\social-media\\src\\Pages\\Home.tsx": {"path":"D:\\00yt\\Texttovoice_Generator\\social-media\\src\\Pages\\Home.tsx","statementMap":{"0":{"start":{"line":1,"column":0},"end":{"line":1,"column":null}},"1":{"start":{"line":9,"column":0},"end":{"line":9,"column":46}},"2":{"start":{"line":10,"column":0},"end":{"line":10,"column":50}},"3":{"start":{"line":11,"column":0},"end":{"line":11,"column":43}},"4":{"start":{"line":12,"column":0},"end":{"line":12,"column":53}},"5":{"start":{"line":13,"column":0},"end":{"line":13,"column":50}},"6":{"start":{"line":14,"column":0},"end":{"line":14,"column":48}},"7":{"start":{"line":15,"column":0},"end":{"line":15,"column":47}},"8":{"start":{"line":17,"column":0},"end":{"line":17,"column":48}},"9":{"start":{"line":18,"column":0},"end":{"line":18,"column":40}},"10":{"start":{"line":19,"column":13},"end":{"line":203,"column":1}},"11":{"start":{"line":21,"column":4},"end":{"line":21,"column":26}},"12":{"start":{"line":22,"column":40},"end":{"line":22,"column":64}},"13":{"start":{"line":23,"column":32},"end":{"line":23,"column":74}},"14":{"start":{"line":24,"column":28},"end":{"line":24,"column":56}},"15":{"start":{"line":25,"column":42},"end":{"line":25,"column":56}},"16":{"start":{"line":26,"column":34},"end":{"line":26,"column":49}},"17":{"start":{"line":28,"column":40},"end":{"line":29,"column":null}},"18":{"start":{"line":31,"column":54},"end":{"line":31,"column":66}},"19":{"start":{"line":32,"column":19},"end":{"line":32,"column":32}},"20":{"start":{"line":33,"column":52},"end":{"line":33,"column":67}},"21":{"start":{"line":34,"column":2},"end":{"line":36,"column":16}},"22":{"start":{"line":35,"column":4},"end":{"line":35,"column":28}},"23":{"start":{"line":38,"column":25},"end":{"line":70,"column":4}},"24":{"start":{"line":38,"column":48},"end":{"line":63,"column":5}},"25":{"start":{"line":39,"column":4},"end":{"line":62,"column":null}},"26":{"start":{"line":40,"column":6},"end":{"line":40,"column":27}},"27":{"start":{"line":41,"column":23},"end":{"line":41,"column":74}},"28":{"start":{"line":43,"column":6},"end":{"line":45,"column":null}},"29":{"start":{"line":44,"column":8},"end":{"line":44,"column":31}},"30":{"start":{"line":47,"column":6},"end":{"line":50,"column":10}},"31":{"start":{"line":47,"column":26},"end":{"line":50,"column":8}},"32":{"start":{"line":52,"column":6},"end":{"line":57,"column":null}},"33":{"start":{"line":53,"column":8},"end":{"line":56,"column":11}},"34":{"start":{"line":54,"column":10},"end":{"line":55,"column":31}},"35":{"start":{"line":54,"column":20},"end":{"line":54,"column":50}},"36":{"start":{"line":55,"column":15},"end":{"line":55,"column":31}},"37":{"start":{"line":59,"column":6},"end":{"line":59,"column":51}},"38":{"start":{"line":61,"column":6},"end":{"line":61,"column":28}},"39":{"start":{"line":73,"column":2},"end":{"line":78,"column":42}},"40":{"start":{"line":74,"column":4},"end":{"line":77,"column":null}},"41":{"start":{"line":75,"column":6},"end":{"line":75,"column":23}},"42":{"start":{"line":76,"column":6},"end":{"line":76,"column":34}},"43":{"start":{"line":81,"column":2},"end":{"line":87,"column":17}},"44":{"start":{"line":82,"column":4},"end":{"line":85,"column":null}},"45":{"start":{"line":83,"column":6},"end":{"line":83,"column":39}},"46":{"start":{"line":84,"column":6},"end":{"line":84,"column":13}},"47":{"start":{"line":86,"column":4},"end":{"line":86,"column":31}},"48":{"start":{"line":92,"column":2},"end":{"line":98,"column":19}},"49":{"start":{"line":93,"column":4},"end":{"line":97,"column":null}},"50":{"start":{"line":94,"column":6},"end":{"line":94,"column":27}},"51":{"start":{"line":96,"column":6},"end":{"line":96,"column":28}},"52":{"start":{"line":100,"column":2},"end":{"line":132,"column":37}},"53":{"start":{"line":101,"column":25},"end":{"line":120,"column":5}},"54":{"start":{"line":102,"column":6},"end":{"line":119,"column":null}},"55":{"start":{"line":104,"column":10},"end":{"line":104,"column":34}},"56":{"start":{"line":106,"column":8},"end":{"line":118,"column":null}},"57":{"start":{"line":111,"column":10},"end":{"line":111,"column":28}},"58":{"start":{"line":113,"column":10},"end":{"line":113,"column":37}},"59":{"start":{"line":115,"column":10},"end":{"line":117,"column":18}},"60":{"start":{"line":116,"column":12},"end":{"line":116,"column":31}},"61":{"start":{"line":123,"column":4},"end":{"line":125,"column":null}},"62":{"start":{"line":124,"column":6},"end":{"line":124,"column":72}},"63":{"start":{"line":126,"column":4},"end":{"line":131,"column":6}},"64":{"start":{"line":128,"column":6},"end":{"line":130,"column":null}},"65":{"start":{"line":129,"column":8},"end":{"line":129,"column":77}},"66":{"start":{"line":134,"column":2},"end":{"line":202,"column":4}},"67":{"start":{"line":166,"column":31},"end":{"line":170,"column":20}},"68":{"start":{"line":167,"column":20},"end":{"line":169,"column":null}},"69":{"start":{"line":168,"column":22},"end":{"line":168,"column":43}},"70":{"start":{"line":171,"column":30},"end":{"line":171,"column":46}},"71":{"start":{"line":172,"column":18},"end":{"line":183,"column":20}},"72":{"start":{"line":205,"column":0},"end":{"line":205,"column":20}}},"fnMap":{"0":{"name":"(anonymous_8)","decl":{"start":{"line":19,"column":13},"end":{"line":19,"column":16}},"loc":{"start":{"line":19,"column":18},"end":{"line":203,"column":1}}},"1":{"name":"(anonymous_9)","decl":{"start":{"line":34,"column":12},"end":{"line":34,"column":15}},"loc":{"start":{"line":34,"column":17},"end":{"line":36,"column":3}}},"2":{"name":"(anonymous_10)","decl":{"start":{"line":38,"column":37},"end":{"line":38,"column":46}},"loc":{"start":{"line":38,"column":48},"end":{"
[...]
ine":84,"column":29}},"type":"binary-expr","locations":[{"start":{"line":84,"column":23},"end":{"line":84,"column":29}},{"start":{"line":84,"column":23},"end":{"line":84,"column":29}}]},"13":{"loc":{"start":{"line":110,"column":4},"end":{"line":126,"column":6}},"type":"cond-expr","locations":[{"start":{"line":110,"column":19},"end":{"line":110,"column":21}},{"start":{"line":110,"column":4},"end":{"line":126,"column":6}}]},"14":{"loc":{"start":{"line":110,"column":4},"end":{"line":110,"column":21}},"type":"binary-expr","locations":[{"start":{"line":110,"column":4},"end":{"line":110,"column":21}},{"start":{"line":110,"column":4},"end":{"line":110,"column":21}}]},"15":{"loc":{"start":{"line":111,"column":6},"end":{"line":125,"column":null}},"type":"if","locations":[{"start":{"line":111,"column":6},"end":{"line":125,"column":null}}]},"16":{"loc":{"start":{"line":182,"column":36},"end":{"line":183,"column":null}},"type":"cond-expr","locations":[{"start":{"line":182,"column":51},"end":{"line":182,"column":53}},{"start":{"line":182,"column":51},"end":{"line":183,"column":null}}]},"17":{"loc":{"start":{"line":182,"column":36},"end":{"line":182,"column":53}},"type":"binary-expr","locations":[{"start":{"line":182,"column":36},"end":{"line":182,"column":53}},{"start":{"line":182,"column":51},"end":{"line":182,"column":53}}]},"18":{"loc":{"start":{"line":185,"column":12},"end":{"line":187,"column":14}},"type":"cond-expr","locations":[{"start":{"line":185,"column":27},"end":{"line":185,"column":29}},{"start":{"line":185,"column":27},"end":{"line":187,"column":14}}]},"19":{"loc":{"start":{"line":185,"column":12},"end":{"line":185,"column":29}},"type":"binary-expr","locations":[{"start":{"line":185,"column":12},"end":{"line":185,"column":29}},{"start":{"line":185,"column":27},"end":{"line":185,"column":29}}]},"20":{"loc":{"start":{"line":186,"column":66},"end":{"line":186,"column":73}},"type":"cond-expr","locations":[{"start":{"line":186,"column":69},"end":{"line":186,"column":71}},{"start":{"line":186,"column":66},"end":{"line":186,"column":73}}]},"21":{"loc":{"start":{"line":186,"column":66},"end":{"line":186,"column":71}},"type":"binary-expr","locations":[{"start":{"line":186,"column":66},"end":{"line":186,"column":71}},{"start":{"line":186,"column":66},"end":{"line":186,"column":71}}]},"22":{"loc":{"start":{"line":196,"column":12},"end":{"line":196,"column":52}},"type":"cond-expr","locations":[{"start":{"line":196,"column":29},"end":{"line":196,"column":31}},{"start":{"line":196,"column":29},"end":{"line":196,"column":52}}]},"23":{"loc":{"start":{"line":196,"column":12},"end":{"line":196,"column":31}},"type":"binary-expr","locations":[{"start":{"line":196,"column":12},"end":{"line":196,"column":31}},{"start":{"line":196,"column":29},"end":{"line":196,"column":31}}]},"24":{"loc":{"start":{"line":210,"column":7},"end":{"line":292,"column":null}},"type":"cond-expr","locations":[{"start":{"line":211,"column":8},"end":{"line":213,"column":null}},{"start":{"line":216,"column":8},"end":{"line":291,"column":null}}]},"25":{"loc":{"start":{"line":218,"column":12},"end":{"line":220,"column":79}},"type":"cond-expr","locations":[{"start":{"line":219,"column":16},"end":{"line":219,"column":31}},{"start":{"line":220,"column":16},"end":{"line":220,"column":79}}]},"26":{"loc":{"start":{"line":223,"column":11},"end":{"line":226,"column":null}},"type":"binary-expr","locations":[{"start":{"line":223,"column":11},"end":{"line":223,"column":22}},{"start":{"line":224,"column":12},"end":{"line":225,"column":null}}]},"27":{"loc":{"start":{"line":254,"column":22},"end":{"line":256,"column":null}},"type":"if","locations":[{"start":{"line":254,"column":22},"end":{"line":256,"column":null}}]},"28":{"loc":{"start":{"line":258,"column":22},"end":{"line":260,"column":null}},"type":"if","locations":[{"start":{"line":258,"column":22},"end":{"line":260,"column":null}}]}},"s":{"0":2,"1":2,"2":2,"3":2,"4":2,"5":2,"6":2,"7":2,"8":2,"9":2,"10":1,"11":2,"12":2,"13":2,"14":2,"15":2,"16":2,"17":2,"18":2,"19":2,"20":2,"21":1,"22":0,"23":1,"24":2,"25":1,"26":1,"27":2,"28":1,"29":0,"30":0,"31":1,"32":1,"33":1,"34":0,"35":1,"36":1,"37":0,"38":0,"39":0,"40":0,"41":1,"42":1,"43":2,"44":1,"45":1,"46":1,"47":1,"48":0,"49":0,"50":1,"51":2,"52":0,"53":0,"54":0,"55":0,"56":0,"57":0,"58":2,"59":0,"60":0,"61":0,"62":0,"63":0,"64":2,"65":0,"66":0,"67":0,"68":0,"69":0,"70":1,"71":0,"72":2},"f":{"0":2,"1":1,"2":1,"3":1,"4":1,"5":0,"6":0,"7":1,"8":1,"9":1,"10":0,"11":0,"12":0,"13":0,"14":0,"15":0,"16":0,"17":0,"18":0,"19":1,"20":0},"b":{"0":[0,1],"1":[1],"2":[0,1],"3":[1],"4":[1,1],"5":[0,0],"6":[0,0],"7":[0,0],"8":[0,0],"9":[0,0],"10":[0,0],"11":[0,0],"12":[0,0],"13":[0,0],"14":[0,0],"15":[0],"16":[0,0],"17":[0,0],"18":[0,0],"19":[0,0],"20":[0,0],"21":[0,0],"22":[0,0],"23":[0,0],"24":[1,1],"25":[1,0],"26":[1,0],"27":[0],"28":[0]}}
,"D:\\00yt\\Texttovoice_Generator\\social-media\\src\\api\\delete.ts": {"path":"D:\\00yt\\Texttovoice_Generator\\social-media\\src\\api\\delete.ts","statementMap":{"0":{"start":{"line":1,"column":0},"end":{"line":1,"column":45}},"1":{"start":{"line":2,"column":0},"end":{"line":2,"column":40}},"2":{"start":{"line":3,"column":26},"end":{"line":19,"column":2}},"3":{"start":{"line":7,"column":4},"end":{"line":19,"column":2}},"4":{"start":{"line":8,"column":2},"end":{"line":18,"column":null}},"5":{"start":{"line":9,"column":22},"end":{"line":9,"column":73}},"6":{"start":{"line":11,"column":4},"end":{"line":13,"column":null}},"7":{"start":{"line":12,"column":6},"end":{"line":12,"column":18}},"8":{"start":{"line":15,"column":4},"end":{"line":15,"column":50}},"9":{"start":{"line":17,"column":4},"end":{"line":17,"column":41}},"10":{"start":{"line":3,"column":13},"end":{"line":3,"column":26}}},"fnMap":{"0":{"name":"(anonymous_7)","decl":{"start":{"line":3,"column":26},"end":{"line":3,"column":null}},"loc":{"start":{"line":7,"column":4},"end":{"line":19,"column":2}}},"1":{"name":"(anonymous_8)","decl":{"start":{"line":7,"column":4},"end":{"line":7,"column":null}},"loc":{"start":{"line":7,"column":4},"end":{"line":19,"column":1}}}},"branchMap":{"0":{"loc":{"start":{"line":11,"column":4},"end":{"line":13,"column":null}},"type":"if","locations":[{"start":{"line":11,"column":4},"end":{"line":13,"column":null}}]}},"s":{"0":5,"1":5,"2":5,"3":2,"4":2,"5":2,"6":2,"7":0,"8":2,"9":0,"10":5},"f":{"0":2,"1":2},"b":{"0":[0]}}
,"D:\\00yt\\Texttovoice_Generator\\social-media\\src\\api\\getAll.ts": {"path":"D:\\00yt\\Texttovoice_Generator\\social-media\\src\\api\\getAll.ts","statementMap":{"0":{"start":{"line":1,"column":0},"end":{"line":1,"column":45}},"1":{"start":{"line":3,"column":0},"end":{"line":3,"column":40}},"2":{"start":{"line":5,"column":31},"end":{"line":30,"column":2}},"3":{"start":{"line":9,"column":31},"end":{"line":30,"column":2}},"4":{"start":{"line":10,"column":2},"end":{"line":29,"column":null}},"5":{"start":{"line":11,"column":28},"end":{"line":15,"column":48}},"6":{"start":{"line":17,"column":4},"end":{"line":19,"column":null}},"7":{"start":{"line":18,"column":6},"end":{"line":18,"column":18}},"8":{"start":{"line":21,"column":4},"end":{"line":23,"column":null}},"9":{"start":{"line":22,"column":6},"end":{"line":22,"column":18}},"10":{"start":{"line":25,"column":4},"end":{"line":25,"column":56}},"11":{"start":{"line":27,"column":4},"end":{"line":27,"column":46}},"12":{"start":{"line":28,"column":4},"end":{"line":28,"column":16}},"13":{"start":{"line":5,"column":13},"end":{"line":5,"column":31}},"14":{"start":{"line":31,"column":22},"end":{"line":51,"column":2}},"15":{"start":{"line":31,"column":72},"end":{"line":51,"column":2}},"16":{"start":{"line":32,"column":2},"end":{"line":50,"column":null}},"17":{"start":{"line":33,"column":28},"end":{"line":36,"column":48}},"18":{"start":{"line":38,"column":4},"end":{"line":40,"column":null}},"19":{"start":{"line":39,"column":6},"end":{"line":39,"column":18}},"20":{"start":{"line":42,"column":4},"end":{"line":44,"column":null}},"21":{"start":{"line":43,"column":6},"end":{"line":43,"column":18}},"22":{"start":{"line":46,"column":4},"end":{"line":46,"column":56}},"23":{"start":{"line":48,"column":4},"end":{"line":48,"column":46}},"24":{"start":{"line":49,"column":4},"end":{"line":49,"column":16}},"25":{"start":{"line":31,"column":13},"end":{"line":31,"column":22}},"26":{"start":{"line":53,"column":23},"end":{"line":73,"column":2}},"27":{"start":{"line":53,"column":73},"end":{"line":73,"column":2}},"28":{"start":{"line":54,"column":2},"end":{"line":72,"column":null}},"29":{"start":{"line":55,"column":28},"end":{"line":58,"column":48}},"30":{"start":{"line":60,"column":4},"end":{"line":62,"column":null}},"31":{"start":{"line":61,"column":6},"end":{"line":61,"column":18}},"32":{"start":{"line":64,"column":4},"end":{"line":66,"column":null}},"33":{"start":{"line":65,"column":6},"end":{"line":65,"column":18}},"34":{"start":{"line":68,"column":4},"end":{"line":68,"column":56}},"35":{"start":{"line":70,"column":4},"end":{"line":70,"column":46}},"36":{"start":{"line":71,"column":4},"end":{"line":71,"column":16}},"37":{"start":{"line":53,"column":13},"end":{"line":53,"column":23}}},"fnMap":{"0":{"name":"(anonymous_7)","decl":{"start":{"line":5,"column":31},"end":{"line":5,"column":null}},"loc":{"start":{"line":9,"column":31},"end":{"line":30,"column":2}}},"1":{"name":"(anonymous_8)","decl":{"start":{"line":9,"column":31},"end":{"line":9,"column":null}},"loc":{"start":{"line":9,"column":31},"end":{"line":30,"column":1}}},"2":{"name":"(anonymous_9)","decl":{"start":{"line":31,"column":22},"end":{"line":31,"column":29}},"loc":{"start":{"line":31,"column":72},"end":{"line":51,"column":2}}},"3":{"name":"(anonymous_10)","decl":{"start":{"line":31,"column":72},"end":{"line":31,"column":null}},"loc":{"start":{"line":31,"column":72},"end":{"line":51,"column":1}}},"4":{"name":"(anonymous_11)","decl":{"start":{"line":53,"column":23},"end":{"line":53,"column":30}},"loc":{"start":{"line":53,"column":73},"end":{"line":73,"column":2}}},"5":{"name":"(anonymous_12)","decl":{"start":{"line":53,"column":73},"end":{"line":53,"column":null}},"loc":{"start":{"line":53,"column":73},"end":{"line":73,"column":1}}}},"branchMap":{"0":{"loc":{"start":{"line":17,"column":4},"end":{"line":19,"column":null}},"type":"if","locations":[{"start":{"line":17,"column":4},"end":{"line":19,"column":null}}]},"1":{"loc":{"start":{"line":21,"column":4},"end":{"line":23,"column":null}},"type":"if","locations":[{"start":{"line":21,"column":4},"end":{"line":23,"column":null}}]},"2":{"loc":{"start":{"line":38,"column":4},"end":{"line":40,"column":null}},"type":"if","locations":[{"start":{"line":38,"column":4},"end":{"line":40,"column":null}}]},"3":{"loc":{"start":{"line":42,"column":4},"end":{"line":44,"column":null}},"type":"if","locations":[{"start":{"line":42,"column":4},"end":{"line":44,"column":null}}]},"4":{"loc":{"start":{"line":60,"column":4},"end":{"line":62,"column":null}},"type":"if","locations":[{"start":{"line":60,"column":4},"end":{"line":62,"column":null}}]},"5":{"loc":{"start":{"line":64,"column":4},"end":{"line":66,"column":null}},"type":"if","locations":[{"start":{"line":64,"column":4},"end":{"line":66,"column":null}}]}},"s":{"0":6,"1":6,"2":6,"3":4,"4":4,"5":4,"6":2,"7":0,"8":2,"9":0,"10":2,"11":2,"12":2,"13":6,"14":6,"15":3,"16":3,"17":3,"18":0,"19":0,"20":0,"21":0,"22":0,"23":2,"24":2,"25":6,"26":6,"27":2,"28":2,"29":2,"30":0,"31":0,"32":0,"33":0,"34":0,"35":2,"36":2,"37":6},"f":{"0":4,"1":4,"2":3,"3":3,"4":2,"5":2},"b":{"0":[0],"1":[0],"2":[0],"3":[0],"4":[0],"5":[0]}}
,"D:\\00yt\\Texttovoice_Generator\\social-media\\src\\api\\insert.ts": {"path":"D:\\00yt\\Texttovoice_Generator\\social-media\\src\\api\\insert.ts","statementMap":{"0":{"start":{"line":1,"column":0},"end":{"line":1,"column":45}},"1":{"start":{"line":3,"column":0},"end":{"line":3,"column":40}},"2":{"start":{"line":5,"column":26},"end":{"line":19,"column":2}},"3":{"start":{"line":5,"column":70},"end":{"line":19,"column":2}},"4":{"start":{"line":6,"column":2},"end":{"line":18,"column":null}},"5":{"start":{"line":7,"column":28},"end":{"line":7,"column":69}},"6":{"start":{"line":9,"column":4},"end":{"line":11,"column":null}},"7":{"start":{"line":10,"column":6},"end":{"line":10,"column":18}},"8":{"start":{"line":13,"column":4},"end":{"line":15,"column":null}},"9":{"start":{"line":14,"column":6},"end":{"line":14,"column":39}},"10":{"start":{"line":17,"column":4},"end":{"line":17,"column":34}},"11":{"start":{"line":5,"column":13},"end":{"line":5,"column":26}}},"fnMap":{"0":{"name":"(anonymous_7)","decl":{"start":{"line":5,"column":26},"end":{"line":5,"column":33}},"loc":{"start":{"line":5,"column":70},"end":{"line":19,"column":2}}},"1":{"name":"(anonymous_8)","decl":{"start":{"line":5,"column":70},"end":{"line":5,"column":null}},"loc":{"start":{"line":5,"column":70},"end":{"line":19,"column":1}}}},"branchMap":{"0":{"loc":{"start":{"line":9,"column":4},"end":{"line":11,"column":null}},"type":"if","locations":[{"start":{"line":9,"column":4},"end":{"line":11,"column":null}}]},"1":{"loc":{"start":{"line":13,"column":4},"end":{"line":15,"column":null}},"type":"if","locations":[{"start":{"line":13,"column":4},"end":{"line":15,"column":null}}]}},"s":{"0":5,"1":5,"2":5,"3":2,"4":2,"5":2,"6":1,"7":0,"8":1,"9":1,"10":1,"11":5},"f":{"0":2,"1":2},"b":{"0":[0],"1":[1]}}
,"D:\\00yt\\Texttovoice_Generator\\social-media\\src\\api\\update.ts": {"path":"D:\\00yt\\Texttovoice_Generator\\social-media\\src\\api\\update.ts","statementMap":{"0":{"start":{"line":1,"column":0},"end":{"line":1,"column":45}},"1":{"start":{"line":2,"column":0},"end":{"line":2,"column":40}},"2":{"start":{"line":4,"column":26},"end":{"line":27,"column":2}},"3":{"start":{"line":10,"column":4},"end":{"line":27,"column":2}},"4":{"start":{"line":11,"column":2},"end":{"line":26,"column":null}},"5":{"start":{"line":12,"column":28},"end":{"line":15,"column":23}},"6":{"start":{"line":17,"column":4},"end":{"line":19,"column":null}},"7":{"start":{"line":18,"column":6},"end":{"line":18,"column":18}},"8":{"start":{"line":21,"column":4},"end":{"line":23,"column":null}},"9":{"start":{"line":22,"column":6},"end":{"line":22,"column":51}},"10":{"start":{"line":25,"column":4},"end":{"line":25,"column":39}},"11":{"start":{"line":4,"column":13},"end":{"line":4,"column":26}},"12":{"start":{"line":29,"column":25},"end":{"line":53,"column":2}},"13":{"start":{"line":35,"column":4},"end":{"line":53,"column":2}},"14":{"start":{"line":36,"column":2},"end":{"line":52,"column":null}},"15":{"start":{"line":37,"column":28},"end":{"line":40,"column":23}},"16":{"start":{"line":42,"column":4},"end":{"line":44,"column":null}},"17":{"start":{"line":43,"column":6},"end":{"line":43,"column":18}},"18":{"start":{"line":46,"column":4},"end":{"line":49,"column":null}},"19":{"start":{"line":47,"column":6},"end":{"line":47,"column":51}},"20":{"start":{"line":48,"column":6},"end":{"line":48,"column":18}},"21":{"start":{"line":51,"column":4},"end":{"line":51,"column":39}},"22":{"start":{"line":29,"column":13},"end":{"line":29,"column":25}}},"fnMap":{"0":{"name":"(anonymous_7)","decl":{"start":{"line":4,"column":26},"end":{"line":4,"column":null}},"loc":{"start":{"line":10,"column":4},"end":{"line":27,"column":2}}},"1":{"name":"(anonymous_8)","decl":{"start":{"line":10,"column":4},"end":{"line":10,"column":null}},"loc":{"start":{"line":10,"column":4},"end":{"line":27,"column":1}}},"2":{"name":"(anonymous_9)","decl":{"start":{"line":29,"column":25},"end":{"line":29,"column":null}},"loc":{"start":{"line":35,"column":4},"end":{"line":53,"column":2}}},"3":{"name":"(anonymous_10)","decl":{"start":{"line":35,"column":4},"end":{"line":35,"column":null}},"loc":{"start":{"line":35,"column":4},"end":{"line":53,"column":1}}}},"branchMap":{"0":{"loc":{"start":{"line":17,"column":4},"end":{"line":19,"column":null}},"type":"if","locations":[{"start":{"line":17,"column":4},"end":{"line":19,"column":null}}]},"1":{"loc":{"start":{"line":21,"column":4},"end":{"line":23,"column":null}},"type":"if","locations":[{"start":{"line":21,"column":4},"end":{"line":23,"column":null}}]},"2":{"loc":{"start":{"line":42,"column":4},"end":{"line":44,"column":null}},"type":"if","locations":[{"start":{"line":42,"column":4},"end":{"line":44,"column":null}}]},"3":{"loc":{"start":{"line":46,"column":4},"end":{"line":49,"column":null}},"type":"if","locations":[{"start":{"line":46,"column":4},"end":{"line":49,"column":null}}]}},"s":{"0":5,"1":5,"2":5,"3":2,"4":2,"5":2,"6":0,"7":0,"8":0,"9":0,"10":2,"11":5,"12":5,"13":3,"14":3,"15":3,"16":0,"17":0,"18":0,"19":0,"20":0,"21":3,"22":5},"f":{"0":2,"1":2,"2":3,"3":3},"b":{"0":[0],"1":[0],"2":[0],"3":[0]}}
,"D:\\00yt\\Texttovoice_Generator\\social-media\\src\\context\\app-context.tsx": {"path":"D:\\00yt\\Texttovoice_Generator\\social-media\\src\\context\\app-context.tsx","statementMap":{"0":{"start":{"line":1,"column":0},"end":{"line":1,"column":38}},"1":{"start":{"line":4,"column":44},"end":{"line":24,"column":2}},"2":{"start":{"line":15,"column":4},"end":{"line":15,"column":6}},"3":{"start":{"line":18,"column":4},"end":{"line":18,"column":6}},"4":{"start":{"line":22,"column":4},"end":{"line":22,"column":6}},"5":{"start":{"line":26,"column":19},"end":{"line":26,"column":69}},"6":{"start":{"line":28,"column":0},"end":{"line":28,"column":26}}},"fnMap":{"0":{"name":"(anonymous_0)","decl":{"start":{"line":14,"column":15},"end":{"line":14,"column":16}},"loc":{"start":{"line":14,"column":21},"end":{"line":16,"column":3}}},"1":{"name":"(anonymous_1)","decl":{"start":{"line":17,"column":18},"end":{"line":17,"column":19}},"loc":{"start":{"line":17,"column":24},"end":{"line":19,"column":3}}},"2":{"name":"(anonymous_2)","decl":{"start":{"line":21,"column":14},"end":{"line":21,"column":15}},"loc":{"start":{"line":21,"column":20},"end":{"line":23,"column":3}}}},"branchMap":{},"s":{"0":8,"1":8,"2":0,"3":1,"4":0,"5":8,"6":8},"f":{"0":0,"1":1,"2":0},"b":{}}
,"D:\\00yt\\Texttovoice_Generator\\social-media\\src\\hooks\\useFileUpload.tsx": {"path":"D:\\00yt\\Texttovoice_Generator\\social-media\\src\\hooks\\useFileUpload.tsx","statementMap":{"0":{"start":{"line":1,"column":0},"end":{"line":1,"column":33}},"1":{"start":{"line":2,"column":0},"end":{"line":2,"column":53}},"2":{"start":{"line":3,"column":0},"end":{"line":3,"column":40}},"3":{"start":{"line":5,"column":17},"end":{"line":7,"column":null}},"4":{"start":{"line":11,"column":46},"end":{"line":11,"column":64}},"5":{"start":{"line":12,"column":40},"end":{"line":12,"column":59}},"6":{"start":{"line":13,"column":21},"end":{"line":29,"column":4}},"7":{"start":{"line":17,"column":6},"end":{"line":29,"column":4}},"8":{"start":{"line":18,"column":4},"end":{"line":23,"column":null}},"9":{"start":{"line":19,"column":6},"end":{"line":19,"column":27}},"10":{"start":{"line":20,"column":6},"end":{"line":20,"column":69}},"11":{"start":{"line":22,"column":6},"end":{"line":22,"column":34}},"12":{"start":{"line":25,"column":21},"end":{"line":25,"column":77}},"13":{"start":{"line":26,"column":17},"end":{"line":26,"column":31}},"14":{"start":{"line":27,"column":4},"end":{"line":27,"column":28}},"15":{"start":{"line":28,"column":4},"end":{"line":28,"column":26}},"16":{"start":{"line":30,"column":2},"end":{"line":30,"column":53}},"17":{"start":{"line":33,"column":0},"end":{"line":33,"column":29}}},"fnMap":{"0":{"name":"useFileUpload","decl":{"start":{"line":10,"column":9},"end":{"line":10,"column":22}},"loc":{"start":{"line":10,"column":22},"end":{"line":31,"column":1}}},"1":{"name":"(anonymous_8)","decl":{"start":{"line":13,"column":21},"end":{"line":13,"column":null}},"loc":{"start":{"line":17,"column":6},"end":{"line":29,"column":4}}},"2":{"name":"(anonymous_9)","decl":{"start":{"line":17,"column":6},"end":{"line":17,"column":null}},"loc":{"start":{"line":17,"column":6},"end":{"line":29,"column":3}}}},"branchMap":{},"s":{"0":1,"1":1,"2":1,"3":1,"4":0,"5":0,"6":0,"7":0,"8":0,"9":0,"10":0,"11":0,"12":0,"13":0,"14":0,"15":0,"16":0,"17":1},"f":{"0":0,"1":0,"2":0},"b":{}}
}
