TN:
SF:src\SupabaseClient.tsx
FNF:0
FNH:0
DA:1,5
DA:5,5
DA:6,5
DA:8,5
LF:4
LH:4
BRF:0
BRH:0
end_of_record
TN:
SF:src\Components\CreatePost.tsx
FN:10,(anonymous_8)
FN:21,(anonymous_9)
FN:27,(anonymous_10)
FN:27,(anonymous_11)
FN:37,(anonymous_12)
FN:37,(anonymous_13)
FN:40,(anonymous_14)
FNF:7
FNH:2
FNDA:8,(anonymous_8)
FNDA:3,(anonymous_9)
FNDA:0,(anonymous_10)
FNDA:0,(anonymous_11)
FNDA:0,(anonymous_12)
FNDA:0,(anonymous_13)
FNDA:0,(anonymous_14)
DA:1,2
DA:2,2
DA:3,2
DA:4,2
DA:5,2
DA:6,2
DA:7,2
DA:8,2
DA:10,2
DA:11,8
DA:12,8
DA:13,8
DA:15,8
DA:17,8
DA:21,8
DA:22,3
DA:23,3
DA:27,8
DA:28,0
DA:29,0
DA:30,0
DA:31,0
DA:32,0
DA:33,0
DA:35,0
DA:37,0
DA:38,0
DA:39,0
DA:40,0
DA:42,0
DA:43,0
DA:46,0
DA:47,0
DA:48,0
DA:49,0
DA:50,0
DA:51,0
DA:53,0
DA:56,0
DA:57,0
DA:60,0
DA:63,0
DA:64,0
DA:66,0
DA:69,0
DA:73,8
DA:108,2
LF:47
LH:20
BRDA:22,0,0,3
BRDA:28,1,0,0
BRDA:28,1,1,0
BRDA:28,2,0,0
BRDA:28,2,1,0
BRDA:28,3,0,0
BRDA:28,3,1,0
BRDA:28,4,0,0
BRDA:28,4,1,0
BRDA:32,5,0,0
BRDA:32,6,0,0
BRDA:32,6,1,0
BRDA:40,7,0,0
BRDA:40,7,1,0
BRDA:40,8,0,0
BRDA:40,8,1,0
BRDA:42,9,0,0
BRDA:42,9,1,0
BRDA:43,10,0,0
BRDA:43,10,1,0
BRDA:46,11,0,0
BRDA:46,11,1,0
BRDA:46,12,0,0
BRDA:46,12,1,0
BRDA:48,13,0,0
BRDA:48,13,1,0
BRDA:50,14,0,0
BRDA:50,14,1,0
BRDA:56,15,0,0
BRDA:75,16,0,8
BRDA:75,16,1,0
BRDA:93,17,0,0
BRDA:93,17,1,8
BRF:33
BRH:3
end_of_record
TN:
SF:src\Components\Navbar.tsx
FN:23,(anonymous_14)
FN:32,(anonymous_15)
FN:37,(anonymous_16)
FN:38,(anonymous_17)
FN:38,(anonymous_18)
FN:52,(anonymous_19)
FN:52,(anonymous_20)
FN:97,(anonymous_21)
FN:113,(anonymous_22)
FNF:9
FNH:6
FNDA:3,(anonymous_14)
FNDA:1,(anonymous_15)
FNDA:1,(anonymous_16)
FNDA:1,(anonymous_17)
FNDA:1,(anonymous_18)
FNDA:0,(anonymous_19)
FNDA:0,(anonymous_20)
FNDA:0,(anonymous_21)
FNDA:12,(anonymous_22)
DA:1,1
DA:2,1
DA:10,1
DA:11,1
DA:12,1
DA:13,1
DA:14,1
DA:15,1
DA:16,1
DA:17,1
DA:18,1
DA:19,1
DA:20,1
DA:21,1
DA:23,1
DA:24,3
DA:25,2
DA:28,2
DA:30,2
DA:31,2
DA:32,2
DA:33,1
DA:34,0
DA:37,2
DA:38,1
DA:39,1
DA:40,1
DA:41,0
DA:42,0
DA:43,0
DA:47,0
DA:50,1
DA:52,2
DA:53,0
DA:54,0
DA:55,0
DA:56,0
DA:57,0
DA:67,0
DA:68,0
DA:70,0
DA:73,2
DA:97,2
DA:98,0
DA:99,0
DA:102,2
DA:114,12
DA:146,1
LF:48
LH:33
BRDA:33,0,0,0
BRDA:40,1,0,0
BRDA:42,2,0,0
BRDA:67,3,0,0
BRDA:90,4,0,0
BRDA:90,4,1,2
BRF:6
BRH:1
end_of_record
TN:
SF:src\Components\PostCard.tsx
FN:32,(anonymous_8)
FN:60,(anonymous_9)
FN:75,(anonymous_10)
FN:75,(anonymous_11)
FN:84,(anonymous_12)
FN:105,(anonymous_13)
FN:105,(anonymous_14)
FN:126,(anonymous_15)
FN:130,(anonymous_16)
FN:146,(anonymous_17)
FN:154,(anonymous_18)
FN:154,(anonymous_19)
FN:163,(anonymous_20)
FN:167,(anonymous_21)
FN:181,(anonymous_22)
FN:184,(anonymous_23)
FN:187,(anonymous_24)
FN:191,(anonymous_25)
FN:191,(anonymous_26)
FN:194,(anonymous_27)
FN:194,(anonymous_28)
FN:200,(anonymous_29)
FN:212,(anonymous_30)
FN:212,(anonymous_31)
FN:236,getTimestampString
FN:259,(anonymous_33)
FN:280,(anonymous_34)
FN:287,(anonymous_35)
FN:299,(anonymous_36)
FN:309,(anonymous_37)
FN:318,(anonymous_38)
FN:362,(anonymous_39)
FN:371,(anonymous_40)
FN:388,(anonymous_41)
FN:397,(anonymous_42)
FN:419,(anonymous_43)
FN:428,(anonymous_44)
FNF:37
FNH:8
FNDA:14,(anonymous_8)
FNDA:6,(anonymous_9)
FNDA:0,(anonymous_10)
FNDA:0,(anonymous_11)
FNDA:0,(anonymous_12)
FNDA:0,(anonymous_13)
FNDA:0,(anonymous_14)
FNDA:0,(anonymous_15)
FNDA:0,(anonymous_16)
FNDA:0,(anonymous_17)
FNDA:0,(anonymous_18)
FNDA:0,(anonymous_19)
FNDA:0,(anonymous_20)
FNDA:0,(anonymous_21)
FNDA:1,(anonymous_22)
FNDA:0,(anonymous_23)
FNDA:0,(anonymous_24)
FNDA:1,(anonymous_25)
FNDA:1,(anonymous_26)
FNDA:1,(anonymous_27)
FNDA:1,(anonymous_28)
FNDA:0,(anonymous_29)
FNDA:0,(anonymous_30)
FNDA:0,(anonymous_31)
FNDA:14,getTimestampString
FNDA:0,(anonymous_33)
FNDA:0,(anonymous_34)
FNDA:0,(anonymous_35)
FNDA:0,(anonymous_36)
FNDA:0,(anonymous_37)
FNDA:0,(anonymous_38)
FNDA:0,(anonymous_39)
FNDA:0,(anonymous_40)
FNDA:0,(anonymous_41)
FNDA:0,(anonymous_42)
FNDA:0,(anonymous_43)
FNDA:0,(anonymous_44)
DA:1,5
DA:2,5
DA:3,5
DA:10,5
DA:11,5
DA:12,5
DA:13,5
DA:14,5
DA:16,5
DA:17,5
DA:18,5
DA:19,5
DA:32,5
DA:41,14
DA:42,14
DA:43,14
DA:44,14
DA:45,14
DA:47,14
DA:48,14
DA:49,14
DA:50,14
DA:51,14
DA:54,14
DA:55,14
DA:56,14
DA:60,14
DA:61,6
DA:62,6
DA:63,3
DA:65,3
DA:67,6
DA:68,3
DA:70,3
DA:75,14
DA:77,0
DA:78,0
DA:80,0
DA:82,0
DA:83,0
DA:84,0
DA:85,0
DA:86,0
DA:87,0
DA:90,0
DA:93,0
DA:94,0
DA:95,0
DA:96,0
DA:99,0
DA:105,14
DA:106,0
DA:108,0
DA:109,0
DA:110,0
DA:118,0
DA:119,0
DA:126,0
DA:127,0
DA:128,0
DA:130,0
DA:131,0
DA:132,0
DA:134,0
DA:137,0
DA:141,0
DA:144,0
DA:146,0
DA:147,0
DA:148,0
DA:151,0
DA:152,0
DA:154,14
DA:155,0
DA:156,0
DA:157,0
DA:158,0
DA:159,0
DA:161,0
DA:162,0
DA:163,0
DA:164,0
DA:165,0
DA:167,0
DA:168,0
DA:172,0
DA:175,0
DA:177,0
DA:178,0
DA:181,14
DA:182,1
DA:184,14
DA:185,0
DA:187,14
DA:188,0
DA:191,14
DA:192,1
DA:193,1
DA:194,1
DA:195,1
DA:196,1
DA:198,1
DA:199,1
DA:200,0
DA:202,1
DA:205,0
DA:207,1
DA:209,1
DA:212,14
DA:213,0
DA:214,0
DA:215,0
DA:216,0
DA:218,0
DA:226,0
DA:227,0
DA:228,0
DA:229,0
DA:230,0
DA:232,0
DA:234,0
DA:237,14
DA:238,14
DA:239,14
DA:242,14
DA:259,0
DA:280,0
DA:287,0
DA:300,0
DA:310,0
DA:311,0
DA:319,0
DA:320,0
DA:363,0
DA:364,0
DA:372,0
DA:373,0
DA:389,0
DA:390,0
DA:398,0
DA:399,0
DA:420,0
DA:421,0
DA:429,0
DA:430,0
DA:443,5
LF:146
LH:58
BRDA:61,0,0,6
BRDA:62,1,0,3
BRDA:62,1,1,3
BRDA:62,2,0,0
BRDA:62,2,1,6
BRDA:62,3,0,6
BRDA:62,3,1,6
BRDA:67,4,0,3
BRDA:67,4,1,3
BRDA:67,5,0,0
BRDA:67,5,1,6
BRDA:67,6,0,6
BRDA:67,6,1,6
BRDA:77,7,0,0
BRDA:77,7,1,0
BRDA:82,8,0,0
BRDA:83,9,0,0
BRDA:83,9,1,0
BRDA:83,10,0,0
BRDA:83,10,1,0
BRDA:83,11,0,0
BRDA:83,11,1,0
BRDA:84,12,0,0
BRDA:84,12,1,0
BRDA:84,13,0,0
BRDA:84,13,1,0
BRDA:86,14,0,0
BRDA:86,15,0,0
BRDA:86,15,1,0
BRDA:93,16,0,0
BRDA:93,16,1,0
BRDA:93,17,0,0
BRDA:93,17,1,0
BRDA:95,18,0,0
BRDA:95,19,0,0
BRDA:95,19,1,0
BRDA:109,20,0,0
BRDA:118,21,0,0
BRDA:127,22,0,0
BRDA:131,23,0,0
BRDA:146,24,0,0
BRDA:146,24,1,0
BRDA:146,25,0,0
BRDA:146,25,1,0
BRDA:147,26,0,0
BRDA:157,27,0,0
BRDA:161,28,0,0
BRDA:164,29,0,0
BRDA:198,30,0,1
BRDA:214,31,0,0
BRDA:220,32,0,0
BRDA:220,32,1,0
BRDA:293,33,0,3
BRDA:293,33,1,11
BRDA:299,34,0,11
BRDA:299,34,1,0
BRDA:299,35,0,11
BRDA:299,35,1,11
BRDA:305,36,0,0
BRDA:305,36,1,0
BRDA:336,37,0,6
BRDA:336,37,1,8
BRDA:351,38,0,14
BRDA:351,38,1,0
BRDA:358,39,0,8
BRDA:358,39,1,6
BRDA:384,40,0,5
BRDA:384,40,1,9
BRDA:403,41,0,0
BRDA:403,41,1,14
BRDA:403,42,0,14
BRDA:403,42,1,14
BRDA:416,43,0,5
BRDA:416,43,1,9
BRDA:435,44,0,0
BRDA:435,44,1,14
BRDA:435,45,0,14
BRDA:435,45,1,14
BRF:78
BRH:32
end_of_record
TN:
SF:src\Components\SideNavBar.tsx
FN:26,(anonymous_0)
FN:28,(anonymous_1)
FN:40,(anonymous_2)
FN:43,(anonymous_3)
FNF:4
FNH:2
FNDA:1,(anonymous_0)
FNDA:0,(anonymous_1)
FNDA:6,(anonymous_2)
FNDA:0,(anonymous_3)
DA:2,7
DA:8,7
DA:9,7
DA:17,7
DA:26,7
DA:27,1
DA:28,1
DA:29,0
DA:32,1
DA:41,6
DA:43,0
DA:59,7
LF:12
LH:10
BRF:0
BRH:0
end_of_record
TN:
SF:src\Components\ProfileComp\Profile.tsx
FN:14,(anonymous_8)
FN:40,(anonymous_9)
FN:43,(anonymous_10)
FN:63,(anonymous_11)
FN:69,(anonymous_12)
FN:69,(anonymous_13)
FN:79,(anonymous_14)
FN:96,(anonymous_15)
FN:107,(anonymous_16)
FN:107,(anonymous_17)
FN:124,(anonymous_18)
FN:145,(anonymous_19)
FN:149,(anonymous_20)
FN:153,(anonymous_21)
FN:161,(anonymous_22)
FN:167,(anonymous_23)
FN:171,(anonymous_24)
FN:171,(anonymous_25)
FN:209,(anonymous_26)
FN:218,(anonymous_27)
FN:229,(anonymous_28)
FN:296,(anonymous_29)
FNF:22
FNH:11
FNDA:14,(anonymous_8)
FNDA:5,(anonymous_9)
FNDA:3,(anonymous_10)
FNDA:5,(anonymous_11)
FNDA:5,(anonymous_12)
FNDA:5,(anonymous_13)
FNDA:0,(anonymous_14)
FNDA:5,(anonymous_15)
FNDA:1,(anonymous_16)
FNDA:1,(anonymous_17)
FNDA:0,(anonymous_18)
FNDA:1,(anonymous_19)
FNDA:0,(anonymous_20)
FNDA:0,(anonymous_21)
FNDA:0,(anonymous_22)
FNDA:0,(anonymous_23)
FNDA:0,(anonymous_24)
FNDA:0,(anonymous_25)
FNDA:0,(anonymous_26)
FNDA:0,(anonymous_27)
FNDA:0,(anonymous_28)
FNDA:2,(anonymous_29)
DA:1,2
DA:2,2
DA:3,2
DA:4,2
DA:5,2
DA:6,2
DA:7,2
DA:8,2
DA:9,2
DA:10,2
DA:11,2
DA:12,2
DA:14,2
DA:22,14
DA:23,14
DA:24,14
DA:25,14
DA:26,14
DA:27,14
DA:28,14
DA:29,14
DA:30,14
DA:31,14
DA:32,14
DA:33,14
DA:34,14
DA:38,14
DA:40,14
DA:41,5
DA:42,5
DA:43,5
DA:44,3
DA:45,2
DA:48,5
DA:51,5
DA:52,5
DA:53,5
DA:54,5
DA:55,5
DA:56,5
DA:59,5
DA:60,5
DA:63,14
DA:64,5
DA:65,5
DA:69,14
DA:70,5
DA:71,5
DA:72,5
DA:79,5
DA:80,0
DA:81,0
DA:82,0
DA:83,0
DA:84,0
DA:88,0
DA:92,0
DA:96,14
DA:97,5
DA:98,5
DA:107,14
DA:108,1
DA:109,1
DA:110,0
DA:111,0
DA:112,0
DA:114,1
DA:115,0
DA:116,0
DA:117,0
DA:124,0
DA:125,0
DA:126,0
DA:127,0
DA:128,0
DA:131,0
DA:135,0
DA:139,1
DA:141,1
DA:142,1
DA:145,14
DA:146,1
DA:149,14
DA:150,0
DA:153,14
DA:154,0
DA:155,0
DA:156,0
DA:157,0
DA:161,14
DA:162,0
DA:163,0
DA:167,14
DA:168,0
DA:171,14
DA:172,0
DA:173,0
DA:174,0
DA:175,0
DA:176,0
DA:186,0
DA:187,0
DA:189,0
DA:192,14
DA:209,0
DA:219,0
DA:220,0
DA:229,0
DA:296,2
DA:316,2
LF:110
LH:70
BRDA:43,0,0,0
BRDA:43,0,1,5
BRDA:43,1,0,5
BRDA:43,1,1,5
BRDA:44,2,0,2
BRDA:54,3,0,5
BRDA:64,4,0,5
BRDA:71,5,0,5
BRDA:82,6,0,0
BRDA:83,7,0,0
BRDA:97,8,0,5
BRDA:109,9,0,0
BRDA:114,10,0,0
BRDA:116,11,0,0
BRDA:127,12,0,0
BRDA:156,13,0,0
BRDA:162,14,0,0
BRDA:186,15,0,0
BRDA:219,16,0,0
BRDA:233,17,0,0
BRDA:233,17,1,14
BRDA:252,18,0,14
BRDA:252,18,1,0
BRDA:258,19,0,0
BRDA:258,19,1,14
BRDA:264,20,0,9
BRDA:264,20,1,5
BRDA:302,21,0,14
BRDA:302,21,1,0
BRDA:307,22,0,0
BRDA:307,22,1,0
BRF:31
BRH:14
end_of_record
TN:
SF:src\Pages\Bookmarks.tsx
FN:9,(anonymous_1)
FN:20,(anonymous_2)
FN:26,(anonymous_3)
FN:34,(anonymous_4)
FN:48,(anonymous_5)
FN:56,(anonymous_6)
FN:95,(anonymous_7)
FN:97,(anonymous_8)
FNF:8
FNH:5
FNDA:2,(anonymous_1)
FNDA:1,(anonymous_2)
FNDA:1,(anonymous_3)
FNDA:0,(anonymous_4)
FNDA:1,(anonymous_5)
FNDA:2,(anonymous_6)
FNDA:0,(anonymous_7)
FNDA:0,(anonymous_8)
DA:1,2
DA:2,2
DA:3,2
DA:4,2
DA:5,2
DA:6,2
DA:9,2
DA:10,2
DA:12,2
DA:13,2
DA:16,2
DA:17,2
DA:18,2
DA:20,2
DA:21,1
DA:22,1
DA:26,2
DA:27,1
DA:28,1
DA:29,0
DA:30,0
DA:32,1
DA:33,1
DA:34,1
DA:37,0
DA:38,0
DA:39,0
DA:42,1
DA:45,1
DA:48,2
DA:49,1
DA:50,0
DA:52,1
DA:56,2
DA:57,2
DA:58,1
DA:62,2
DA:97,0
DA:98,0
DA:99,0
DA:102,0
DA:103,0
DA:126,2
LF:43
LH:32
BRDA:21,0,0,1
BRDA:28,1,0,0
BRDA:28,1,1,1
BRDA:32,2,0,1
BRDA:32,3,0,1
BRDA:32,3,1,1
BRDA:49,4,0,0
BRDA:49,4,1,1
BRDA:57,5,0,1
BRDA:57,6,0,2
BRDA:57,6,1,2
BRDA:64,7,0,0
BRDA:64,7,1,2
BRDA:73,8,0,2
BRDA:73,8,1,0
BRDA:82,9,0,2
BRDA:82,9,1,0
BRDA:82,10,0,0
BRDA:82,10,1,2
BRDA:82,11,0,2
BRDA:82,11,1,2
BRDA:95,12,0,0
BRDA:95,12,1,0
BRDA:95,13,0,0
BRDA:95,13,1,0
BRDA:98,14,0,0
BRDA:102,15,0,0
BRDA:102,15,1,0
BRDA:102,16,0,0
BRDA:102,16,1,0
BRF:30
BRH:15
end_of_record
TN:
SF:src\Pages\Home.tsx
FN:19,(anonymous_8)
FN:34,(anonymous_9)
FN:38,(anonymous_10)
FN:38,(anonymous_11)
FN:47,(anonymous_12)
FN:53,(anonymous_13)
FN:73,(anonymous_14)
FN:81,(anonymous_15)
FN:92,(anonymous_16)
FN:100,(anonymous_17)
FN:101,(anonymous_18)
FN:115,(anonymous_19)
FN:126,(anonymous_20)
FN:164,(anonymous_21)
FN:166,(anonymous_22)
FNF:15
FNH:10
FNDA:8,(anonymous_8)
FNDA:3,(anonymous_9)
FNDA:2,(anonymous_10)
FNDA:2,(anonymous_11)
FNDA:0,(anonymous_12)
FNDA:0,(anonymous_13)
FNDA:7,(anonymous_14)
FNDA:3,(anonymous_15)
FNDA:3,(anonymous_16)
FNDA:3,(anonymous_17)
FNDA:0,(anonymous_18)
FNDA:0,(anonymous_19)
FNDA:3,(anonymous_20)
FNDA:6,(anonymous_21)
FNDA:0,(anonymous_22)
DA:1,2
DA:9,2
DA:10,2
DA:11,2
DA:12,2
DA:13,2
DA:14,2
DA:15,2
DA:17,2
DA:18,2
DA:19,2
DA:21,8
DA:22,8
DA:23,8
DA:24,8
DA:25,8
DA:26,8
DA:28,8
DA:31,8
DA:32,8
DA:33,8
DA:34,8
DA:35,3
DA:38,8
DA:39,2
DA:40,2
DA:41,2
DA:43,0
DA:44,0
DA:47,0
DA:52,0
DA:53,0
DA:54,0
DA:55,0
DA:59,0
DA:61,0
DA:73,8
DA:74,7
DA:75,2
DA:76,2
DA:81,8
DA:82,3
DA:83,1
DA:84,1
DA:86,2
DA:92,8
DA:93,3
DA:94,0
DA:96,3
DA:100,8
DA:101,3
DA:102,0
DA:104,0
DA:106,0
DA:111,0
DA:113,0
DA:115,0
DA:116,0
DA:123,3
DA:124,2
DA:126,3
DA:128,3
DA:129,0
DA:134,8
DA:166,6
DA:167,0
DA:168,0
DA:171,6
DA:172,6
DA:205,2
LF:70
LH:50
BRDA:43,0,0,0
BRDA:43,1,0,0
BRDA:43,1,1,0
BRDA:43,2,0,0
BRDA:43,2,1,0
BRDA:43,3,0,0
BRDA:43,3,1,0
BRDA:52,4,0,0
BRDA:54,5,0,0
BRDA:54,5,1,0
BRDA:74,6,0,2
BRDA:82,7,0,1
BRDA:93,8,0,0
BRDA:93,8,1,3
BRDA:102,9,0,0
BRDA:106,10,0,0
BRDA:107,11,0,0
BRDA:107,11,1,0
BRDA:107,11,2,0
BRDA:123,12,0,2
BRDA:128,13,0,0
BRDA:140,14,0,8
BRDA:140,14,1,0
BRDA:149,15,0,2
BRDA:149,15,1,6
BRDA:149,16,0,0
BRDA:149,16,1,8
BRDA:149,17,0,8
BRDA:149,17,1,8
BRDA:164,18,0,0
BRDA:164,18,1,6
BRDA:164,19,0,6
BRDA:164,19,1,6
BRDA:167,20,0,0
BRDA:171,21,0,6
BRDA:171,21,1,0
BRDA:171,22,0,6
BRDA:171,22,1,6
BRDA:188,23,0,8
BRDA:188,23,1,2
BRDA:195,24,0,8
BRDA:195,24,1,8
BRF:42
BRH:20
end_of_record
TN:
SF:src\Pages\Likes.tsx
FN:9,(anonymous_1)
FN:20,(anonymous_2)
FN:26,(anonymous_3)
FN:34,(anonymous_4)
FN:48,(anonymous_5)
FN:56,(anonymous_6)
FN:95,(anonymous_7)
FN:97,(anonymous_8)
FNF:8
FNH:7
FNDA:6,(anonymous_1)
FNDA:3,(anonymous_2)
FNDA:3,(anonymous_3)
FNDA:3,(anonymous_4)
FNDA:3,(anonymous_5)
FNDA:6,(anonymous_6)
FNDA:1,(anonymous_7)
FNDA:0,(anonymous_8)
DA:1,2
DA:2,2
DA:3,2
DA:4,2
DA:5,2
DA:6,2
DA:9,2
DA:10,6
DA:12,6
DA:13,6
DA:16,6
DA:17,6
DA:18,6
DA:20,6
DA:21,3
DA:22,3
DA:26,6
DA:27,3
DA:28,3
DA:29,0
DA:30,0
DA:32,3
DA:33,3
DA:34,3
DA:37,3
DA:38,3
DA:39,3
DA:42,3
DA:45,3
DA:48,6
DA:49,3
DA:50,0
DA:52,3
DA:56,6
DA:57,6
DA:58,3
DA:62,6
DA:97,1
DA:98,0
DA:99,0
DA:102,1
DA:103,1
DA:126,2
LF:43
LH:38
BRDA:21,0,0,3
BRDA:28,1,0,0
BRDA:28,1,1,3
BRDA:32,2,0,3
BRDA:32,3,0,3
BRDA:32,3,1,3
BRDA:49,4,0,0
BRDA:49,4,1,3
BRDA:57,5,0,3
BRDA:57,6,0,6
BRDA:57,6,1,6
BRDA:64,7,0,0
BRDA:64,7,1,6
BRDA:73,8,0,6
BRDA:73,8,1,0
BRDA:82,9,0,5
BRDA:82,9,1,1
BRDA:82,10,0,0
BRDA:82,10,1,6
BRDA:82,11,0,6
BRDA:82,11,1,6
BRDA:95,12,0,0
BRDA:95,12,1,1
BRDA:95,13,0,1
BRDA:95,13,1,1
BRDA:98,14,0,0
BRDA:102,15,0,1
BRDA:102,15,1,0
BRDA:102,16,0,1
BRDA:102,16,1,1
BRF:30
BRH:22
end_of_record
TN:
SF:src\Pages\Posts.tsx
FN:37,(anonymous_8)
FN:38,(anonymous_9)
FN:52,(anonymous_10)
FN:59,(anonymous_11)
FN:64,(anonymous_12)
FN:72,(anonymous_13)
FN:77,(anonymous_14)
FN:96,(anonymous_15)
FN:97,(anonymous_16)
FN:97,(anonymous_17)
FN:108,(anonymous_18)
FN:110,(anonymous_19)
FN:137,(anonymous_20)
FN:177,(anonymous_21)
FN:181,(anonymous_22)
FN:186,(anonymous_23)
FN:195,(anonymous_24)
FN:253,(anonymous_25)
FN:253,(anonymous_26)
FN:269,(anonymous_27)
FN:288,(anonymous_28)
FNF:21
FNH:9
FNDA:2,(anonymous_8)
FNDA:1,(anonymous_9)
FNDA:1,(anonymous_10)
FNDA:1,(anonymous_11)
FNDA:1,(anonymous_12)
FNDA:0,(anonymous_13)
FNDA:0,(anonymous_14)
FNDA:1,(anonymous_15)
FNDA:1,(anonymous_16)
FNDA:1,(anonymous_17)
FNDA:0,(anonymous_18)
FNDA:0,(anonymous_19)
FNDA:0,(anonymous_20)
FNDA:0,(anonymous_21)
FNDA:0,(anonymous_22)
FNDA:0,(anonymous_23)
FNDA:0,(anonymous_24)
FNDA:0,(anonymous_25)
FNDA:0,(anonymous_26)
FNDA:1,(anonymous_27)
FNDA:0,(anonymous_28)
DA:1,2
DA:2,2
DA:12,2
DA:13,2
DA:14,2
DA:16,2
DA:17,2
DA:18,2
DA:37,2
DA:38,2
DA:39,2
DA:40,2
DA:41,2
DA:42,2
DA:43,2
DA:44,2
DA:45,2
DA:48,2
DA:49,2
DA:52,2
DA:53,1
DA:54,0
DA:56,1
DA:59,2
DA:60,1
DA:61,1
DA:64,2
DA:65,1
DA:66,0
DA:67,0
DA:69,1
DA:70,1
DA:71,1
DA:72,0
DA:74,1
DA:75,1
DA:76,0
DA:77,0
DA:79,0
DA:88,0
DA:90,1
DA:92,1
DA:96,2
DA:97,1
DA:98,1
DA:99,1
DA:100,0
DA:102,0
DA:105,1
DA:108,2
DA:109,0
DA:110,0
DA:111,0
DA:112,0
DA:127,0
DA:137,0
DA:156,2
DA:177,0
DA:182,0
DA:185,0
DA:186,0
DA:196,0
DA:208,2
DA:253,0
DA:254,0
DA:255,0
DA:258,0
DA:259,0
DA:270,1
DA:288,0
DA:298,2
LF:71
LH:44
BRDA:53,0,0,0
BRDA:53,0,1,1
BRDA:60,1,0,1
BRDA:65,2,0,0
BRDA:65,2,1,1
BRDA:70,3,0,1
BRDA:70,4,0,1
BRDA:70,4,1,1
BRDA:83,5,0,0
BRDA:83,5,1,0
BRDA:83,6,0,0
BRDA:83,6,1,0
BRDA:83,7,0,0
BRDA:83,7,1,0
BRDA:83,8,0,0
BRDA:83,8,1,0
BRDA:84,9,0,0
BRDA:84,9,1,0
BRDA:84,10,0,0
BRDA:84,10,1,0
BRDA:84,11,0,0
BRDA:84,11,1,0
BRDA:84,12,0,0
BRDA:84,12,1,0
BRDA:110,13,0,0
BRDA:110,13,1,0
BRDA:110,14,0,0
BRDA:110,14,1,0
BRDA:111,15,0,0
BRDA:182,16,0,0
BRDA:182,16,1,0
BRDA:182,17,0,0
BRDA:182,17,1,0
BRDA:185,18,0,0
BRDA:185,18,1,0
BRDA:185,19,0,0
BRDA:185,19,1,0
BRDA:186,20,0,0
BRDA:186,20,1,0
BRDA:186,21,0,0
BRDA:186,21,1,0
BRDA:196,22,0,0
BRDA:196,22,1,0
BRDA:196,23,0,0
BRDA:196,23,1,0
BRDA:210,24,0,1
BRDA:210,24,1,1
BRDA:218,25,0,1
BRDA:218,25,1,0
BRDA:223,26,0,1
BRDA:223,26,1,0
BRDA:254,27,0,0
BRDA:258,28,0,0
BRF:53
BRH:10
end_of_record
TN:
SF:src\api\delete.ts
FN:3,(anonymous_7)
FN:7,(anonymous_8)
FNF:2
FNH:2
FNDA:2,(anonymous_7)
FNDA:2,(anonymous_8)
DA:1,5
DA:2,5
DA:3,5
DA:7,2
DA:8,2
DA:9,2
DA:11,2
DA:12,0
DA:15,2
DA:17,0
LF:10
LH:8
BRDA:11,0,0,0
BRF:1
BRH:0
end_of_record
TN:
SF:src\api\getAll.ts
FN:5,(anonymous_7)
FN:9,(anonymous_8)
FN:31,(anonymous_9)
FN:31,(anonymous_10)
FN:53,(anonymous_11)
FN:53,(anonymous_12)
FNF:6
FNH:6
FNDA:4,(anonymous_7)
FNDA:4,(anonymous_8)
FNDA:3,(anonymous_9)
FNDA:3,(anonymous_10)
FNDA:2,(anonymous_11)
FNDA:2,(anonymous_12)
DA:1,6
DA:3,6
DA:5,6
DA:9,4
DA:10,4
DA:11,4
DA:17,2
DA:18,0
DA:21,2
DA:22,0
DA:25,2
DA:27,2
DA:28,2
DA:31,6
DA:32,3
DA:33,3
DA:38,0
DA:39,0
DA:42,0
DA:43,0
DA:46,0
DA:48,2
DA:49,2
DA:53,6
DA:54,2
DA:55,2
DA:60,0
DA:61,0
DA:64,0
DA:65,0
DA:68,0
DA:70,2
DA:71,2
LF:33
LH:21
BRDA:17,0,0,0
BRDA:21,1,0,0
BRDA:38,2,0,0
BRDA:42,3,0,0
BRDA:60,4,0,0
BRDA:64,5,0,0
BRF:6
BRH:0
end_of_record
TN:
SF:src\api\insert.ts
FN:5,(anonymous_7)
FN:5,(anonymous_8)
FNF:2
FNH:2
FNDA:2,(anonymous_7)
FNDA:2,(anonymous_8)
DA:1,5
DA:3,5
DA:5,5
DA:6,2
DA:7,2
DA:9,1
DA:10,0
DA:13,1
DA:14,1
DA:17,1
LF:10
LH:9
BRDA:9,0,0,0
BRDA:13,1,0,1
BRF:2
BRH:1
end_of_record
TN:
SF:src\api\update.ts
FN:4,(anonymous_7)
FN:10,(anonymous_8)
FN:29,(anonymous_9)
FN:35,(anonymous_10)
FNF:4
FNH:4
FNDA:2,(anonymous_7)
FNDA:2,(anonymous_8)
FNDA:3,(anonymous_9)
FNDA:3,(anonymous_10)
DA:1,5
DA:2,5
DA:4,5
DA:10,2
DA:11,2
DA:12,2
DA:17,0
DA:18,0
DA:21,0
DA:22,0
DA:25,2
DA:29,5
DA:35,3
DA:36,3
DA:37,3
DA:42,0
DA:43,0
DA:46,0
DA:47,0
DA:48,0
DA:51,3
LF:21
LH:12
BRDA:17,0,0,0
BRDA:21,1,0,0
BRDA:42,2,0,0
BRDA:46,3,0,0
BRF:4
BRH:0
end_of_record
TN:
SF:src\context\app-context.tsx
FN:14,(anonymous_0)
FN:17,(anonymous_1)
FN:21,(anonymous_2)
FNF:3
FNH:1
FNDA:0,(anonymous_0)
FNDA:1,(anonymous_1)
FNDA:0,(anonymous_2)
DA:1,8
DA:4,8
DA:15,0
DA:18,1
DA:22,0
DA:26,8
DA:28,8
LF:7
LH:5
BRF:0
BRH:0
end_of_record
TN:
SF:src\hooks\useFileUpload.tsx
FN:10,useFileUpload
FN:13,(anonymous_8)
FN:17,(anonymous_9)
FNF:3
FNH:0
FNDA:0,useFileUpload
FNDA:0,(anonymous_8)
FNDA:0,(anonymous_9)
DA:1,1
DA:2,1
DA:3,1
DA:5,1
DA:11,0
DA:12,0
DA:13,0
DA:17,0
DA:18,0
DA:19,0
DA:20,0
DA:22,0
DA:25,0
DA:26,0
DA:27,0
DA:28,0
DA:30,0
DA:33,1
LF:18
LH:5
BRF:0
BRH:0
end_of_record
