{
  "D:\\00yt\\Texttovoice_Generator\\social-media\\src\\Providers\\ToasterProvider.tsx": {
    "path": "D:\\00yt\\Texttovoice_Generator\\social-media\\src\\Providers\\ToasterProvider.tsx",
    "statementMap": {
      "0": {
        "start": {
          "line": 5,
          "column": 2
        },
        "end": {
          "line": 9,
          "column": 4
        }
      }
    },
    "fnMap": {
      "0": {
        "name": "ToasterProvider",
        "decl": {
          "start": {
            "line": 4,
            "column": 9
          },
          "end": {
            "line": 4,
            "column": 24
          }
        },
        "loc": {
          "start": {
            "line": 4,
            "column": 27
          },
          "end": {
            "line": 10,
            "column": 1
          }
        },
        "line": 4
      }
    },
    "branchMap": {},
    "s": {
      "0": 8
    },
    "f": {
      "0": 8
    },
    "b": {},
    "_coverageSchema": "1a1c01bbd47fc00a2c39e90264f33305004495a9",
    "hash": "bbfba8f40603496e6c7780d4c852a4dcb810ec40"
  },
  "D:\\00yt\\Texttovoice_Generator\\social-media\\src\\context\\app-context.tsx": {
    "path": "D:\\00yt\\Texttovoice_Generator\\social-media\\src\\context\\app-context.tsx",
    "statementMap": {
      "0": {
        "start": {
          "line": 4,
          "column": 44
        },
        "end": {
          "line": 24,
          "column": 1
        }
      },
      "1": {
        "start": {
          "line": 15,
          "column": 4
        },
        "end": {
          "line": 15,
          "column": 6
        }
      },
      "2": {
        "start": {
          "line": 18,
          "column": 4
        },
        "end": {
          "line": 18,
          "column": 6
        }
      },
      "3": {
        "start": {
          "line": 22,
          "column": 4
        },
        "end": {
          "line": 22,
          "column": 6
        }
      },
      "4": {
        "start": {
          "line": 26,
          "column": 19
        },
        "end": {
          "line": 26,
          "column": 69
        }
      }
    },
    "fnMap": {
      "0": {
        "name": "(anonymous_0)",
        "decl": {
          "start": {
            "line": 14,
            "column": 15
          },
          "end": {
            "line": 14,
            "column": 16
          }
        },
        "loc": {
          "start": {
            "line": 14,
            "column": 22
          },
          "end": {
            "line": 16,
            "column": 3
          }
        },
        "line": 14
      },
      "1": {
        "name": "(anonymous_1)",
        "decl": {
          "start": {
            "line": 17,
            "column": 18
          },
          "end": {
            "line": 17,
            "column": 19
          }
        },
        "loc": {
          "start": {
            "line": 17,
            "column": 25
          },
          "end": {
            "line": 19,
            "column": 3
          }
        },
        "line": 17
      },
      "2": {
        "name": "(anonymous_2)",
        "decl": {
          "start": {
            "line": 21,
            "column": 14
          },
          "end": {
            "line": 21,
            "column": 15
          }
        },
        "loc": {
          "start": {
            "line": 21,
            "column": 21
          },
          "end": {
            "line": 23,
            "column": 3
          }
        },
        "line": 21
      }
    },
    "branchMap": {},
    "s": {
      "0": 8,
      "1": 0,
      "2": 0,
      "3": 0,
      "4": 8
    },
    "f": {
      "0": 0,
      "1": 0,
      "2": 0
    },
    "b": {},
    "_coverageSchema": "1a1c01bbd47fc00a2c39e90264f33305004495a9",
    "hash": "3cab6e7edaca60da3227eb57579ab54b44ecb64f"
  },
  "D:\\00yt\\Texttovoice_Generator\\social-media\\src\\context\\AppContextProvider.tsx": {
    "path": "D:\\00yt\\Texttovoice_Generator\\social-media\\src\\context\\AppContextProvider.tsx",
    "statementMap": {
      "0": {
        "start": {
          "line": 11,
          "column": 62
        },
        "end": {
          "line": 56,
          "column": 1
        }
      },
      "1": {
        "start": {
          "line": 14,
          "column": 34
        },
        "end": {
          "line": 17,
          "column": 4
        }
      },
      "2": {
        "start": {
          "line": 18,
          "column": 38
        },
        "end": {
          "line": 21,
          "column": 4
        }
      },
      "3": {
        "start": {
          "line": 22,
          "column": 40
        },
        "end": {
          "line": 24,
          "column": 3
        }
      },
      "4": {
        "start": {
          "line": 25,
          "column": 32
        },
        "end": {
          "line": 25,
          "column": 55
        }
      },
      "5": {
        "start": {
          "line": 27,
          "column": 34
        },
        "end": {
          "line": 32,
          "column": 8
        }
      },
      "6": {
        "start": {
          "line": 28,
          "column": 4
        },
        "end": {
          "line": 31,
          "column": 7
        }
      },
      "7": {
        "start": {
          "line": 34,
          "column": 2
        },
        "end": {
          "line": 39,
          "column": 32
        }
      },
      "8": {
        "start": {
          "line": 35,
          "column": 4
        },
        "end": {
          "line": 35,
          "column": 63
        }
      },
      "9": {
        "start": {
          "line": 36,
          "column": 4
        },
        "end": {
          "line": 38,
          "column": 6
        }
      },
      "10": {
        "start": {
          "line": 37,
          "column": 6
        },
        "end": {
          "line": 37,
          "column": 68
        }
      },
      "11": {
        "start": {
          "line": 41,
          "column": 2
        },
        "end": {
          "line": 55,
          "column": 4
        }
      }
    },
    "fnMap": {
      "0": {
        "name": "(anonymous_0)",
        "decl": {
          "start": {
            "line": 11,
            "column": 62
          },
          "end": {
            "line": 11,
            "column": 63
          }
        },
        "loc": {
          "start": {
            "line": 13,
            "column": 6
          },
          "end": {
            "line": 56,
            "column": 1
          }
        },
        "line": 13
      },
      "1": {
        "name": "(anonymous_1)",
        "decl": {
          "start": {
            "line": 27,
            "column": 46
          },
          "end": {
            "line": 27,
            "column": 47
          }
        },
        "loc": {
          "start": {
            "line": 27,
            "column": 52
          },
          "end": {
            "line": 32,
            "column": 3
          }
        },
        "line": 27
      },
      "2": {
        "name": "(anonymous_2)",
        "decl": {
          "start": {
            "line": 34,
            "column": 12
          },
          "end": {
            "line": 34,
            "column": 13
          }
        },
        "loc": {
          "start": {
            "line": 34,
            "column": 18
          },
          "end": {
            "line": 39,
            "column": 3
          }
        },
        "line": 34
      },
      "3": {
        "name": "(anonymous_3)",
        "decl": {
          "start": {
            "line": 36,
            "column": 11
          },
          "end": {
            "line": 36,
            "column": 12
          }
        },
        "loc": {
          "start": {
            "line": 36,
            "column": 17
          },
          "end": {
            "line": 38,
            "column": 5
          }
        },
        "line": 36
      }
    },
    "branchMap": {},
    "s": {
      "0": 8,
      "1": 48,
      "2": 48,
      "3": 48,
      "4": 48,
      "5": 48,
      "6": 0,
      "7": 48,
      "8": 8,
      "9": 8,
      "10": 0,
      "11": 48
    },
    "f": {
      "0": 48,
      "1": 0,
      "2": 8,
      "3": 0
    },
    "b": {},
    "_coverageSchema": "1a1c01bbd47fc00a2c39e90264f33305004495a9",
    "hash": "59e2ba90bf6a828a0d2ab703e58781d704d6d013"
  },
  "D:\\00yt\\Texttovoice_Generator\\social-media\\src\\Components\\SideNavBar.tsx": {
    "path": "D:\\00yt\\Texttovoice_Generator\\social-media\\src\\Components\\SideNavBar.tsx",
    "statementMap": {
      "0": {
        "start": {
          "line": 17,
          "column": 42
        },
        "end": {
          "line": 24,
          "column": 1
        }
      },
      "1": {
        "start": {
          "line": 26,
          "column": 29
        },
        "end": {
          "line": 57,
          "column": 1
        }
      },
      "2": {
        "start": {
          "line": 27,
          "column": 19
        },
        "end": {
          "line": 27,
          "column": 32
        }
      },
      "3": {
        "start": {
          "line": 28,
          "column": 27
        },
        "end": {
          "line": 30,
          "column": 3
        }
      },
      "4": {
        "start": {
          "line": 29,
          "column": 4
        },
        "end": {
          "line": 29,
          "column": 19
        }
      },
      "5": {
        "start": {
          "line": 32,
          "column": 2
        },
        "end": {
          "line": 56,
          "column": 4
        }
      },
      "6": {
        "start": {
          "line": 41,
          "column": 10
        },
        "end": {
          "line": 52,
          "column": 15
        }
      },
      "7": {
        "start": {
          "line": 43,
          "column": 27
        },
        "end": {
          "line": 43,
          "column": 54
        }
      }
    },
    "fnMap": {
      "0": {
        "name": "(anonymous_0)",
        "decl": {
          "start": {
            "line": 26,
            "column": 29
          },
          "end": {
            "line": 26,
            "column": 30
          }
        },
        "loc": {
          "start": {
            "line": 26,
            "column": 35
          },
          "end": {
            "line": 57,
            "column": 1
          }
        },
        "line": 26
      },
      "1": {
        "name": "(anonymous_1)",
        "decl": {
          "start": {
            "line": 28,
            "column": 27
          },
          "end": {
            "line": 28,
            "column": 28
          }
        },
        "loc": {
          "start": {
            "line": 28,
            "column": 45
          },
          "end": {
            "line": 30,
            "column": 3
          }
        },
        "line": 28
      },
      "2": {
        "name": "(anonymous_2)",
        "decl": {
          "start": {
            "line": 40,
            "column": 29
          },
          "end": {
            "line": 40,
            "column": 30
          }
        },
        "loc": {
          "start": {
            "line": 41,
            "column": 10
          },
          "end": {
            "line": 52,
            "column": 15
          }
        },
        "line": 41
      },
      "3": {
        "name": "(anonymous_3)",
        "decl": {
          "start": {
            "line": 43,
            "column": 21
          },
          "end": {
            "line": 43,
            "column": 22
          }
        },
        "loc": {
          "start": {
            "line": 43,
            "column": 27
          },
          "end": {
            "line": 43,
            "column": 54
          }
        },
        "line": 43
      }
    },
    "branchMap": {},
    "s": {
      "0": 8,
      "1": 8,
      "2": 0,
      "3": 0,
      "4": 0,
      "5": 0,
      "6": 0,
      "7": 0
    },
    "f": {
      "0": 0,
      "1": 0,
      "2": 0,
      "3": 0
    },
    "b": {},
    "_coverageSchema": "1a1c01bbd47fc00a2c39e90264f33305004495a9",
    "hash": "b29f55f16d4f9e0142c136cd625e7dbb2514f3a5"
  },
  "D:\\00yt\\Texttovoice_Generator\\social-media\\src\\SupabaseClient.tsx": {
    "path": "D:\\00yt\\Texttovoice_Generator\\social-media\\src\\SupabaseClient.tsx",
    "statementMap": {
      "0": {
        "start": {
          "line": 5,
          "column": 20
        },
        "end": {
          "line": 5,
          "column": 62
        }
      },
      "1": {
        "start": {
          "line": 6,
          "column": 20
        },
        "end": {
          "line": 6,
          "column": 230
        }
      },
      "2": {
        "start": {
          "line": 8,
          "column": 24
        },
        "end": {
          "line": 11,
          "column": 1
        }
      }
    },
    "fnMap": {},
    "branchMap": {},
    "s": {
      "0": 8,
      "1": 8,
      "2": 8
    },
    "f": {},
    "b": {},
    "_coverageSchema": "1a1c01bbd47fc00a2c39e90264f33305004495a9",
    "hash": "5e1f8dd690426130eda6d784c77464ff78dff9a8"
  },
  "D:\\00yt\\Texttovoice_Generator\\social-media\\src\\api\\insert.ts": {
    "path": "D:\\00yt\\Texttovoice_Generator\\social-media\\src\\api\\insert.ts",
    "statementMap": {
      "0": {
        "start": {
          "line": 5,
          "column": 26
        },
        "end": {
          "line": 19,
          "column": 1
        }
      },
      "1": {
        "start": {
          "line": 6,
          "column": 2
        },
        "end": {
          "line": 18,
          "column": 3
        }
      },
      "2": {
        "start": {
          "line": 7,
          "column": 28
        },
        "end": {
          "line": 7,
          "column": 69
        }
      },
      "3": {
        "start": {
          "line": 9,
          "column": 4
        },
        "end": {
          "line": 11,
          "column": 5
        }
      },
      "4": {
        "start": {
          "line": 10,
          "column": 6
        },
        "end": {
          "line": 10,
          "column": 18
        }
      },
      "5": {
        "start": {
          "line": 13,
          "column": 4
        },
        "end": {
          "line": 15,
          "column": 5
        }
      },
      "6": {
        "start": {
          "line": 14,
          "column": 6
        },
        "end": {
          "line": 14,
          "column": 39
        }
      },
      "7": {
        "start": {
          "line": 17,
          "column": 4
        },
        "end": {
          "line": 17,
          "column": 34
        }
      }
    },
    "fnMap": {
      "0": {
        "name": "(anonymous_0)",
        "decl": {
          "start": {
            "line": 5,
            "column": 26
          },
          "end": {
            "line": 5,
            "column": 27
          }
        },
        "loc": {
          "start": {
            "line": 5,
            "column": 71
          },
          "end": {
            "line": 19,
            "column": 1
          }
        },
        "line": 5
      }
    },
    "branchMap": {
      "0": {
        "loc": {
          "start": {
            "line": 9,
            "column": 4
          },
          "end": {
            "line": 11,
            "column": 5
          }
        },
        "type": "if",
        "locations": [
          {
            "start": {
              "line": 9,
              "column": 4
            },
            "end": {
              "line": 11,
              "column": 5
            }
          },
          {
            "start": {
              "line": 9,
              "column": 4
            },
            "end": {
              "line": 11,
              "column": 5
            }
          }
        ],
        "line": 9
      },
      "1": {
        "loc": {
          "start": {
            "line": 13,
            "column": 4
          },
          "end": {
            "line": 15,
            "column": 5
          }
        },
        "type": "if",
        "locations": [
          {
            "start": {
              "line": 13,
              "column": 4
            },
            "end": {
              "line": 15,
              "column": 5
            }
          },
          {
            "start": {
              "line": 13,
              "column": 4
            },
            "end": {
              "line": 15,
              "column": 5
            }
          }
        ],
        "line": 13
      }
    },
    "s": {
      "0": 8,
      "1": 4,
      "2": 4,
      "3": 4,
      "4": 0,
      "5": 4,
      "6": 0,
      "7": 0
    },
    "f": {
      "0": 4
    },
    "b": {
      "0": [
        0,
        4
      ],
      "1": [
        0,
        4
      ]
    },
    "_coverageSchema": "1a1c01bbd47fc00a2c39e90264f33305004495a9",
    "hash": "7cd7d59feb767653e433195898f486679bc3f4f8"
  },
  "D:\\00yt\\Texttovoice_Generator\\social-media\\src\\api\\getAll.ts": {
    "path": "D:\\00yt\\Texttovoice_Generator\\social-media\\src\\api\\getAll.ts",
    "statementMap": {
      "0": {
        "start": {
          "line": 5,
          "column": 31
        },
        "end": {
          "line": 30,
          "column": 1
        }
      },
      "1": {
        "start": {
          "line": 10,
          "column": 2
        },
        "end": {
          "line": 29,
          "column": 3
        }
      },
      "2": {
        "start": {
          "line": 11,
          "column": 28
        },
        "end": {
          "line": 15,
          "column": 48
        }
      },
      "3": {
        "start": {
          "line": 17,
          "column": 4
        },
        "end": {
          "line": 19,
          "column": 5
        }
      },
      "4": {
        "start": {
          "line": 18,
          "column": 6
        },
        "end": {
          "line": 18,
          "column": 18
        }
      },
      "5": {
        "start": {
          "line": 21,
          "column": 4
        },
        "end": {
          "line": 23,
          "column": 5
        }
      },
      "6": {
        "start": {
          "line": 22,
          "column": 6
        },
        "end": {
          "line": 22,
          "column": 18
        }
      },
      "7": {
        "start": {
          "line": 25,
          "column": 4
        },
        "end": {
          "line": 25,
          "column": 56
        }
      },
      "8": {
        "start": {
          "line": 27,
          "column": 4
        },
        "end": {
          "line": 27,
          "column": 46
        }
      },
      "9": {
        "start": {
          "line": 28,
          "column": 4
        },
        "end": {
          "line": 28,
          "column": 16
        }
      },
      "10": {
        "start": {
          "line": 31,
          "column": 22
        },
        "end": {
          "line": 51,
          "column": 1
        }
      },
      "11": {
        "start": {
          "line": 32,
          "column": 2
        },
        "end": {
          "line": 50,
          "column": 3
        }
      },
      "12": {
        "start": {
          "line": 33,
          "column": 28
        },
        "end": {
          "line": 36,
          "column": 48
        }
      },
      "13": {
        "start": {
          "line": 38,
          "column": 4
        },
        "end": {
          "line": 40,
          "column": 5
        }
      },
      "14": {
        "start": {
          "line": 39,
          "column": 6
        },
        "end": {
          "line": 39,
          "column": 18
        }
      },
      "15": {
        "start": {
          "line": 42,
          "column": 4
        },
        "end": {
          "line": 44,
          "column": 5
        }
      },
      "16": {
        "start": {
          "line": 43,
          "column": 6
        },
        "end": {
          "line": 43,
          "column": 18
        }
      },
      "17": {
        "start": {
          "line": 46,
          "column": 4
        },
        "end": {
          "line": 46,
          "column": 56
        }
      },
      "18": {
        "start": {
          "line": 48,
          "column": 4
        },
        "end": {
          "line": 48,
          "column": 46
        }
      },
      "19": {
        "start": {
          "line": 49,
          "column": 4
        },
        "end": {
          "line": 49,
          "column": 16
        }
      },
      "20": {
        "start": {
          "line": 53,
          "column": 23
        },
        "end": {
          "line": 73,
          "column": 1
        }
      },
      "21": {
        "start": {
          "line": 54,
          "column": 2
        },
        "end": {
          "line": 72,
          "column": 3
        }
      },
      "22": {
        "start": {
          "line": 55,
          "column": 28
        },
        "end": {
          "line": 58,
          "column": 48
        }
      },
      "23": {
        "start": {
          "line": 60,
          "column": 4
        },
        "end": {
          "line": 62,
          "column": 5
        }
      },
      "24": {
        "start": {
          "line": 61,
          "column": 6
        },
        "end": {
          "line": 61,
          "column": 18
        }
      },
      "25": {
        "start": {
          "line": 64,
          "column": 4
        },
        "end": {
          "line": 66,
          "column": 5
        }
      },
      "26": {
        "start": {
          "line": 65,
          "column": 6
        },
        "end": {
          "line": 65,
          "column": 18
        }
      },
      "27": {
        "start": {
          "line": 68,
          "column": 4
        },
        "end": {
          "line": 68,
          "column": 56
        }
      },
      "28": {
        "start": {
          "line": 70,
          "column": 4
        },
        "end": {
          "line": 70,
          "column": 46
        }
      },
      "29": {
        "start": {
          "line": 71,
          "column": 4
        },
        "end": {
          "line": 71,
          "column": 16
        }
      }
    },
    "fnMap": {
      "0": {
        "name": "(anonymous_0)",
        "decl": {
          "start": {
            "line": 5,
            "column": 31
          },
          "end": {
            "line": 5,
            "column": 32
          }
        },
        "loc": {
          "start": {
            "line": 9,
            "column": 32
          },
          "end": {
            "line": 30,
            "column": 1
          }
        },
        "line": 9
      },
      "1": {
        "name": "(anonymous_1)",
        "decl": {
          "start": {
            "line": 31,
            "column": 22
          },
          "end": {
            "line": 31,
            "column": 23
          }
        },
        "loc": {
          "start": {
            "line": 31,
            "column": 73
          },
          "end": {
            "line": 51,
            "column": 1
          }
        },
        "line": 31
      },
      "2": {
        "name": "(anonymous_2)",
        "decl": {
          "start": {
            "line": 53,
            "column": 23
          },
          "end": {
            "line": 53,
            "column": 24
          }
        },
        "loc": {
          "start": {
            "line": 53,
            "column": 74
          },
          "end": {
            "line": 73,
            "column": 1
          }
        },
        "line": 53
      }
    },
    "branchMap": {
      "0": {
        "loc": {
          "start": {
            "line": 17,
            "column": 4
          },
          "end": {
            "line": 19,
            "column": 5
          }
        },
        "type": "if",
        "locations": [
          {
            "start": {
              "line": 17,
              "column": 4
            },
            "end": {
              "line": 19,
              "column": 5
            }
          },
          {
            "start": {
              "line": 17,
              "column": 4
            },
            "end": {
              "line": 19,
              "column": 5
            }
          }
        ],
        "line": 17
      },
      "1": {
        "loc": {
          "start": {
            "line": 21,
            "column": 4
          },
          "end": {
            "line": 23,
            "column": 5
          }
        },
        "type": "if",
        "locations": [
          {
            "start": {
              "line": 21,
              "column": 4
            },
            "end": {
              "line": 23,
              "column": 5
            }
          },
          {
            "start": {
              "line": 21,
              "column": 4
            },
            "end": {
              "line": 23,
              "column": 5
            }
          }
        ],
        "line": 21
      },
      "2": {
        "loc": {
          "start": {
            "line": 38,
            "column": 4
          },
          "end": {
            "line": 40,
            "column": 5
          }
        },
        "type": "if",
        "locations": [
          {
            "start": {
              "line": 38,
              "column": 4
            },
            "end": {
              "line": 40,
              "column": 5
            }
          },
          {
            "start": {
              "line": 38,
              "column": 4
            },
            "end": {
              "line": 40,
              "column": 5
            }
          }
        ],
        "line": 38
      },
      "3": {
        "loc": {
          "start": {
            "line": 42,
            "column": 4
          },
          "end": {
            "line": 44,
            "column": 5
          }
        },
        "type": "if",
        "locations": [
          {
            "start": {
              "line": 42,
              "column": 4
            },
            "end": {
              "line": 44,
              "column": 5
            }
          },
          {
            "start": {
              "line": 42,
              "column": 4
            },
            "end": {
              "line": 44,
              "column": 5
            }
          }
        ],
        "line": 42
      },
      "4": {
        "loc": {
          "start": {
            "line": 60,
            "column": 4
          },
          "end": {
            "line": 62,
            "column": 5
          }
        },
        "type": "if",
        "locations": [
          {
            "start": {
              "line": 60,
              "column": 4
            },
            "end": {
              "line": 62,
              "column": 5
            }
          },
          {
            "start": {
              "line": 60,
              "column": 4
            },
            "end": {
              "line": 62,
              "column": 5
            }
          }
        ],
        "line": 60
      },
      "5": {
        "loc": {
          "start": {
            "line": 64,
            "column": 4
          },
          "end": {
            "line": 66,
            "column": 5
          }
        },
        "type": "if",
        "locations": [
          {
            "start": {
              "line": 64,
              "column": 4
            },
            "end": {
              "line": 66,
              "column": 5
            }
          },
          {
            "start": {
              "line": 64,
              "column": 4
            },
            "end": {
              "line": 66,
              "column": 5
            }
          }
        ],
        "line": 64
      }
    },
    "s": {
      "0": 8,
      "1": 8,
      "2": 8,
      "3": 8,
      "4": 0,
      "5": 8,
      "6": 8,
      "7": 0,
      "8": 0,
      "9": 0,
      "10": 8,
      "11": 8,
      "12": 8,
      "13": 8,
      "14": 0,
      "15": 8,
      "16": 8,
      "17": 0,
      "18": 0,
      "19": 0,
      "20": 8,
      "21": 8,
      "22": 8,
      "23": 8,
      "24": 0,
      "25": 8,
      "26": 8,
      "27": 0,
      "28": 0,
      "29": 0
    },
    "f": {
      "0": 8,
      "1": 8,
      "2": 8
    },
    "b": {
      "0": [
        0,
        8
      ],
      "1": [
        8,
        0
      ],
      "2": [
        0,
        8
      ],
      "3": [
        8,
        0
      ],
      "4": [
        0,
        8
      ],
      "5": [
        8,
        0
      ]
    },
    "_coverageSchema": "1a1c01bbd47fc00a2c39e90264f33305004495a9",
    "hash": "ab151d6f4e887121a70ed7c27063052c1aeb660b"
  },
  "D:\\00yt\\Texttovoice_Generator\\social-media\\src\\Components\\CreatePost.tsx": {
    "path": "D:\\00yt\\Texttovoice_Generator\\social-media\\src\\Components\\CreatePost.tsx",
    "statementMap": {
      "0": {
        "start": {
          "line": 10,
          "column": 29
        },
        "end": {
          "line": 106,
          "column": 1
        }
      },
      "1": {
        "start": {
          "line": 11,
          "column": 51
        },
        "end": {
          "line": 11,
          "column": 73
        }
      },
      "2": {
        "start": {
          "line": 12,
          "column": 32
        },
        "end": {
          "line": 12,
          "column": 47
        }
      },
      "3": {
        "start": {
          "line": 13,
          "column": 19
        },
        "end": {
          "line": 13,
          "column": 52
        }
      },
      "4": {
        "start": {
          "line": 15,
          "column": 19
        },
        "end": {
          "line": 15,
          "column": 32
        }
      },
      "5": {
        "start": {
          "line": 17,
          "column": 40
        },
        "end": {
          "line": 19,
          "column": 3
        }
      },
      "6": {
        "start": {
          "line": 21,
          "column": 2
        },
        "end": {
          "line": 25,
          "column": 31
        }
      },
      "7": {
        "start": {
          "line": 22,
          "column": 4
        },
        "end": {
          "line": 24,
          "column": 5
        }
      },
      "8": {
        "start": {
          "line": 23,
          "column": 6
        },
        "end": {
          "line": 23,
          "column": 26
        }
      },
      "9": {
        "start": {
          "line": 27,
          "column": 27
        },
        "end": {
          "line": 71,
          "column": 3
        }
      },
      "10": {
        "start": {
          "line": 28,
          "column": 22
        },
        "end": {
          "line": 28,
          "column": 46
        }
      },
      "11": {
        "start": {
          "line": 29,
          "column": 19
        },
        "end": {
          "line": 29,
          "column": 35
        }
      },
      "12": {
        "start": {
          "line": 30,
          "column": 20
        },
        "end": {
          "line": 30,
          "column": 29
        }
      },
      "13": {
        "start": {
          "line": 31,
          "column": 4
        },
        "end": {
          "line": 70,
          "column": 5
        }
      },
      "14": {
        "start": {
          "line": 32,
          "column": 6
        },
        "end": {
          "line": 67,
          "column": 7
        }
      },
      "15": {
        "start": {
          "line": 33,
          "column": 8
        },
        "end": {
          "line": 33,
          "column": 25
        }
      },
      "16": {
        "start": {
          "line": 35,
          "column": 8
        },
        "end": {
          "line": 35,
          "column": 77
        }
      },
      "17": {
        "start": {
          "line": 37,
          "column": 31
        },
        "end": {
          "line": 62,
          "column": 9
        }
      },
      "18": {
        "start": {
          "line": 38,
          "column": 10
        },
        "end": {
          "line": 61,
          "column": 11
        }
      },
      "19": {
        "start": {
          "line": 39,
          "column": 29
        },
        "end": {
          "line": 39,
          "column": 49
        }
      },
      "20": {
        "start": {
          "line": 40,
          "column": 27
        },
        "end": {
          "line": 55,
          "column": 14
        }
      },
      "21": {
        "start": {
          "line": 42,
          "column": 28
        },
        "end": {
          "line": 42,
          "column": 72
        }
      },
      "22": {
        "start": {
          "line": 43,
          "column": 28
        },
        "end": {
          "line": 43,
          "column": 72
        }
      },
      "23": {
        "start": {
          "line": 46,
          "column": 14
        },
        "end": {
          "line": 54,
          "column": 15
        }
      },
      "24": {
        "start": {
          "line": 47,
          "column": 16
        },
        "end": {
          "line": 47,
          "column": 57
        }
      },
      "25": {
        "start": {
          "line": 48,
          "column": 21
        },
        "end": {
          "line": 54,
          "column": 15
        }
      },
      "26": {
        "start": {
          "line": 49,
          "column": 16
        },
        "end": {
          "line": 49,
          "column": 26
        }
      },
      "27": {
        "start": {
          "line": 50,
          "column": 21
        },
        "end": {
          "line": 54,
          "column": 15
        }
      },
      "28": {
        "start": {
          "line": 51,
          "column": 16
        },
        "end": {
          "line": 51,
          "column": 25
        }
      },
      "29": {
        "start": {
          "line": 53,
          "column": 16
        },
        "end": {
          "line": 53,
          "column": 25
        }
      },
      "30": {
        "start": {
          "line": 56,
          "column": 12
        },
        "end": {
          "line": 58,
          "column": 13
        }
      },
      "31": {
        "start": {
          "line": 57,
          "column": 14
        },
        "end": {
          "line": 57,
          "column": 37
        }
      },
      "32": {
        "start": {
          "line": 60,
          "column": 12
        },
        "end": {
          "line": 60,
          "column": 57
        }
      },
      "33": {
        "start": {
          "line": 63,
          "column": 8
        },
        "end": {
          "line": 63,
          "column": 25
        }
      },
      "34": {
        "start": {
          "line": 64,
          "column": 8
        },
        "end": {
          "line": 64,
          "column": 36
        }
      },
      "35": {
        "start": {
          "line": 66,
          "column": 8
        },
        "end": {
          "line": 66,
          "column": 26
        }
      },
      "36": {
        "start": {
          "line": 69,
          "column": 6
        },
        "end": {
          "line": 69,
          "column": 38
        }
      },
      "37": {
        "start": {
          "line": 73,
          "column": 2
        },
        "end": {
          "line": 105,
          "column": 4
        }
      }
    },
    "fnMap": {
      "0": {
        "name": "(anonymous_0)",
        "decl": {
          "start": {
            "line": 10,
            "column": 29
          },
          "end": {
            "line": 10,
            "column": 30
          }
        },
        "loc": {
          "start": {
            "line": 10,
            "column": 35
          },
          "end": {
            "line": 106,
            "column": 1
          }
        },
        "line": 10
      },
      "1": {
        "name": "(anonymous_1)",
        "decl": {
          "start": {
            "line": 21,
            "column": 12
          },
          "end": {
            "line": 21,
            "column": 13
          }
        },
        "loc": {
          "start": {
            "line": 21,
            "column": 18
          },
          "end": {
            "line": 25,
            "column": 3
          }
        },
        "line": 21
      },
      "2": {
        "name": "(anonymous_2)",
        "decl": {
          "start": {
            "line": 27,
            "column": 27
          },
          "end": {
            "line": 27,
            "column": 28
          }
        },
        "loc": {
          "start": {
            "line": 27,
            "column": 39
          },
          "end": {
            "line": 71,
            "column": 3
          }
        },
        "line": 27
      },
      "3": {
        "name": "(anonymous_3)",
        "decl": {
          "start": {
            "line": 37,
            "column": 31
          },
          "end": {
            "line": 37,
            "column": 32
          }
        },
        "loc": {
          "start": {
            "line": 37,
            "column": 43
          },
          "end": {
            "line": 62,
            "column": 9
          }
        },
        "line": 37
      },
      "4": {
        "name": "(anonymous_4)",
        "decl": {
          "start": {
            "line": 40,
            "column": 42
          },
          "end": {
            "line": 40,
            "column": 43
          }
        },
        "loc": {
          "start": {
            "line": 40,
            "column": 52
          },
          "end": {
            "line": 55,
            "column": 13
          }
        },
        "line": 40
      }
    },
    "branchMap": {
      "0": {
        "loc": {
          "start": {
            "line": 22,
            "column": 4
          },
          "end": {
            "line": 24,
            "column": 5
          }
        },
        "type": "if",
        "locations": [
          {
            "start": {
              "line": 22,
              "column": 4
            },
            "end": {
              "line": 24,
              "column": 5
            }
          },
          {
            "start": {
              "line": 22,
              "column": 4
            },
            "end": {
              "line": 24,
              "column": 5
            }
          }
        ],
        "line": 22
      },
      "1": {
        "loc": {
          "start": {
            "line": 32,
            "column": 6
          },
          "end": {
            "line": 67,
            "column": 7
          }
        },
        "type": "if",
        "locations": [
          {
            "start": {
              "line": 32,
              "column": 6
            },
            "end": {
              "line": 67,
              "column": 7
            }
          },
          {
            "start": {
              "line": 32,
              "column": 6
            },
            "end": {
              "line": 67,
              "column": 7
            }
          }
        ],
        "line": 32
      },
      "2": {
        "loc": {
          "start": {
            "line": 32,
            "column": 10
          },
          "end": {
            "line": 32,
            "column": 27
          }
        },
        "type": "binary-expr",
        "locations": [
          {
            "start": {
              "line": 32,
              "column": 10
            },
            "end": {
              "line": 32,
              "column": 17
            }
          },
          {
            "start": {
              "line": 32,
              "column": 21
            },
            "end": {
              "line": 32,
              "column": 27
            }
          }
        ],
        "line": 32
      },
      "3": {
        "loc": {
          "start": {
            "line": 42,
            "column": 28
          },
          "end": {
            "line": 42,
            "column": 72
          }
        },
        "type": "cond-expr",
        "locations": [
          {
            "start": {
              "line": 42,
              "column": 43
            },
            "end": {
              "line": 42,
              "column": 65
            }
          },
          {
            "start": {
              "line": 42,
              "column": 68
            },
            "end": {
              "line": 42,
              "column": 72
            }
          }
        ],
        "line": 42
      },
      "4": {
        "loc": {
          "start": {
            "line": 43,
            "column": 28
          },
          "end": {
            "line": 43,
            "column": 72
          }
        },
        "type": "cond-expr",
        "locations": [
          {
            "start": {
              "line": 43,
              "column": 43
            },
            "end": {
              "line": 43,
              "column": 65
            }
          },
          {
            "start": {
              "line": 43,
              "column": 68
            },
            "end": {
              "line": 43,
              "column": 72
            }
          }
        ],
        "line": 43
      },
      "5": {
        "loc": {
          "start": {
            "line": 46,
            "column": 14
          },
          "end": {
            "line": 54,
            "column": 15
          }
        },
        "type": "if",
        "locations": [
          {
            "start": {
              "line": 46,
              "column": 14
            },
            "end": {
              "line": 54,
              "column": 15
            }
          },
          {
            "start": {
              "line": 46,
              "column": 14
            },
            "end": {
              "line": 54,
              "column": 15
            }
          }
        ],
        "line": 46
      },
      "6": {
        "loc": {
          "start": {
            "line": 46,
            "column": 18
          },
          "end": {
            "line": 46,
            "column": 64
          }
        },
        "type": "binary-expr",
        "locations": [
          {
            "start": {
              "line": 46,
              "column": 18
            },
            "end": {
              "line": 46,
              "column": 39
            }
          },
          {
            "start": {
              "line": 46,
              "column": 43
            },
            "end": {
              "line": 46,
              "column": 64
            }
          }
        ],
        "line": 46
      },
      "7": {
        "loc": {
          "start": {
            "line": 48,
            "column": 21
          },
          "end": {
            "line": 54,
            "column": 15
          }
        },
        "type": "if",
        "locations": [
          {
            "start": {
              "line": 48,
              "column": 21
            },
            "end": {
              "line": 54,
              "column": 15
            }
          },
          {
            "start": {
              "line": 48,
              "column": 21
            },
            "end": {
              "line": 54,
              "column": 15
            }
          }
        ],
        "line": 48
      },
      "8": {
        "loc": {
          "start": {
            "line": 50,
            "column": 21
          },
          "end": {
            "line": 54,
            "column": 15
          }
        },
        "type": "if",
        "locations": [
          {
            "start": {
              "line": 50,
              "column": 21
            },
            "end": {
              "line": 54,
              "column": 15
            }
          },
          {
            "start": {
              "line": 50,
              "column": 21
            },
            "end": {
              "line": 54,
              "column": 15
            }
          }
        ],
        "line": 50
      },
      "9": {
        "loc": {
          "start": {
            "line": 56,
            "column": 12
          },
          "end": {
            "line": 58,
            "column": 13
          }
        },
        "type": "if",
        "locations": [
          {
            "start": {
              "line": 56,
              "column": 12
            },
            "end": {
              "line": 58,
              "column": 13
            }
          },
          {
            "start": {
              "line": 56,
              "column": 12
            },
            "end": {
              "line": 58,
              "column": 13
            }
          }
        ],
        "line": 56
      },
      "10": {
        "loc": {
          "start": {
            "line": 75,
            "column": 7
          },
          "end": {
            "line": 79,
            "column": 7
          }
        },
        "type": "binary-expr",
        "locations": [
          {
            "start": {
              "line": 75,
              "column": 7
            },
            "end": {
              "line": 75,
              "column": 18
            }
          },
          {
            "start": {
              "line": 76,
              "column": 8
            },
            "end": {
              "line": 78,
              "column": 14
            }
          }
        ],
        "line": 75
      },
      "11": {
        "loc": {
          "start": {
            "line": 93,
            "column": 13
          },
          "end": {
            "line": 100,
            "column": 13
          }
        },
        "type": "cond-expr",
        "locations": [
          {
            "start": {
              "line": 94,
              "column": 14
            },
            "end": {
              "line": 97,
              "column": 20
            }
          },
          {
            "start": {
              "line": 99,
              "column": 14
            },
            "end": {
              "line": 99,
              "column": 20
            }
          }
        ],
        "line": 93
      }
    },
    "s": {
      "0": 8,
      "1": 50,
      "2": 50,
      "3": 50,
      "4": 50,
      "5": 50,
      "6": 50,
      "7": 8,
      "8": 8,
      "9": 50,
      "10": 4,
      "11": 4,
      "12": 4,
      "13": 4,
      "14": 4,
      "15": 4,
      "16": 4,
      "17": 4,
      "18": 4,
      "19": 4,
      "20": 4,
      "21": 116,
      "22": 116,
      "23": 116,
      "24": 116,
      "25": 0,
      "26": 0,
      "27": 0,
      "28": 0,
      "29": 0,
      "30": 4,
      "31": 4,
      "32": 0,
      "33": 4,
      "34": 4,
      "35": 4,
      "36": 0,
      "37": 50
    },
    "f": {
      "0": 50,
      "1": 8,
      "2": 4,
      "3": 4,
      "4": 116
    },
    "b": {
      "0": [
        8,
        0
      ],
      "1": [
        4,
        0
      ],
      "2": [
        4,
        4
      ],
      "3": [
        116,
        0
      ],
      "4": [
        116,
        0
      ],
      "5": [
        116,
        0
      ],
      "6": [
        116,
        116
      ],
      "7": [
        0,
        0
      ],
      "8": [
        0,
        0
      ],
      "9": [
        4,
        0
      ],
      "10": [
        50,
        0
      ],
      "11": [
        6,
        44
      ]
    },
    "_coverageSchema": "1a1c01bbd47fc00a2c39e90264f33305004495a9",
    "hash": "407e70c1044e4f95712f707ba3c52108ed3b848c"
  },
  "D:\\00yt\\Texttovoice_Generator\\social-media\\src\\api\\update.ts": {
    "path": "D:\\00yt\\Texttovoice_Generator\\social-media\\src\\api\\update.ts",
    "statementMap": {
      "0": {
        "start": {
          "line": 4,
          "column": 26
        },
        "end": {
          "line": 27,
          "column": 1
        }
      },
      "1": {
        "start": {
          "line": 11,
          "column": 2
        },
        "end": {
          "line": 26,
          "column": 3
        }
      },
      "2": {
        "start": {
          "line": 12,
          "column": 28
        },
        "end": {
          "line": 15,
          "column": 23
        }
      },
      "3": {
        "start": {
          "line": 17,
          "column": 4
        },
        "end": {
          "line": 19,
          "column": 5
        }
      },
      "4": {
        "start": {
          "line": 18,
          "column": 6
        },
        "end": {
          "line": 18,
          "column": 18
        }
      },
      "5": {
        "start": {
          "line": 21,
          "column": 4
        },
        "end": {
          "line": 23,
          "column": 5
        }
      },
      "6": {
        "start": {
          "line": 22,
          "column": 6
        },
        "end": {
          "line": 22,
          "column": 51
        }
      },
      "7": {
        "start": {
          "line": 25,
          "column": 4
        },
        "end": {
          "line": 25,
          "column": 39
        }
      },
      "8": {
        "start": {
          "line": 29,
          "column": 25
        },
        "end": {
          "line": 53,
          "column": 1
        }
      },
      "9": {
        "start": {
          "line": 36,
          "column": 2
        },
        "end": {
          "line": 52,
          "column": 3
        }
      },
      "10": {
        "start": {
          "line": 37,
          "column": 28
        },
        "end": {
          "line": 40,
          "column": 23
        }
      },
      "11": {
        "start": {
          "line": 42,
          "column": 4
        },
        "end": {
          "line": 44,
          "column": 5
        }
      },
      "12": {
        "start": {
          "line": 43,
          "column": 6
        },
        "end": {
          "line": 43,
          "column": 18
        }
      },
      "13": {
        "start": {
          "line": 46,
          "column": 4
        },
        "end": {
          "line": 49,
          "column": 5
        }
      },
      "14": {
        "start": {
          "line": 47,
          "column": 6
        },
        "end": {
          "line": 47,
          "column": 51
        }
      },
      "15": {
        "start": {
          "line": 48,
          "column": 6
        },
        "end": {
          "line": 48,
          "column": 18
        }
      },
      "16": {
        "start": {
          "line": 51,
          "column": 4
        },
        "end": {
          "line": 51,
          "column": 39
        }
      }
    },
    "fnMap": {
      "0": {
        "name": "(anonymous_0)",
        "decl": {
          "start": {
            "line": 4,
            "column": 26
          },
          "end": {
            "line": 4,
            "column": 27
          }
        },
        "loc": {
          "start": {
            "line": 10,
            "column": 5
          },
          "end": {
            "line": 27,
            "column": 1
          }
        },
        "line": 10
      },
      "1": {
        "name": "(anonymous_1)",
        "decl": {
          "start": {
            "line": 29,
            "column": 25
          },
          "end": {
            "line": 29,
            "column": 26
          }
        },
        "loc": {
          "start": {
            "line": 35,
            "column": 5
          },
          "end": {
            "line": 53,
            "column": 1
          }
        },
        "line": 35
      }
    },
    "branchMap": {
      "0": {
        "loc": {
          "start": {
            "line": 17,
            "column": 4
          },
          "end": {
            "line": 19,
            "column": 5
          }
        },
        "type": "if",
        "locations": [
          {
            "start": {
              "line": 17,
              "column": 4
            },
            "end": {
              "line": 19,
              "column": 5
            }
          },
          {
            "start": {
              "line": 17,
              "column": 4
            },
            "end": {
              "line": 19,
              "column": 5
            }
          }
        ],
        "line": 17
      },
      "1": {
        "loc": {
          "start": {
            "line": 21,
            "column": 4
          },
          "end": {
            "line": 23,
            "column": 5
          }
        },
        "type": "if",
        "locations": [
          {
            "start": {
              "line": 21,
              "column": 4
            },
            "end": {
              "line": 23,
              "column": 5
            }
          },
          {
            "start": {
              "line": 21,
              "column": 4
            },
            "end": {
              "line": 23,
              "column": 5
            }
          }
        ],
        "line": 21
      },
      "2": {
        "loc": {
          "start": {
            "line": 42,
            "column": 4
          },
          "end": {
            "line": 44,
            "column": 5
          }
        },
        "type": "if",
        "locations": [
          {
            "start": {
              "line": 42,
              "column": 4
            },
            "end": {
              "line": 44,
              "column": 5
            }
          },
          {
            "start": {
              "line": 42,
              "column": 4
            },
            "end": {
              "line": 44,
              "column": 5
            }
          }
        ],
        "line": 42
      },
      "3": {
        "loc": {
          "start": {
            "line": 46,
            "column": 4
          },
          "end": {
            "line": 49,
            "column": 5
          }
        },
        "type": "if",
        "locations": [
          {
            "start": {
              "line": 46,
              "column": 4
            },
            "end": {
              "line": 49,
              "column": 5
            }
          },
          {
            "start": {
              "line": 46,
              "column": 4
            },
            "end": {
              "line": 49,
              "column": 5
            }
          }
        ],
        "line": 46
      }
    },
    "s": {
      "0": 8,
      "1": 0,
      "2": 0,
      "3": 0,
      "4": 0,
      "5": 0,
      "6": 0,
      "7": 0,
      "8": 8,
      "9": 0,
      "10": 0,
      "11": 0,
      "12": 0,
      "13": 0,
      "14": 0,
      "15": 0,
      "16": 0
    },
    "f": {
      "0": 0,
      "1": 0
    },
    "b": {
      "0": [
        0,
        0
      ],
      "1": [
        0,
        0
      ],
      "2": [
        0,
        0
      ],
      "3": [
        0,
        0
      ]
    },
    "_coverageSchema": "1a1c01bbd47fc00a2c39e90264f33305004495a9",
    "hash": "ce21edf546e8d38b64b8723c5b154e38ec4da75d"
  },
  "D:\\00yt\\Texttovoice_Generator\\social-media\\src\\hooks\\useFileUpload.tsx": {
    "path": "D:\\00yt\\Texttovoice_Generator\\social-media\\src\\hooks\\useFileUpload.tsx",
    "statementMap": {
      "0": {
        "start": {
          "line": 5,
          "column": 17
        },
        "end": {
          "line": 8,
          "column": 1
        }
      },
      "1": {
        "start": {
          "line": 11,
          "column": 46
        },
        "end": {
          "line": 11,
          "column": 64
        }
      },
      "2": {
        "start": {
          "line": 12,
          "column": 40
        },
        "end": {
          "line": 12,
          "column": 59
        }
      },
      "3": {
        "start": {
          "line": 13,
          "column": 21
        },
        "end": {
          "line": 29,
          "column": 3
        }
      },
      "4": {
        "start": {
          "line": 18,
          "column": 4
        },
        "end": {
          "line": 23,
          "column": 5
        }
      },
      "5": {
        "start": {
          "line": 19,
          "column": 6
        },
        "end": {
          "line": 19,
          "column": 27
        }
      },
      "6": {
        "start": {
          "line": 20,
          "column": 6
        },
        "end": {
          "line": 20,
          "column": 69
        }
      },
      "7": {
        "start": {
          "line": 22,
          "column": 6
        },
        "end": {
          "line": 22,
          "column": 34
        }
      },
      "8": {
        "start": {
          "line": 25,
          "column": 21
        },
        "end": {
          "line": 25,
          "column": 77
        }
      },
      "9": {
        "start": {
          "line": 26,
          "column": 17
        },
        "end": {
          "line": 26,
          "column": 31
        }
      },
      "10": {
        "start": {
          "line": 27,
          "column": 4
        },
        "end": {
          "line": 27,
          "column": 28
        }
      },
      "11": {
        "start": {
          "line": 28,
          "column": 4
        },
        "end": {
          "line": 28,
          "column": 26
        }
      },
      "12": {
        "start": {
          "line": 30,
          "column": 2
        },
        "end": {
          "line": 30,
          "column": 53
        }
      }
    },
    "fnMap": {
      "0": {
        "name": "useFileUpload",
        "decl": {
          "start": {
            "line": 10,
            "column": 9
          },
          "end": {
            "line": 10,
            "column": 22
          }
        },
        "loc": {
          "start": {
            "line": 10,
            "column": 25
          },
          "end": {
            "line": 31,
            "column": 1
          }
        },
        "line": 10
      },
      "1": {
        "name": "(anonymous_1)",
        "decl": {
          "start": {
            "line": 13,
            "column": 21
          },
          "end": {
            "line": 13,
            "column": 22
          }
        },
        "loc": {
          "start": {
            "line": 17,
            "column": 7
          },
          "end": {
            "line": 29,
            "column": 3
          }
        },
        "line": 17
      }
    },
    "branchMap": {},
    "s": {
      "0": 8,
      "1": 12,
      "2": 12,
      "3": 12,
      "4": 0,
      "5": 0,
      "6": 0,
      "7": 0,
      "8": 0,
      "9": 0,
      "10": 0,
      "11": 0,
      "12": 12
    },
    "f": {
      "0": 12,
      "1": 0
    },
    "b": {},
    "_coverageSchema": "1a1c01bbd47fc00a2c39e90264f33305004495a9",
    "hash": "0dbc8c2e5cb6499feff56a38d9219249857fbc1a"
  },
  "D:\\00yt\\Texttovoice_Generator\\social-media\\src\\Components\\ProfileComp\\Profile.tsx": {
    "path": "D:\\00yt\\Texttovoice_Generator\\social-media\\src\\Components\\ProfileComp\\Profile.tsx",
    "statementMap": {
      "0": {
        "start": {
          "line": 14,
          "column": 26
        },
        "end": {
          "line": 314,
          "column": 1
        }
      },
      "1": {
        "start": {
          "line": 22,
          "column": 6
        },
        "end": {
          "line": 22,
          "column": 28
        }
      },
      "2": {
        "start": {
          "line": 23,
          "column": 36
        },
        "end": {
          "line": 23,
          "column": 55
        }
      },
      "3": {
        "start": {
          "line": 24,
          "column": 46
        },
        "end": {
          "line": 24,
          "column": 61
        }
      },
      "4": {
        "start": {
          "line": 25,
          "column": 44
        },
        "end": {
          "line": 25,
          "column": 67
        }
      },
      "5": {
        "start": {
          "line": 26,
          "column": 34
        },
        "end": {
          "line": 26,
          "column": 46
        }
      },
      "6": {
        "start": {
          "line": 27,
          "column": 19
        },
        "end": {
          "line": 27,
          "column": 32
        }
      },
      "7": {
        "start": {
          "line": 28,
          "column": 23
        },
        "end": {
          "line": 28,
          "column": 53
        }
      },
      "8": {
        "start": {
          "line": 29,
          "column": 28
        },
        "end": {
          "line": 29,
          "column": 56
        }
      },
      "9": {
        "start": {
          "line": 30,
          "column": 26
        },
        "end": {
          "line": 30,
          "column": 41
        }
      },
      "10": {
        "start": {
          "line": 31,
          "column": 34
        },
        "end": {
          "line": 31,
          "column": 63
        }
      },
      "11": {
        "start": {
          "line": 32,
          "column": 34
        },
        "end": {
          "line": 32,
          "column": 63
        }
      },
      "12": {
        "start": {
          "line": 33,
          "column": 40
        },
        "end": {
          "line": 33,
          "column": 64
        }
      },
      "13": {
        "start": {
          "line": 34,
          "column": 40
        },
        "end": {
          "line": 36,
          "column": 3
        }
      },
      "14": {
        "start": {
          "line": 38,
          "column": 54
        },
        "end": {
          "line": 38,
          "column": 69
        }
      },
      "15": {
        "start": {
          "line": 40,
          "column": 2
        },
        "end": {
          "line": 61,
          "column": 39
        }
      },
      "16": {
        "start": {
          "line": 41,
          "column": 18
        },
        "end": {
          "line": 41,
          "column": 29
        }
      },
      "17": {
        "start": {
          "line": 42,
          "column": 16
        },
        "end": {
          "line": 42,
          "column": 17
        }
      },
      "18": {
        "start": {
          "line": 43,
          "column": 4
        },
        "end": {
          "line": 47,
          "column": 7
        }
      },
      "19": {
        "start": {
          "line": 44,
          "column": 6
        },
        "end": {
          "line": 46,
          "column": 7
        }
      },
      "20": {
        "start": {
          "line": 45,
          "column": 8
        },
        "end": {
          "line": 45,
          "column": 16
        }
      },
      "21": {
        "start": {
          "line": 48,
          "column": 4
        },
        "end": {
          "line": 48,
          "column": 24
        }
      },
      "22": {
        "start": {
          "line": 51,
          "column": 29
        },
        "end": {
          "line": 51,
          "column": 33
        }
      },
      "23": {
        "start": {
          "line": 52,
          "column": 34
        },
        "end": {
          "line": 52,
          "column": 38
        }
      },
      "24": {
        "start": {
          "line": 53,
          "column": 4
        },
        "end": {
          "line": 58,
          "column": 5
        }
      },
      "25": {
        "start": {
          "line": 54,
          "column": 6
        },
        "end": {
          "line": 57,
          "column": 7
        }
      },
      "26": {
        "start": {
          "line": 55,
          "column": 8
        },
        "end": {
          "line": 55,
          "column": 27
        }
      },
      "27": {
        "start": {
          "line": 56,
          "column": 8
        },
        "end": {
          "line": 56,
          "column": 33
        }
      },
      "28": {
        "start": {
          "line": 59,
          "column": 4
        },
        "end": {
          "line": 59,
          "column": 21
        }
      },
      "29": {
        "start": {
          "line": 60,
          "column": 4
        },
        "end": {
          "line": 60,
          "column": 26
        }
      },
      "30": {
        "start": {
          "line": 63,
          "column": 2
        },
        "end": {
          "line": 67,
          "column": 31
        }
      },
      "31": {
        "start": {
          "line": 64,
          "column": 4
        },
        "end": {
          "line": 66,
          "column": 5
        }
      },
      "32": {
        "start": {
          "line": 65,
          "column": 6
        },
        "end": {
          "line": 65,
          "column": 26
        }
      },
      "33": {
        "start": {
          "line": 69,
          "column": 19
        },
        "end": {
          "line": 94,
          "column": 3
        }
      },
      "34": {
        "start": {
          "line": 70,
          "column": 4
        },
        "end": {
          "line": 93,
          "column": 5
        }
      },
      "35": {
        "start": {
          "line": 71,
          "column": 6
        },
        "end": {
          "line": 90,
          "column": 7
        }
      },
      "36": {
        "start": {
          "line": 72,
          "column": 8
        },
        "end": {
          "line": 78,
          "column": 10
        }
      },
      "37": {
        "start": {
          "line": 79,
          "column": 8
        },
        "end": {
          "line": 89,
          "column": 11
        }
      },
      "38": {
        "start": {
          "line": 80,
          "column": 25
        },
        "end": {
          "line": 80,
          "column": 34
        }
      },
      "39": {
        "start": {
          "line": 81,
          "column": 10
        },
        "end": {
          "line": 87,
          "column": 11
        }
      },
      "40": {
        "start": {
          "line": 82,
          "column": 12
        },
        "end": {
          "line": 86,
          "column": 13
        }
      },
      "41": {
        "start": {
          "line": 83,
          "column": 14
        },
        "end": {
          "line": 85,
          "column": 15
        }
      },
      "42": {
        "start": {
          "line": 84,
          "column": 16
        },
        "end": {
          "line": 84,
          "column": 46
        }
      },
      "43": {
        "start": {
          "line": 88,
          "column": 10
        },
        "end": {
          "line": 88,
          "column": 24
        }
      },
      "44": {
        "start": {
          "line": 92,
          "column": 6
        },
        "end": {
          "line": 92,
          "column": 34
        }
      },
      "45": {
        "start": {
          "line": 96,
          "column": 2
        },
        "end": {
          "line": 100,
          "column": 23
        }
      },
      "46": {
        "start": {
          "line": 97,
          "column": 4
        },
        "end": {
          "line": 99,
          "column": 5
        }
      },
      "47": {
        "start": {
          "line": 98,
          "column": 6
        },
        "end": {
          "line": 98,
          "column": 17
        }
      },
      "48": {
        "start": {
          "line": 107,
          "column": 19
        },
        "end": {
          "line": 143,
          "column": 3
        }
      },
      "49": {
        "start": {
          "line": 108,
          "column": 4
        },
        "end": {
          "line": 108,
          "column": 28
        }
      },
      "50": {
        "start": {
          "line": 109,
          "column": 4
        },
        "end": {
          "line": 113,
          "column": 5
        }
      },
      "51": {
        "start": {
          "line": 110,
          "column": 25
        },
        "end": {
          "line": 110,
          "column": 46
        }
      },
      "52": {
        "start": {
          "line": 111,
          "column": 23
        },
        "end": {
          "line": 111,
          "column": 54
        }
      },
      "53": {
        "start": {
          "line": 112,
          "column": 6
        },
        "end": {
          "line": 112,
          "column": 60
        }
      },
      "54": {
        "start": {
          "line": 114,
          "column": 4
        },
        "end": {
          "line": 137,
          "column": 5
        }
      },
      "55": {
        "start": {
          "line": 115,
          "column": 6
        },
        "end": {
          "line": 136,
          "column": 7
        }
      },
      "56": {
        "start": {
          "line": 116,
          "column": 8
        },
        "end": {
          "line": 133,
          "column": 9
        }
      },
      "57": {
        "start": {
          "line": 117,
          "column": 10
        },
        "end": {
          "line": 123,
          "column": 12
        }
      },
      "58": {
        "start": {
          "line": 124,
          "column": 10
        },
        "end": {
          "line": 132,
          "column": 13
        }
      },
      "59": {
        "start": {
          "line": 125,
          "column": 27
        },
        "end": {
          "line": 125,
          "column": 36
        }
      },
      "60": {
        "start": {
          "line": 126,
          "column": 12
        },
        "end": {
          "line": 130,
          "column": 13
        }
      },
      "61": {
        "start": {
          "line": 127,
          "column": 14
        },
        "end": {
          "line": 129,
          "column": 15
        }
      },
      "62": {
        "start": {
          "line": 128,
          "column": 16
        },
        "end": {
          "line": 128,
          "column": 41
        }
      },
      "63": {
        "start": {
          "line": 131,
          "column": 12
        },
        "end": {
          "line": 131,
          "column": 26
        }
      },
      "64": {
        "start": {
          "line": 135,
          "column": 8
        },
        "end": {
          "line": 135,
          "column": 40
        }
      },
      "65": {
        "start": {
          "line": 139,
          "column": 4
        },
        "end": {
          "line": 139,
          "column": 20
        }
      },
      "66": {
        "start": {
          "line": 141,
          "column": 4
        },
        "end": {
          "line": 141,
          "column": 19
        }
      },
      "67": {
        "start": {
          "line": 142,
          "column": 4
        },
        "end": {
          "line": 142,
          "column": 29
        }
      },
      "68": {
        "start": {
          "line": 145,
          "column": 23
        },
        "end": {
          "line": 147,
          "column": 3
        }
      },
      "69": {
        "start": {
          "line": 146,
          "column": 4
        },
        "end": {
          "line": 146,
          "column": 19
        }
      },
      "70": {
        "start": {
          "line": 149,
          "column": 27
        },
        "end": {
          "line": 151,
          "column": 3
        }
      },
      "71": {
        "start": {
          "line": 150,
          "column": 4
        },
        "end": {
          "line": 150,
          "column": 27
        }
      },
      "72": {
        "start": {
          "line": 153,
          "column": 21
        },
        "end": {
          "line": 159,
          "column": 3
        }
      },
      "73": {
        "start": {
          "line": 154,
          "column": 4
        },
        "end": {
          "line": 154,
          "column": 23
        }
      },
      "74": {
        "start": {
          "line": 155,
          "column": 17
        },
        "end": {
          "line": 155,
          "column": 40
        }
      },
      "75": {
        "start": {
          "line": 156,
          "column": 4
        },
        "end": {
          "line": 158,
          "column": 5
        }
      },
      "76": {
        "start": {
          "line": 157,
          "column": 6
        },
        "end": {
          "line": 157,
          "column": 29
        }
      },
      "77": {
        "start": {
          "line": 161,
          "column": 36
        },
        "end": {
          "line": 165,
          "column": 3
        }
      },
      "78": {
        "start": {
          "line": 162,
          "column": 4
        },
        "end": {
          "line": 164,
          "column": 5
        }
      },
      "79": {
        "start": {
          "line": 163,
          "column": 6
        },
        "end": {
          "line": 163,
          "column": 35
        }
      },
      "80": {
        "start": {
          "line": 167,
          "column": 29
        },
        "end": {
          "line": 169,
          "column": 3
        }
      },
      "81": {
        "start": {
          "line": 168,
          "column": 4
        },
        "end": {
          "line": 168,
          "column": 25
        }
      },
      "82": {
        "start": {
          "line": 171,
          "column": 23
        },
        "end": {
          "line": 190,
          "column": 3
        }
      },
      "83": {
        "start": {
          "line": 172,
          "column": 4
        },
        "end": {
          "line": 172,
          "column": 26
        }
      },
      "84": {
        "start": {
          "line": 173,
          "column": 22
        },
        "end": {
          "line": 173,
          "column": 51
        }
      },
      "85": {
        "start": {
          "line": 174,
          "column": 4
        },
        "end": {
          "line": 174,
          "column": 47
        }
      },
      "86": {
        "start": {
          "line": 175,
          "column": 4
        },
        "end": {
          "line": 175,
          "column": 37
        }
      },
      "87": {
        "start": {
          "line": 176,
          "column": 4
        },
        "end": {
          "line": 185,
          "column": 7
        }
      },
      "88": {
        "start": {
          "line": 186,
          "column": 4
        },
        "end": {
          "line": 188,
          "column": 5
        }
      },
      "89": {
        "start": {
          "line": 187,
          "column": 6
        },
        "end": {
          "line": 187,
          "column": 42
        }
      },
      "90": {
        "start": {
          "line": 189,
          "column": 4
        },
        "end": {
          "line": 189,
          "column": 27
        }
      },
      "91": {
        "start": {
          "line": 192,
          "column": 2
        },
        "end": {
          "line": 313,
          "column": 4
        }
      },
      "92": {
        "start": {
          "line": 209,
          "column": 27
        },
        "end": {
          "line": 209,
          "column": 54
        }
      },
      "93": {
        "start": {
          "line": 219,
          "column": 12
        },
        "end": {
          "line": 221,
          "column": 13
        }
      },
      "94": {
        "start": {
          "line": 220,
          "column": 14
        },
        "end": {
          "line": 220,
          "column": 50
        }
      },
      "95": {
        "start": {
          "line": 229,
          "column": 29
        },
        "end": {
          "line": 229,
          "column": 47
        }
      },
      "96": {
        "start": {
          "line": 296,
          "column": 27
        },
        "end": {
          "line": 296,
          "column": 40
        }
      }
    },
    "fnMap": {
      "0": {
        "name": "(anonymous_0)",
        "decl": {
          "start": {
            "line": 14,
            "column": 26
          },
          "end": {
            "line": 14,
            "column": 27
          }
        },
        "loc": {
          "start": {
            "line": 14,
            "column": 32
          },
          "end": {
            "line": 314,
            "column": 1
          }
        },
        "line": 14
      },
      "1": {
        "name": "(anonymous_1)",
        "decl": {
          "start": {
            "line": 40,
            "column": 12
          },
          "end": {
            "line": 40,
            "column": 13
          }
        },
        "loc": {
          "start": {
            "line": 40,
            "column": 18
          },
          "end": {
            "line": 61,
            "column": 3
          }
        },
        "line": 40
      },
      "2": {
        "name": "(anonymous_2)",
        "decl": {
          "start": {
            "line": 43,
            "column": 15
          },
          "end": {
            "line": 43,
            "column": 16
          }
        },
        "loc": {
          "start": {
            "line": 43,
            "column": 25
          },
          "end": {
            "line": 47,
            "column": 5
          }
        },
        "line": 43
      },
      "3": {
        "name": "(anonymous_3)",
        "decl": {
          "start": {
            "line": 63,
            "column": 12
          },
          "end": {
            "line": 63,
            "column": 13
          }
        },
        "loc": {
          "start": {
            "line": 63,
            "column": 18
          },
          "end": {
            "line": 67,
            "column": 3
          }
        },
        "line": 63
      },
      "4": {
        "name": "(anonymous_4)",
        "decl": {
          "start": {
            "line": 69,
            "column": 19
          },
          "end": {
            "line": 69,
            "column": 20
          }
        },
        "loc": {
          "start": {
            "line": 69,
            "column": 31
          },
          "end": {
            "line": 94,
            "column": 3
          }
        },
        "line": 69
      },
      "5": {
        "name": "(anonymous_5)",
        "decl": {
          "start": {
            "line": 79,
            "column": 19
          },
          "end": {
            "line": 79,
            "column": 20
          }
        },
        "loc": {
          "start": {
            "line": 79,
            "column": 29
          },
          "end": {
            "line": 89,
            "column": 9
          }
        },
        "line": 79
      },
      "6": {
        "name": "(anonymous_6)",
        "decl": {
          "start": {
            "line": 96,
            "column": 12
          },
          "end": {
            "line": 96,
            "column": 13
          }
        },
        "loc": {
          "start": {
            "line": 96,
            "column": 18
          },
          "end": {
            "line": 100,
            "column": 3
          }
        },
        "line": 96
      },
      "7": {
        "name": "(anonymous_7)",
        "decl": {
          "start": {
            "line": 107,
            "column": 19
          },
          "end": {
            "line": 107,
            "column": 20
          }
        },
        "loc": {
          "start": {
            "line": 107,
            "column": 31
          },
          "end": {
            "line": 143,
            "column": 3
          }
        },
        "line": 107
      },
      "8": {
        "name": "(anonymous_8)",
        "decl": {
          "start": {
            "line": 124,
            "column": 21
          },
          "end": {
            "line": 124,
            "column": 22
          }
        },
        "loc": {
          "start": {
            "line": 124,
            "column": 31
          },
          "end": {
            "line": 132,
            "column": 11
          }
        },
        "line": 124
      },
      "9": {
        "name": "(anonymous_9)",
        "decl": {
          "start": {
            "line": 145,
            "column": 23
          },
          "end": {
            "line": 145,
            "column": 24
          }
        },
        "loc": {
          "start": {
            "line": 145,
            "column": 29
          },
          "end": {
            "line": 147,
            "column": 3
          }
        },
        "line": 145
      },
      "10": {
        "name": "(anonymous_10)",
        "decl": {
          "start": {
            "line": 149,
            "column": 27
          },
          "end": {
            "line": 149,
            "column": 28
          }
        },
        "loc": {
          "start": {
            "line": 149,
            "column": 43
          },
[...]
          }
        ],
        "line": 258
      }
    },
    "s": {
      "0": 8,
      "1": 8,
      "2": 4,
      "3": 8,
      "4": 8,
      "5": 8,
      "6": 8,
      "7": 8,
      "8": 8,
      "9": 8,
      "10": 8,
      "11": 8,
      "12": 8,
      "13": 4,
      "14": 0,
      "15": 4,
      "16": 8,
      "17": 4,
      "18": 4,
      "19": 8,
      "20": 4,
      "21": 0,
      "22": 0,
      "23": 4,
      "24": 4,
      "25": 0,
      "26": 0,
      "27": 0,
      "28": 0,
      "29": 0,
      "30": 0,
      "31": 0,
      "32": 0,
      "33": 0,
      "34": 4,
      "35": 8,
      "36": 4,
      "37": 4,
      "38": 4,
      "39": 4,
      "40": 0,
      "41": 4,
      "42": 8,
      "43": 0,
      "44": 0,
      "45": 0,
      "46": 0,
      "47": 0,
      "48": 0,
      "49": 8,
      "50": 0,
      "51": 0,
      "52": 0,
      "53": 0,
      "54": 0,
      "55": 8,
      "56": 0,
      "57": 0,
      "58": 0,
      "59": 0,
      "60": 4,
      "61": 0
    },
    "f": {
      "0": 8,
      "1": 4,
      "2": 4,
      "3": 4,
      "4": 4,
      "5": 0,
      "6": 0,
      "7": 4,
      "8": 4,
      "9": 0,
      "10": 0,
      "11": 0,
      "12": 0,
      "13": 0,
      "14": 0,
      "15": 0,
      "16": 0,
      "17": 4,
      "18": 0
    },
    "b": {
      "0": [
        0,
        4
      ],
      "1": [
        4,
        0
      ],
      "2": [
        0,
        4
      ],
      "3": [
        0,
        4
      ],
      "4": [
        4,
        0
      ],
      "5": [
        0,
        0
      ],
      "6": [
        4,
        4
      ],
      "7": [
        4,
        0
      ],
      "8": [
        4,
        0
      ],
      "9": [
        0,
        0
      ],
      "10": [
        0,
        0
      ]
    },
    "_coverageSchema": "1a1c01bbd47fc00a2c39e90264f33305004495a9",
    "hash": "dafa405708a0b956b1e55288e6cd4908ee2a1511"
  },
  "D:\\00yt\\Texttovoice_Generator\\social-media\\src\\Components\\Navbar.tsx": {
    "path": "D:\\00yt\\Texttovoice_Generator\\social-media\\src\\Components\\Navbar.tsx",
    "statementMap": {
      "0": {
        "start": {
          "line": 21,
          "column": 43
        },
        "end": {
          "line": 21,
          "column": 49
        }
      },
      "1": {
        "start": {
          "line": 23,
          "column": 25
        },
        "end": {
          "line": 144,
          "column": 1
        }
      },
      "2": {
        "start": {
          "line": 24,
          "column": 37
        },
        "end": {
          "line": 24,
          "column": 56
        }
      },
      "3": {
        "start": {
          "line": 25,
          "column": 40
        },
        "end": {
          "line": 25,
          "column": 64
        }
      },
      "4": {
        "start": {
          "line": 28,
          "column": 6
        },
        "end": {
          "line": 28,
          "column": 22
        }
      },
      "5": {
        "start": {
          "line": 30,
          "column": 4
        },
        "end": {
          "line": 30,
          "column": 26
        }
      },
      "6": {
        "start": {
          "line": 31,
          "column": 19
        },
        "end": {
          "line": 31,
          "column": 32
        }
      },
      "7": {
        "start": {
          "line": 32,
          "column": 2
        },
        "end": {
          "line": 36,
          "column": 31
        }
      },
      "8": {
        "start": {
          "line": 33,
          "column": 4
        },
        "end": {
          "line": 35,
          "column": 5
        }
      },
      "9": {
        "start": {
          "line": 34,
          "column": 6
        },
        "end": {
          "line": 34,
          "column": 24
        }
      },
      "10": {
        "start": {
          "line": 37,
          "column": 2
        },
        "end": {
          "line": 51,
          "column": 17
        }
      },
      "11": {
        "start": {
          "line": 38,
          "column": 19
        },
        "end": {
          "line": 49,
          "column": 5
        }
      },
      "12": {
        "start": {
          "line": 39,
          "column": 6
        },
        "end": {
          "line": 48,
          "column": 7
        }
      },
      "13": {
        "start": {
          "line": 40,
          "column": 8
        },
        "end": {
          "line": 45,
          "column": 9
        }
      },
      "14": {
        "start": {
          "line": 41,
          "column": 22
        },
        "end": {
          "line": 41,
          "column": 44
        }
      },
      "15": {
        "start": {
          "line": 42,
          "column": 10
        },
        "end": {
          "line": 44,
          "column": 11
        }
      },
      "16": {
        "start": {
          "line": 43,
          "column": 12
        },
        "end": {
          "line": 43,
          "column": 28
        }
      },
      "17": {
        "start": {
          "line": 47,
          "column": 8
        },
        "end": {
          "line": 47,
          "column": 48
        }
      },
      "18": {
        "start": {
          "line": 50,
          "column": 4
        },
        "end": {
          "line": 50,
          "column": 13
        }
      },
      "19": {
        "start": {
          "line": 52,
          "column": 23
        },
        "end": {
          "line": 71,
          "column": 3
        }
      },
      "20": {
        "start": {
          "line": 53,
          "column": 4
        },
        "end": {
          "line": 53,
          "column": 26
        }
      },
      "21": {
        "start": {
          "line": 54,
          "column": 22
        },
        "end": {
          "line": 54,
          "column": 51
        }
      },
      "22": {
        "start": {
          "line": 55,
          "column": 4
        },
        "end": {
          "line": 55,
          "column": 47
        }
      },
      "23": {
        "start": {
          "line": 56,
          "column": 4
        },
        "end": {
          "line": 56,
          "column": 37
        }
      },
      "24": {
        "start": {
          "line": 57,
          "column": 4
        },
        "end": {
          "line": 66,
          "column": 7
        }
      },
      "25": {
        "start": {
          "line": 67,
          "column": 4
        },
        "end": {
          "line": 69,
          "column": 5
        }
      },
      "26": {
        "start": {
          "line": 68,
          "column": 6
        },
        "end": {
          "line": 68,
          "column": 42
        }
      },
      "27": {
        "start": {
          "line": 70,
          "column": 4
        },
        "end": {
          "line": 70,
          "column": 27
        }
      },
      "28": {
        "start": {
          "line": 73,
          "column": 18
        },
        "end": {
          "line": 95,
          "column": 3
        }
      },
      "29": {
        "start": {
          "line": 97,
          "column": 25
        },
        "end": {
          "line": 100,
          "column": 3
        }
      },
      "30": {
        "start": {
          "line": 98,
          "column": 23
        },
        "end": {
          "line": 98,
          "column": 36
        }
      },
      "31": {
        "start": {
          "line": 99,
          "column": 4
        },
        "end": {
          "line": 99,
          "column": 38
        }
      },
      "32": {
        "start": {
          "line": 102,
          "column": 2
        },
        "end": {
          "line": 143,
          "column": 4
        }
      },
      "33": {
        "start": {
          "line": 114,
          "column": 12
        },
        "end": {
          "line": 119,
          "column": 24
        }
      }
    },
    "fnMap": {
      "0": {
        "name": "(anonymous_0)",
        "decl": {
          "start": {
            "line": 23,
            "column": 25
          },
          "end": {
            "line": 23,
            "column": 26
          }
        },
        "loc": {
          "start": {
            "line": 23,
            "column": 31
          },
          "end": {
            "line": 144,
            "column": 1
          }
        },
        "line": 23
      },
      "1": {
        "name": "(anonymous_1)",
        "decl": {
          "start": {
            "line": 32,
            "column": 12
          },
          "end": {
            "line": 32,
            "column": 13
          }
        },
        "loc": {
          "start": {
            "line": 32,
            "column": 18
          },
          "end": {
            "line": 36,
            "column": 3
          }
        },
        "line": 32
      },
      "2": {
        "name": "(anonymous_2)",
        "decl": {
          "start": {
            "line": 37,
            "column": 12
          },
          "end": {
            "line": 37,
            "column": 13
          }
        },
        "loc": {
          "start": {
            "line": 37,
            "column": 18
          },
          "end": {
            "line": 51,
            "column": 3
          }
        },
        "line": 37
      },
      "3": {
        "name": "(anonymous_3)",
        "decl": {
          "start": {
            "line": 38,
            "column": 19
          },
          "end": {
            "line": 38,
            "column": 20
          }
        },
        "loc": {
          "start": {
            "line": 38,
            "column": 31
          },
          "end": {
            "line": 49,
            "column": 5
          }
        },
        "line": 38
      },
      "4": {
        "name": "(anonymous_4)",
        "decl": {
          "start": {
            "line": 52,
            "column": 23
          },
          "end": {
            "line": 52,
            "column": 24
          }
        },
        "loc": {
          "start": {
            "line": 52,
            "column": 35
          },
          "end": {
            "line": 71,
            "column": 3
          }
        },
        "line": 52
      },
      "5": {
        "name": "(anonymous_5)",
        "decl": {
          "start": {
            "line": 97,
            "column": 25
          },
          "end": {
            "line": 97,
            "column": 26
          }
        },
        "loc": {
          "start": {
            "line": 97,
            "column": 58
          },
          "end": {
            "line": 100,
            "column": 3
          }
        },
        "line": 97
      },
      "6": {
        "name": "(anonymous_6)",
        "decl": {
          "start": {
            "line": 113,
            "column": 23
          },
          "end": {
            "line": 113,
            "column": 24
          }
        },
        "loc": {
          "start": {
            "line": 114,
            "column": 12
          },
          "end": {
            "line": 119,
            "column": 24
          }
        },
        "line": 114
      }
    },
    "branchMap": {
      "0": {
        "loc": {
          "start": {
            "line": 33,
            "column": 4
          },
          "end": {
            "line": 35,
            "column": 5
          }
        },
        "type": "if",
        "locations": [
          {
            "start": {
              "line": 33,
              "column": 4
            },
            "end": {
              "line": 35,
              "column": 5
            }
          },
          {
            "start": {
              "line": 33,
              "column": 4
            },
            "end": {
              "line": 35,
              "column": 5
            }
          }
        ],
        "line": 33
      },
      "1": {
        "loc": {
          "start": {
            "line": 40,
            "column": 8
          },
          "end": {
            "line": 45,
            "column": 9
          }
        },
        "type": "if",
        "locations": [
          {
            "start": {
              "line": 40,
              "column": 8
            },
            "end": {
              "line": 45,
              "column": 9
            }
          },
          {
            "start": {
              "line": 40,
              "column": 8
            },
            "end": {
              "line": 45,
              "column": 9
            }
          }
        ],
        "line": 40
      },
      "2": {
        "loc": {
          "start": {
            "line": 42,
            "column": 10
          },
          "end": {
            "line": 44,
            "column": 11
          }
        },
        "type": "if",
        "locations": [
          {
            "start": {
              "line": 42,
              "column": 10
            },
            "end": {
              "line": 44,
              "column": 11
            }
          },
          {
            "start": {
              "line": 42,
              "column": 10
            },
            "end": {
              "line": 44,
              "column": 11
            }
          }
        ],
        "line": 42
      },
      "3": {
        "loc": {
          "start": {
            "line": 67,
            "column": 4
          },
          "end": {
            "line": 69,
            "column": 5
          }
        },
        "type": "if",
        "locations": [
          {
            "start": {
              "line": 67,
              "column": 4
            },
            "end": {
              "line": 69,
              "column": 5
            }
          },
          {
            "start": {
              "line": 67,
              "column": 4
            },
            "end": {
              "line": 69,
              "column": 5
            }
          }
        ],
        "line": 67
      },
      "4": {
        "loc": {
          "start": {
            "line": 90,
            "column": 13
          },
          "end": {
            "line": 90,
            "column": 53
          }
        },
        "type": "cond-expr",
        "locations": [
          {
            "start": {
              "line": 90,
              "column": 26
            },
            "end": {
              "line": 90,
              "column": 42
            }
          },
          {
            "start": {
              "line": 90,
              "column": 45
            },
            "end": {
              "line": 90,
              "column": 53
            }
          }
        ],
        "line": 90
      }
    },
    "s": {
      "0": 8,
      "1": 8,
      "2": 80,
      "3": 80,
      "4": 80,
      "5": 80,
      "6": 80,
      "7": 80,
      "8": 8,
      "9": 0,
      "10": 80,
      "11": 8,
      "12": 8,
      "13": 8,
      "14": 8,
      "15": 8,
      "16": 8,
      "17": 0,
      "18": 8,
      "19": 80,
      "20": 4,
      "21": 4,
      "22": 4,
      "23": 4,
      "24": 4,
      "25": 4,
      "26": 0,
      "27": 4,
      "28": 80,
      "29": 80,
      "30": 32,
      "31": 32,
      "32": 80,
      "33": 480
    },
    "f": {
      "0": 80,
      "1": 8,
      "2": 8,
      "3": 8,
      "4": 4,
      "5": 32,
      "6": 480
    },
    "b": {
      "0": [
        0,
        8
      ],
      "1": [
        8,
        0
      ],
      "2": [
        8,
        0
      ],
      "3": [
        0,
        4
      ],
      "4": [
        4,
        76
      ]
    },
    "_coverageSchema": "1a1c01bbd47fc00a2c39e90264f33305004495a9",
    "hash": "4092fe42d10ed6ca5524423bc16a4b104c948f52"
  },
  "D:\\00yt\\Texttovoice_Generator\\social-media\\src\\Common\\Links.tsx": {
    "path": "D:\\00yt\\Texttovoice_Generator\\social-media\\src\\Common\\Links.tsx",
    "statementMap": {
      "0": {
        "start": {
          "line": 11,
          "column": 21
        },
        "end": {
          "line": 60,
          "column": 1
        }
      }
    },
    "fnMap": {},
    "branchMap": {},
    "s": {
      "0": 8
    },
    "f": {},
    "b": {},
    "_coverageSchema": "1a1c01bbd47fc00a2c39e90264f33305004495a9",
    "hash": "8445113c04ba8ce8d15ede753bfca4ab95847c70"
  },
  "D:\\00yt\\Texttovoice_Generator\\social-media\\src\\Common\\Routers.tsx": {
    "path": "D:\\00yt\\Texttovoice_Generator\\social-media\\src\\Common\\Routers.tsx",
    "statementMap": {
      "0": {
        "start": {
          "line": 5,
          "column": 16
        },
        "end": {
          "line": 15,
          "column": 1
        }
      },
      "1": {
        "start": {
          "line": 6,
          "column": 2
        },
        "end": {
          "line": 14,
          "column": 4
        }
      },
      "2": {
        "start": {
          "line": 10,
          "column": 10
        },
        "end": {
          "line": 10,
          "column": 77
        }
      }
    },
    "fnMap": {
      "0": {
        "name": "(anonymous_0)",
        "decl": {
          "start": {
            "line": 5,
            "column": 16
          },
          "end": {
            "line": 5,
            "column": 17
          }
        },
        "loc": {
          "start": {
            "line": 5,
            "column": 22
          },
          "end": {
            "line": 15,
            "column": 1
          }
        },
        "line": 5
      },
      "1": {
        "name": "(anonymous_1)",
        "decl": {
          "start": {
            "line": 9,
            "column": 19
          },
          "end": {
            "line": 9,
            "column": 20
          }
        },
        "loc": {
          "start": {
            "line": 9,
            "column": 33
          },
          "end": {
            "line": 11,
            "column": 9
          }
        },
        "line": 9
      }
    },
    "branchMap": {},
    "s": {
      "0": 8,
      "1": 8,
      "2": 64
    },
    "f": {
      "0": 8,
      "1": 64
    },
    "b": {},
    "_coverageSchema": "1a1c01bbd47fc00a2c39e90264f33305004495a9",
    "hash": "bf4f4957480b677b3c1eab8dcfe58d291c40f3d4"
  },
  "D:\\00yt\\Texttovoice_Generator\\social-media\\src\\App.tsx": {
    "path": "D:\\00yt\\Texttovoice_Generator\\social-media\\src\\App.tsx",
    "statementMap": {
      "0": {
        "start": {
          "line": 7,
          "column": 22
        },
        "end": {
          "line": 16,
          "column": 1
        }
      },
      "1": {
        "start": {
          "line": 8,
          "column": 2
        },
        "end": {
          "line": 15,
          "column": 4
        }
      }
    },
    "fnMap": {
      "0": {
        "name": "(anonymous_0)",
        "decl": {
          "start": {
            "line": 7,
            "column": 22
          },
          "end": {
            "line": 7,
            "column": 23
          }
        },
        "loc": {
          "start": {
            "line": 7,
            "column": 28
          },
          "end": {
            "line": 16,
            "column": 1
          }
        },
        "line": 7
      }
    },
    "branchMap": {},
    "s": {
      "0": 8,
      "1": 8
    },
    "f": {
      "0": 8
    },
    "b": {},
    "_coverageSchema": "1a1c01bbd47fc00a2c39e90264f33305004495a9",
    "hash": "6145b884027008c05ac2d90027a243a07113a703"
  },
  "D:\\00yt\\Texttovoice_Generator\\social-media\\src\\index.js": {
    "path": "D:\\00yt\\Texttovoice_Generator\\social-media\\src\\index.js",
    "statementMap": {
      "0": {
        "start": {
          "line": 6,
          "column": 13
        },
        "end": {
          "line": 6,
          "column": 65
        }
      },
      "1": {
        "start": {
          "line": 7,
          "column": 0
        },
        "end": {
          "line": 11,
          "column": 2
        }
      }
    },
    "fnMap": {},
    "branchMap": {},
    "s": {
      "0": 8,
      "1": 8
    },
    "f": {},
    "b": {},
    "_coverageSchema": "1a1c01bbd47fc00a2c39e90264f33305004495a9",
    "hash": "68662e3aac7ed1a33577384579cce3c4d24378d4"
  }
}