{"D:\\00yt\\Texttovoice_Generator\\social-media\\src\\App.tsx": {"path":"D:\\00yt\\Texttovoice_Generator\\social-media\\src\\App.tsx","statementMap":{"0":{"start":{"line":7,"column":22},"end":{"line":16,"column":1}},"1":{"start":{"line":8,"column":2},"end":{"line":15,"column":4}}},"fnMap":{"0":{"name":"(anonymous_0)","decl":{"start":{"line":7,"column":22},"end":{"line":7,"column":23}},"loc":{"start":{"line":7,"column":28},"end":{"line":16,"column":1}},"line":7}},"branchMap":{},"s":{"0":12,"1":12},"f":{"0":12},"b":{},"_coverageSchema":"1a1c01bbd47fc00a2c39e90264f33305004495a9","hash":"6145b884027008c05ac2d90027a243a07113a703"}
,"D:\\00yt\\Texttovoice_Generator\\social-media\\src\\SupabaseClient.tsx": {"path":"D:\\00yt\\Texttovoice_Generator\\social-media\\src\\SupabaseClient.tsx","statementMap":{"0":{"start":{"line":5,"column":20},"end":{"line":5,"column":62}},"1":{"start":{"line":6,"column":20},"end":{"line":6,"column":230}},"2":{"start":{"line":8,"column":24},"end":{"line":11,"column":1}}},"fnMap":{},"branchMap":{},"s":{"0":12,"1":12,"2":12},"f":{},"b":{},"_coverageSchema":"1a1c01bbd47fc00a2c39e90264f33305004495a9","hash":"5e1f8dd690426130eda6d784c77464ff78dff9a8"}
,"D:\\00yt\\Texttovoice_Generator\\social-media\\src\\index.js": {"path":"D:\\00yt\\Texttovoice_Generator\\social-media\\src\\index.js","statementMap":{"0":{"start":{"line":6,"column":13},"end":{"line":6,"column":65}},"1":{"start":{"line":7,"column":0},"end":{"line":11,"column":2}}},"fnMap":{},"branchMap":{},"s":{"0":12,"1":12},"f":{},"b":{},"_coverageSchema":"1a1c01bbd47fc00a2c39e90264f33305004495a9","hash":"68662e3aac7ed1a33577384579cce3c4d24378d4"}
,"D:\\00yt\\Texttovoice_Generator\\social-media\\src\\Common\\Links.tsx": {"path":"D:\\00yt\\Texttovoice_Generator\\social-media\\src\\Common\\Links.tsx","statementMap":{"0":{"start":{"line":11,"column":21},"end":{"line":60,"column":1}}},"fnMap":{},"branchMap":{},"s":{"0":12},"f":{},"b":{},"_coverageSchema":"1a1c01bbd47fc00a2c39e90264f33305004495a9","hash":"8445113c04ba8ce8d15ede753bfca4ab95847c70"}
,"D:\\00yt\\Texttovoice_Generator\\social-media\\src\\Common\\Routers.tsx": {"path":"D:\\00yt\\Texttovoice_Generator\\social-media\\src\\Common\\Routers.tsx","statementMap":{"0":{"start":{"line":5,"column":16},"end":{"line":15,"column":1}},"1":{"start":{"line":6,"column":2},"end":{"line":14,"column":4}},"2":{"start":{"line":10,"column":10},"end":{"line":10,"column":77}}},"fnMap":{"0":{"name":"(anonymous_0)","decl":{"start":{"line":5,"column":16},"end":{"line":5,"column":17}},"loc":{"start":{"line":5,"column":22},"end":{"line":15,"column":1}},"line":5},"1":{"name":"(anonymous_1)","decl":{"start":{"line":9,"column":19},"end":{"line":9,"column":20}},"loc":{"start":{"line":9,"column":33},"end":{"line":11,"column":9}},"line":9}},"branchMap":{},"s":{"0":12,"1":12,"2":96},"f":{"0":12,"1":96},"b":{},"_coverageSchema":"1a1c01bbd47fc00a2c39e90264f33305004495a9","hash":"bf4f4957480b677b3c1eab8dcfe58d291c40f3d4"}
,"D:\\00yt\\Texttovoice_Generator\\social-media\\src\\Components\\CreatePost.tsx": {"path":"D:\\00yt\\Texttovoice_Generator\\social-media\\src\\Components\\CreatePost.tsx","statementMap":{"0":{"start":{"line":12,"column":29},"end":{"line":131,"column":1}},"1":{"start":{"line":13,"column":51},"end":{"line":13,"column":73}},"2":{"start":{"line":14,"column":32},"end":{"line":14,"column":47}},"3":{"start":{"line":15,"column":19},"end":{"line":15,"column":52}},"4":{"start":{"line":16,"column":36},"end":{"line":16,"column":51}},"5":{"start":{"line":17,"column":38},"end":{"line":17,"column":58}},"6":{"start":{"line":19,"column":15},"end":{"line":22,"column":3}},"7":{"start":{"line":20,"column":4},"end":{"line":20,"column":40}},"8":{"start":{"line":21,"column":4},"end":{"line":21,"column":23}},"9":{"start":{"line":24,"column":19},"end":{"line":24,"column":32}},"10":{"start":{"line":26,"column":40},"end":{"line":28,"column":3}},"11":{"start":{"line":30,"column":2},"end":{"line":34,"column":31}},"12":{"start":{"line":31,"column":4},"end":{"line":33,"column":5}},"13":{"start":{"line":32,"column":6},"end":{"line":32,"column":26}},"14":{"start":{"line":36,"column":27},"end":{"line":80,"column":3}},"15":{"start":{"line":37,"column":22},"end":{"line":37,"column":46}},"16":{"start":{"line":38,"column":19},"end":{"line":38,"column":35}},"17":{"start":{"line":39,"column":20},"end":{"line":39,"column":29}},"18":{"start":{"line":40,"column":4},"end":{"line":79,"column":5}},"19":{"start":{"line":41,"column":6},"end":{"line":76,"column":7}},"20":{"start":{"line":42,"column":8},"end":{"line":42,"column":25}},"21":{"start":{"line":44,"column":8},"end":{"line":44,"column":77}},"22":{"start":{"line":46,"column":31},"end":{"line":71,"column":9}},"23":{"start":{"line":47,"column":10},"end":{"line":70,"column":11}},"24":{"start":{"line":48,"column":29},"end":{"line":48,"column":49}},"25":{"start":{"line":49,"column":27},"end":{"line":64,"column":14}},"26":{"start":{"line":51,"column":28},"end":{"line":51,"column":72}},"27":{"start":{"line":52,"column":28},"end":{"line":52,"column":72}},"28":{"start":{"line":55,"column":14},"end":{"line":63,"column":15}},"29":{"start":{"line":56,"column":16},"end":{"line":56,"column":57}},"30":{"start":{"line":57,"column":21},"end":{"line":63,"column":15}},"31":{"start":{"line":58,"column":16},"end":{"line":58,"column":26}},"32":{"start":{"line":59,"column":21},"end":{"line":63,"column":15}},"33":{"start":{"line":60,"column":16},"end":{"line":60,"column":25}},"34":{"start":{"line":62,"column":16},"end":{"line":62,"column":25}},"35":{"start":{"line":65,"column":12},"end":{"line":67,"column":13}},"36":{"start":{"line":66,"column":14},"end":{"line":66,"column":37}},"37":{"start":{"line":69,"column":12},"end":{"line":69,"column":57}},"38":{"start":{"line":72,"column":8},"end":{"line":72,"column":25}},"39":{"start":{"line":73,"column":8},"end":{"line":73,"column":36}},"40":{"start":{"line":75,"column":8},"end":{"line":75,"column":26}},"41":{"start":{"line":78,"column":6},"end":{"line":78,"column":38}},"42":{"start":{"line":82,"column":2},"end":{"line":130,"column":4}}},"fnMap":{"0":{"name":"(anonymous_0)","decl":{"start":{"line":12,"column":29},"end":{"line":12,"column":30}},"loc":{"start":{"line":12,"column":35},"end":{"line":131,"column":1}},"line":12},"1":{"name":"(anonymous_1)","decl":{"start":{"line":19,"column":15},"end":{"line":19,"column":16}},"loc":{"start":{"line":19,"column":21},"end":{"line":22,"column":3}},"line":19},"2":{"name":"(anonymous_2)","decl":{"start":{"line":30,"column":12},"end":{"line":30,"column":13}},"loc":{"start":{"line":30,"column":18},"end":{"line":34,"column":3}},"line":30},"3":{"name":"(anonymous_3)","decl":{"start":{"line":36,"column":27},"end":{"line":36,"column":28}},"loc":{"start":{"line":36,"column":39},"end":{"line":80,"column":3}},"line":36},"4":{"name":"(anonymous_4)","decl":{"start":{"line":46,"column":31},"end":{"line":46,"column":32}},"loc":{"start":{"line":46,"column":43},"end":{"line":71,"column":9}},"line":46},"5":{"name":"(anonymous_5)","decl":{"start":{"line":49,"column":42},"end":{"line":49,"column":43}},"loc":{"start":{"line":49,"column":52},"end":{"line":64,"column":13}},"line":49}},"branchMap":{"0":{"loc":{"start":{"line":31,"column":4},"end":{"line":33,"column":5}},"type":"if","locations":[{"start":{"line":31,"column":4},"end":{"line":33,"column":5}},{"start":{"line":31,"column":4},"end":{"line":33,"column":5}}],"line":31},"1":{"loc":{"start":{"line":41,"column":6},"end":{"line":76,"column":7}},"type":"if","locations":[{"start":{"line":41,"column":6},"end":{"line":76,"column":7}},{"start":{"line":41,"column":6},"end":{"line":76,"column":7}}],"line":41},"2":{"loc":{"start":{"line":41,"column":10},"end":{"line":41,"column":27}},"type":"binary-expr","locations":[{"start":{"line":41,"column":10},"end":{"line":41,"column":17}},{"start":{"line":41,"column":21},"end":{"line":41,"column":27}}],"line":41},"3":{"loc":{"start":{"line":51,"column":28},"end":{"line":51,"column":72}},"type":"cond-expr","locations":[{"start":{"line":51,"column":43},"end":{"line":51,"column":65}},{"start":{"line":51,"column":68},"end":{"line":51,"column":72}}],"line":51},"4":{"loc":{"start":{"line":52,"column":28},"end":{"line":52,"column":72}},"type":"cond-expr","locations":[{"start":{"line":52,"column":43},"end":{"line":52,"column":65}},{"start":{"line":52,"column":68},"end":{"line":52,"column":72}}],"line":52},"5":{"loc":{"start":{"line":55,"column":14},"end":{"line":63,"column":15}},"type":"if","locations":[{"start":{"line":55,"column":14},"end":{"line":63,"column":15}},{"start":{"line":55,"column":14},"end":{"line":63,"column":15}}],"line":55},"6":{"loc":{"start":{"line":55,"column":18},"end":{"line":55,"column":64}},"type":"binary-expr","locations":[{"start":{"line":55,"column":18},"end":{"line":55,"column":39}},{"start":{"line":55,"column":43},"end":{"line":55,"column":64}}],"line":55},"7":{"loc":{"start":{"line":57,"column":21},"end":{"line":63,"column":15}},"type":"if","locations":[{"start":{"line":57,"column":21},"end":{"line":63,"column":15}},{"start":{"line":57,"column":21},"end":{"line":63,"column":15}}],"line":57},"8":{"loc":{"start":{"line":59,"column":21},"end":{"line":63,"column":15}},"type":"if","locations":[{"start":{"line":59,"column":21},"end":{"line":63,"column":15}},{"start":{"line":59,"column":21},"end":{"line":63,"column":15}}],"line":59},"9":{"loc":{"start":{"line":65,"column":12},"end":{"line":67,"column":13}},"type":"if","locations":[{"start":{"line":65,"column":12},"end":{"line":67,"column":13}},{"start":{"line":65,"column":12},"end":{"line":67,"column":13}}],"line":65},"10":{"loc":{"start":{"line":85,"column":7},"end":{"line":89,"column":7}},"type":"binary-expr","locations":[{"start":{"line":85,"column":7},"end":{"line":85,"column":18}},{"start":{"line":86,"column":8},"end":{"line":88,"column":14}}],"line":85},"11":{"loc":{"start":{"line":104,"column":13},"end":{"line":111,"column":13}},"type":"cond-expr","locations":[{"start":{"line":105,"column":14},"end":{"line":108,"column":20}},{"start":{"line":110,"column":14},"end":{"line":110,"column":20}}],"line":104}},"s":{"0":12,"1":68,"2":68,"3":68,"4":68,"5":68,"6":68,"7":2,"8":2,"9":68,"10":68,"11":68,"12":12,"13":12,"14":68,"15":2,"16":2,"17":2,"18":2,"19":2,"20":2,"21":2,"22":2,"23":2,"24":2,"25":2,"26":70,"27":70,"28":70,"29":70,"30":0,"31":0,"32":0,"33":0,"34":0,"35":2,"36":2,"37":0,"38":2,"39":2,"40":2,"41":0,"42":68},"f":{"0":68,"1":2,"2":12,"3":2,"4":2,"5":70},"b":{"0":[12,0],"1":[2,0],"2":[2,2],"3":[70,0],"4":[70,0],"5":[70,0],"6":[70,70],"7":[0,0],"8":[0,0],"9":[2,0],"10":[68,0],"11":[8,60]},"_coverageSchema":"1a1c01bbd47fc00a2c39e90264f33305004495a9","hash":"e2366f5ca2903268a04227fdbd16a8ffa1e143df"}
,"D:\\00yt\\Texttovoice_Generator\\social-media\\src\\Components\\Navbar.tsx": {"path":"D:\\00yt\\Texttovoice_Generator\\social-media\\src\\Components\\Navbar.tsx","statementMap":{"0":{"start":{"line":21,"column":43},"end":{"line":21,"column":49}},"1":{"start":{"line":23,"column":25},"end":{"line":144,"column":1}},"2":{"start":{"line":24,"column":37},"end":{"line":24,"column":56}},"3":{"start":{"line":25,"column":40},"end":{"line":25,"column":64}},"4":{"start":{"line":28,"column":6},"end":{"line":28,"column":22}},"5":{"start":{"line":30,"column":4},"end":{"line":30,"column":26}},"6":{"start":{"line":31,"column":19},"end":{"line":31,"column":32}},"7":{"start":{"line":32,"column":2},"end":{"line":36,"column":31}},"8":{"start":{"line":33,"column":4},"end":{"line":35,"column":5}},"9":{"start":{"line":34,"column":6},"end":{"line":34,"column":24}},"10":{"start":{"line":37,"column":2},"end":{"line":51,"column":17}},"11":{"start":{"line":38,"column":19},"end":{"line":49,"column":5}},"12":{"start":{"line":39,"column":6},"end":{"line":48,"column":7}},"13":{"start":{"line":40,"column":8},"end":{"line":45,"column":9}},"14":{"start":{"line":41,"column":22},"end":{"line":41,"column":44}},"15":{"start":{"line":42,"column":10},"end":{"line":44,"column":11}},"16":{"start":{"line":43,"column":12},"end":{"line":43,"column":28}},"17":{"start":{"line":47,"column":8},"end":{"line":47,"column":48}},"18":{"start":{"line":50,"column":4},"end":{"line":50,"column":13}},"19":{"start":{"line":52,"column":23},"end":{"line":71,"column":3}},"20":{"start":{"line":53,"column":4},"end":{"line":53,"column":26}},"21":{"start":{"line":54,"column":22},"end":{"line":54,"column":51}},"22":{"start":{"line":55,"column":4},"end":{"line":55,"column":47}},"23":{"start":{"line":56,"column":4},"end":{"line":56,"column":37}},"24":{"start":{"line":57,"column":4},"end":{"line":66,"column":7}},"25":{"start":{"line":67,"column":4},"end":{"line":69,"column":5}},"26":{"start":{"line":68,"column":6},"end":{"line":68,"column":42}},"27":{"start":{"line":70,"column":4},"end":{"line":70,"column":27}},"28":{"start":{"line":73,"column":18},"end":{"line":95,"column":3}},"29":{"start":{"line":97,"column":25},"end":{"line":100,"column":3}},"30":{"start":{"line":98,"column":23},"end":{"line":98,"column":36}},"31":{"start":{"line":99,"column":4},"end":{"line":99,"column":38}},"32":{"start":{"line":102,"column":2},"end":{"line":143,"column":4}},"33":{"start":{"line":114,"column":12},"end":{"line":119,"column":24}}},"fnMap":{"0":{"name":"(anonymous_0)","decl":{"start":{"line":23,"column":25},"end":{"line":23,"column":26}},"loc":{"start":{"line":23,"column":31},"end":{"line":144,"column":1}},"line":23},"1":{"name":"(anonymous_1)","decl":{"start":{"line":32,"column":12},"end":{"line":32,"column":13}},"loc":{"start":{"line":32,"column":18},"end":{"line":36,"column":3}},"line":32},"2":{"name":"(anonymous_2)","decl":{"start":{"line":37,"column":12},"end":{"line":37,"column":13}},"loc":{"start":{"line":37,"column":18},"end":{"line":51,"column":3}},"line":37},"3":{"name":"(anonymous_3)","decl":{"start":{"line":38,"column":19},"end":{"line":38,"column":20}},"loc":{"start":{"line":38,"column":31},"end":{"line":49,"column":5}},"line":38},"4":{"name":"(anonymous_4)","decl":{"start":{"line":52,"column":23},"end":{"line":52,"column":24}},"loc":{"start":{"line":52,"column":35},"end":{"line":71,"column":3}},"line":52},"5":{"name":"(anonymous_5)","decl":{"start":{"line":97,"column":25},"end":{"line":97,"column":26}},"loc":{"start":{"line":97,"column":58},"end":{"line":100,"column":3}},"line":97},"6":{"name":"(anonymous_6)","decl":{"start":{"line":113,"column":23},"end":{"line":113,"column":24}},"loc":{"start":{"line":114,"column":12},"end":{"line":119,"column":24}},"line":114}},"branchMap":{"0":{"loc":{"start":{"line":33,"column":4},"end":{"line":35,"column":5}},"type":"if","locations":[{"start":{"line":33,"column":4},"end":{"line":35,"column":5}},{"start":{"line":33,"column":4},"end":{"line":35,"column":5}}],"line":33},"1":{"loc":{"start":{"line":40,"column":8},"end":{"line":45,"column":9}},"type":"if","locations":[{"start":{"line":40,"column":8},"end":{"line":45,"column":9}},{"start":{"line":40,"column":8},"end":{"line":45,"column":9}}],"line":40},"2":{"loc":{"start":{"line":42,"column":10},"end":{"line":44,"column":11}},"type":"if","locations":[{"start":{"line":42,"column":10},"end":{"line":44,"column":11}},{"start":{"line":42,"column":10},"end":{"line":44,"column":11}}],"line":42},"3":{"loc":{"start":{"line":67,"column":4},"end":{"line":69,"column":5}},"type":"if","locations":[{"start":{"line":67,"column":4},"end":{"line":69,"column":5}},{"start":{"line":67,"column":4},"end":{"line":69,"column":5}}],"line":67},"4":{"loc":{"start":{"line":90,"column":13},"end":{"line":90,"column":53}},"type":"cond-expr","locations":[{"start":{"line":90,"column":26},"end":{"line":90,"column":42}},{"start":{"line":90,"column":45},"end":{"line":90,"column":53}}],"line":90}},"s":{"0":12,"1":12,"2":96,"3":96,"4":96,"5":96,"6":96,"7":96,"8":12,"9":0,"10":96,"11":12,"12":12,"13":12,"14":12,"15":12,"16":12,"17":0,"18":12,"19":96,"20":4,"21":4,"22":4,"23":4,"24":4,"25":4,"26":0,"27":4,"28":96,"29":96,"30":36,"31":36,"32":96,"33":576},"f":{"0":96,"1":12,"2":12,"3":12,"4":4,"5":36,"6":576},"b":{"0":[0,12],"1":[12,0],"2":[12,0],"3":[0,4],"4":[4,92]},"_coverageSchema":"1a1c01bbd47fc00a2c39e90264f33305004495a9","hash":"4092fe42d10ed6ca5524423bc16a4b104c948f52"}
,"D:\\00yt\\Texttovoice_Generator\\social-media\\src\\Components\\PostCard.tsx": {"path":"D:\\00yt\\Texttovoice_Generator\\social-media\\src\\Components\\PostCard.tsx","statementMap":{"0":{"start":{"line":32,"column":34},"end":{"line":453,"column":1}},"1":{"start":{"line":41,"column":52},"end":{"line":41,"column":74}},"2":{"start":{"line":42,"column":26},"end":{"line":42,"column":41}},"3":{"start":{"line":43,"column":34},"end":{"line":43,"column":49}},"4":{"start":{"line":44,"column":38},"end":{"line":44,"column":53}},"5":{"start":{"line":45,"column":46},"end":{"line":45,"column":61}},"6":{"start":{"line":46,"column":28},"end":{"line":46,"column":71}},"7":{"start":{"line":47,"column":28},"end":{"line":47,"column":75}},"8":{"start":{"line":49,"column":32},"end":{"line":49,"column":47}},"9":{"start":{"line":50,"column":40},"end":{"line":50,"column":55}},"10":{"start":{"line":51,"column":40},"end":{"line":51,"column":52}},"11":{"start":{"line":52,"column":40},"end":{"line":52,"column":52}},"12":{"start":{"line":53,"column":46},"end":{"line":55,"column":3}},"13":{"start":{"line":56,"column":40},"end":{"line":56,"column":79}},"14":{"start":{"line":57,"column":48},"end":{"line":57,"column":63}},"15":{"start":{"line":58,"column":44},"end":{"line":60,"column":3}},"16":{"start":{"line":62,"column":2},"end":{"line":77,"column":35}},"17":{"start":{"line":63,"column":4},"end":{"line":74,"column":5}},"18":{"start":{"line":64,"column":6},"end":{"line":68,"column":7}},"19":{"start":{"line":65,"column":8},"end":{"line":65,"column":25}},"20":{"start":{"line":67,"column":8},"end":{"line":67,"column":26}},"21":{"start":{"line":69,"column":6},"end":{"line":73,"column":7}},"22":{"start":{"line":70,"column":8},"end":{"line":70,"column":29}},"23":{"start":{"line":72,"column":8},"end":{"line":72,"column":30}},"24":{"start":{"line":76,"column":4},"end":{"line":76,"column":28}},"25":{"start":{"line":79,"column":30},"end":{"line":107,"column":3}},"26":{"start":{"line":81,"column":4},"end":{"line":85,"column":5}},"27":{"start":{"line":82,"column":6},"end":{"line":82,"column":18}},"28":{"start":{"line":84,"column":6},"end":{"line":84,"column":22}},"29":{"start":{"line":86,"column":4},"end":{"line":106,"column":5}},"30":{"start":{"line":87,"column":6},"end":{"line":105,"column":7}},"31":{"start":{"line":88,"column":20},"end":{"line":88,"column":70}},"32":{"start":{"line":88,"column":44},"end":{"line":88,"column":69}},"33":{"start":{"line":89,"column":8},"end":{"line":95,"column":9}},"34":{"start":{"line":90,"column":10},"end":{"line":92,"column":11}},"35":{"start":{"line":91,"column":12},"end":{"line":91,"column":67}},"36":{"start":{"line":94,"column":10},"end":{"line":94,"column":67}},"37":{"start":{"line":97,"column":8},"end":{"line":97,"column":36}},"38":{"start":{"line":98,"column":8},"end":{"line":104,"column":9}},"39":{"start":{"line":99,"column":10},"end":{"line":101,"column":11}},"40":{"start":{"line":100,"column":12},"end":{"line":100,"column":67}},"41":{"start":{"line":103,"column":10},"end":{"line":103,"column":65}},"42":{"start":{"line":109,"column":19},"end":{"line":157,"column":3}},"43":{"start":{"line":110,"column":4},"end":{"line":110,"column":28}},"44":{"start":{"line":112,"column":4},"end":{"line":146,"column":5}},"45":{"start":{"line":113,"column":6},"end":{"line":121,"column":7}},"46":{"start":{"line":114,"column":8},"end":{"line":120,"column":10}},"47":{"start":{"line":122,"column":6},"end":{"line":143,"column":7}},"48":{"start":{"line":123,"column":8},"end":{"line":129,"column":10}},"49":{"start":{"line":130,"column":8},"end":{"line":142,"column":11}},"50":{"start":{"line":131,"column":10},"end":{"line":133,"column":11}},"51":{"start":{"line":132,"column":12},"end":{"line":132,"column":24}},"52":{"start":{"line":134,"column":25},"end":{"line":139,"column":12}},"53":{"start":{"line":135,"column":12},"end":{"line":137,"column":13}},"54":{"start":{"line":136,"column":14},"end":{"line":136,"column":55}},"55":{"start":{"line":138,"column":12},"end":{"line":138,"column":24}},"56":{"start":{"line":141,"column":10},"end":{"line":141,"column":24}},"57":{"start":{"line":145,"column":6},"end":{"line":145,"column":41}},"58":{"start":{"line":148,"column":4},"end":{"line":148,"column":23}},"59":{"start":{"line":150,"column":4},"end":{"line":154,"column":7}},"60":{"start":{"line":151,"column":6},"end":{"line":153,"column":7}},"61":{"start":{"line":152,"column":8},"end":{"line":152,"column":35}},"62":{"start":{"line":155,"column":4},"end":{"line":155,"column":23}},"63":{"start":{"line":156,"column":4},"end":{"line":156,"column":29}},"64":{"start":{"line":158,"column":23},"end":{"line":183,"column":3}},"65":{"start":{"line":159,"column":4},"end":{"line":159,"column":28}},"66":{"start":{"line":160,"column":4},"end":{"line":177,"column":5}},"67":{"start":{"line":161,"column":6},"end":{"line":164,"column":7}},"68":{"start":{"line":162,"column":8},"end":{"line":162,"column":67}},"69":{"start":{"line":163,"column":8},"end":{"line":163,"column":28}},"70":{"start":{"line":165,"column":6},"end":{"line":174,"column":7}},"71":{"start":{"line":166,"column":8},"end":{"line":166,"column":57}},"72":{"start":{"line":167,"column":8},"end":{"line":173,"column":11}},"73":{"start":{"line":168,"column":10},"end":{"line":170,"column":11}},"74":{"start":{"line":169,"column":12},"end":{"line":169,"column":24}},"75":{"start":{"line":171,"column":25},"end":{"line":171,"column":76}},"76":{"start":{"line":171,"column":47},"end":{"line":171,"column":75}},"77":{"start":{"line":172,"column":10},"end":{"line":172,"column":24}},"78":{"start":{"line":176,"column":6},"end":{"line":176,"column":41}},"79":{"start":{"line":179,"column":4},"end":{"line":179,"column":23}},"80":{"start":{"line":181,"column":4},"end":{"line":181,"column":25}},"81":{"start":{"line":182,"column":4},"end":{"line":182,"column":29}},"82":{"start":{"line":185,"column":23},"end":{"line":187,"column":3}},"83":{"start":{"line":186,"column":4},"end":{"line":186,"column":19}},"84":{"start":{"line":188,"column":27},"end":{"line":190,"column":3}},"85":{"start":{"line":189,"column":4},"end":{"line":189,"column":23}},"86":{"start":{"line":191,"column":29},"end":{"line":193,"column":3}},"87":{"start":{"line":192,"column":4},"end":{"line":192,"column":25}},"88":{"start":{"line":195,"column":28},"end":{"line":214,"column":3}},"89":{"start":{"line":196,"column":4},"end":{"line":196,"column":18}},"90":{"start":{"line":197,"column":4},"end":{"line":197,"column":29}},"91":{"start":{"line":198,"column":30},"end":{"line":212,"column":5}},"92":{"start":{"line":199,"column":6},"end":{"line":210,"column":7}},"93":{"start":{"line":200,"column":28},"end":{"line":200,"column":52}},"94":{"start":{"line":202,"column":8},"end":{"line":207,"column":9}},"95":{"start":{"line":203,"column":34},"end":{"line":205,"column":11}},"96":{"start":{"line":204,"column":22},"end":{"line":204,"column":46}},"97":{"start":{"line":206,"column":10},"end":{"line":206,"column":42}},"98":{"start":{"line":209,"column":8},"end":{"line":209,"column":53}},"99":{"start":{"line":211,"column":6},"end":{"line":211,"column":32}},"100":{"start":{"line":213,"column":4},"end":{"line":213,"column":24}},"101":{"start":{"line":216,"column":21},"end":{"line":239,"column":3}},"102":{"start":{"line":217,"column":4},"end":{"line":217,"column":23}},"103":{"start":{"line":218,"column":4},"end":{"line":221,"column":5}},"104":{"start":{"line":219,"column":6},"end":{"line":219,"column":36}},"105":{"start":{"line":220,"column":6},"end":{"line":220,"column":13}},"106":{"start":{"line":222,"column":26},"end":{"line":228,"column":5}},"107":{"start":{"line":230,"column":4},"end":{"line":237,"column":5}},"108":{"start":{"line":231,"column":6},"end":{"line":231,"column":31}},"109":{"start":{"line":232,"column":6},"end":{"line":232,"column":50}},"110":{"start":{"line":233,"column":6},"end":{"line":233,"column":26}},"111":{"start":{"line":234,"column":6},"end":{"line":234,"column":32}},"112":{"start":{"line":236,"column":6},"end":{"line":236,"column":41}},"113":{"start":{"line":238,"column":4},"end":{"line":238,"column":23}},"114":{"start":{"line":241,"column":23},"end":{"line":241,"column":36}},"115":{"start":{"line":242,"column":31},"end":{"line":242,"column":58}},"116":{"start":{"line":243,"column":4},"end":{"line":243,"column":30}},"117":{"start":{"line":246,"column":2},"end":{"line":452,"column":4}},"118":{"start":{"line":263,"column":27},"end":{"line":263,"column":57}},"119":{"start":{"line":284,"column":27},"end":{"line":284,"column":40}},"120":{"start":{"line":291,"column":29},"end":{"line":291,"column":59}},"121":{"start":{"line":304,"column":14},"end":{"line":333,"column":20}},"122":{"start":{"line":314,"column":24},"end":{"line":314,"column":59}},"123":{"start":{"line":315,"column":24},"end":{"line":315,"column":42}},"124":{"start":{"line":323,"column":24},"end":{"line":323,"column":59}},"125":{"start":{"line":324,"column":24},"end":{"line":324,"column":44}},"126":{"start":{"line":367,"column":16},"end":{"line":367,"column":40}},"127":{"start":{"line":368,"column":16},"end":{"line":368,"column":36}},"128":{"start":{"line":376,"column":16},"end":{"line":376,"column":40}},"129":{"start":{"line":377,"column":16},"end":{"line":377,"column":34}},"130":{"start":{"line":393,"column":18},"end":{"line":393,"column":36}},"131":{"start":{"line":394,"column":18},"end":{"line":394,"column":74}},"132":{"start":{"line":394,"column":38},"end":{"line":394,"column":71}},"133":{"start":{"line":395,"column":18},"end":{"line":395,"column":47}},"134":{"start":{"line":403,"column":18},"end":{"line":403,"column":35}},"135":{"start":{"line":404,"column":18},"end":{"line":404,"column":60}},"136":{"start":{"line":404,"column":38},"end":{"line":404,"column":57}},"137":{"start":{"line":405,"column":18},"end":{"line":405,"column":47}},"138":{"start":{"line":428,"column":18},"end":{"line":428,"column":51}},"139":{"start":{"line":429,"column":18},"end":{"line":429,"column":74}},"140":{"start":{"line":429,"column":38},"end":{"line":429,"column":71}},"141":{"start":{"line":430,"column":18},"end":{"line":430,"column":40}},"142":{"start":{"line":438,"column":18},"end":{"line":438,"column":51}},"143":{"start":{"line":439,"column":18},"end":{"line":439,"column":60}},"144":{"start":{"line":439,"column":38},"end":{"line":439,"column":57}},"145":{"start":{"line":440,"column":18},"end":{"line":440,"column":39}}},"fnMap":{"0":{"name":"(anonymous_0)","decl":{"start":{"line":32,"column":34},"end":{"line":32,"column":35}},"loc":{"start":{"line":40,"column":6},"end":{"line":453,"column":1}},"line":40},"1":{"name":"(anonymous_1)","decl":{"start":{"line":62,"column":12},"end":{"line":62,"column":13}},"loc":{"start":{"line":62,"column":18},"end":{"line":77,"column":3}},"line":62},"2":{"name":"(anonymous_2)","decl":{"start":{"line":79,"column":30},"end":{"line":79,"column":31}},"loc":{"start":{"line":79,"column":53},"end":{"line":107,"column":3}},"line":79},"3":{"name":"(anonymous_3)","decl":{"start":{"line":88,"column":34},"end":{"line":88,"column":35}},"loc":{"start":{"line":88,"column":44},"end":{"line":88,"column":69}},"line":88},"4":{"name":"(anonymous_4)","decl":{"start":{"line":109,"column":19},"end":{"line":109,"column":20}},"loc":{"start":{"line":109,"column":31},"end":{"line":157,"column":3}},"line":109},"5":{"name":"(anonymous_5)","decl":{"start":{"line":130,"column":23},"end":{"line":130,"column":24}},"loc":{"start":{"line":130,"column":33},"end":{"line":142,"column":9}},"line":130},"6":{"name":"(anonymous_6)","decl":{"start":{"line":134,"column":34},"end":{"line":134,"column":35}},"loc":{"start":{"line":134,"column":44},"end":{"line":139,"column":11}},"line":134},"7":{"name":"(anonymous_7)","decl":{"start":{"line":150,"column":25},"end":{"line":150,"column":26}},"loc":{"start":{"line":150,"column":35},"end":{"line":154,"column":5}},"line":150},"8":{"name":"(anonymous_8)","decl":{"start":{"line":158,"column":23},"end":{"line":158,"column":24}},"loc":{"start":{"line":158,"column":35},"end":{"line":183,"column":3}},"line":158},"9":{"name":"(anonymous_9)","decl":{"start":{"line":167,"column":23},"end":{"line":167,"column":24}},"loc":{"start":{"line":167,"column":33},"end":{"line":173,"column":9}},"line":167},"10":{"name":"(anonymous_10)","decl":{"start":{"line":171,"column":37},"end":{"line":171,"column":38}},"loc":{"start":{"line":171,"column":47},"end":{"line":171,"column":75}},"line":171},"11":{"name":"(anonymous_11)","decl":{"start":{"line":185,"column":23},"end":{"line":185,"column":24}},"loc":{"start":{"line":185,"column":29},"end":{"line":187,"column":3}},"line":185},"12":{"name":"(anonymous_12)","decl":{"start":{"line":188,"column":27},"end":{"line":188,"column":28}},"loc":{"start":{"line":188,"column":33},"end":{"line":190,"column":3}},"line":188},"13":{"name":"(anonymous_13)","decl":{"start":{"line":191,"column":29},"end":{"line":191,"column":30}},"loc":{"start":{"line":191,"column":35},"end":{"line":193,"column":3}},"line":191},"14":{"name":"(anonymous_14)","decl":{"start":{"line":195,"column":28},"end":{"line":195,"column":29}},"loc":{"start":{"line":195,"column":40},"end":{"line":214,"column":3}},"line":195},"15":{"name":"(anonymous_15)","decl":{"start":{"line":198,"column":30},"end":{"line":198,"column":31}},"loc":{"start":{"line":198,"column":42},"end":{"line":212,"column":5}},"line":198},"16":{"name":"(anonymous_16)","decl":{"start":{"line":204,"column":12},"end":{"line":204,"column":13}},"loc":{"start":{"line":204,"column":22},"end":{"line":204,"column":46}},"line":204},"17":{"name":"(anonymous_17)","decl":{"start":{"line":216,"column":21},"end":{"line":216,"column":22}},"loc":{"start":{"line":216,"column":51},"end":{"line":239,"column":3}},"line":216},"18":{"name":"getTimestampString","decl":{"start":{"line":240,"column":11},"end":{"line":240,"column":29}},"loc":{"start":{"line":240,"column":43},"end":{"line":244,"column":3}},"line":240},"19":{"name":"(anonymous_19)","decl":{"start":{"line":263,"column":20},"end":{"line":263,"column":21}},"loc":{"start":{"line":263,"column":27},"end":{"line":263,"column":57}},"line":263},"20":{"name":"(anonymous_20)","decl":{"start":{"line":284,"column":20},"end":{"line":284,"column":21}},"loc":{"start":{"line":284,"column":27},"end":{"line":284,"column":40}},"line":284},"21":{"name":"(anonymous_21)","decl":{"start":{"line":291,"column":22},"end":{"line":291,"column":23}},"loc":{"start":{"line":291,"column":29},"end":{"line":291,"column":59}},"line":291},"22":{"name":"(anonymous_22)","decl":{"start":{"line":303,"column":34},"end":{"line":303,"column":35}},"loc":{"start":{"line":304,"column":14},"end":{"line":333,"column":20}},"line":304},"23":{"name":"(anonymous_23)","decl":{"start":{"line":313,"column":31},"end":{"line":313,"column":32}},"loc":{"start":{"line":313,"column":38},"end":{"line":316,"column":23}},"line":313},"24":{"name":"(anonymous_24)","decl":{"start":{"line":322,"column":31},"end":{"line":322,"column":32}},"loc":{"start":{"line":322,"column":37},"end":{"line":325,"column":23}},"line":322},"25":{"name":"(anonymous_25)","decl":{"start":{"line":366,"column":23},"end":{"line":366,"column":24}},"loc":{"start":{"line":366,"column":29},"end":{"line":369,"column":15}},"line":366},"26":{"name":"(anonymous_26)","decl":{"start":{"line":375,"column":23},"end":{"line":375,"column":24}},"loc":{"start":{"line":375,"column":30},"end":{"line":378,"column":15}},"line":375},"27":{"name":"(anonymous_27)","decl":{"start":{"line":392,"column":25},"end":{"line":392,"column":26}},"loc":{"start":{"line":392,"column":31},"end":{"line":396,"column":17}},"line":392},"28":{"name":"(anonymous_28)","decl":{"start":{"line":394,"column":27},"end":{"line":394,"column":28}},"loc":{"start":{"line":394,"column":38},"end":{"line":394,"column":71}},"line":394},"29":{"name":"(anonymous_29)","decl":{"start":{"line":402,"column":25},"end":{"line":402,"column":26}},"loc":{"start":{"line":402,"column":31},"end":{"line":406,"column":17}},"line":402},"30":{"name":"(anonymous_30)","decl":{"start":{"line":404,"column":27},"end":{"line":404,"column":28}},"loc":{"start":{"line":404,"column":38},"end":{"line":404,"column":57}},"line":404},"31":{"name":"(anonymous_31)","decl":{"start":{"line":427,"column":25},"end":{"line":427,"column":26}},"loc":{"start":{"line":427,"column":31},"end":{"line":431,"column":17}},"line":427},"32":{"name":"(anonymous_32)","decl":{"start":{"line":429,"column":27},"end":{"line":429,"column":28}},"loc":{"start":{"line":429,"column":38},"end":{"line":429,"column":71}},"line":429},"33":{"name":"(anonymous_33)","decl":{"start":{"line":437,"column":25},"end":{"line":437,"column":26}},"loc":{"start":{"line":437,"column":31},"end":{"line":441,"column":17}},"line":437},"34":{"name":"(anonymous_34)","decl":{"start":{"line":439,"column":27},"end":{"line":439,"column":28}},"loc":{"start":{"line":439,"column":38},"end":{"line":439,"column":57}},"line":439}},"branchMap":{"0":{"loc":{"start":{"line":63,"column":4},"end":{"line":74,"column":5}},"type":"if","locations":[{"start":{"line":63,"column":4},"end":{"line":74,"column":5}},{"start":{"line":63,"column":4},"end":{"line":74,"column":5}}],"line":63},"1":{"loc":{"start":{"line":64,"column":6},"end":{"line":68,"column":7}},"type":"if","locations":[{"start":{"line":64,"column":6},"end":{"line":68,"column":7}},{"start":{"line":64,"column":6},"end":{"line":68,"column":7}}],"line":64},"2":{"loc":{"start":{"line":69,"column":6},"end":{"line":73,"column":7}},"type":"if","locations":[{"start":{"line":69,"column":6},"end":{"line":73,"column":7}},{"start":{"line":69,"column":6},"end":{"line":73,"column":7}}],"line":69},"3":{"loc":{"start":{"line":81,"column":4},"end":{"line":85,"column":5}},"type":"if","locations":[{"start":{"line":81,"column":4},"end":{"line":85,"column":5}},{"start":{"line":81,"column":4},"end":{"line":85,"column":5}}],"line":81},"4":{"loc":{"start":{"line":86,"column":4},"end":{"line":106,"column":5}},"type":"if","locations":[{"start":{"line":86,"column":4},"end":{"line":106,"column":5}},{"start":{"line":86,"column":4},"end":{"line":106,"column":5}}],"line":86},"5":{"loc":{"start":{"line":87,"column":6},"end":{"line":105,"column":7}},"type":"if","locations":[{"start":{"line":87,"column":6},"end":{"line":105,"column":7}},{"start":{"line":87,"column":6},"end":{"line":105,"column":7}}],"line":87},"6":{"loc":{"start":{"line":90,"column":10},"end":{"line":92,"column":11}},"type":"if","locations":[{"start":{"line":90,"column":10},"end":{"line":92,"column":11}},{"start":{"line":90,"column":10},"end":{"line":92,"column":11}}],"line":90},"7":{"loc":{"start":{"line":90,"column":14},"end":{"line":90,"column":74}},"type":"binary-expr","locations":[{"start":{"line":90,"column":14},"end":{"line":90,"column":44}},{"start":{"line":90,"column":48},"end":{"line":90,"column":74}}],"line":90},"8":{"loc":{"start":{"line":99,"column":10},"end":{"line":101,"column":11}},"type":"if","locations":[{"start":{"line":99,"column":10},"end":{"line":101,"column":11}},{"start":{"line":99,"column":10},"end":{"line":101,"column":11}}],"line":99},"9":{"loc":{"start":{"line":99,"column":14},"end":{"line":99,"column":74}},"type":"binary-expr","locations":[{"start":{"line":99,"column":14},"end":{"line":99,"column":44}},{"start":{"line":99,"column":48},"end":{"line":99,"column":74}}],"line":99},"10":{"loc":{"start":{"line":113,"column":6},"end":{"line":121,"column":7}},"type":"if","locations":[{"start":{"line":113,"column":6},"end":{"line":121,"column":7}},{"start":{"line":113,"column":6},"end":{"line":121,"column":7}}],"line":113},"11":{"loc":{"start":{"line":122,"column":6},"end":{"line":143,"column":7}},"type":"if","locations":[{"start":{"line":122,"column":6},"end":{"line":143,"column":7}},{"start":{"line":122,"column":6},"end":{"line":143,"column":7}}],"line":122},"12":{"loc":{"start":{"line":131,"column":10},"end":{"line":133,"column":11}},"type":"if","locations":[{"start":{"line":131,"column":10},"end":{"line":133,"column":11}},{"start":{"line":131,"column":10},"end":{"line":133,"column":11}}],"line":131},"13":{"loc":{"start":{"line":135,"column":12},"end":{"line":137,"column":13}},"type":"if","locations":[{"start":{"line":135,"column":12},"end":{"line":137,"column":13}},{"start":{"line":135,"column":12},"end":{"line":137,"column":13}}],"line":135},"14":{"loc":{"start":{"line":151,"column":6},"end":{"line":153,"column":7}},"type":"if","locations":[{"start":{"line":151,"column":6},"end":{"line":153,"column":7}},{"start":{"line":151,"column":6},"end":{"line":153,"column":7}}],"line":151},"15":{"loc":{"start":{"line":161,"column":6},"end":{"line":164,"column":7}},"type":"if","locations":[{"start":{"line":161,"column":6},"end":{"line":164,"column":7}},{"start":{"line":161,"column":6},"end":{"line":164,"column":7}}],"line":161},"16":{"loc":{"start":{"line":165,"column":6},"end":{"line":174,"column":7}},"type":"if","locations":[{"start":{"line":165,"column":6},"end":{"line":174,"column":7}},{"start":{"line":165,"column":6},"end":{"line":174,"column":7}}],"line":165},"17":{"loc":{"start":{"line":168,"column":10},"end":{"line":170,"column":11}},"type":"if","locations":[{"start":{"line":168,"column":10},"end":{"line":170,"column":11}},{"start":{"line":168,"column":10},"end":{"line":170,"column":11}}],"line":168},"18":{"loc":{"start":{"line":202,"column":8},"end":{"line":207,"column":9}},"type":"if","locations":[{"start":{"line":202,"column":8},"end":{"line":207,"column":9}},{"start":{"line":202,"column":8},"end":{"line":207,"column":9}}],"line":202},"19":{"loc":{"start":{"line":218,"column":4},"end":{"line":221,"column":5}},"type":"if","locations":[{"start":{"line":218,"column":4},"end":{"line":221,"column":5}},{"start":{"line":218,"column":4},"end":{"line":221,"column":5}}],"line":218},"20":{"loc":{"start":{"line":224,"column":20},"end":{"line":224,"column":67}},"type":"cond-expr","locations":[{"start":{"line":224,"column":39},"end":{"line":224,"column":55}},{"start":{"line":224,"column":58},"end":{"line":224,"column":67}}],"line":224},"21":{"loc":{"start":{"line":297,"column":9},"end":{"line":336,"column":9}},"type":"cond-expr","locations":[{"start":{"line":298,"column":10},"end":{"line":300,"column":16}},{"start":{"line":302,"column":10},"end":{"line":335,"column":16}}],"line":297},"22":{"loc":{"start":{"line":309,"column":17},"end":{"line":332,"column":17}},"type":"cond-expr","locations":[{"start":{"line":310,"column":18},"end":{"line":329,"column":24}},{"start":{"line":331,"column":18},"end":{"line":331,"column":20}}],"line":309},"23":{"loc":{"start":{"line":340,"column":11},"end":{"line":352,"column":11}},"type":"cond-expr","locations":[{"start":{"line":341,"column":12},"end":{"line":347,"column":18}},{"start":{"line":349,"column":12},"end":{"line":351,"column":18}}],"line":340},"24":{"loc":{"start":{"line":355,"column":13},"end":{"line":357,"column":18}},"type":"cond-expr","locations":[{"start":{"line":356,"column":16},"end":{"line":356,"column":46}},{"start":{"line":357,"column":16},"end":{"line":357,"column":18}}],"line":355},"25":{"loc":{"start":{"line":362,"column":9},"end":{"line":385,"column":9}},"type":"cond-expr","locations":[{"start":{"line":363,"column":10},"end":{"line":382,"column":16}},{"start":{"line":384,"column":10},"end":{"line":384,"column":83}}],"line":362},"26":{"loc":{"start":{"line":388,"column":13},"end":{"line":408,"column":13}},"type":"cond-expr","locations":[{"start":{"line":389,"column":14},"end":{"line":397,"column":16}},{"start":{"line":399,"column":14},"end":{"line":407,"column":16}}],"line":388},"27":{"loc":{"start":{"line":394,"column":38},"end":{"line":394,"column":71}},"type":"cond-expr","locations":[{"start":{"line":394,"column":51},"end":{"line":394,"column":52}},{"start":{"line":394,"column":55},"end":{"line":394,"column":71}}],"line":394},"28":{"loc":{"start":{"line":394,"column":55},"end":{"line":394,"column":71}},"type":"binary-expr","locations":[{"start":{"line":394,"column":55},"end":{"line":394,"column":59}},{"start":{"line":394,"column":63},"end":{"line":394,"column":71}}],"line":394},"29":{"loc":{"start":{"line":404,"column":38},"end":{"line":404,"column":57}},"type":"cond-expr","locations":[{"start":{"line":404,"column":45},"end":{"line":404,"column":53}},{"start":{"line":404,"column":56},"end":{"line":404,"column":57}}],"line":404},"30":{"loc":{"start":{"line":424,"column":13},"end":{"line":444,"column":13}},"type":"cond-expr","locations":[{"start":{"line":425,"column":14},"end":{"line":433,"column":16}},{"start":{"line":435,"column":14},"end":{"line":443,"column":16}}],"line":424},"31":{"loc":{"start":{"line":429,"column":38},"end":{"line":429,"column":71}},"type":"cond-expr","locations":[{"start":{"line":429,"column":51},"end":{"line":429,"column":52}},{"start":{"line":429,"column":55},"end":{"line":429,"column":71}}],"line":429},"32":{"loc":{"start":{"line":429,"column":55},"end":{"line":429,"column":71}},"type":"binary-expr","locations":[{"start":{"line":429,"column":55},"end":{"line":429,"column":59}},{"start":{"line":429,"column":63},"end":{"line":429,"column":71}}],"line":429},"33":{"loc":{"start":{"line":439,"column":38},"end":{"line":439,"column":57}},"type":"cond-expr","locations":[{"start":{"line":439,"column":45},"end":{"line":439,"column":53}},{"start":{"line":439,"column":56},"end":{"line":439,"column":57}}],"line":439}},"s":{"0":12,"1":302,"2":302,"3":302,"4":302,"5":302,"6":302,"7":302,"8":302,"9":302,"10":302,"11":302,"12":302,"13":302,"14":302,"15":302,"16":302,"17":152,"18":152,"19":32,"20":120,"21":152,"22":2,"23":150,"24":152,"25":302,"26":8,"27":4,"28":4,"29":8,"30":8,"31":4,"32":4,"33":4,"34":4,"35":4,"36":0,"37":4,"38":4,"39":4,"40":4,"41":0,"42":302,"43":2,"44":2,"45":2,"46":0,"47":2,"48":2,"49":0,"50":0,"51":0,"52":0,"53":0,"54":0,"55":0,"56":0,"57":0,"58":0,"59":0,"60":0,"61":0,"62":0,"63":0,"64":302,"65":2,"66":2,"67":2,"68":0,"69":0,"70":2,"71":2,"72":2,"73":2,"74":0,"75":2,"76":72,"77":2,"78":0,"79":2,"80":2,"81":2,"82":302,"83":0,"84":302,"85":0,"86":302,"87":0,"88":302,"89":0,"90":0,"91":0,"92":0,"93":0,"94":0,"95":0,"96":0,"97":0,"98":0,"99":0,"100":0,"101":302,"102":0,"103":0,"104":0,"105":0,"106":0,"107":0,"108":0,"109":0,"110":0,"111":0,"112":0,"113":0,"114":302,"115":302,"116":302,"117":302,"118":10,"119":0,"120":0,"121":0,"122":0,"123":0,"124":0,"125":0,"126":2,"127":2,"128":2,"129":2,"130":2,"131":2,"132":2,"133":2,"134":2,"135":2,"136":4,"137":2,"138":2,"139":2,"140":2,"141":2,"142":2,"143":2,"144":2,"145":2},"f":{"0":302,"1":152,"2":8,"3":4,"4":2,"5":0,"6":0,"7":0,"8":2,"9":2,"10":72,"11":0,"12":0,"13":0,"14":0,"15":0,"16":0,"17":0,"18":302,"19":10,"20":0,"21":0,"22":0,"23":0,"24":0,"25":2,"26":2,"27":2,"28":2,"29":2,"30":4,"31":2,"32":2,"33":2,"34":2},"b":{"0":[152,0],"1":[32,120],"2":[2,150],"3":[4,4],"4":[8,0],"5":[4,4],"6":[4,0],"7":[4,4],"8":[4,0],"9":[4,4],"10":[0,2],"11":[2,0],"12":[0,0],"13":[0,0],"14":[0,0],"15":[0,2],"16":[2,0],"17":[0,2],"18":[0,0],"19":[0,0],"20":[0,0],"21":[0,302],"22":[0,0],"23":[254,48],"24":[302,0],"25":[198,104],"26":[58,244],"27":[0,2],"28":[2,2],"29":[0,4],"30":[6,296],"31":[0,2],"32":[2,2],"33":[0,2]},"_coverageSchema":"1a1c01bbd47fc00a2c39e90264f33305004495a9","hash":"8d3cc9e7d8d92584a3a2a2a229d4e968d330ecf2"}
,"D:\\00yt\\Texttovoice_Generator\\social-media\\src\\Components\\SideNavBar.tsx": {"path":"D:\\00yt\\Texttovoice_Generator\\social-media\\src\\Components\\SideNavBar.tsx","statementMap":{"0":{"start":{"line":17,"column":42},"end":{"line":24,"column":1}},"1":{"start":{"line":26,"column":29},"end":{"line":57,"column":1}},"2":{"start":{"line":27,"column":19},"end":{"line":27,"column":32}},"3":{"start":{"line":28,"column":27},"end":{"line":30,"column":3}},"4":{"start":{"line":29,"column":4},"end":{"line":29,"column":19}},"5":{"start":{"line":32,"column":2},"end":{"line":56,"column":4}},"6":{"start":{"line":41,"column":10},"end":{"line":52,"column":15}},"7":{"start":{"line":43,"column":27},"end":{"line":43,"column":54}}},"fnMap":{"0":{"name":"(anonymous_0)","decl":{"start":{"line":26,"column":29},"end":{"line":26,"column":30}},"loc":{"start":{"line":26,"column":35},"end":{"line":57,"column":1}},"line":26},"1":{"name":"(anonymous_1)","decl":{"start":{"line":28,"column":27},"end":{"line":28,"column":28}},"loc":{"start":{"line":28,"column":45},"end":{"line":30,"column":3}},"line":28},"2":{"name":"(anonymous_2)","decl":{"start":{"line":40,"column":29},"end":{"line":40,"column":30}},"loc":{"start":{"line":41,"column":10},"end":{"line":52,"column":15}},"line":41},"3":{"name":"(anonymous_3)","decl":{"start":{"line":43,"column":21},"end":{"line":43,"column":22}},"loc":{"start":{"line":43,"column":27},"end":{"line":43,"column":54}},"line":43}},"branchMap":{},"s":{"0":12,"1":12,"2":0,"3":0,"4":0,"5":0,"6":0,"7":0},"f":{"0":0,"1":0,"2":0,"3":0},"b":{},"_coverageSchema":"1a1c01bbd47fc00a2c39e90264f33305004495a9","hash":"b29f55f16d4f9e0142c136cd625e7dbb2514f3a5"}
,"D:\\00yt\\Texttovoice_Generator\\social-media\\src\\Components\\ProfileComp\\Profile.tsx": {"path":"D:\\00yt\\Texttovoice_Generator\\social-media\\src\\Components\\ProfileComp\\Profile.tsx","statementMap":{"0":{"start":{"line":14,"column":26},"end":{"line":314,"column":1}},"1":{"start":{"line":22,"column":6},"end":{"line":22,"column":28}},"2":{"start":{"line":23,"column":36},"end":{"line":23,"column":55}},"3":{"start":{"line":24,"column":46},"end":{"line":24,"column":61}},"4":{"start":{"line":25,"column":44},"end":{"line":25,"column":67}},"5":{"start":{"line":26,"column":34},"end":{"line":26,"column":46}},"6":{"start":{"line":27,"column":19},"end":{"line":27,"column":32}},"7":{"start":{"line":28,"column":23},"end":{"line":28,"column":53}},"8":{"start":{"line":29,"column":28},"end":{"line":29,"column":56}},"9":{"start":{"line":30,"column":26},"end":{"line":30,"column":41}},"10":{"start":{"line":31,"column":34},"end":{"line":31,"column":63}},"11":{"start":{"line":32,"column":34},"end":{"line":32,"column":63}},"12":{"start":{"line":33,"column":40},"end":{"line":33,"column":64}},"13":{"start":{"line":34,"column":40},"end":{"line":36,"column":3}},"14":{"start":{"line":38,"column":54},"end":{"line":38,"column":69}},"15":{"start":{"line":40,"column":2},"end":{"line":61,"column":39}},"16":{"start":{"line":41,"column":18},"end":{"line":41,"column":29}},"17":{"start":{"line":42,"column":16},"end":{"line":42,"column":17}},"18":{"start":{"line":43,"column":4},"end":{"line":47,"column":7}},"19":{"start":{"line":44,"column":6},"end":{"line":46,"column":7}},"20":{"start":{"line":45,"column":8},"end":{"line":45,"column":16}},"21":{"start":{"line":48,"column":4},"end":{"line":48,"column":24}},"22":{"start":{"line":51,"column":29},"end":{"line":51,"column":33}},"23":{"start":{"line":52,"column":34},"end":{"line":52,"column":38}},"24":{"start":{"line":53,"column":4},"end":{"line":58,"column":5}},"25":{"start":{"line":54,"column":6},"end":{"line":57,"column":7}},"26":{"start":{"line":55,"column":8},"end":{"line":55,"column":27}},"27":{"start":{"line":56,"column":8},"end":{"line":56,"column":33}},"28":{"start":{"line":59,"column":4},"end":{"line":59,"column":21}},"29":{"start":{"line":60,"column":4},"end":{"line":60,"column":26}},"30":{"start":{"line":63,"column":2},"end":{"line":67,"column":31}},"31":{"start":{"line":64,"column":4},"end":{"line":66,"column":5}},"32":{"start":{"line":65,"column":6},"end":{"line":65,"column":26}},"33":{"start":{"line":69,"column":19},"end":{"line":94,"column":3}},"34":{"start":{"line":70,"column":4},"end":{"line":93,"column":5}},"35":{"start":{"line":71,"column":6},"end":{"line":90,"column":7}},"36":{"start":{"line":72,"column":8},"end":{"line":78,"column":10}},"37":{"start":{"line":79,"column":8},"end":{"line":89,"column":11}},"38":{"start":{"line":80,"column":25},"end":{"line":80,"column":34}},"39":{"start":{"line":81,"column":10},"end":{"line":87,"column":11}},"40":{"start":{"line":82,"column":12},"end":{"line":86,"column":13}},"41":{"start":{"line":83,"column":14},"end":{"line":85,"column":15}},"42":{"start":{"line":84,"column":16},"end":{"line":84,"column":46}},"43":{"start":{"line":88,"column":10},"end":{"line":88,"column":24}},"44":{"start":{"line":92,"column":6},"end":{"line":92,"column":34}},"45":{"start":{"line":96,"column":2},"end":{"line":100,"column":23}},"46":{"start":{"line":97,"column":4},"end":{"line":99,"column":5}},"47":{"start":{"line":98,"column":6},"end":{"line":98,"column":17}},"48":{"start":{"line":107,"column":19},"end":{"line":143,"column":3}},"49":{"start":{"line":108,"column":4},"end":{"line":108,"column":28}},"50":{"start":{"line":109,"column":4},"end":{"line":113,"column":5}},"51":{"start":{"line":110,"column":25},"end":{"line":110,"column":46}},"52":{"start":{"line":111,"column":23},"end":{"line":111,"column":54}},"53":{"start":{"line":112,"column":6},"end":{"line":112,"column":60}},"54":{"start":{"line":114,"column":4},"end":{"line":137,"column":5}},"55":{"start":{"line":115,"column":6},"end":{"line":136,"column":7}},"56":{"start":{"line":116,"column":8},"end":{"line":133,"column":9}},"57":{"start":{"line":117,"column":10},"end":{"line":123,"column":12}},"58":{"start":{"line":124,"column":10},"end":{"line":132,"column":13}},"59":{"start":{"line":125,"column":27},"end":{"line":125,"column":36}},"60":{"start":{"line":126,"column":12},"end":{"line":130,"column":13}},"61":{"start":{"line":127,"column":14},"end":{"line":129,"column":15}},"62":{"start":{"line":128,"column":16},"end":{"line":128,"column":41}},"63":{"start":{"line":131,"column":12},"end":{"line":131,"column":26}},"64":{"start":{"line":135,"column":8},"end":{"line":135,"column":40}},"65":{"start":{"line":139,"column":4},"end":{"line":139,"column":20}},"66":{"start":{"line":141,"column":4},"end":{"line":141,"column":19}},"67":{"start":{"line":142,"column":4},"end":{"line":142,"column":29}},"68":{"start":{"line":145,"column":23},"end":{"line":147,"column":3}},"69":{"start":{"line":146,"column":4},"end":{"line":146,"column":19}},"70":{"start":{"line":149,"column":27},"end":{"line":151,"column":3}},"71":{"start":{"line":150,"column":4},"end":{"line":150,"column":27}},"72":{"start":{"line":153,"column":21},"end":{"line":159,"column":3}},"73":{"start":{"line":154,"column":4},"end":{"line":154,"column":23}},"74":{"start":{"line":155,"column":17},"end":{"line":155,"column":40}},"75":{"start":{"line":156,"column":4},"end":{"line":158,"column":5}},"76":{"start":{"line":157,"column":6},"end":{"line":157,"column":29}},"77":{"start":{"line":161,"column":36},"end":{"line":165,"column":3}},"78":{"start":{"line":162,"column":4},"end":{"line":164,"column":5}},"79":{"start":{"line":163,"column":6},"end":{"line":163,"column":35}},"80":{"start":{"line":167,"column":29},"end":{"line":169,"column":3}},"81":{"start":{"line":168,"column":4},"end":{"line":168,"column":25}},"82":{"start":{"line":171,"column":23},"end":{"line":190,"column":3}},"83":{"start":{"line":172,"column":4},"end":{"line":172,"column":26}},"84":{"start":{"line":173,"column":22},"end":{"line":173,"column":51}},"85":{"start":{"line":174,"column":4},"end":{"line":174,"column":47}},"86":{"start":{"line":175,"column":4},"end":{"line":175,"column":37}},"87":{"start":{"line":176,"column":4},"end":{"line":185,"column":7}},"88":{"start":{"line":186,"column":4},"end":{"line":188,"column":5}},"89":{"start":{"line":187,"column":6},"end":{"line":187,"column":42}},"90":{"start":{"line":189,"column":4},"end":{"line":189,"column":27}},"91":{"start":{"line":192,"column":2},"end":{"line":313,"column":4}},"92":{"start":{"line":209,"column":27},"end":{"line":209,"column":54}},"93":{"start":{"line":219,"column":12},"end":{"line":221,"column":13}},"94":{"start":{"line":220,"column":14},"end":{"line":220,"column":50}},"95":{"start":{"line":229,"column":29},"end":{"line":229,"column":47}},"96":{"start":{"line":296,"column":27},"end":{"line":296,"column":40}}},"fnMap":{"0":{"name":"(anonymous_0)","decl":{"start":{"line":14,"column":26},"end":{"line":14,"column":27}},"loc":{"start":{"line":14,"column":32},"end":{"line":314,"column":1}},"line":14},"1":{"name":"(anonymous_1)","decl":{"start":{"line":40,"column":12},"end":{"line":40,"column":13}},"loc":{"start":{"line":40,"column":18},"end":{"line":61,"column":3}},"line":40},"2":{"name":"(anonymous_2)","decl":{"start":{"line":43,"column":15},"end":{"line":43,"column":16}},"loc":{"start":{"line":43,"column":25},"end":{"line":47,"column":5}},"line":43},"3":{"name":"(anonymous_3)","decl":{"start":{"line":63,"column":12},"end":{"line":63,"column":13}},"loc":{"start":{"line":63,"column":18},"end":{"line":67,"column":3}},"line":63},"4":{"name":"(anonymous_4)","decl":{"start":{"line":69,"column":19},"end":{"line":69,"column":20}},"loc":{"start":{"line":69,"column":31},"end":{"line":94,"column":3}},"line":69},"5":{"name":"(anonymous_5)","decl":{"start":{"line":79,"column":19},"end":{"line":79,"column":20}},"loc":{"start":{"line":79,"column":29},"end":{"line":89,"column":9}},"line":79},"6":{"name":"(anonymous_6)","decl":{"start":{"line":96,"column":12},"end":{"line":96,"column":13}},"loc":{"start":{"line":96,"column":18},"end":{"line":100,"column":3}},"line":96},"7":{"name":"(anonymous_7)","decl":{"start":{"line":107,"column":19},"end":{"line":107,"column":20}},"loc":{"start":{"line":107,"column":31},"end":{"line":143,"column":3}},"line":107},"8":{"name":"(anonymous_8)","decl":{"start":{"line":124,"column":21},"end":{"line":124,"column":22}},"loc":{"start":{"line":124,"column":31},"end":{"line":132,"column":11}},"line":124},"9":{"name":"(anonymous_9)","decl":{"start":{"line":145,"column":23},"end":{"line":145,"column":24}},"loc":{"start":{"line":145,"column":29},"end":{"line":147,"column":3}},"line":145},"10":{"name":"(anonymous_10)","decl":{"start":{"line":149,"column":27},"end":{"line":149,"column":28}},"loc":{"start":{"line":149,"column":43},"end":{"line":151,"column":3}},"line":149},"11":{"name":"(anonymous_11)","decl":{"start":{"line":153,"column":21},"end":{"line":153,"column":22}},"loc":{"start":{"line":153,"column":61},"end":{"line":159,"column":3}},"line":153},"12":{"name":"(anonymous_12)","decl":{"start":{"line":161,"column":36},"end":{"line":161,"column":37}},"loc":{"start":{"line":161,"column":42},"end":{"line":165,"column":3}},"line":161},"13":{"name":"(anonymous_13)","decl":{"start":{"line":167,"column":29},"end":{"line":167,"column":30}},"loc":{"start":{"line":167,"column":35},"end":{"line":169,"column":3}},"line":167},"14":{"name":"(anonymous_14)","decl":{"start":{"line":171,"column":23},"end":{"line":171,"column":24}},"loc":{"start":{"line":171,"column":35},"end":{"line":190,"column":3}},"line":171},"15":{"name":"(anonymous_15)","decl":{"start":{"line":209,"column":20},"end":{"line":209,"column":21}},"loc":{"start":{"line":209,"column":27},"end":{"line":209,"column":54}},"line":209},"16":{"name":"(anonymous_16)","decl":{"start":{"line":218,"column":20},"end":{"line":218,"column":21}},"loc":{"start":{"line":218,"column":27},"end":{"line":222,"column":11}},"line":218},"17":{"name":"(anonymous_17)","decl":{"start":{"line":229,"column":22},"end":{"line":229,"column":23}},"loc":{"start":{"line":229,"column":29},"end":{"line":229,"column":47}},"line":229},"18":{"name":"(anonymous_18)","decl":{"start":{"line":296,"column":21},"end":{"line":296,"column":22}},"loc":{"start":{"line":296,"column":27},"end":{"line":296,"column":40}},"line":296}},"branchMap":{"0":{"loc":{"start":{"line":44,"column":6},"end":{"line":46,"column":7}},"type":"if","locations":[{"start":{"line":44,"column":6},"end":{"line":46,"column":7}},{"start":{"line":44,"column":6},"end":{"line":46,"column":7}}],"line":44},"1":{"loc":{"start":{"line":54,"column":6},"end":{"line":57,"column":7}},"type":"if","locations":[{"start":{"line":54,"column":6},"end":{"line":57,"column":7}},{"start":{"line":54,"column":6},"end":{"line":57,"column":7}}],"line":54},"2":{"loc":{"start":{"line":64,"column":4},"end":{"line":66,"column":5}},"type":"if","locations":[{"start":{"line":64,"column":4},"end":{"line":66,"column":5}},{"start":{"line":64,"column":4},"end":{"line":66,"column":5}}],"line":64},"3":{"loc":{"start":{"line":71,"column":6},"end":{"line":90,"column":7}},"type":"if","locations":[{"start":{"line":71,"column":6},"end":{"line":90,"column":7}},{"start":{"line":71,"column":6},"end":{"line":90,"column":7}}],"line":71},"4":{"loc":{"start":{"line":82,"column":12},"end":{"line":86,"column":13}},"type":"if","locations":[{"start":{"line":82,"column":12},"end":{"line":86,"column":13}},{"start":{"line":82,"column":12},"end":{"line":86,"column":13}}],"line":82},"5":{"loc":{"start":{"line":83,"column":14},"end":{"line":85,"column":15}},"type":"if","locations":[{"start":{"line":83,"column":14},"end":{"line":85,"column":15}},{"start":{"line":83,"column":14},"end":{"line":85,"column":15}}],"line":83},"6":{"loc":{"start":{"line":97,"column":4},"end":{"line":99,"column":5}},"type":"if","locations":[{"start":{"line":97,"column":4},"end":{"line":99,"column":5}},{"start":{"line":97,"column":4},"end":{"line":99,"column":5}}],"line":97},"7":{"loc":{"start":{"line":109,"column":4},"end":{"line":113,"column":5}},"type":"if","locations":[{"start":{"line":109,"column":4},"end":{"line":113,"column":5}},{"start":{"line":109,"column":4},"end":{"line":113,"column":5}}],"line":109},"8":{"loc":{"start":{"line":114,"column":4},"end":{"line":137,"column":5}},"type":"if","locations":[{"start":{"line":114,"column":4},"end":{"line":137,"column":5}},{"start":{"line":114,"column":4},"end":{"line":137,"column":5}}],"line":114},"9":{"loc":{"start":{"line":116,"column":8},"end":{"line":133,"column":9}},"type":"if","locations":[{"start":{"line":116,"column":8},"end":{"line":133,"column":9}},{"start":{"line":116,"column":8},"end":{"line":133,"column":9}}],"line":116},"10":{"loc":{"start":{"line":127,"column":14},"end":{"line":129,"column":15}},"type":"if","locations":[{"start":{"line":127,"column":14},"end":{"line":129,"column":15}},{"start":{"line":127,"column":14},"end":{"line":129,"column":15}}],"line":127},"11":{"loc":{"start":{"line":156,"column":4},"end":{"line":158,"column":5}},"type":"if","locations":[{"start":{"line":156,"column":4},"end":{"line":158,"column":5}},{"start":{"line":156,"column":4},"end":{"line":158,"column":5}}],"line":156},"12":{"loc":{"start":{"line":162,"column":4},"end":{"line":164,"column":5}},"type":"if","locations":[{"start":{"line":162,"column":4},"end":{"line":164,"column":5}},{"start":{"line":162,"column":4},"end":{"line":164,"column":5}}],"line":162},"13":{"loc":{"start":{"line":186,"column":4},"end":{"line":188,"column":5}},"type":"if","locations":[{"start":{"line":186,"column":4},"end":{"line":188,"column":5}},{"start":{"line":186,"column":4},"end":{"line":188,"column":5}}],"line":186},"14":{"loc":{"start":{"line":219,"column":12},"end":{"line":221,"column":13}},"type":"if","locations":[{"start":{"line":219,"column":12},"end":{"line":221,"column":13}},{"start":{"line":219,"column":12},"end":{"line":221,"column":13}}],"line":219},"15":{"loc":{"start":{"line":233,"column":11},"end":{"line":249,"column":11}},"type":"cond-expr","locations":[{"start":{"line":234,"column":12},"end":{"line":246,"column":18}},{"start":{"line":248,"column":12},"end":{"line":248,"column":62}}],"line":233},"16":{"loc":{"start":{"line":252,"column":7},"end":{"line":256,"column":7}},"type":"binary-expr","locations":[{"start":{"line":252,"column":7},"end":{"line":252,"column":18}},{"start":{"line":253,"column":8},"end":{"line":255,"column":14}}],"line":252},"17":{"loc":{"start":{"line":258,"column":9},"end":{"line":278,"column":9}},"type":"cond-expr","locations":[{"start":{"line":259,"column":10},"end":{"line":261,"column":16}},{"start":{"line":263,"column":10},"end":{"line":277,"column":16}}],"line":258},"18":{"loc":{"start":{"line":264,"column":13},"end":{"line":276,"column":13}},"type":"cond-expr","locations":[{"start":{"line":265,"column":14},"end":{"line":271,"column":20}},{"start":{"line":273,"column":14},"end":{"line":275,"column":20}}],"line":264},"19":{"loc":{"start":{"line":302,"column":11},"end":{"line":309,"column":11}},"type":"binary-expr","locations":[{"start":{"line":302,"column":11},"end":{"line":302,"column":22}},{"start":{"line":303,"column":12},"end":{"line":308,"column":21}}],"line":302},"20":{"loc":{"start":{"line":307,"column":15},"end":{"line":307,"column":55}},"type":"cond-expr","locations":[{"start":{"line":307,"column":28},"end":{"line":307,"column":44}},{"start":{"line":307,"column":47},"end":{"line":307,"column":55}}],"line":307}},"s":{"0":12,"1":8,"2":8,"3":8,"4":8,"5":8,"6":8,"7":8,"8":8,"9":8,"10":8,"11":8,"12":8,"13":8,"14":8,"15":8,"16":4,"17":4,"18":4,"19":0,"20":0,"21":4,"22":4,"23":4,"24":4,"25":84,"26":4,"27":4,"28":4,"29":4,"30":8,"31":4,"32":4,"33":8,"34":0,"35":0,"36":0,"37":0,"38":0,"39":0,"40":0,"41":0,"42":0,"43":0,"44":0,"45":8,"46":4,"47":0,"48":8,"49":0,"50":0,"51":0,"52":0,"53":0,"54":0,"55":0,"56":0,"57":0,"58":0,"59":0,"60":0,"61":0,"62":0,"63":0,"64":0,"65":0,"66":0,"67":0,"68":8,"69":0,"70":8,"71":0,"72":8,"73":0,"74":0,"75":0,"76":0,"77":8,"78":0,"79":0,"80":8,"81":0,"82":8,"83":0,"84":0,"85":0,"86":0,"87":0,"88":0,"89":0,"90":0,"91":8,"92":0,"93":0,"94":0,"95":0,"96":0},"f":{"0":8,"1":4,"2":0,"3":4,"4":0,"5":0,"6":4,"7":0,"8":0,"9":0,"10":0,"11":0,"12":0,"13":0,"14":0,"15":0,"16":0,"17":0,"18":0},"b":{"0":[0,0],"1":[4,80],"2":[4,0],"3":[0,0],"4":[0,0],"5":[0,0],"6":[0,4],"7":[0,0],"8":[0,0],"9":[0,0],"10":[0,0],"11":[0,0],"12":[0,0],"13":[0,0],"14":[0,0],"15":[0,8],"16":[8,0],"17":[0,8],"18":[4,4],"19":[8,0],"20":[0,0]},"_coverageSchema":"1a1c01bbd47fc00a2c39e90264f33305004495a9","hash":"8723242093cae09997c51e3bb22b78d86ad09f36"}
,"D:\\00yt\\Texttovoice_Generator\\social-media\\src\\Pages\\AuthPage.tsx": {"path":"D:\\00yt\\Texttovoice_Generator\\social-media\\src\\Pages\\AuthPage.tsx","statementMap":{"0":{"start":{"line":20,"column":27},"end":{"line":250,"column":1}},"1":{"start":{"line":25,"column":6},"end":{"line":25,"column":25}},"2":{"start":{"line":27,"column":36},"end":{"line":30,"column":3}},"3":{"start":{"line":32,"column":36},"end":{"line":32,"column":55}},"4":{"start":{"line":34,"column":32},"end":{"line":34,"column":46}},"5":{"start":{"line":35,"column":19},"end":{"line":35,"column":32}},"6":{"start":{"line":37,"column":30},"end":{"line":87,"column":42}},"7":{"start":{"line":38,"column":4},"end":{"line":65,"column":5}},"8":{"start":{"line":43,"column":6},"end":{"line":64,"column":7}},"9":{"start":{"line":44,"column":24},"end":{"line":44,"column":63}},"10":{"start":{"line":47,"column":12},"end":{"line":47,"column":41}},"11":{"start":{"line":48,"column":8},"end":{"line":52,"column":9}},"12":{"start":{"line":49,"column":10},"end":{"line":49,"column":54}},"13":{"start":{"line":50,"column":10},"end":{"line":50,"column":43}},"14":{"start":{"line":51,"column":10},"end":{"line":51,"column":17}},"15":{"start":{"line":53,"column":22},"end":{"line":53,"column":42}},"16":{"start":{"line":54,"column":8},"end":{"line":61,"column":11}},"17":{"start":{"line":63,"column":8},"end":{"line":63,"column":47}},"18":{"start":{"line":68,"column":8},"end":{"line":83,"column":6}},"19":{"start":{"line":69,"column":6},"end":{"line":82,"column":7}},"20":{"start":{"line":70,"column":8},"end":{"line":70,"column":51}},"21":{"start":{"line":71,"column":8},"end":{"line":71,"column":41}},"22":{"start":{"line":72,"column":8},"end":{"line":81,"column":11}},"23":{"start":{"line":84,"column":4},"end":{"line":86,"column":6}},"24":{"start":{"line":85,"column":6},"end":{"line":85,"column":34}},"25":{"start":{"line":89,"column":2},"end":{"line":89,"column":24}},"26":{"start":{"line":91,"column":19},"end":{"line":155,"column":3}},"27":{"start":{"line":92,"column":4},"end":{"line":153,"column":5}},"28":{"start":{"line":93,"column":6},"end":{"line":93,"column":25}},"29":{"start":{"line":94,"column":6},"end":{"line":94,"column":49}},"30":{"start":{"line":95,"column":6},"end":{"line":150,"column":7}},"31":{"start":{"line":96,"column":8},"end":{"line":122,"column":9}},"32":{"start":{"line":97,"column":34},"end":{"line":100,"column":12}},"33":{"start":{"line":101,"column":10},"end":{"line":119,"column":11}},"34":{"start":{"line":102,"column":12},"end":{"line":102,"column":79}},"35":{"start":{"line":103,"column":12},"end":{"line":112,"column":15}},"36":{"start":{"line":113,"column":12},"end":{"line":113,"column":40}},"37":{"start":{"line":114,"column":12},"end":{"line":114,"column":51}},"38":{"start":{"line":115,"column":12},"end":{"line":115,"column":30}},"39":{"start":{"line":117,"column":12},"end":{"line":117,"column":72}},"40":{"start":{"line":118,"column":12},"end":{"line":118,"column":30}},"41":{"start":{"line":121,"column":10},"end":{"line":121,"column":46}},"42":{"start":{"line":124,"column":32},"end":{"line":132,"column":10}},"43":{"start":{"line":133,"column":8},"end":{"line":149,"column":42}},"44":{"start":{"line":134,"column":56},"end":{"line":142,"column":14}},"45":{"start":{"line":143,"column":10},"end":{"line":148,"column":11}},"46":{"start":{"line":144,"column":12},"end":{"line":144,"column":41}},"47":{"start":{"line":146,"column":12},"end":{"line":146,"column":41}},"48":{"start":{"line":147,"column":12},"end":{"line":147,"column":29}},"49":{"start":{"line":149,"column":15},"end":{"line":149,"column":42}},"50":{"start":{"line":152,"column":6},"end":{"line":152,"column":43}},"51":{"start":{"line":154,"column":4},"end":{"line":154,"column":24}},"52":{"start":{"line":157,"column":2},"end":{"line":249,"column":4}},"53":{"start":{"line":166,"column":25},"end":{"line":166,"column":41}},"54":{"start":{"line":176,"column":25},"end":{"line":176,"column":42}}},"fnMap":{"0":{"name":"(anonymous_0)","decl":{"start":{"line":20,"column":27},"end":{"line":20,"column":28}},"loc":{"start":{"line":20,"column":33},"end":{"line":250,"column":1}},"line":20},"1":{"name":"(anonymous_1)","decl":{"start":{"line":37,"column":42},"end":{"line":37,"column":43}},"loc":{"start":{"line":37,"column":54},"end":{"line":87,"column":3}},"line":37},"2":{"name":"(anonymous_2)","decl":{"start":{"line":68,"column":40},"end":{"line":68,"column":41}},"loc":{"start":{"line":68,"column":60},"end":{"line":83,"column":5}},"line":68},"3":{"name":"(anonymous_3)","decl":{"start":{"line":84,"column":11},"end":{"line":84,"column":12}},"loc":{"start":{"line":84,"column":17},"end":{"line":86,"column":5}},"line":84},"4":{"name":"(anonymous_4)","decl":{"start":{"line":91,"column":19},"end":{"line":91,"column":20}},"loc":{"start":{"line":91,"column":44},"end":{"line":155,"column":3}},"line":91},"5":{"name":"(anonymous_5)","decl":{"start":{"line":166,"column":19},"end":{"line":166,"column":20}},"loc":{"start":{"line":166,"column":25},"end":{"line":166,"column":41}},"line":166},"6":{"name":"(anonymous_6)","decl":{"start":{"line":176,"column":19},"end":{"line":176,"column":20}},"loc":{"start":{"line":176,"column":25},"end":{"line":176,"column":42}},"line":176}},"branchMap":{"0":{"loc":{"start":{"line":38,"column":4},"end":{"line":65,"column":5}},"type":"if","locations":[{"start":{"line":38,"column":4},"end":{"line":65,"column":5}},{"start":{"line":38,"column":4},"end":{"line":65,"column":5}}],"line":38},"1":{"loc":{"start":{"line":39,"column":6},"end":{"line":41,"column":45}},"type":"binary-expr","locations":[{"start":{"line":39,"column":6},"end":{"line":39,"column":23}},{"start":{"line":40,"column":6},"end":{"line":40,"column":23}},{"start":{"line":41,"column":6},"end":{"line":41,"column":45}}],"line":39},"2":{"loc":{"start":{"line":43,"column":6},"end":{"line":64,"column":7}},"type":"if","locations":[{"start":{"line":43,"column":6},"end":{"line":64,"column":7}},{"start":{"line":43,"column":6},"end":{"line":64,"column":7}}],"line":43},"3":{"loc":{"start":{"line":48,"column":8},"end":{"line":52,"column":9}},"type":"if","locations":[{"start":{"line":48,"column":8},"end":{"line":52,"column":9}},{"start":{"line":48,"column":8},"end":{"line":52,"column":9}}],"line":48},"4":{"loc":{"start":{"line":69,"column":6},"end":{"line":82,"column":7}},"type":"if","locations":[{"start":{"line":69,"column":6},"end":{"line":82,"column":7}},{"start":{"line":69,"column":6},"end":{"line":82,"column":7}}],"line":69},"5":{"loc":{"start":{"line":95,"column":6},"end":{"line":150,"column":7}},"type":"if","locations":[{"start":{"line":95,"column":6},"end":{"line":150,"column":7}},{"start":{"line":95,"column":6},"end":{"line":150,"column":7}}],"line":95},"6":{"loc":{"start":{"line":101,"column":10},"end":{"line":119,"column":11}},"type":"if","locations":[{"start":{"line":101,"column":10},"end":{"line":119,"column":11}},{"start":{"line":101,"column":10},"end":{"line":119,"column":11}}],"line":101},"7":{"loc":{"start":{"line":133,"column":8},"end":{"line":149,"column":42}},"type":"if","locations":[{"start":{"line":133,"column":8},"end":{"line":149,"column":42}},{"start":{"line":133,"column":8},"end":{"line":149,"column":42}}],"line":133},"8":{"loc":{"start":{"line":143,"column":10},"end":{"line":148,"column":11}},"type":"if","locations":[{"start":{"line":143,"column":10},"end":{"line":148,"column":11}},{"start":{"line":143,"column":10},"end":{"line":148,"column":11}}],"line":143},"9":{"loc":{"start":{"line":162,"column":12},"end":{"line":164,"column":31}},"type":"cond-expr","locations":[{"start":{"line":163,"column":16},"end":{"line":163,"column":58}},{"start":{"line":164,"column":16},"end":{"line":164,"column":31}}],"line":162},"10":{"loc":{"start":{"line":172,"column":12},"end":{"line":174,"column":31}},"type":"cond-expr","locations":[{"start":{"line":173,"column":16},"end":{"line":173,"column":58}},{"start":{"line":174,"column":16},"end":{"line":174,"column":31}}],"line":172},"11":{"loc":{"start":{"line":188,"column":14},"end":{"line":190,"column":20}},"type":"cond-expr","locations":[{"start":{"line":189,"column":18},"end":{"line":189,"column":34}},{"start":{"line":190,"column":18},"end":{"line":190,"column":20}}],"line":188},"12":{"loc":{"start":{"line":188,"column":21},"end":{"line":188,"column":61}},"type":"cond-expr","locations":[{"start":{"line":188,"column":31},"end":{"line":188,"column":43}},{"start":{"line":188,"column":46},"end":{"line":188,"column":61}}],"line":188},"13":{"loc":{"start":{"line":192,"column":25},"end":{"line":192,"column":65}},"type":"cond-expr","locations":[{"start":{"line":192,"column":35},"end":{"line":192,"column":47}},{"start":{"line":192,"column":50},"end":{"line":192,"column":65}}],"line":192},"14":{"loc":{"start":{"line":197,"column":11},"end":{"line":199,"column":11}},"type":"binary-expr","locations":[{"start":{"line":197,"column":11},"end":{"line":197,"column":59}},{"start":{"line":198,"column":12},"end":{"line":198,"column":61}}],"line":197},"15":{"loc":{"start":{"line":197,"column":18},"end":{"line":197,"column":58}},"type":"cond-expr","locations":[{"start":{"line":197,"column":28},"end":{"line":197,"column":40}},{"start":{"line":197,"column":43},"end":{"line":197,"column":58}}],"line":197},"16":{"loc":{"start":{"line":205,"column":14},"end":{"line":207,"column":20}},"type":"cond-expr","locations":[{"start":{"line":206,"column":18},"end":{"line":206,"column":34}},{"start":{"line":207,"column":18},"end":{"line":207,"column":20}}],"line":205},"17":{"loc":{"start":{"line":205,"column":21},"end":{"line":205,"column":67}},"type":"cond-expr","locations":[{"start":{"line":205,"column":31},"end":{"line":205,"column":46}},{"start":{"line":205,"column":49},"end":{"line":205,"column":67}}],"line":205},"18":{"loc":{"start":{"line":209,"column":25},"end":{"line":209,"column":71}},"type":"cond-expr","locations":[{"start":{"line":209,"column":35},"end":{"line":209,"column":50}},{"start":{"line":209,"column":53},"end":{"line":209,"column":71}}],"line":209},"19":{"loc":{"start":{"line":214,"column":11},"end":{"line":218,"column":11}},"type":"binary-expr","locations":[{"start":{"line":214,"column":11},"end":{"line":214,"column":65}},{"start":{"line":215,"column":12},"end":{"line":217,"column":16}}],"line":214},"20":{"loc":{"start":{"line":214,"column":18},"end":{"line":214,"column":64}},"type":"cond-expr","locations":[{"start":{"line":214,"column":28},"end":{"line":214,"column":43}},{"start":{"line":214,"column":46},"end":{"line":214,"column":64}}],"line":214},"21":{"loc":{"start":{"line":220,"column":11},"end":{"line":232,"column":11}},"type":"binary-expr","locations":[{"start":{"line":220,"column":11},"end":{"line":220,"column":19}},{"start":{"line":221,"column":12},"end":{"line":231,"column":14}}],"line":220},"22":{"loc":{"start":{"line":226,"column":16},"end":{"line":228,"column":22}},"type":"cond-expr","locations":[{"start":{"line":227,"column":20},"end":{"line":227,"column":36}},{"start":{"line":228,"column":20},"end":{"line":228,"column":22}}],"line":226},"23":{"loc":{"start":{"line":226,"column":23},"end":{"line":226,"column":69}},"type":"cond-expr","locations":[{"start":{"line":226,"column":33},"end":{"line":226,"column":48}},{"start":{"line":226,"column":51},"end":{"line":226,"column":69}}],"line":226},"24":{"loc":{"start":{"line":234,"column":11},"end":{"line":245,"column":11}},"type":"cond-expr","locations":[{"start":{"line":235,"column":12},"end":{"line":237,"column":21}},{"start":{"line":239,"column":12},"end":{"line":244,"column":21}}],"line":234},"25":{"loc":{"start":{"line":243,"column":15},"end":{"line":243,"column":45}},"type":"cond-expr","locations":[{"start":{"line":243,"column":25},"end":{"line":243,"column":32}},{"start":{"line":243,"column":35},"end":{"line":243,"column":45}}],"line":243}},"s":{"0":12,"1":28,"2":28,"3":28,"4":28,"5":28,"6":28,"7":28,"8":0,"9":0,"10":0,"11":0,"12":0,"13":0,"14":0,"15":0,"16":0,"17":0,"18":28,"19":60,"20":8,"21":8,"22":8,"23":28,"24":0,"25":28,"26":28,"27":12,"28":12,"29":12,"30":12,"31":12,"32":12,"33":12,"34":12,"35":12,"36":12,"37":12,"38":12,"39":0,"40":0,"41":0,"42":0,"43":0,"44":0,"45":0,"46":0,"47":0,"48":0,"49":0,"50":0,"51":12,"52":28,"53":0,"54":0},"f":{"0":28,"1":28,"2":60,"3":0,"4":12,"5":0,"6":0},"b":{"0":[0,28],"1":[28,28,28],"2":[0,0],"3":[0,0],"4":[8,52],"5":[12,0],"6":[12,0],"7":[0,0],"8":[0,0],"9":[28,0],"10":[0,28],"11":[0,28],"12":[28,0],"13":[28,0],"14":[28,0],"15":[28,0],"16":[0,28],"17":[28,0],"18":[28,0],"19":[28,0],"20":[28,0],"21":[28,0],"22":[0,0],"23":[0,0],"24":[12,16],"25":[16,0]},"_coverageSchema":"1a1c01bbd47fc00a2c39e90264f33305004495a9","hash":"5df903c2ff187bb44aa002483fa4a3537814eb81"}
,"D:\\00yt\\Texttovoice_Generator\\social-media\\src\\Pages\\Bookmarks.tsx": {"path":"D:\\00yt\\Texttovoice_Generator\\social-media\\src\\Pages\\Bookmarks.tsx","statementMap":{"0":{"start":{"line":9,"column":18},"end":{"line":124,"column":1}},"1":{"start":{"line":10,"column":57},"end":{"line":10,"column":79}},"2":{"start":{"line":12,"column":40},"end":{"line":12,"column":64}},"3":{"start":{"line":13,"column":40},"end":{"line":15,"column":3}},"4":{"start":{"line":16,"column":38},"end":{"line":16,"column":61}},"5":{"start":{"line":17,"column":30},"end":{"line":17,"column":44}},"6":{"start":{"line":18,"column":19},"end":{"line":18,"column":32}},"7":{"start":{"line":20,"column":2},"end":{"line":24,"column":31}},"8":{"start":{"line":21,"column":4},"end":{"line":23,"column":5}},"9":{"start":{"line":22,"column":6},"end":{"line":22,"column":26}},"10":{"start":{"line":26,"column":2},"end":{"line":46,"column":30}},"11":{"start":{"line":27,"column":4},"end":{"line":27,"column":25}},"12":{"start":{"line":28,"column":4},"end":{"line":44,"column":5}},"13":{"start":{"line":29,"column":6},"end":{"line":29,"column":39}},"14":{"start":{"line":30,"column":6},"end":{"line":30,"column":13}},"15":{"start":{"line":32,"column":6},"end":{"line":43,"column":7}},"16":{"start":{"line":33,"column":24},"end":{"line":33,"column":40}},"17":{"start":{"line":34,"column":30},"end":{"line":40,"column":10}},"18":{"start":{"line":37,"column":33},"end":{"line":37,"column":59}},"19":{"start":{"line":38,"column":31},"end":{"line":38,"column":63}},"20":{"start":{"line":39,"column":10},"end":{"line":39,"column":30}},"21":{"start":{"line":42,"column":8},"end":{"line":42,"column":37}},"22":{"start":{"line":45,"column":4},"end":{"line":45,"column":26}},"23":{"start":{"line":48,"column":2},"end":{"line":54,"column":19}},"24":{"start":{"line":49,"column":4},"end":{"line":53,"column":5}},"25":{"start":{"line":50,"column":6},"end":{"line":50,"column":27}},"26":{"start":{"line":52,"column":6},"end":{"line":52,"column":28}},"27":{"start":{"line":56,"column":2},"end":{"line":60,"column":28}},"28":{"start":{"line":57,"column":4},"end":{"line":59,"column":5}},"29":{"start":{"line":58,"column":6},"end":{"line":58,"column":23}},"30":{"start":{"line":62,"column":2},"end":{"line":123,"column":4}},"31":{"start":{"line":97,"column":33},"end":{"line":101,"column":22}},"32":{"start":{"line":98,"column":22},"end":{"line":100,"column":23}},"33":{"start":{"line":99,"column":24},"end":{"line":99,"column":45}},"34":{"start":{"line":102,"column":32},"end":{"line":102,"column":48}},"35":{"start":{"line":103,"column":20},"end":{"line":114,"column":22}}},"fnMap":{"0":{"name":"(anonymous_0)","decl":{"start":{"line":9,"column":18},"end":{"line":9,"column":19}},"loc":{"start":{"line":9,"column":24},"end":{"line":124,"column":1}},"line":9},"1":{"name":"(anonymous_1)","decl":{"start":{"line":20,"column":12},"end":{"line":20,"column":13}},"loc":{"start":{"line":20,"column":18},"end":{"line":24,"column":3}},"line":20},"2":{"name":"(anonymous_2)","decl":{"start":{"line":26,"column":12},"end":{"line":26,"column":13}},"loc":{"start":{"line":26,"column":18},"end":{"line":46,"column":3}},"line":26},"3":{"name":"(anonymous_3)","decl":{"start":{"line":34,"column":49},"end":{"line":34,"column":50}},"loc":{"start":{"line":34,"column":68},"end":{"line":40,"column":9}},"line":34},"4":{"name":"(anonymous_4)","decl":{"start":{"line":48,"column":12},"end":{"line":48,"column":13}},"loc":{"start":{"line":48,"column":18},"end":{"line":54,"column":3}},"line":48},"5":{"name":"(anonymous_5)","decl":{"start":{"line":56,"column":12},"end":{"line":56,"column":13}},"loc":{"start":{"line":56,"column":18},"end":{"line":60,"column":3}},"line":56},"6":{"name":"(anonymous_6)","decl":{"start":{"line":95,"column":33},"end":{"line":95,"column":34}},"loc":{"start":{"line":95,"column":43},"end":{"line":116,"column":17}},"line":95},"7":{"name":"(anonymous_7)","decl":{"start":{"line":97,"column":48},"end":{"line":97,"column":49}},"loc":{"start":{"line":97,"column":59},"end":{"line":101,"column":21}},"line":97}},"branchMap":{"0":{"loc":{"start":{"line":21,"column":4},"end":{"line":23,"column":5}},"type":"if","locations":[{"start":{"line":21,"column":4},"end":{"line":23,"column":5}},{"start":{"line":21,"column":4},"end":{"line":23,"column":5}}],"line":21},"1":{"loc":{"start":{"line":28,"column":4},"end":{"line":44,"column":5}},"type":"if","locations":[{"start":{"line":28,"column":4},"end":{"line":44,"column":5}},{"start":{"line":28,"column":4},"end":{"line":44,"column":5}}],"line":28},"2":{"loc":{"start":{"line":32,"column":6},"end":{"line":43,"column":7}},"type":"if","locations":[{"start":{"line":32,"column":6},"end":{"line":43,"column":7}},{"start":{"line":32,"column":6},"end":{"line":43,"column":7}}],"line":32},"3":{"loc":{"start":{"line":32,"column":10},"end":{"line":32,"column":41}},"type":"binary-expr","locations":[{"start":{"line":32,"column":10},"end":{"line":32,"column":21}},{"start":{"line":32,"column":25},"end":{"line":32,"column":41}}],"line":32},"4":{"loc":{"start":{"line":49,"column":4},"end":{"line":53,"column":5}},"type":"if","locations":[{"start":{"line":49,"column":4},"end":{"line":53,"column":5}},{"start":{"line":49,"column":4},"end":{"line":53,"column":5}}],"line":49},"5":{"loc":{"start":{"line":57,"column":4},"end":{"line":59,"column":5}},"type":"if","locations":[{"start":{"line":57,"column":4},"end":{"line":59,"column":5}},{"start":{"line":57,"column":4},"end":{"line":59,"column":5}}],"line":57},"6":{"loc":{"start":{"line":57,"c
[...]
rt":{"line":195,"column":19},"end":{"line":195,"column":20}},"loc":{"start":{"line":195,"column":25},"end":{"line":197,"column":11}},"line":195},"15":{"name":"(anonymous_15)","decl":{"start":{"line":253,"column":31},"end":{"line":253,"column":32}},"loc":{"start":{"line":253,"column":51},"end":{"line":261,"column":21}},"line":253},"16":{"name":"(anonymous_16)","decl":{"start":{"line":269,"column":24},"end":{"line":269,"column":25}},"loc":{"start":{"line":269,"column":35},"end":{"line":280,"column":17}},"line":269},"17":{"name":"(anonymous_17)","decl":{"start":{"line":288,"column":35},"end":{"line":288,"column":36}},"loc":{"start":{"line":288,"column":47},"end":{"line":288,"column":79}},"line":288}},"branchMap":{"0":{"loc":{"start":{"line":53,"column":4},"end":{"line":57,"column":5}},"type":"if","locations":[{"start":{"line":53,"column":4},"end":{"line":57,"column":5}},{"start":{"line":53,"column":4},"end":{"line":57,"column":5}}],"line":53},"1":{"loc":{"start":{"line":60,"column":4},"end":{"line":62,"column":5}},"type":"if","locations":[{"start":{"line":60,"column":4},"end":{"line":62,"column":5}},{"start":{"line":60,"column":4},"end":{"line":62,"column":5}}],"line":60},"2":{"loc":{"start":{"line":65,"column":4},"end":{"line":93,"column":5}},"type":"if","locations":[{"start":{"line":65,"column":4},"end":{"line":93,"column":5}},{"start":{"line":65,"column":4},"end":{"line":93,"column":5}}],"line":65},"3":{"loc":{"start":{"line":70,"column":6},"end":{"line":91,"column":7}},"type":"if","locations":[{"start":{"line":70,"column":6},"end":{"line":91,"column":7}},{"start":{"line":70,"column":6},"end":{"line":91,"column":7}}],"line":70},"4":{"loc":{"start":{"line":70,"column":10},"end":{"line":70,"column":41}},"type":"binary-expr","locations":[{"start":{"line":70,"column":10},"end":{"line":70,"column":21}},{"start":{"line":70,"column":25},"end":{"line":70,"column":41}}],"line":70},"5":{"loc":{"start":{"line":111,"column":6},"end":{"line":125,"column":7}},"type":"if","locations":[{"start":{"line":111,"column":6},"end":{"line":125,"column":7}},{"start":{"line":111,"column":6},"end":{"line":125,"column":7}}],"line":111},"6":{"loc":{"start":{"line":210,"column":7},"end":{"line":293,"column":7}},"type":"cond-expr","locations":[{"start":{"line":211,"column":8},"end":{"line":214,"column":14}},{"start":{"line":216,"column":8},"end":{"line":292,"column":14}}],"line":210},"7":{"loc":{"start":{"line":218,"column":12},"end":{"line":220,"column":79}},"type":"cond-expr","locations":[{"start":{"line":219,"column":16},"end":{"line":219,"column":31}},{"start":{"line":220,"column":16},"end":{"line":220,"column":79}}],"line":218},"8":{"loc":{"start":{"line":223,"column":11},"end":{"line":227,"column":11}},"type":"binary-expr","locations":[{"start":{"line":223,"column":11},"end":{"line":223,"column":22}},{"start":{"line":224,"column":12},"end":{"line":226,"column":18}}],"line":223},"9":{"loc":{"start":{"line":254,"column":22},"end":{"line":256,"column":23}},"type":"if","locations":[{"start":{"line":254,"column":22},"end":{"line":256,"column":23}},{"start":{"line":254,"column":22},"end":{"line":256,"column":23}}],"line":254},"10":{"loc":{"start":{"line":258,"column":22},"end":{"line":260,"column":23}},"type":"if","locations":[{"start":{"line":258,"column":22},"end":{"line":260,"column":23}},{"start":{"line":258,"column":22},"end":{"line":260,"column":23}}],"line":258}},"s":{"0":12,"1":8,"2":4,"3":8,"4":8,"5":8,"6":8,"7":8,"8":8,"9":8,"10":8,"11":8,"12":8,"13":4,"14":0,"15":4,"16":8,"17":4,"18":4,"19":8,"20":4,"21":0,"22":0,"23":4,"24":4,"25":0,"26":0,"27":0,"28":0,"29":0,"30":0,"31":0,"32":0,"33":0,"34":4,"35":8,"36":4,"37":4,"38":4,"39":4,"40":0,"41":4,"42":8,"43":0,"44":0,"45":0,"46":0,"47":0,"48":8,"49":0,"50":0,"51":0,"52":0,"53":0,"54":8,"55":0,"56":0,"57":0,"58":0,"59":4,"60":0},"f":{"0":8,"1":4,"2":4,"3":4,"4":4,"5":0,"6":0,"7":4,"8":4,"9":0,"10":0,"11":0,"12":0,"13":0,"14":0,"15":0,"16":4,"17":0},"b":{"0":[0,4],"1":[4,0],"2":[0,4],"3":[0,4],"4":[4,0],"5":[0,0],"6":[4,4],"7":[4,0],"8":[4,0],"9":[0,0],"10":[0,0]},"_coverageSchema":"1a1c01bbd47fc00a2c39e90264f33305004495a9","hash":"65150690e869061678b1405eefc9c1ccfbc1aefd"}
,"D:\\00yt\\Texttovoice_Generator\\social-media\\src\\Providers\\ToasterProvider.tsx": {"path":"D:\\00yt\\Texttovoice_Generator\\social-media\\src\\Providers\\ToasterProvider.tsx","statementMap":{"0":{"start":{"line":5,"column":2},"end":{"line":9,"column":4}}},"fnMap":{"0":{"name":"ToasterProvider","decl":{"start":{"line":4,"column":9},"end":{"line":4,"column":24}},"loc":{"start":{"line":4,"column":27},"end":{"line":10,"column":1}},"line":4}},"branchMap":{},"s":{"0":12},"f":{"0":12},"b":{},"_coverageSchema":"1a1c01bbd47fc00a2c39e90264f33305004495a9","hash":"bbfba8f40603496e6c7780d4c852a4dcb810ec40"}
,"D:\\00yt\\Texttovoice_Generator\\social-media\\src\\api\\delete.ts": {"path":"D:\\00yt\\Texttovoice_Generator\\social-media\\src\\api\\delete.ts","statementMap":{"0":{"start":{"line":3,"column":26},"end":{"line":19,"column":1}},"1":{"start":{"line":8,"column":2},"end":{"line":18,"column":3}},"2":{"start":{"line":9,"column":22},"end":{"line":9,"column":73}},"3":{"start":{"line":11,"column":4},"end":{"line":13,"column":5}},"4":{"start":{"line":12,"column":6},"end":{"line":12,"column":18}},"5":{"start":{"line":15,"column":4},"end":{"line":15,"column":50}},"6":{"start":{"line":17,"column":4},"end":{"line":17,"column":41}}},"fnMap":{"0":{"name":"(anonymous_0)","decl":{"start":{"line":3,"column":26},"end":{"line":3,"column":27}},"loc":{"start":{"line":7,"column":5},"end":{"line":19,"column":1}},"line":7}},"branchMap":{"0":{"loc":{"start":{"line":11,"column":4},"end":{"line":13,"column":5}},"type":"if","locations":[{"start":{"line":11,"column":4},"end":{"line":13,"column":5}},{"start":{"line":11,"column":4},"end":{"line":13,"column":5}}],"line":11}},"s":{"0":12,"1":2,"2":2,"3":2,"4":0,"5":2,"6":0},"f":{"0":2},"b":{"0":[0,2]},"_coverageSchema":"1a1c01bbd47fc00a2c39e90264f33305004495a9","hash":"7cc9f34704c5228d9be795042ab4872632a3595b"}
,"D:\\00yt\\Texttovoice_Generator\\social-media\\src\\api\\getAll.ts": {"path":"D:\\00yt\\Texttovoice_Generator\\social-media\\src\\api\\getAll.ts","statementMap":{"0":{"start":{"line":5,"column":31},"end":{"line":30,"column":1}},"1":{"start":{"line":10,"column":2},"end":{"line":29,"column":3}},"2":{"start":{"line":11,"column":28},"end":{"line":15,"column":48}},"3":{"start":{"line":17,"column":4},"end":{"line":19,"column":5}},"4":{"start":{"line":18,"column":6},"end":{"line":18,"column":18}},"5":{"start":{"line":21,"column":4},"end":{"line":23,"column":5}},"6":{"start":{"line":22,"column":6},"end":{"line":22,"column":18}},"7":{"start":{"line":25,"column":4},"end":{"line":25,"column":56}},"8":{"start":{"line":27,"column":4},"end":{"line":27,"column":46}},"9":{"start":{"line":28,"column":4},"end":{"line":28,"column":16}},"10":{"start":{"line":31,"column":22},"end":{"line":51,"column":1}},"11":{"start":{"line":32,"column":2},"end":{"line":50,"column":3}},"12":{"start":{"line":33,"column":28},"end":{"line":36,"column":48}},"13":{"start":{"line":38,"column":4},"end":{"line":40,"column":5}},"14":{"start":{"line":39,"column":6},"end":{"line":39,"column":18}},"15":{"start":{"line":42,"column":4},"end":{"line":44,"column":5}},"16":{"start":{"line":43,"column":6},"end":{"line":43,"column":18}},"17":{"start":{"line":46,"column":4},"end":{"line":46,"column":56}},"18":{"start":{"line":48,"column":4},"end":{"line":48,"column":46}},"19":{"start":{"line":49,"column":4},"end":{"line":49,"column":16}},"20":{"start":{"line":53,"column":23},"end":{"line":73,"column":1}},"21":{"start":{"line":54,"column":2},"end":{"line":72,"column":3}},"22":{"start":{"line":55,"column":28},"end":{"line":58,"column":48}},"23":{"start":{"line":60,"column":4},"end":{"line":62,"column":5}},"24":{"start":{"line":61,"column":6},"end":{"line":61,"column":18}},"25":{"start":{"line":64,"column":4},"end":{"line":66,"column":5}},"26":{"start":{"line":65,"column":6},"end":{"line":65,"column":18}},"27":{"start":{"line":68,"column":4},"end":{"line":68,"column":56}},"28":{"start":{"line":70,"column":4},"end":{"line":70,"column":46}},"29":{"start":{"line":71,"column":4},"end":{"line":71,"column":16}}},"fnMap":{"0":{"name":"(anonymous_0)","decl":{"start":{"line":5,"column":31},"end":{"line":5,"column":32}},"loc":{"start":{"line":9,"column":32},"end":{"line":30,"column":1}},"line":9},"1":{"name":"(anonymous_1)","decl":{"start":{"line":31,"column":22},"end":{"line":31,"column":23}},"loc":{"start":{"line":31,"column":73},"end":{"line":51,"column":1}},"line":31},"2":{"name":"(anonymous_2)","decl":{"start":{"line":53,"column":23},"end":{"line":53,"column":24}},"loc":{"start":{"line":53,"column":74},"end":{"line":73,"column":1}},"line":53}},"branchMap":{"0":{"loc":{"start":{"line":17,"column":4},"end":{"line":19,"column":5}},"type":"if","locations":[{"start":{"line":17,"column":4},"end":{"line":19,"column":5}},{"start":{"line":17,"column":4},"end":{"line":19,"column":5}}],"line":17},"1":{"loc":{"start":{"line":21,"column":4},"end":{"line":23,"column":5}},"type":"if","locations":[{"start":{"line":21,"column":4},"end":{"line":23,"column":5}},{"start":{"line":21,"column":4},"end":{"line":23,"column":5}}],"line":21},"2":{"loc":{"start":{"line":38,"column":4},"end":{"line":40,"column":5}},"type":"if","locations":[{"start":{"line":38,"column":4},"end":{"line":40,"column":5}},{"start":{"line":38,"column":4},"end":{"line":40,"column":5}}],"line":38},"3":{"loc":{"start":{"line":42,"column":4},"end":{"line":44,"column":5}},"type":"if","locations":[{"start":{"line":42,"column":4},"end":{"line":44,"column":5}},{"start":{"line":42,"column":4},"end":{"line":44,"column":5}}],"line":42},"4":{"loc":{"start":{"line":60,"column":4},"end":{"line":62,"column":5}},"type":"if","locations":[{"start":{"line":60,"column":4},"end":{"line":62,"column":5}},{"start":{"line":60,"column":4},"end":{"line":62,"column":5}}],"line":60},"5":{"loc":{"start":{"line":64,"column":4},"end":{"line":66,"column":5}},"type":"if","locations":[{"start":{"line":64,"column":4},"end":{"line":66,"column":5}},{"start":{"line":64,"column":4},"end":{"line":66,"column":5}}],"line":64}},"s":{"0":12,"1":12,"2":12,"3":12,"4":0,"5":12,"6":12,"7":0,"8":0,"9":0,"10":12,"11":6,"12":6,"13":6,"14":0,"15":6,"16":6,"17":0,"18":0,"19":0,"20":12,"21":12,"22":12,"23":12,"24":0,"25":12,"26":12,"27":0,"28":0,"29":0},"f":{"0":12,"1":6,"2":12},"b":{"0":[0,12],"1":[12,0],"2":[0,6],"3":[6,0],"4":[0,12],"5":[12,0]},"_coverageSchema":"1a1c01bbd47fc00a2c39e90264f33305004495a9","hash":"ab151d6f4e887121a70ed7c27063052c1aeb660b"}
,"D:\\00yt\\Texttovoice_Generator\\social-media\\src\\api\\insert.ts": {"path":"D:\\00yt\\Texttovoice_Generator\\social-media\\src\\api\\insert.ts","statementMap":{"0":{"start":{"line":5,"column":26},"end":{"line":19,"column":1}},"1":{"start":{"line":6,"column":2},"end":{"line":18,"column":3}},"2":{"start":{"line":7,"column":28},"end":{"line":7,"column":69}},"3":{"start":{"line":9,"column":4},"end":{"line":11,"column":5}},"4":{"start":{"line":10,"column":6},"end":{"line":10,"column":18}},"5":{"start":{"line":13,"column":4},"end":{"line":15,"column":5}},"6":{"start":{"line":14,"column":6},"end":{"line":14,"column":39}},"7":{"start":{"line":17,"column":4},"end":{"line":17,"column":34}}},"fnMap":{"0":{"name":"(anonymous_0)","decl":{"start":{"line":5,"column":26},"end":{"line":5,"column":27}},"loc":{"start":{"line":5,"column":71},"end":{"line":19,"column":1}},"line":5}},"branchMap":{"0":{"loc":{"start":{"line":9,"column":4},"end":{"line":11,"column":5}},"type":"if","locations":[{"start":{"line":9,"column":4},"end":{"line":11,"column":5}},{"start":{"line":9,"column":4},"end":{"line":11,"column":5}}],"line":9},"1":{"loc":{"start":{"line":13,"column":4},"end":{"line":15,"column":5}},"type":"if","locations":[{"start":{"line":13,"column":4},"end":{"line":15,"column":5}},{"start":{"line":13,"column":4},"end":{"line":15,"column":5}}],"line":13}},"s":{"0":12,"1":2,"2":2,"3":2,"4":0,"5":2,"6":0,"7":0},"f":{"0":2},"b":{"0":[0,2],"1":[0,2]},"_coverageSchema":"1a1c01bbd47fc00a2c39e90264f33305004495a9","hash":"7cd7d59feb767653e433195898f486679bc3f4f8"}
,"D:\\00yt\\Texttovoice_Generator\\social-media\\src\\api\\update.ts": {"path":"D:\\00yt\\Texttovoice_Generator\\social-media\\src\\api\\update.ts","statementMap":{"0":{"start":{"line":4,"column":26},"end":{"line":27,"column":1}},"1":{"start":{"line":11,"column":2},"end":{"line":26,"column":3}},"2":{"start":{"line":12,"column":28},"end":{"line":15,"column":23}},"3":{"start":{"line":17,"column":4},"end":{"line":19,"column":5}},"4":{"start":{"line":18,"column":6},"end":{"line":18,"column":18}},"5":{"start":{"line":21,"column":4},"end":{"line":23,"column":5}},"6":{"start":{"line":22,"column":6},"end":{"line":22,"column":51}},"7":{"start":{"line":25,"column":4},"end":{"line":25,"column":39}},"8":{"start":{"line":29,"column":25},"end":{"line":53,"column":1}},"9":{"start":{"line":36,"column":2},"end":{"line":52,"column":3}},"10":{"start":{"line":37,"column":28},"end":{"line":40,"column":23}},"11":{"start":{"line":42,"column":4},"end":{"line":44,"column":5}},"12":{"start":{"line":43,"column":6},"end":{"line":43,"column":18}},"13":{"start":{"line":46,"column":4},"end":{"line":49,"column":5}},"14":{"start":{"line":47,"column":6},"end":{"line":47,"column":51}},"15":{"start":{"line":48,"column":6},"end":{"line":48,"column":18}},"16":{"start":{"line":51,"column":4},"end":{"line":51,"column":39}}},"fnMap":{"0":{"name":"(anonymous_0)","decl":{"start":{"line":4,"column":26},"end":{"line":4,"column":27}},"loc":{"start":{"line":10,"column":5},"end":{"line":27,"column":1}},"line":10},"1":{"name":"(anonymous_1)","decl":{"start":{"line":29,"column":25},"end":{"line":29,"column":26}},"loc":{"start":{"line":35,"column":5},"end":{"line":53,"column":1}},"line":35}},"branchMap":{"0":{"loc":{"start":{"line":17,"column":4},"end":{"line":19,"column":5}},"type":"if","locations":[{"start":{"line":17,"column":4},"end":{"line":19,"column":5}},{"start":{"line":17,"column":4},"end":{"line":19,"column":5}}],"line":17},"1":{"loc":{"start":{"line":21,"column":4},"end":{"line":23,"column":5}},"type":"if","locations":[{"start":{"line":21,"column":4},"end":{"line":23,"column":5}},{"start":{"line":21,"column":4},"end":{"line":23,"column":5}}],"line":21},"2":{"loc":{"start":{"line":42,"column":4},"end":{"line":44,"column":5}},"type":"if","locations":[{"start":{"line":42,"column":4},"end":{"line":44,"column":5}},{"start":{"line":42,"column":4},"end":{"line":44,"column":5}}],"line":42},"3":{"loc":{"start":{"line":46,"column":4},"end":{"line":49,"column":5}},"type":"if","locations":[{"start":{"line":46,"column":4},"end":{"line":49,"column":5}},{"start":{"line":46,"column":4},"end":{"line":49,"column":5}}],"line":46}},"s":{"0":12,"1":10,"2":10,"3":0,"4":0,"5":0,"6":0,"7":0,"8":12,"9":0,"10":0,"11":0,"12":0,"13":0,"14":0,"15":0,"16":0},"f":{"0":10,"1":0},"b":{"0":[0,0],"1":[0,0],"2":[0,0],"3":[0,0]},"_coverageSchema":"1a1c01bbd47fc00a2c39e90264f33305004495a9","hash":"ce21edf546e8d38b64b8723c5b154e38ec4da75d"}
,"D:\\00yt\\Texttovoice_Generator\\social-media\\src\\context\\AppContextProvider.tsx": {"path":"D:\\00yt\\Texttovoice_Generator\\social-media\\src\\context\\AppContextProvider.tsx","statementMap":{"0":{"start":{"line":11,"column":62},"end":{"line":56,"column":1}},"1":{"start":{"line":14,"column":34},"end":{"line":17,"column":4}},"2":{"start":{"line":18,"column":38},"end":{"line":21,"column":4}},"3":{"start":{"line":22,"column":40},"end":{"line":24,"column":3}},"4":{"start":{"line":25,"column":32},"end":{"line":25,"column":55}},"5":{"start":{"line":27,"column":34},"end":{"line":32,"column":8}},"6":{"start":{"line":28,"column":4},"end":{"line":31,"column":7}},"7":{"start":{"line":34,"column":2},"end":{"line":39,"column":32}},"8":{"start":{"line":35,"column":4},"end":{"line":35,"column":63}},"9":{"start":{"line":36,"column":4},"end":{"line":38,"column":6}},"10":{"start":{"line":37,"column":6},"end":{"line":37,"column":68}},"11":{"start":{"line":41,"column":2},"end":{"line":55,"column":4}}},"fnMap":{"0":{"name":"(anonymous_0)","decl":{"start":{"line":11,"column":62},"end":{"line":11,"column":63}},"loc":{"start":{"line":13,"column":6},"end":{"line":56,"column":1}},"line":13},"1":{"name":"(anonymous_1)","decl":{"start":{"line":27,"column":46},"end":{"line":27,"column":47}},"loc":{"start":{"line":27,"column":52},"end":{"line":32,"column":3}},"line":27},"2":{"name":"(anonymous_2)","decl":{"start":{"line":34,"column":12},"end":{"line":34,"column":13}},"loc":{"start":{"line":34,"column":18},"end":{"line":39,"column":3}},"line":34},"3":{"name":"(anonymous_3)","decl":{"start":{"line":36,"column":11},"end":{"line":36,"column":12}},"loc":{"start":{"line":36,"column":17},"end":{"line":38,"column":5}},"line":36}},"branchMap":{},"s":{"0":12,"1":64,"2":64,"3":64,"4":64,"5":64,"6":0,"7":64,"8":12,"9":12,"10":0,"11":64},"f":{"0":64,"1":0,"2":12,"3":0},"b":{},"_coverageSchema":"1a1c01bbd47fc00a2c39e90264f33305004495a9","hash":"59e2ba90bf6a828a0d2ab703e58781d704d6d013"}
,"D:\\00yt\\Texttovoice_Generator\\social-media\\src\\context\\app-context.tsx": {"path":"D:\\00yt\\Texttovoice_Generator\\social-media\\src\\context\\app-context.tsx","statementMap":{"0":{"start":{"line":4,"column":44},"end":{"line":24,"column":1}},"1":{"start":{"line":15,"column":4},"end":{"line":15,"column":6}},"2":{"start":{"line":18,"column":4},"end":{"line":18,"column":6}},"3":{"start":{"line":22,"column":4},"end":{"line":22,"column":6}},"4":{"start":{"line":26,"column":19},"end":{"line":26,"column":69}}},"fnMap":{"0":{"name":"(anonymous_0)","decl":{"start":{"line":14,"column":15},"end":{"line":14,"column":16}},"loc":{"start":{"line":14,"column":22},"end":{"line":16,"column":3}},"line":14},"1":{"name":"(anonymous_1)","decl":{"start":{"line":17,"column":18},"end":{"line":17,"column":19}},"loc":{"start":{"line":17,"column":25},"end":{"line":19,"column":3}},"line":17},"2":{"name":"(anonymous_2)","decl":{"start":{"line":21,"column":14},"end":{"line":21,"column":15}},"loc":{"start":{"line":21,"column":21},"end":{"line":23,"column":3}},"line":21}},"branchMap":{},"s":{"0":12,"1":0,"2":0,"3":0,"4":12},"f":{"0":0,"1":0,"2":0},"b":{},"_coverageSchema":"1a1c01bbd47fc00a2c39e90264f33305004495a9","hash":"3cab6e7edaca60da3227eb57579ab54b44ecb64f"}
,"D:\\00yt\\Texttovoice_Generator\\social-media\\src\\hooks\\useFileUpload.tsx": {"path":"D:\\00yt\\Texttovoice_Generator\\social-media\\src\\hooks\\useFileUpload.tsx","statementMap":{"0":{"start":{"line":5,"column":17},"end":{"line":8,"column":1}},"1":{"start":{"line":11,"column":46},"end":{"line":11,"column":64}},"2":{"start":{"line":12,"column":40},"end":{"line":12,"column":59}},"3":{"start":{"line":13,"column":21},"end":{"line":29,"column":3}},"4":{"start":{"line":18,"column":4},"end":{"line":23,"column":5}},"5":{"start":{"line":19,"column":6},"end":{"line":19,"column":27}},"6":{"start":{"line":20,"column":6},"end":{"line":20,"column":69}},"7":{"start":{"line":22,"column":6},"end":{"line":22,"column":34}},"8":{"start":{"line":25,"column":21},"end":{"line":25,"column":77}},"9":{"start":{"line":26,"column":17},"end":{"line":26,"column":31}},"10":{"start":{"line":27,"column":4},"end":{"line":27,"column":28}},"11":{"start":{"line":28,"column":4},"end":{"line":28,"column":26}},"12":{"start":{"line":30,"column":2},"end":{"line":30,"column":53}}},"fnMap":{"0":{"name":"useFileUpload","decl":{"start":{"line":10,"column":9},"end":{"line":10,"column":22}},"loc":{"start":{"line":10,"column":25},"end":{"line":31,"column":1}},"line":10},"1":{"name":"(anonymous_1)","decl":{"start":{"line":13,"column":21},"end":{"line":13,"column":22}},"loc":{"start":{"line":17,"column":7},"end":{"line":29,"column":3}},"line":17}},"branchMap":{},"s":{"0":12,"1":8,"2":8,"3":8,"4":0,"5":0,"6":0,"7":0,"8":0,"9":0,"10":0,"11":0,"12":8},"f":{"0":8,"1":0},"b":{},"_coverageSchema":"1a1c01bbd47fc00a2c39e90264f33305004495a9","hash":"0dbc8c2e5cb6499feff56a38d9219249857fbc1a"}
}
