{"total": {"lines":{"total":672,"covered":412,"skipped":0,"pct":61.3},"statements":{"total":681,"covered":420,"skipped":0,"pct":61.67},"functions":{"total":146,"covered":85,"skipped":0,"pct":58.21},"branches":{"total":324,"covered":157,"skipped":0,"pct":48.45},"branchesTrue":{"total":0,"covered":0,"skipped":0,"pct":100}}
,"D:\\00yt\\Texttovoice_Generator\\social-media\\src\\App.tsx": {"lines":{"total":2,"covered":2,"skipped":0,"pct":100},"functions":{"total":1,"covered":1,"skipped":0,"pct":100},"statements":{"total":2,"covered":2,"skipped":0,"pct":100},"branches":{"total":0,"covered":0,"skipped":0,"pct":100}}
,"D:\\00yt\\Texttovoice_Generator\\social-media\\src\\SupabaseClient.tsx": {"lines":{"total":3,"covered":3,"skipped":0,"pct":100},"functions":{"total":0,"covered":0,"skipped":0,"pct":100},"statements":{"total":3,"covered":3,"skipped":0,"pct":100},"branches":{"total":0,"covered":0,"skipped":0,"pct":100}}
,"D:\\00yt\\Texttovoice_Generator\\social-media\\src\\index.js": {"lines":{"total":2,"covered":2,"skipped":0,"pct":100},"functions":{"total":0,"covered":0,"skipped":0,"pct":100},"statements":{"total":2,"covered":2,"skipped":0,"pct":100},"branches":{"total":0,"covered":0,"skipped":0,"pct":100}}
,"D:\\00yt\\Texttovoice_Generator\\social-media\\src\\Common\\Links.tsx": {"lines":{"total":1,"covered":1,"skipped":0,"pct":100},"functions":{"total":0,"covered":0,"skipped":0,"pct":100},"statements":{"total":1,"covered":1,"skipped":0,"pct":100},"branches":{"total":0,"covered":0,"skipped":0,"pct":100}}
,"D:\\00yt\\Texttovoice_Generator\\social-media\\src\\Common\\Routers.tsx": {"lines":{"total":3,"covered":3,"skipped":0,"pct":100},"functions":{"total":2,"covered":2,"skipped":0,"pct":100},"statements":{"total":3,"covered":3,"skipped":0,"pct":100},"branches":{"total":0,"covered":0,"skipped":0,"pct":100}}
,"D:\\00yt\\Texttovoice_Generator\\social-media\\src\\Components\\CreatePost.tsx": {"lines":{"total":43,"covered":36,"skipped":0,"pct":83.72},"functions":{"total":6,"covered":6,"skipped":0,"pct":100},"statements":{"total":43,"covered":36,"skipped":0,"pct":83.72},"branches":{"total":24,"covered":13,"skipped":0,"pct":54.16}}
,"D:\\00yt\\Texttovoice_Generator\\social-media\\src\\Components\\Navbar.tsx": {"lines":{"total":34,"covered":31,"skipped":0,"pct":91.17},"functions":{"total":7,"covered":7,"skipped":0,"pct":100},"statements":{"total":34,"covered":31,"skipped":0,"pct":91.17},"branches":{"total":10,"covered":6,"skipped":0,"pct":60}}
,"D:\\00yt\\Texttovoice_Generator\\social-media\\src\\Components\\PostCard.tsx": {"lines":{"total":140,"covered":84,"skipped":0,"pct":60},"functions":{"total":35,"covered":20,"skipped":0,"pct":57.14},"statements":{"total":146,"covered":90,"skipped":0,"pct":61.64},"branches":{"total":68,"covered":39,"skipped":0,"pct":57.35}}
,"D:\\00yt\\Texttovoice_Generator\\social-media\\src\\Components\\SideNavBar.tsx": {"lines":{"total":8,"covered":2,"skipped":0,"pct":25},"functions":{"total":4,"covered":0,"skipped":0,"pct":0},"statements":{"total":8,"covered":2,"skipped":0,"pct":25},"branches":{"total":0,"covered":0,"skipped":0,"pct":100}}
,"D:\\00yt\\Texttovoice_Generator\\social-media\\src\\Components\\ProfileComp\\Profile.tsx": {"lines":{"total":97,"covered":42,"skipped":0,"pct":43.29},"functions":{"total":19,"covered":4,"skipped":0,"pct":21.05},"statements":{"total":97,"covered":42,"skipped":0,"pct":43.29},"branches":{"total":42,"covered":10,"skipped":0,"pct":23.8}}
,"D:\\00yt\\Texttovoice_Generator\\social-media\\src\\Pages\\AuthPage.tsx": {"lines":{"total":55,"covered":30,"skipped":0,"pct":54.54},"functions":{"total":7,"covered":4,"skipped":0,"pct":57.14},"statements":{"total":55,"covered":30,"skipped":0,"pct":54.54},"branches":{"total":53,"covered":24,"skipped":0,"pct":45.28}}
,"D:\\00yt\\Texttovoice_Generator\\social-media\\src\\Pages\\Bookmarks.tsx": {"lines":{"total":36,"covered":22,"skipped":0,"pct":61.11},"functions":{"total":8,"covered":5,"skipped":0,"pct":62.5},"statements":{"total":36,"covered":22,"skipped":0,"pct":61.11},"branches":{"total":22,"covered":12,"skipped":0,"pct":54.54}}
,"D:\\00yt\\Texttovoice_Generator\\social-media\\src\\Pages\\Home.tsx": {"lines":{"total":59,"covered":50,"skipped":0,"pct":84.74},"functions":{"total":14,"covered":13,"skipped":0,"pct":92.85},"statements":{"total":61,"covered":51,"skipped":0,"pct":83.6},"branches":{"total":35,"covered":23,"skipped":0,"pct":65.71}}
,"D:\\00yt\\Texttovoice_Generator\\social-media\\src\\Pages\\Likes.tsx": {"lines":{"total":36,"covered":22,"skipped":0,"pct":61.11},"functions":{"total":8,"covered":5,"skipped":0,"pct":62.5},"statements":{"total":36,"covered":22,"skipped":0,"pct":61.11},"branches":{"total":22,"covered":12,"skipped":0,"pct":54.54}}
,"D:\\00yt\\Texttovoice_Generator\\social-media\\src\\Pages\\Posts.tsx": {"lines":{"total":60,"covered":32,"skipped":0,"pct":53.33},"functions":{"total":18,"covered":8,"skipped":0,"pct":44.44},"statements":{"total":61,"covered":33,"skipped":0,"pct":54.09},"branches":{"total":22,"covered":9,"skipped":0,"pct":40.9}}
,"D:\\00yt\\Texttovoice_Generator\\social-media\\src\\Providers\\ToasterProvider.tsx": {"lines":{"total":1,"covered":1,"skipped":0,"pct":100},"functions":{"total":1,"covered":1,"skipped":0,"pct":100},"statements":{"total":1,"covered":1,"skipped":0,"pct":100},"branches":{"total":0,"covered":0,"skipped":0,"pct":100}}
,"D:\\00yt\\Texttovoice_Generator\\social-media\\src\\api\\delete.ts": {"lines":{"total":7,"covered":5,"skipped":0,"pct":71.42},"functions":{"total":1,"covered":1,"skipped":0,"pct":100},"statements":{"total":7,"covered":5,"skipped":0,"pct":71.42},"branches":{"total":2,"covered":1,"skipped":0,"pct":50}}
,"D:\\00yt\\Texttovoice_Generator\\social-media\\src\\api\\getAll.ts": {"lines":{"total":30,"covered":18,"skipped":0,"pct":60},"functions":{"total":3,"covered":3,"skipped":0,"pct":100},"statements":{"total":30,"covered":18,"skipped":0,"pct":60},"branches":{"total":12,"covered":6,"skipped":0,"pct":50}}
,"D:\\00yt\\Texttovoice_Generator\\social-media\\src\\api\\insert.ts": {"lines":{"total":8,"covered":5,"skipped":0,"pct":62.5},"functions":{"total":1,"covered":1,"skipped":0,"pct":100},"statements":{"total":8,"covered":5,"skipped":0,"pct":62.5},"branches":{"total":4,"covered":2,"skipped":0,"pct":50}}
,"D:\\00yt\\Texttovoice_Generator\\social-media\\src\\api\\update.ts": {"lines":{"total":17,"covered":4,"skipped":0,"pct":23.52},"functions":{"total":2,"covered":1,"skipped":0,"pct":50},"statements":{"total":17,"covered":4,"skipped":0,"pct":23.52},"branches":{"total":8,"covered":0,"skipped":0,"pct":0}}
,"D:\\00yt\\Texttovoice_Generator\\social-media\\src\\context\\AppContextProvider.tsx": {"lines":{"total":12,"covered":10,"skipped":0,"pct":83.33},"functions":{"total":4,"covered":2,"skipped":0,"pct":50},"statements":{"total":12,"covered":10,"skipped":0,"pct":83.33},"branches":{"total":0,"covered":0,"skipped":0,"pct":100}}
,"D:\\00yt\\Texttovoice_Generator\\social-media\\src\\context\\app-context.tsx": {"lines":{"total":5,"covered":2,"skipped":0,"pct":40},"functions":{"total":3,"covered":0,"skipped":0,"pct":0},"statements":{"total":5,"covered":2,"skipped":0,"pct":40},"branches":{"total":0,"covered":0,"skipped":0,"pct":100}}
,"D:\\00yt\\Texttovoice_Generator\\social-media\\src\\hooks\\useFileUpload.tsx": {"lines":{"total":13,"covered":5,"skipped":0,"pct":38.46},"functions":{"total":2,"covered":1,"skipped":0,"pct":50},"statements":{"total":13,"covered":5,"skipped":0,"pct":38.46},"branches":{"total":0,"covered":0,"skipped":0,"pct":100}}
}
