TN:
SF:src\App.tsx
FN:7,(anonymous_0)
FNF:1
FNH:1
FNDA:12,(anonymous_0)
DA:7,12
DA:8,12
LF:2
LH:2
BRF:0
BRH:0
end_of_record
TN:
SF:src\SupabaseClient.tsx
FNF:0
FNH:0
DA:5,12
DA:6,12
DA:8,12
LF:3
LH:3
BRF:0
BRH:0
end_of_record
TN:
SF:src\index.js
FNF:0
FNH:0
DA:6,12
DA:7,12
LF:2
LH:2
BRF:0
BRH:0
end_of_record
TN:
SF:src\Common\Links.tsx
FNF:0
FNH:0
DA:11,12
LF:1
LH:1
BRF:0
BRH:0
end_of_record
TN:
SF:src\Common\Routers.tsx
FN:5,(anonymous_0)
FN:9,(anonymous_1)
FNF:2
FNH:2
FNDA:12,(anonymous_0)
FNDA:96,(anonymous_1)
DA:5,12
DA:6,12
DA:10,96
LF:3
LH:3
BRF:0
BRH:0
end_of_record
TN:
SF:src\Components\CreatePost.tsx
FN:12,(anonymous_0)
FN:19,(anonymous_1)
FN:30,(anonymous_2)
FN:36,(anonymous_3)
FN:46,(anonymous_4)
FN:49,(anonymous_5)
FNF:6
FNH:6
FNDA:68,(anonymous_0)
FNDA:2,(anonymous_1)
FNDA:12,(anonymous_2)
FNDA:2,(anonymous_3)
FNDA:2,(anonymous_4)
FNDA:70,(anonymous_5)
DA:12,12
DA:13,68
DA:14,68
DA:15,68
DA:16,68
DA:17,68
DA:19,68
DA:20,2
DA:21,2
DA:24,68
DA:26,68
DA:30,68
DA:31,12
DA:32,12
DA:36,68
DA:37,2
DA:38,2
DA:39,2
DA:40,2
DA:41,2
DA:42,2
DA:44,2
DA:46,2
DA:47,2
DA:48,2
DA:49,2
DA:51,70
DA:52,70
DA:55,70
DA:56,70
DA:57,0
DA:58,0
DA:59,0
DA:60,0
DA:62,0
DA:65,2
DA:66,2
DA:69,0
DA:72,2
DA:73,2
DA:75,2
DA:78,0
DA:82,68
LF:43
LH:36
BRDA:31,0,0,12
BRDA:31,0,1,0
BRDA:41,1,0,2
BRDA:41,1,1,0
BRDA:41,2,0,2
BRDA:41,2,1,2
BRDA:51,3,0,70
BRDA:51,3,1,0
BRDA:52,4,0,70
BRDA:52,4,1,0
BRDA:55,5,0,70
BRDA:55,5,1,0
BRDA:55,6,0,70
BRDA:55,6,1,70
BRDA:57,7,0,0
BRDA:57,7,1,0
BRDA:59,8,0,0
BRDA:59,8,1,0
BRDA:65,9,0,2
BRDA:65,9,1,0
BRDA:85,10,0,68
BRDA:85,10,1,0
BRDA:104,11,0,8
BRDA:104,11,1,60
BRF:24
BRH:13
end_of_record
TN:
SF:src\Components\Navbar.tsx
FN:23,(anonymous_0)
FN:32,(anonymous_1)
FN:37,(anonymous_2)
FN:38,(anonymous_3)
FN:52,(anonymous_4)
FN:97,(anonymous_5)
FN:113,(anonymous_6)
FNF:7
FNH:7
FNDA:96,(anonymous_0)
FNDA:12,(anonymous_1)
FNDA:12,(anonymous_2)
FNDA:12,(anonymous_3)
FNDA:4,(anonymous_4)
FNDA:36,(anonymous_5)
FNDA:576,(anonymous_6)
DA:21,12
DA:23,12
DA:24,96
DA:25,96
DA:28,96
DA:30,96
DA:31,96
DA:32,96
DA:33,12
DA:34,0
DA:37,96
DA:38,12
DA:39,12
DA:40,12
DA:41,12
DA:42,12
DA:43,12
DA:47,0
DA:50,12
DA:52,96
DA:53,4
DA:54,4
DA:55,4
DA:56,4
DA:57,4
DA:67,4
DA:68,0
DA:70,4
DA:73,96
DA:97,96
DA:98,36
DA:99,36
DA:102,96
DA:114,576
LF:34
LH:31
BRDA:33,0,0,0
BRDA:33,0,1,12
BRDA:40,1,0,12
BRDA:40,1,1,0
BRDA:42,2,0,12
BRDA:42,2,1,0
BRDA:67,3,0,0
BRDA:67,3,1,4
BRDA:90,4,0,4
BRDA:90,4,1,92
BRF:10
BRH:6
end_of_record
TN:
SF:src\Components\PostCard.tsx
FN:32,(anonymous_0)
FN:62,(anonymous_1)
FN:79,(anonymous_2)
FN:88,(anonymous_3)
FN:109,(anonymous_4)
FN:130,(anonymous_5)
FN:134,(anonymous_6)
FN:150,(anonymous_7)
FN:158,(anonymous_8)
FN:167,(anonymous_9)
FN:171,(anonymous_10)
FN:185,(anonymous_11)
FN:188,(anonymous_12)
FN:191,(anonymous_13)
FN:195,(anonymous_14)
FN:198,(anonymous_15)
FN:204,(anonymous_16)
FN:216,(anonymous_17)
FN:240,getTimestampString
FN:263,(anonymous_19)
FN:284,(anonymous_20)
FN:291,(anonymous_21)
FN:303,(anonymous_22)
FN:313,(anonymous_23)
FN:322,(anonymous_24)
FN:366,(anonymous_25)
FN:375,(anonymous_26)
FN:392,(anonymous_27)
FN:394,(anonymous_28)
FN:402,(anonymous_29)
FN:404,(anonymous_30)
FN:427,(anonymous_31)
FN:429,(anonymous_32)
FN:437,(anonymous_33)
FN:439,(anonymous_34)
FNF:35
FNH:20
FNDA:302,(anonymous_0)
FNDA:152,(anonymous_1)
FNDA:8,(anonymous_2)
FNDA:4,(anonymous_3)
FNDA:2,(anonymous_4)
FNDA:0,(anonymous_5)
FNDA:0,(anonymous_6)
FNDA:0,(anonymous_7)
FNDA:2,(anonymous_8)
FNDA:2,(anonymous_9)
FNDA:72,(anonymous_10)
FNDA:0,(anonymous_11)
FNDA:0,(anonymous_12)
FNDA:0,(anonymous_13)
FNDA:0,(anonymous_14)
FNDA:0,(anonymous_15)
FNDA:0,(anonymous_16)
FNDA:0,(anonymous_17)
FNDA:302,getTimestampString
FNDA:10,(anonymous_19)
FNDA:0,(anonymous_20)
FNDA:0,(anonymous_21)
FNDA:0,(anonymous_22)
FNDA:0,(anonymous_23)
FNDA:0,(anonymous_24)
FNDA:2,(anonymous_25)
FNDA:2,(anonymous_26)
FNDA:2,(anonymous_27)
FNDA:2,(anonymous_28)
FNDA:2,(anonymous_29)
FNDA:4,(anonymous_30)
FNDA:2,(anonymous_31)
FNDA:2,(anonymous_32)
FNDA:2,(anonymous_33)
FNDA:2,(anonymous_34)
DA:32,12
DA:41,302
DA:42,302
DA:43,302
DA:44,302
DA:45,302
DA:46,302
DA:47,302
DA:49,302
DA:50,302
DA:51,302
DA:52,302
DA:53,302
DA:56,302
DA:57,302
DA:58,302
DA:62,302
DA:63,152
DA:64,152
DA:65,32
DA:67,120
DA:69,152
DA:70,2
DA:72,150
DA:76,152
DA:79,302
DA:81,8
DA:82,4
DA:84,4
DA:86,8
DA:87,8
DA:88,4
DA:89,4
DA:90,4
DA:91,4
DA:94,0
DA:97,4
DA:98,4
DA:99,4
DA:100,4
DA:103,0
DA:109,302
DA:110,2
DA:112,2
DA:113,2
DA:114,0
DA:122,2
DA:123,2
DA:130,0
DA:131,0
DA:132,0
DA:134,0
DA:135,0
DA:136,0
DA:138,0
DA:141,0
DA:145,0
DA:148,0
DA:150,0
DA:151,0
DA:152,0
DA:155,0
DA:156,0
DA:158,302
DA:159,2
DA:160,2
DA:161,2
DA:162,0
DA:163,0
DA:165,2
DA:166,2
DA:167,2
DA:168,2
DA:169,0
DA:171,72
DA:172,2
DA:176,0
DA:179,2
DA:181,2
DA:182,2
DA:185,302
DA:186,0
DA:188,302
DA:189,0
DA:191,302
DA:192,0
DA:195,302
DA:196,0
DA:197,0
DA:198,0
DA:199,0
DA:200,0
DA:202,0
DA:203,0
DA:204,0
DA:206,0
DA:209,0
DA:211,0
DA:213,0
DA:216,302
DA:217,0
DA:218,0
DA:219,0
DA:220,0
DA:222,0
DA:230,0
DA:231,0
DA:232,0
DA:233,0
DA:234,0
DA:236,0
DA:238,0
DA:241,302
DA:242,302
DA:243,302
DA:246,302
DA:263,10
DA:284,0
DA:291,0
DA:304,0
DA:314,0
DA:315,0
DA:323,0
DA:324,0
DA:367,2
DA:368,2
DA:376,2
DA:377,2
DA:393,2
DA:394,2
DA:395,2
DA:403,2
DA:404,4
DA:405,2
DA:428,2
DA:429,2
DA:430,2
DA:438,2
DA:439,2
DA:440,2
LF:140
LH:84
BRDA:63,0,0,152
BRDA:63,0,1,0
BRDA:64,1,0,32
BRDA:64,1,1,120
BRDA:69,2,0,2
BRDA:69,2,1,150
BRDA:81,3,0,4
BRDA:81,3,1,4
BRDA:86,4,0,8
BRDA:86,4,1,0
BRDA:87,5,0,4
BRDA:87,5,1,4
BRDA:90,6,0,4
BRDA:90,6,1,0
BRDA:90,7,0,4
BRDA:90,7,1,4
BRDA:99,8,0,4
BRDA:99,8,1,0
BRDA:99,9,0,4
BRDA:99,9,1,4
BRDA:113,10,0,0
BRDA:113,10,1,2
BRDA:122,11,0,2
BRDA:122,11,1,0
BRDA:131,12,0,0
BRDA:131,12,1,0
BRDA:135,13,0,0
BRDA:135,13,1,0
BRDA:151,14,0,0
BRDA:151,14,1,0
BRDA:161,15,0,0
BRDA:161,15,1,2
BRDA:165,16,0,2
BRDA:165,16,1,0
BRDA:168,17,0,0
BRDA:168,17,1,2
BRDA:202,18,0,0
BRDA:202,18,1,0
BRDA:218,19,0,0
BRDA:218,19,1,0
BRDA:224,20,0,0
BRDA:224,20,1,0
BRDA:297,21,0,0
BRDA:297,21,1,302
BRDA:309,22,0,0
BRDA:309,22,1,0
BRDA:340,23,0,254
BRDA:340,23,1,48
BRDA:355,24,0,302
BRDA:355,24,1,0
BRDA:362,25,0,198
BRDA:362,25,1,104
BRDA:388,26,0,58
BRDA:388,26,1,244
BRDA:394,27,0,0
BRDA:394,27,1,2
BRDA:394,28,0,2
BRDA:394,28,1,2
BRDA:404,29,0,0
BRDA:404,29,1,4
BRDA:424,30,0,6
BRDA:424,30,1,296
BRDA:429,31,0,0
BRDA:429,31,1,2
BRDA:429,32,0,2
BRDA:429,32,1,2
BRDA:439,33,0,0
BRDA:439,33,1,2
BRF:68
BRH:39
end_of_record
TN:
SF:src\Components\SideNavBar.tsx
FN:26,(anonymous_0)
FN:28,(anonymous_1)
FN:40,(anonymous_2)
FN:43,(anonymous_3)
FNF:4
FNH:0
FNDA:0,(anonymous_0)
FNDA:0,(anonymous_1)
FNDA:0,(anonymous_2)
FNDA:0,(anonymous_3)
DA:17,12
DA:26,12
DA:27,0
DA:28,0
DA:29,0
DA:32,0
DA:41,0
DA:43,0
LF:8
LH:2
BRF:0
BRH:0
end_of_record
TN:
SF:src\Components\ProfileComp\Profile.tsx
FN:14,(anonymous_0)
FN:40,(anonymous_1)
FN:43,(anonymous_2)
FN:63,(anonymous_3)
FN:69,(anonymous_4)
FN:79,(anonymous_5)
FN:96,(anonymous_6)
FN:107,(anonymous_7)
FN:124,(anonymous_8)
FN:145,(anonymous_9)
FN:149,(anonymous_10)
FN:153,(anonymous_11)
FN:161,(anonymous_12)
FN:167,(anonymous_13)
FN:171,(anonymous_14)
FN:209,(anonymous_15)
FN:218,(anonymous_16)
FN:229,(anonymous_17)
FN:296,(anonymous_18)
FNF:19
FNH:4
FNDA:8,(anonymous_0)
FNDA:4,(anonymous_1)
FNDA:0,(anonymous_2)
FNDA:4,(anonymous_3)
FNDA:0,(anonymous_4)
FNDA:0,(anonymous_5)
FNDA:4,(anonymous_6)
FNDA:0,(anonymous_7)
FNDA:0,(anonymous_8)
FNDA:0,(anonymous_9)
FNDA:0,(anonymous_10)
FNDA:0,(anonymous_11)
FNDA:0,(anonymous_12)
FNDA:0,(anonymous_13)
FNDA:0,(anonymous_14)
FNDA:0,(anonymous_15)
FNDA:0,(anonymous_16)
FNDA:0,(anonymous_17)
FNDA:0,(anonymous_18)
DA:14,12
DA:22,8
DA:23,8
DA:24,8
DA:25,8
DA:26,8
DA:27,8
DA:28,8
DA:29,8
DA:30,8
DA:31,8
DA:32,8
DA:33,8
DA:34,8
DA:38,8
DA:40,8
DA:41,4
DA:42,4
DA:43,4
DA:44,0
DA:45,0
DA:48,4
DA:51,4
DA:52,4
DA:53,4
DA:54,84
DA:55,4
DA:56,4
DA:59,4
DA:60,4
DA:63,8
DA:64,4
DA:65,4
DA:69,8
DA:70,0
DA:71,0
DA:72,0
DA:79,0
DA:80,0
DA:81,0
DA:82,0
DA:83,0
DA:84,0
DA:88,0
DA:92,0
DA:96,8
DA:97,4
DA:98,0
DA:107,8
DA:108,0
DA:109,0
DA:110,0
DA:111,0
DA:112,0
DA:114,0
DA:115,0
DA:116,0
DA:117,0
DA:124,0
DA:125,0
DA:126,0
DA:127,0
DA:128,0
DA:131,0
DA:135,0
DA:139,0
DA:141,0
DA:142,0
DA:145,8
DA:146,0
DA:149,8
DA:150,0
DA:153,8
DA:154,0
DA:155,0
DA:156,0
DA:157,0
DA:161,8
DA:162,0
DA:163,0
DA:167,8
DA:168,0
DA:171,8
DA:172,0
DA:173,0
DA:174,0
DA:175,0
DA:176,0
DA:186,0
DA:187,0
DA:189,0
DA:192,8
DA:209,0
DA:219,0
DA:220,0
DA:229,0
DA:296,0
LF:97
LH:42
BRDA:44,0,0,0
BRDA:44,0,1,0
BRDA:54,1,0,4
BRDA:54,1,1,80
BRDA:64,2,0,4
BRDA:64,2,1,0
BRDA:71,3,0,0
BRDA:71,3,1,0
BRDA:82,4,0,0
BRDA:82,4,1,0
BRDA:83,5,0,0
BRDA:83,5,1,0
BRDA:97,6,0,0
BRDA:97,6,1,4
BRDA:109,7,0,0
BRDA:109,7,1,0
BRDA:114,8,0,0
BRDA:114,8,1,0
BRDA:116,9,0,0
BRDA:116,9,1,0
BRDA:127,10,0,0
BRDA:127,10,1,0
BRDA:156,11,0,0
BRDA:156,11,1,0
BRDA:162,12,0,0
BRDA:162,12,1,0
BRDA:186,13,0,0
BRDA:186,13,1,0
BRDA:219,14,0,0
BRDA:219,14,1,0
BRDA:233,15,0,0
BRDA:233,15,1,8
BRDA:252,16,0,8
BRDA:252,16,1,0
BRDA:258,17,0,0
BRDA:258,17,1,8
BRDA:264,18,0,4
BRDA:264,18,1,4
BRDA:302,19,0,8
BRDA:302,19,1,0
BRDA:307,20,0,0
BRDA:307,20,1,0
BRF:42
BRH:10
end_of_record
TN:
SF:src\Pages\AuthPage.tsx
FN:20,(anonymous_0)
FN:37,(anonymous_1)
FN:68,(anonymous_2)
FN:84,(anonymous_3)
FN:91,(anonymous_4)
FN:166,(anonymous_5)
FN:176,(anonymous_6)
FNF:7
FNH:4
FNDA:28,(anonymous_0)
FNDA:28,(anonymous_1)
FNDA:60,(anonymous_2)
FNDA:0,(anonymous_3)
FNDA:12,(anonymous_4)
FNDA:0,(anonymous_5)
FNDA:0,(anonymous_6)
DA:20,12
DA:25,28
DA:27,28
DA:32,28
DA:34,28
DA:35,28
DA:37,28
DA:38,28
DA:43,0
DA:44,0
DA:47,0
DA:48,0
DA:49,0
DA:50,0
DA:51,0
DA:53,0
DA:54,0
DA:63,0
DA:68,28
DA:69,60
DA:70,8
DA:71,8
DA:72,8
DA:84,28
DA:85,0
DA:89,28
DA:91,28
DA:92,12
DA:93,12
DA:94,12
DA:95,12
DA:96,12
DA:97,12
DA:101,12
DA:102,12
DA:103,12
DA:113,12
DA:114,12
DA:115,12
DA:117,0
DA:118,0
DA:121,0
DA:124,0
DA:133,0
DA:134,0
DA:143,0
DA:144,0
DA:146,0
DA:147,0
DA:149,0
DA:152,0
DA:154,12
DA:157,28
DA:166,0
DA:176,0
LF:55
LH:30
BRDA:38,0,0,0
BRDA:38,0,1,28
BRDA:39,1,0,28
BRDA:39,1,1,28
BRDA:39,1,2,28
BRDA:43,2,0,0
BRDA:43,2,1,0
BRDA:48,3,0,0
BRDA:48,3,1,0
BRDA:69,4,0,8
BRDA:69,4,1,52
BRDA:95,5,0,12
BRDA:95,5,1,0
BRDA:101,6,0,12
BRDA:101,6,1,0
BRDA:133,7,0,0
BRDA:133,7,1,0
BRDA:143,8,0,0
BRDA:143,8,1,0
BRDA:162,9,0,28
BRDA:162,9,1,0
BRDA:172,10,0,0
BRDA:172,10,1,28
BRDA:188,11,0,0
BRDA:188,11,1,28
BRDA:188,12,0,28
BRDA:188,12,1,0
BRDA:192,13,0,28
BRDA:192,13,1,0
BRDA:197,14,0,28
BRDA:197,14,1,0
BRDA:197,15,0,28
BRDA:197,15,1,0
BRDA:205,16,0,0
BRDA:205,16,1,28
BRDA:205,17,0,28
BRDA:205,17,1,0
BRDA:209,18,0,28
BRDA:209,18,1,0
BRDA:214,19,0,28
BRDA:214,19,1,0
BRDA:214,20,0,28
BRDA:214,20,1,0
BRDA:220,21,0,28
BRDA:220,21,1,0
BRDA:226,22,0,0
BRDA:226,22,1,0
BRDA:226,23,0,0
BRDA:226,23,1,0
BRDA:234,24,0,12
BRDA:234,24,1,16
BRDA:243,25,0,16
BRDA:243,25,1,0
BRF:53
BRH:24
end_of_record
TN:
SF:src\Pages\Bookmarks.tsx
FN:9,(anonymous_0)
FN:20,(anonymous_1)
FN:26,(anonymous_2)
FN:34,(anonymous_3)
FN:48,(anonymous_4)
FN:56,(anonymous_5)
FN:95,(anonymous_6)
FN:97,(anonymous_7)
FNF:8
FNH:5
FNDA:12,(anonymous_0)
FNDA:4,(anonymous_1)
FNDA:4,(anonymous_2)
FNDA:0,(anonymous_3)
FNDA:4,(anonymous_4)
FNDA:8,(anonymous_5)
FNDA:0,(anonymous_6)
FNDA:0,(anonymous_7)
DA:9,12
DA:10,12
DA:12,12
DA:13,12
DA:16,12
DA:17,12
DA:18,12
DA:20,12
DA:21,4
DA:22,4
DA:26,12
DA:27,4
DA:28,4
DA:29,0
DA:30,0
DA:32,4
DA:33,0
DA:34,0
DA:37,0
DA:38,0
DA:39,0
DA:42,0
DA:45,4
DA:48,12
DA:49,4
DA:50,0
DA:52,4
DA:56,12
DA:57,8
DA:58,4
DA:62,12
DA:97,0
DA:98,0
DA:99,0
DA:102,0
DA:103,0
LF:36
LH:22
BRDA:21,0,0,4
BRDA:21,0,1,0
BRDA:28,1,0,0
BRDA:28,1,1,4
BRDA:32,2,0,0
BRDA:32,2,1,4
BRDA:32,3,0,4
BRDA:32,3,1,0
BRDA:49,4,0,0
BRDA:49,4,1,4
BRDA:57,5,0,4
BRDA:57,5,1,4
BRDA:57,6,0,8
BRDA:57,6,1,8
BRDA:64,7,0,0
BRDA:64,7,1,12
BRDA:73,8,0,12
BRDA:73,8,1,0
BRDA:82,9,0,12
BRDA:82,9,1,0
BRDA:98,10,0,0
BRDA:98,10,1,0
BRF:22
BRH:12
end_of_record
TN:
SF:src\Pages\Home.tsx
FN:20,(anonymous_0)
FN:35,(anonymous_1)
FN:39,(anonymous_2)
FN:48,(anonymous_3)
FN:54,(anonymous_4)
FN:74,(anonymous_5)
FN:82,(anonymous_6)
FN:93,(anonymous_7)
FN:101,(anonymous_8)
FN:102,(anonymous_9)
FN:116,(anonymous_10)
FN:127,(anonymous_11)
FN:165,(anonymous_12)
FN:167,(anonymous_13)
FNF:14
FNH:13
FNDA:64,(anonymous_0)
FNDA:20,(anonymous_1)
FNDA:12,(anonymous_2)
FNDA:12,(anonymous_3)
FNDA:8,(anonymous_4)
FNDA:44,(anonymous_5)
FNDA:12,(anonymous_6)
FNDA:12,(anonymous_7)
FNDA:20,(anonymous_8)
FNDA:10,(anonymous_9)
FNDA:0,(anonymous_10)
FNDA:12,(anonymous_11)
FNDA:222,(anonymous_12)
FNDA:4662,(anonymous_13)
DA:20,12
DA:22,64
DA:23,64
DA:24,64
DA:25,64
DA:26,64
DA:27,64
DA:29,64
DA:32,64
DA:33,64
DA:34,64
DA:35,64
DA:36,20
DA:39,64
DA:40,12
DA:41,12
DA:42,12
DA:44,12
DA:45,0
DA:48,12
DA:53,12
DA:54,12
DA:55,8
DA:56,8
DA:60,0
DA:62,12
DA:74,64
DA:75,44
DA:76,12
DA:77,12
DA:82,64
DA:83,12
DA:84,0
DA:85,0
DA:87,12
DA:93,64
DA:94,12
DA:95,0
DA:97,12
DA:101,64
DA:102,20
DA:103,10
DA:105,10
DA:107,10
DA:112,0
DA:114,0
DA:116,0
DA:117,0
DA:124,20
DA:125,20
DA:127,20
DA:129,12
DA:130,8
DA:135,64
DA:167,222
DA:168,4662
DA:169,222
DA:172,222
DA:173,222
LF:59
LH:50
BRDA:44,0,0,0
BRDA:44,0,1,12
BRDA:44,1,0,12
BRDA:44,1,1,12
BRDA:53,2,0,12
BRDA:53,2,1,0
BRDA:55,3,0,0
BRDA:55,3,1,8
BRDA:75,4,0,12
BRDA:75,4,1,32
BRDA:83,5,0,0
BRDA:83,5,1,12
BRDA:94,6,0,0
BRDA:94,6,1,12
BRDA:103,7,0,10
BRDA:103,7,1,0
BRDA:107,8,0,0
BRDA:107,8,1,10
BRDA:108,9,0,10
BRDA:108,9,1,0
BRDA:108,9,2,0
BRDA:124,10,0,20
BRDA:124,10,1,0
BRDA:129,11,0,8
BRDA:129,11,1,4
BRDA:141,12,0,64
BRDA:141,12,1,0
BRDA:150,13,0,0
BRDA:150,13,1,64
BRDA:168,14,0,222
BRDA:168,14,1,4440
BRDA:189,15,0,64
BRDA:189,15,1,20
BRDA:196,16,0,64
BRDA:196,16,1,64
BRF:35
BRH:23
end_of_record
TN:
SF:src\Pages\Likes.tsx
FN:9,(anonymous_0)
FN:20,(anonymous_1)
FN:26,(anonymous_2)
FN:34,(anonymous_3)
FN:48,(anonymous_4)
FN:56,(anonymous_5)
FN:95,(anonymous_6)
FN:97,(anonymous_7)
FNF:8
FNH:5
FNDA:8,(anonymous_0)
FNDA:4,(anonymous_1)
FNDA:4,(anonymous_2)
FNDA:0,(anonymous_3)
FNDA:4,(anonymous_4)
FNDA:8,(anonymous_5)
FNDA:0,(anonymous_6)
FNDA:0,(anonymous_7)
DA:9,12
DA:10,8
DA:12,8
DA:13,8
DA:16,8
DA:17,8
DA:18,8
DA:20,8
DA:21,4
DA:22,4
DA:26,8
DA:27,4
DA:28,4
DA:29,0
DA:30,0
DA:32,4
DA:33,0
DA:34,0
DA:37,0
DA:38,0
DA:39,0
DA:42,0
DA:45,4
DA:48,8
DA:49,4
DA:50,0
DA:52,4
DA:56,8
DA:57,8
DA:58,4
DA:62,8
DA:97,0
DA:98,0
DA:99,0
DA:102,0
DA:103,0
LF:36
LH:22
BRDA:21,0,0,4
BRDA:21,0,1,0
BRDA:28,1,0,0
BRDA:28,1,1,4
BRDA:32,2,0,0
BRDA:32,2,1,4
BRDA:32,3,0,4
BRDA:32,3,1,0
BRDA:49,4,0,0
BRDA:49,4,1,4
BRDA:57,5,0,4
BRDA:57,5,1,4
BRDA:57,6,0,8
BRDA:57,6,1,8
BRDA:64,7,0,0
BRDA:64,7,1,8
BRDA:73,8,0,8
BRDA:73,8,1,0
BRDA:82,9,0,8
BRDA:82,9,1,0
BRDA:98,10,0,0
BRDA:98,10,1,0
BRF:22
BRH:12
end_of_record
TN:
SF:src\Pages\Posts.tsx
FN:37,(anonymous_0)
FN:38,(anonymous_1)
FN:52,(anonymous_2)
FN:59,(anonymous_3)
FN:64,(anonymous_4)
FN:72,(anonymous_5)
FN:77,(anonymous_6)
FN:96,(anonymous_7)
FN:97,(anonymous_8)
FN:108,(anonymous_9)
FN:110,(anonymous_10)
FN:177,(anonymous_11)
FN:181,(anonymous_12)
FN:186,(anonymous_13)
FN:195,(anonymous_14)
FN:253,(anonymous_15)
FN:269,(anonymous_16)
FN:288,(anonymous_17)
FNF:18
FNH:8
FNDA:8,(anonymous_0)
FNDA:4,(anonymous_1)
FNDA:4,(anonymous_2)
FNDA:4,(anonymous_3)
FNDA:4,(anonymous_4)
FNDA:0,(anonymous_5)
FNDA:0,(anonymous_6)
FNDA:4,(anonymous_7)
FNDA:4,(anonymous_8)
FNDA:0,(anonymous_9)
FNDA:0,(anonymous_10)
FNDA:0,(anonymous_11)
FNDA:0,(anonymous_12)
FNDA:0,(anonymous_13)
FNDA:0,(anonymous_14)
FNDA:0,(anonymous_15)
FNDA:4,(anonymous_16)
FNDA:0,(anonymous_17)
DA:37,12
DA:38,8
DA:39,8
DA:40,8
DA:41,8
DA:42,8
DA:43,8
DA:44,8
DA:45,8
DA:48,8
DA:49,8
DA:52,8
DA:53,4
DA:54,0
DA:56,4
DA:59,8
DA:60,4
DA:61,4
DA:64,8
DA:65,4
DA:66,0
DA:67,0
DA:69,4
DA:70,4
DA:71,0
DA:72,0
DA:74,0
DA:75,0
DA:76,0
DA:77,0
DA:79,0
DA:88,0
DA:90,0
DA:92,4
DA:96,8
DA:97,4
DA:98,4
DA:99,4
DA:100,4
DA:102,0
DA:105,4
DA:108,8
DA:109,0
DA:110,0
DA:111,0
DA:112,0
DA:127,0
DA:156,8
DA:177,0
DA:182,0
DA:185,0
DA:186,0
DA:196,0
DA:208,8
DA:254,0
DA:255,0
DA:258,0
DA:259,0
DA:270,4
DA:288,0
LF:60
LH:32
BRDA:53,0,0,0
BRDA:53,0,1,4
BRDA:60,1,0,4
BRDA:60,1,1,0
BRDA:65,2,0,0
BRDA:65,2,1,4
BRDA:70,3,0,0
BRDA:70,3,1,4
BRDA:70,4,0,4
BRDA:70,4,1,0
BRDA:111,5,0,0
BRDA:111,5,1,0
BRDA:210,6,0,4
BRDA:210,6,1,4
BRDA:218,7,0,4
BRDA:218,7,1,0
BRDA:223,8,0,4
BRDA:223,8,1,0
BRDA:254,9,0,0
BRDA:254,9,1,0
BRDA:258,10,0,0
BRDA:258,10,1,0
BRF:22
BRH:9
end_of_record
TN:
SF:src\Providers\ToasterProvider.tsx
FN:4,ToasterProvider
FNF:1
FNH:1
FNDA:12,ToasterProvider
DA:5,12
LF:1
LH:1
BRF:0
BRH:0
end_of_record
TN:
SF:src\api\delete.ts
FN:3,(anonymous_0)
FNF:1
FNH:1
FNDA:2,(anonymous_0)
DA:3,12
DA:8,2
DA:9,2
DA:11,2
DA:12,0
DA:15,2
DA:17,0
LF:7
LH:5
BRDA:11,0,0,0
BRDA:11,0,1,2
BRF:2
BRH:1
end_of_record
TN:
SF:src\api\getAll.ts
FN:5,(anonymous_0)
FN:31,(anonymous_1)
FN:53,(anonymous_2)
FNF:3
FNH:3
FNDA:12,(anonymous_0)
FNDA:6,(anonymous_1)
FNDA:12,(anonymous_2)
DA:5,12
DA:10,12
DA:11,12
DA:17,12
DA:18,0
DA:21,12
DA:22,12
DA:25,0
DA:27,0
DA:28,0
DA:31,12
DA:32,6
DA:33,6
DA:38,6
DA:39,0
DA:42,6
DA:43,6
DA:46,0
DA:48,0
DA:49,0
DA:53,12
DA:54,12
DA:55,12
DA:60,12
DA:61,0
DA:64,12
DA:65,12
DA:68,0
DA:70,0
DA:71,0
LF:30
LH:18
BRDA:17,0,0,0
BRDA:17,0,1,12
BRDA:21,1,0,12
BRDA:21,1,1,0
BRDA:38,2,0,0
BRDA:38,2,1,6
BRDA:42,3,0,6
BRDA:42,3,1,0
BRDA:60,4,0,0
BRDA:60,4,1,12
BRDA:64,5,0,12
BRDA:64,5,1,0
BRF:12
BRH:6
end_of_record
TN:
SF:src\api\insert.ts
FN:5,(anonymous_0)
FNF:1
FNH:1
FNDA:2,(anonymous_0)
DA:5,12
DA:6,2
DA:7,2
DA:9,2
DA:10,0
DA:13,2
DA:14,0
DA:17,0
LF:8
LH:5
BRDA:9,0,0,0
BRDA:9,0,1,2
BRDA:13,1,0,0
BRDA:13,1,1,2
BRF:4
BRH:2
end_of_record
TN:
SF:src\api\update.ts
FN:4,(anonymous_0)
FN:29,(anonymous_1)
FNF:2
FNH:1
FNDA:10,(anonymous_0)
FNDA:0,(anonymous_1)
DA:4,12
DA:11,10
DA:12,10
DA:17,0
DA:18,0
DA:21,0
DA:22,0
DA:25,0
DA:29,12
DA:36,0
DA:37,0
DA:42,0
DA:43,0
DA:46,0
DA:47,0
DA:48,0
DA:51,0
LF:17
LH:4
BRDA:17,0,0,0
BRDA:17,0,1,0
BRDA:21,1,0,0
BRDA:21,1,1,0
BRDA:42,2,0,0
BRDA:42,2,1,0
BRDA:46,3,0,0
BRDA:46,3,1,0
BRF:8
BRH:0
end_of_record
TN:
SF:src\context\AppContextProvider.tsx
FN:11,(anonymous_0)
FN:27,(anonymous_1)
FN:34,(anonymous_2)
FN:36,(anonymous_3)
FNF:4
FNH:2
FNDA:64,(anonymous_0)
FNDA:0,(anonymous_1)
FNDA:12,(anonymous_2)
FNDA:0,(anonymous_3)
DA:11,12
DA:14,64
DA:18,64
DA:22,64
DA:25,64
DA:27,64
DA:28,0
DA:34,64
DA:35,12
DA:36,12
DA:37,0
DA:41,64
LF:12
LH:10
BRF:0
BRH:0
end_of_record
TN:
SF:src\context\app-context.tsx
FN:14,(anonymous_0)
FN:17,(anonymous_1)
FN:21,(anonymous_2)
FNF:3
FNH:0
FNDA:0,(anonymous_0)
FNDA:0,(anonymous_1)
FNDA:0,(anonymous_2)
DA:4,12
DA:15,0
DA:18,0
DA:22,0
DA:26,12
LF:5
LH:2
BRF:0
BRH:0
end_of_record
TN:
SF:src\hooks\useFileUpload.tsx
FN:10,useFileUpload
FN:13,(anonymous_1)
FNF:2
FNH:1
FNDA:8,useFileUpload
FNDA:0,(anonymous_1)
DA:5,12
DA:11,8
DA:12,8
DA:13,8
DA:18,0
DA:19,0
DA:20,0
DA:22,0
DA:25,0
DA:26,0
DA:27,0
DA:28,0
DA:30,8
LF:13
LH:5
BRF:0
BRH:0
end_of_record
